Simulation time: 60 s
Waiting for simulation script to connect on port: tcp://localhost:5555
Please start proper ns-3 simulation script using ./waf --run "..."
Start
Progress: 0% 10% 20% 30% 40% 50% 60% 70% 80% 90% 100%
Done
Final step: 40254
Node 0, (CST, Tx power, MCS) = (-82,  0, 7) - (mean, std): (0.327864628386002388, 0.169030850945703304)    played     3.67 s,         34 time(s)
Node 0, (CST, Tx power, MCS) = (-68,  0, 7) - (mean, std): (0.933739005996958582, 0.009919971049598733)    played    56.33 s,      10161 time(s)
                                                                                                           played    60.00 s,      10195 time(s)

Node 1, (CST, Tx power, MCS) = (-82,  0, 7) - (mean, std): (0.176438906295721926, 0.204124145231931509)    played     5.90 s,         23 time(s)
Node 1, (CST, Tx power, MCS) = (-68,  0, 7) - (mean, std): (0.932823310659747107, 0.010123241397734356)    played    54.09 s,       9757 time(s)
                                                                                                           played    60.00 s,       9780 time(s)

Node 2, (CST, Tx power, MCS) = (-82,  0, 7) - (mean, std): (0.293026367101597796, 0.174077655955697852)    played     4.95 s,         32 time(s)
Node 2, (CST, Tx power, MCS) = (-68,  0, 7) - (mean, std): (0.931164861223610862, 0.010040241611281236)    played    55.04 s,       9919 time(s)
                                                                                                           played    60.00 s,       9951 time(s)

Node 3, (CST, Tx power, MCS) = (-82,  0, 7) - (mean, std): (0.239743950056016564, 0.200000000000000011)    played     2.90 s,         24 time(s)
Node 3, (CST, Tx power, MCS) = (-68,  0, 7) - (mean, std): (0.934309694720989903, 0.009850902076092362)    played    57.10 s,      10304 time(s)
                                                                                                           played    60.00 s,      10328 time(s)

Mean throughputs: [57.1014 54.7095 55.5870 57.8651]
Aggregate throughput: 225.2630
Min-Max: 3.1556
JFI: 0.9785 [0.2500, 1]
Mean TX power: [0.0000 0.0000 0.0000 0.0000]
TX power counts:
[[  -82   -68]
 [   34 10161]]
[[ -82  -68]
 [  23 9757]]
[[ -82  -68]
 [  32 9919]]
[[  -82   -68]
 [   24 10304]]
Mean PCS: [-68.0467 -68.0329 -68.0450 -68.0325]
Mean MCS: [7.0000 7.0000 7.0000 7.0000]

Last 20 seconds of simulation:
Mean throughputs: [59.2057 57.7193 56.0851 60.8750]
Aggregate throughput: 233.8851
Min-Max: 4.7899
JFI: 0.9706 [0.2500, 1]
Mean TX power: [0.0000 0.0000 0.0000 0.0000]
TX power counts:
[[ -82  -68]
 [   1 3520]]
[[ -82  -68]
 [   2 3429]]
[[ -82  -68]
 [   3 3336]]
[[ -68]
 [3613]]
Mean PCS: [-68.0040 -68.0082 -68.0126 -68.0000]
Mean MCS: [7.0000 7.0000 7.0000 7.0000]
Simulation time: 60 s
Waiting for simulation script to connect on port: tcp://localhost:5555
Please start proper ns-3 simulation script using ./waf --run "..."
Start
Progress: 0% 10% 20% 30% 40% 50% 60% 70% 80% 90% 100%
Done
Final step: 40609
Node 0, (CST, Tx power, MCS) = (-82,  0, 7) - (mean, std): (0.256244703553800857, 0.196116135138184045)    played     3.25 s,         25 time(s)
Node 0, (CST, Tx power, MCS) = (-68,  0, 7) - (mean, std): (0.932834232446960843, 0.009888396495626473)    played    56.75 s,      10226 time(s)
                                                                                                           played    60.00 s,      10251 time(s)

Node 1, (CST, Tx power, MCS) = (-82,  0, 7) - (mean, std): (0.300745928233636384, 0.171498585142508847)    played     5.38 s,         33 time(s)
Node 1, (CST, Tx power, MCS) = (-68,  0, 7) - (mean, std): (0.932894460521399571, 0.010073809201321997)    played    54.62 s,       9853 time(s)
                                                                                                           played    60.00 s,       9886 time(s)

Node 2, (CST, Tx power, MCS) = (-82,  0, 7) - (mean, std): (0.307450521589590242, 0.171498585142508847)    played     3.20 s,         33 time(s)
Node 2, (CST, Tx power, MCS) = (-68,  0, 7) - (mean, std): (0.935013186354171633, 0.009882600248648005)    played    56.80 s,      10238 time(s)
                                                                                                           played    60.00 s,      10271 time(s)

Node 3, (CST, Tx power, MCS) = (-82,  0, 7) - (mean, std): (0.264404659380361173, 0.185695338177051861)    played     3.56 s,         28 time(s)
Node 3, (CST, Tx power, MCS) = (-68,  0, 7) - (mean, std): (0.932823506698361449, 0.009914119134204249)    played    56.44 s,      10173 time(s)
                                                                                                           played    60.00 s,      10201 time(s)

Mean throughputs: [57.3710 55.3080 57.6061 57.0807]
Aggregate throughput: 227.3659
Min-Max: 2.2981
JFI: 0.9843 [0.2500, 1]
Mean TX power: [0.0000 0.0000 0.0000 0.0000]
TX power counts:
[[  -82   -68]
 [   25 10226]]
[[ -82  -68]
 [  33 9853]]
[[  -82   -68]
 [   33 10238]]
[[  -82   -68]
 [   28 10173]]
Mean PCS: [-68.0341 -68.0467 -68.0450 -68.0384]
Mean MCS: [7.0000 7.0000 7.0000 7.0000]

Last 20 seconds of simulation:
Mean throughputs: [60.7964 60.7397 57.8368 59.2589]
Aggregate throughput: 238.6318
Min-Max: 2.9597
JFI: 0.9800 [0.2500, 1]
Mean TX power: [0.0000 0.0000 0.0000 0.0000]
TX power counts:
[[ -68]
 [3612]]
[[ -68]
 [3610]]
[[ -82  -68]
 [   2 3429]]
[[ -82  -68]
 [   1 3520]]
Mean PCS: [-68.0000 -68.0000 -68.0082 -68.0040]
Mean MCS: [7.0000 7.0000 7.0000 7.0000]
Simulation time: 60 s
Waiting for simulation script to connect on port: tcp://localhost:5555
Please start proper ns-3 simulation script using ./waf --run "..."
Start
Progress: 0% 10% 20% 30% 40% 50% 60% 70% 80% 90% 100%
Done
Final step: 39743
Node 0, (CST, Tx power, MCS) = (-82,  0, 7) - (mean, std): (0.256135796120877557, 0.179605302026774910)    played     5.52 s,         30 time(s)
Node 0, (CST, Tx power, MCS) = (-68,  0, 7) - (mean, std): (0.932920594449784257, 0.010093803549544178)    played    54.47 s,       9814 time(s)
                                                                                                           played    60.00 s,       9844 time(s)

Node 1, (CST, Tx power, MCS) = (-82,  0, 7) - (mean, std): (0.177043715806611324, 0.213200716355610442)    played     6.12 s,         21 time(s)
Node 1, (CST, Tx power, MCS) = (-68,  0, 7) - (mean, std): (0.933554900981805380, 0.010144575965967162)    played    53.88 s,       9716 time(s)
                                                                                                           played    60.00 s,       9737 time(s)

Node 2, (CST, Tx power, MCS) = (-82,  0, 7) - (mean, std): (0.275662265296222675, 0.185695338177051861)    played     4.32 s,         28 time(s)
Node 2, (CST, Tx power, MCS) = (-68,  0, 7) - (mean, std): (0.934125741638008100, 0.009980556852758494)    played    55.68 s,      10038 time(s)
                                                                                                           played    60.00 s,      10066 time(s)

Node 3, (CST, Tx power, MCS) = (-82,  0, 7) - (mean, std): (0.193828016645547607, 0.204124145231931509)    played     4.17 s,         23 time(s)
Node 3, (CST, Tx power, MCS) = (-68,  0, 7) - (mean, std): (0.932093957274598872, 0.009963204091820214)    played    55.83 s,      10073 time(s)
                                                                                                           played    60.00 s,      10096 time(s)

Mean throughputs: [55.0667 54.5090 56.3946 56.4279]
Aggregate throughput: 222.3982
Min-Max: 1.9189
JFI: 0.9852 [0.2500, 1]
Mean TX power: [0.0000 0.0000 0.0000 0.0000]
TX power counts:
[[ -82  -68]
 [  30 9814]]
[[ -82  -68]
 [  21 9716]]
[[  -82   -68]
 [   28 10038]]
[[  -82   -68]
 [   23 10073]]
Mean PCS: [-68.0427 -68.0302 -68.0389 -68.0319]
Mean MCS: [7.0000 7.0000 7.0000 7.0000]

Last 20 seconds of simulation:
Mean throughputs: [59.2217 59.1251 60.8294 59.2362]
Aggregate throughput: 238.4123
Min-Max: 1.7044
JFI: 0.9882 [0.2500, 1]
Mean TX power: [0.0000 0.0000 0.0000 0.0000]
TX power counts:
[[ -82  -68]
 [   1 3519]]
[[ -82  -68]
 [   1 3560]]
[[ -68]
 [3612]]
[[ -82  -68]
 [   1 3520]]
Mean PCS: [-68.0040 -68.0039 -68.0000 -68.0040]
Mean MCS: [7.0000 7.0000 7.0000 7.0000]
Simulation time: 60 s
Waiting for simulation script to connect on port: tcp://localhost:5555
Please start proper ns-3 simulation script using ./waf --run "..."
Start
Progress: 0% 10% 20% 30% 40% 50% 60% 70% 80% 90% 100%
Done
Final step: 40353
Node 0, (CST, Tx power, MCS) = (-82,  0, 7) - (mean, std): (0.369452215313609833, 0.156173761888606072)    played     5.38 s,         40 time(s)
Node 0, (CST, Tx power, MCS) = (-68,  0, 7) - (mean, std): (0.932725825164361311, 0.010071254407032397)    played    54.62 s,       9858 time(s)
                                                                                                           played    60.00 s,       9898 time(s)

Node 1, (CST, Tx power, MCS) = (-82,  0, 7) - (mean, std): (0.219822726307970701, 0.196116135138184045)    played     3.41 s,         25 time(s)
Node 1, (CST, Tx power, MCS) = (-68,  0, 7) - (mean, std): (0.932569180035295209, 0.009897594780811198)    played    56.59 s,      10207 time(s)
                                                                                                           played    60.00 s,      10232 time(s)

Node 2, (CST, Tx power, MCS) = (-82,  0, 7) - (mean, std): (0.185420831502637135, 0.204124145231931509)    played     3.91 s,         23 time(s)
Node 2, (CST, Tx power, MCS) = (-68,  0, 7) - (mean, std): (0.932900955107912599, 0.009945941528757409)    played    56.09 s,      10108 time(s)
                                                                                                           played    60.00 s,      10131 time(s)

Node 3, (CST, Tx power, MCS) = (-82,  0, 7) - (mean, std): (0.101859600564094571, 0.229415733870561772)    played     4.16 s,         18 time(s)
Node 3, (CST, Tx power, MCS) = (-68,  0, 7) - (mean, std): (0.931638277787441460, 0.009962709627734358)    played    55.84 s,      10074 time(s)
                                                                                                           played    60.00 s,      10092 time(s)

Mean throughputs: [55.3592 57.2321 56.7008 56.3865]
Aggregate throughput: 225.6786
Min-Max: 1.8729
JFI: 0.9880 [0.2500, 1]
Mean TX power: [0.0000 0.0000 0.0000 0.0000]
TX power counts:
[[ -82  -68]
 [  40 9858]]
[[  -82   -68]
 [   25 10207]]
[[  -82   -68]
 [   23 10108]]
[[  -82   -68]
 [   18 10074]]
Mean PCS: [-68.0566 -68.0342 -68.0318 -68.0250]
Mean MCS: [7.0000 7.0000 7.0000 7.0000]

Last 20 seconds of simulation:
Mean throughputs: [57.6566 59.1975 60.8634 57.7574]
Aggregate throughput: 235.4749
Min-Max: 3.2068
JFI: 0.9783 [0.2500, 1]
Mean TX power: [0.0000 0.0000 0.0000 0.0000]
TX power counts:
[[ -82  -68]
 [   2 3428]]
[[ -82  -68]
 [   1 3518]]
[[ -68]
 [3611]]
[[ -82  -68]
 [   2 3429]]
Mean PCS: [-68.0082 -68.0040 -68.0000 -68.0082]
Mean MCS: [7.0000 7.0000 7.0000 7.0000]
Simulation time: 60 s
Waiting for simulation script to connect on port: tcp://localhost:5555
Please start proper ns-3 simulation script using ./waf --run "..."
Start
Progress: 0% 10% 20% 30% 40% 50% 60% 70% 80% 90% 100%
Done
Final step: 40845
Node 0, (CST, Tx power, MCS) = (-82,  0, 7) - (mean, std): (0.290219709587646313, 0.176776695296636893)    played     3.46 s,         31 time(s)
Node 0, (CST, Tx power, MCS) = (-68,  0, 7) - (mean, std): (0.930795866444910858, 0.009905360646879092)    played    56.54 s,      10191 time(s)
                                                                                                           played    60.00 s,      10222 time(s)

Node 1, (CST, Tx power, MCS) = (-82,  0, 7) - (mean, std): (0.317058750521436783, 0.164398987305357291)    played     2.87 s,         36 time(s)
Node 1, (CST, Tx power, MCS) = (-68,  0, 7) - (mean, std): (0.933137090804666780, 0.009852336290568345)    played    57.13 s,      10301 time(s)
                                                                                                           played    60.00 s,      10337 time(s)

Node 2, (CST, Tx power, MCS) = (-82,  0, 7) - (mean, std): (0.540493737650024508, 0.108465228909328082)    played     4.14 s,         84 time(s)
Node 2, (CST, Tx power, MCS) = (-68,  0, 7) - (mean, std): (0.933034380317807277, 0.009967657584149520)    played    55.85 s,      10064 time(s)
                                                                                                           played    60.00 s,      10148 time(s)

Node 3, (CST, Tx power, MCS) = (-82,  0, 7) - (mean, std): (0.387555886170957598, 0.149071198499985985)    played     3.99 s,         44 time(s)
Node 3, (CST, Tx power, MCS) = (-68,  0, 7) - (mean, std): (0.932709325008260204, 0.009952835780286001)    played    56.01 s,      10094 time(s)
                                                                                                           played    60.00 s,      10138 time(s)

Mean throughputs: [57.1090 57.8718 56.8010 56.7260]
Aggregate throughput: 228.5079
Min-Max: 1.1458
JFI: 0.9921 [0.2500, 1]
Mean TX power: [0.0000 0.0000 0.0000 0.0000]
TX power counts:
[[  -82   -68]
 [   31 10191]]
[[  -82   -68]
 [   36 10301]]
[[  -82   -68]
 [   84 10064]]
[[  -82   -68]
 [   44 10094]]
Mean PCS: [-68.0425 -68.0488 -68.1159 -68.0608]
Mean MCS: [7.0000 7.0000 7.0000 7.0000]

Last 20 seconds of simulation:
Mean throughputs: [59.1548 60.7105 60.6172 60.7764]
Aggregate throughput: 241.2589
Min-Max: 1.6215
JFI: 0.9890 [0.2500, 1]
Mean TX power: [0.0000 0.0000 0.0000 0.0000]
TX power counts:
[[ -82  -68]
 [   1 3518]]
[[ -68]
 [3609]]
[[ -68]
 [3610]]
[[ -68]
 [3611]]
Mean PCS: [-68.0040 -68.0000 -68.0000 -68.0000]
Mean MCS: [7.0000 7.0000 7.0000 7.0000]
Simulation time: 60 s
Waiting for simulation script to connect on port: tcp://localhost:5555
Please start proper ns-3 simulation script using ./waf --run "..."
Start
Progress: 0% 10% 20% 30% 40% 50% 60% 70% 80% 90% 100%
Done
Final step: 39988
Node 0, (CST, Tx power, MCS) = (-82,  0, 7) - (mean, std): (0.177713122696076808, 0.213200716355610442)    played     5.39 s,         21 time(s)
Node 0, (CST, Tx power, MCS) = (-68,  0, 7) - (mean, std): (0.935076631329896713, 0.010071254407032397)    played    54.61 s,       9858 time(s)
                                                                                                           played    59.99 s,       9879 time(s)

Node 1, (CST, Tx power, MCS) = (-82,  0, 7) - (mean, std): (0.228740165648168958, 0.182574185835055358)    played     4.69 s,         29 time(s)
Node 1, (CST, Tx power, MCS) = (-68,  0, 7) - (mean, std): (0.934102278071204606, 0.010012523486435177)    played    55.31 s,       9974 time(s)
                                                                                                           played    60.00 s,      10003 time(s)

Node 2, (CST, Tx power, MCS) = (-82,  0, 7) - (mean, std): (0.131401879388545084, 0.235702260395515839)    played     3.93 s,         17 time(s)
Node 2, (CST, Tx power, MCS) = (-68,  0, 7) - (mean, std): (0.933693684306806326, 0.009941025825630688)    played    56.06 s,      10118 time(s)
                                                                                                           played    60.00 s,      10135 time(s)

Node 3, (CST, Tx power, MCS) = (-82,  0, 7) - (mean, std): (0.301841993200120950, 0.174077655955697852)    played     4.87 s,         32 time(s)
Node 3, (CST, Tx power, MCS) = (-68,  0, 7) - (mean, std): (0.933391029198924804, 0.010030135678562991)    played    55.12 s,       9939 time(s)
                                                                                                           played    60.00 s,       9971 time(s)

Mean throughputs: [55.3522 56.0420 56.7296 55.8106]
Aggregate throughput: 223.9344
Min-Max: 1.3774
JFI: 0.9912 [0.2500, 1]
Mean TX power: [0.0000 0.0000 0.0000 0.0000]
TX power counts:
[[ -82  -68]
 [  21 9858]]
[[ -82  -68]
 [  29 9974]]
[[  -82   -68]
 [   17 10118]]
[[ -82  -68]
 [  32 9939]]
Mean PCS: [-68.0298 -68.0406 -68.0235 -68.0449]
Mean MCS: [7.0000 7.0000 7.0000 7.0000]

Last 20 seconds of simulation:
Mean throughputs: [59.3157 57.6729 60.7586 59.1963]
Aggregate throughput: 236.9436
Min-Max: 3.0857
JFI: 0.9819 [0.2500, 1]
Mean TX power: [0.0000 0.0000 0.0000 0.0000]
TX power counts:
[[ -82  -68]
 [   1 3520]]
[[ -82  -68]
 [   2 3428]]
[[ -68]
 [3610]]
[[ -82  -68]
 [   1 3519]]
Mean PCS: [-68.0040 -68.0082 -68.0000 -68.0040]
Mean MCS: [7.0000 7.0000 7.0000 7.0000]
Simulation time: 60 s
Waiting for simulation script to connect on port: tcp://localhost:5555
Please start proper ns-3 simulation script using ./waf --run "..."
Start
Progress: 0% 10% 20% 30% 40% 50% 60% 70% 80% 90% 100%
Done
Final step: 39674
Node 0, (CST, Tx power, MCS) = (-82,  0, 7) - (mean, std): (0.269904176077015057, 0.188982236504613599)    played     4.90 s,         27 time(s)
Node 0, (CST, Tx power, MCS) = (-68,  0, 7) - (mean, std): (0.933349434669521916, 0.010031144898838079)    played    55.10 s,       9937 time(s)
                                                                                                           played    60.00 s,       9964 time(s)

Node 1, (CST, Tx power, MCS) = (-82,  0, 7) - (mean, std): (0.066891878397124072, 0.229415733870561772)    played     6.11 s,         18 time(s)
Node 1, (CST, Tx power, MCS) = (-68,  0, 7) - (mean, std): (0.934717963757350390, 0.010141445407038749)    played    53.89 s,       9722 time(s)
                                                                                                           played    60.00 s,       9740 time(s)

Node 2, (CST, Tx power, MCS) = (-82,  0, 7) - (mean, std): (0.254770203596712874, 0.188982236504613599)    played     4.47 s,         27 time(s)
Node 2, (CST, Tx power, MCS) = (-68,  0, 7) - (mean, std): (0.935105905173450380, 0.009992508426966949)    played    55.52 s,      10014 time(s)
                                                                                                           played    60.00 s,      10041 time(s)

Node 3, (CST, Tx power, MCS) = (-82,  0, 7) - (mean, std): (0.199346314299782390, 0.208514414057074771)    played     5.06 s,         22 time(s)
Node 3, (CST, Tx power, MCS) = (-68,  0, 7) - (mean, std): (0.933402856801970660, 0.010046319853152446)    played    54.93 s,       9907 time(s)
                                                                                                           played    60.00 s,       9929 time(s)

Mean throughputs: [55.7647 54.5712 56.3094 55.5705]
Aggregate throughput: 222.2157
Min-Max: 1.7382
JFI: 0.9888 [0.2500, 1]
Mean TX power: [0.0000 0.0000 0.0000 0.0000]
TX power counts:
[[ -82  -68]
 [  27 9937]]
[[ -82  -68]
 [  18 9722]]
[[  -82   -68]
 [   27 10014]]
[[ -82  -68]
 [  22 9907]]
Mean PCS: [-68.0379 -68.0259 -68.0376 -68.0310]
Mean MCS: [7.0000 7.0000 7.0000 7.0000]

Last 20 seconds of simulation:
Mean throughputs: [60.7140 59.1219 59.2640 60.7087]
Aggregate throughput: 239.8086
Min-Max: 1.5921
JFI: 0.9875 [0.2500, 1]
Mean TX power: [0.0000 0.0000 0.0000 0.0000]
TX power counts:
[[ -68]
 [3610]]
[[ -82  -68]
 [   1 3519]]
[[ -82  -68]
 [   1 3519]]
[[ -68]
 [3610]]
Mean PCS: [-68.0000 -68.0040 -68.0040 -68.0000]
Mean MCS: [7.0000 7.0000 7.0000 7.0000]
Simulation time: 60 s
Waiting for simulation script to connect on port: tcp://localhost:5555
Please start proper ns-3 simulation script using ./waf --run "..."
Start
Progress: 0% 10% 20% 30% 40% 50% 60% 70% 80% 90% 100%
Done
Final step: 40582
Node 0, (CST, Tx power, MCS) = (-82,  0, 7) - (mean, std): (0.230025034844552029, 0.196116135138184045)    played     4.16 s,         25 time(s)
Node 0, (CST, Tx power, MCS) = (-68,  0, 7) - (mean, std): (0.933517584859634875, 0.009966172423210911)    played    55.84 s,      10067 time(s)
                                                                                                           played    60.00 s,      10092 time(s)

Node 1, (CST, Tx power, MCS) = (-82,  0, 7) - (mean, std): (0.263405089787848379, 0.185695338177051861)    played     4.43 s,         28 time(s)
Node 1, (CST, Tx power, MCS) = (-68,  0, 7) - (mean, std): (0.930974906292369564, 0.009995003746877732)    played    55.56 s,      10009 time(s)
                                                                                                           played    60.00 s,      10037 time(s)

Node 2, (CST, Tx power, MCS) = (-82,  0, 7) - (mean, std): (0.222915533931800608, 0.204124145231931509)    played     2.29 s,         23 time(s)
Node 2, (CST, Tx power, MCS) = (-68,  0, 7) - (mean, std): (0.932167918456399014, 0.009800625103804316)    played    57.71 s,      10410 time(s)
                                                                                                           played    60.00 s,      10433 time(s)

Node 3, (CST, Tx power, MCS) = (-82,  0, 7) - (mean, std): (0.111989384729762192, 0.218217890235992362)    played     4.52 s,         20 time(s)
Node 3, (CST, Tx power, MCS) = (-68,  0, 7) - (mean, std): (0.933594910445255777, 0.009999500037496875)    played    55.48 s,      10000 time(s)
                                                                                                           played    59.99 s,      10020 time(s)

Mean throughputs: [56.4975 56.0665 58.3476 56.1182]
Aggregate throughput: 227.0298
Min-Max: 2.2810
JFI: 0.9838 [0.2500, 1]
Mean TX power: [0.0000 0.0000 0.0000 0.0000]
TX power counts:
[[  -82   -68]
 [   25 10067]]
[[  -82   -68]
 [   28 10009]]
[[  -82   -68]
 [   23 10410]]
[[  -82   -68]
 [   20 10000]]
Mean PCS: [-68.0347 -68.0391 -68.0309 -68.0279]
Mean MCS: [7.0000 7.0000 7.0000 7.0000]

Last 20 seconds of simulation:
Mean throughputs: [57.6614 57.6067 59.0704 57.7014]
Aggregate throughput: 232.0399
Min-Max: 1.4637
JFI: 0.9895 [0.2500, 1]
Mean TX power: [0.0000 0.0000 0.0000 0.0000]
TX power counts:
[[ -82  -68]
 [   2 3429]]
[[ -82  -68]
 [   2 3428]]
[[ -82  -68]
 [   1 3520]]
[[ -82  -68]
 [   2 3429]]
Mean PCS: [-68.0082 -68.0082 -68.0040 -68.0082]
Mean MCS: [7.0000 7.0000 7.0000 7.0000]
Simulation time: 60 s
Waiting for simulation script to connect on port: tcp://localhost:5555
Please start proper ns-3 simulation script using ./waf --run "..."
Start
Progress: 0% 10% 20% 30% 40% 50% 60% 70% 80% 90% 100%
Done
Final step: 39899
Node 0, (CST, Tx power, MCS) = (-82,  0, 7) - (mean, std): (0.361228559830670370, 0.169030850945703304)    played     4.97 s,         34 time(s)
Node 0, (CST, Tx power, MCS) = (-68,  0, 7) - (mean, std): (0.933066613496755348, 0.010035690162965074)    played    55.03 s,       9928 time(s)
                                                                                                           played    59.99 s,       9962 time(s)

Node 1, (CST, Tx power, MCS) = (-82,  0, 7) - (mean, std): (0.332328650861125285, 0.158113883008418971)    played     5.85 s,         39 time(s)
Node 1, (CST, Tx power, MCS) = (-68,  0, 7) - (mean, std): (0.932616784869987558, 0.010125835969732192)    played    54.15 s,       9752 time(s)
                                                                                                           played    60.00 s,       9791 time(s)

Node 2, (CST, Tx power, MCS) = (-82,  0, 7) - (mean, std): (0.248421458441168419, 0.196116135138184045)    played     4.56 s,         25 time(s)
Node 2, (CST, Tx power, MCS) = (-68,  0, 7) - (mean, std): (0.932203351050860163, 0.010000000000000000)    played    55.44 s,       9999 time(s)
                                                                                                           played    60.00 s,      10024 time(s)

Node 3, (CST, Tx power, MCS) = (-82,  0, 7) - (mean, std): (0.246483309070317319, 0.188982236504613599)    played     3.92 s,         27 time(s)
Node 3, (CST, Tx power, MCS) = (-68,  0, 7) - (mean, std): (0.931741210403980835, 0.009952342858225412)    played    56.08 s,      10095 time(s)
                                                                                                           played    60.00 s,      10122 time(s)

Mean throughputs: [55.7416 54.7567 56.0381 56.5773]
Aggregate throughput: 223.1137
Min-Max: 1.8205
JFI: 0.9883 [0.2500, 1]
Mean TX power: [0.0000 0.0000 0.0000 0.0000]
TX power counts:
[[ -82  -68]
 [  34 9928]]
[[ -82  -68]
 [  39 9752]]
[[ -82  -68]
 [  25 9999]]
[[  -82   -68]
 [   27 10095]]
Mean PCS: [-68.0478 -68.0558 -68.0349 -68.0373]
Mean MCS: [7.0000 7.0000 7.0000 7.0000]

Last 20 seconds of simulation:
Mean throughputs: [59.1143 56.1114 60.6723 59.0181]
Aggregate throughput: 234.9161
Min-Max: 4.5610
JFI: 0.9727 [0.2500, 1]
Mean TX power: [0.0000 0.0000 0.0000 0.0000]
TX power counts:
[[ -82  -68]
 [   2 3517]]
[[ -82  -68]
 [   3 3337]]
[[ -68]
 [3610]]
[[ -82  -68]
 [   1 3518]]
Mean PCS: [-68.0080 -68.0126 -68.0000 -68.0040]
Mean MCS: [7.0000 7.0000 7.0000 7.0000]
Simulation time: 60 s
Waiting for simulation script to connect on port: tcp://localhost:5555
Please start proper ns-3 simulation script using ./waf --run "..."
Start
Progress: 0% 10% 20% 30% 40% 50% 60% 70% 80% 90% 100%
Done
Final step: 40627
Node 0, (CST, Tx power, MCS) = (-82,  0, 7) - (mean, std): (0.332394815673513366, 0.171498585142508847)    played     3.11 s,         33 time(s)
Node 0, (CST, Tx power, MCS) = (-68,  0, 7) - (mean, std): (0.933746195935266754, 0.009872962446229863)    played    56.89 s,      10258 time(s)
                                                                                                           played    60.00 s,      10291 time(s)

Node 1, (CST, Tx power, MCS) = (-82,  0, 7) - (mean, std): (0.412207350461622934, 0.149071198499985985)    played     4.87 s,         44 time(s)
Node 1, (CST, Tx power, MCS) = (-68,  0, 7) - (mean, std): (0.934576557415674913, 0.010027613959936447)    played    55.13 s,       9944 time(s)
                                                                                                           played    60.00 s,       9988 time(s)

Node 2, (CST, Tx power, MCS) = (-82,  0, 7) - (mean, std): (0.332329836640689713, 0.169030850945703304)    played     3.93 s,         34 time(s)
Node 2, (CST, Tx power, MCS) = (-68,  0, 7) - (mean, std): (0.933935665982693730, 0.009945941528757409)    played    56.07 s,      10108 time(s)
                                                                                                           played    59.99 s,      10142 time(s)

Node 3, (CST, Tx power, MCS) = (-82,  0, 7) - (mean, std): (0.141787847533597133, 0.223606797749978964)    played     3.42 s,         19 time(s)
Node 3, (CST, Tx power, MCS) = (-68,  0, 7) - (mean, std): (0.932340487065224988, 0.009907304971296067)    played    56.57 s,      10187 time(s)
                                                                                                           played    60.00 s,      10206 time(s)

Mean throughputs: [57.6450 55.9843 56.8214 57.0958]
Aggregate throughput: 227.5465
Min-Max: 1.6607
JFI: 0.9896 [0.2500, 1]
Mean TX power: [0.0000 0.0000 0.0000 0.0000]
TX power counts:
[[  -82   -68]
 [   33 10258]]
[[ -82  -68]
 [  44 9944]]
[[  -82   -68]
 [   34 10108]]
[[  -82   -68]
 [   19 10187]]
Mean PCS: [-68.0449 -68.0617 -68.0469 -68.0261]
Mean MCS: [7.0000 7.0000 7.0000 7.0000]

Last 20 seconds of simulation:
Mean throughputs: [60.7755 57.7492 60.8403 60.7921]
Aggregate throughput: 240.1571
Min-Max: 3.0911
JFI: 0.9784 [0.2500, 1]
Mean TX power: [0.0000 0.0000 0.0000 0.0000]
TX power counts:
[[ -68]
 [3610]]
[[ -82  -68]
 [   2 3430]]
[[ -68]
 [3611]]
[[ -68]
 [3610]]
Mean PCS: [-68.0000 -68.0082 -68.0000 -68.0000]
Mean MCS: [7.0000 7.0000 7.0000 7.0000]
Simulation time: 60 s
Waiting for simulation script to connect on port: tcp://localhost:5555
Please start proper ns-3 simulation script using ./waf --run "..."
Start
Progress: 0% 10% 20% 30% 40% 50% 60% 70% 80% 90% 100%
Done
Final step: 40388
Node 0, (CST, Tx power, MCS) = (-82,  0, 7) - (mean, std): (0.314242133449850414, 0.179605302026774910)    played     2.93 s,         30 time(s)
Node 0, (CST, Tx power, MCS) = (-68,  0, 7) - (mean, std): (0.934345885028332157, 0.009855685228632576)    played    57.06 s,      10294 time(s)
                                                                                                           played    59.99 s,      10324 time(s)

Node 1, (CST, Tx power, MCS) = (-82,  0, 7) - (mean, std): (0.225938301215408643, 0.196116135138184045)    played     3.81 s,         25 time(s)
Node 1, (CST, Tx power, MCS) = (-68,  0, 7) - (mean, std): (0.933576170917292503, 0.009940043559354329)    played    56.19 s,      10120 time(s)
                                                                                                           played    60.00 s,      10145 time(s)

Node 2, (CST, Tx power, MCS) = (-82,  0, 7) - (mean, std): (0.239998232061607947, 0.200000000000000011)    played     3.92 s,         24 time(s)
Node 2, (CST, Tx power, MCS) = (-68,  0, 7) - (mean, std): (0.932281464930211690, 0.009944466052196626)    played    56.08 s,      10111 time(s)
                                                                                                           played    60.00 s,      10135 time(s)

Node 3, (CST, Tx power, MCS) = (-82,  0, 7) - (mean, std): (0.250293979401840561, 0.182574185835055358)    played     5.85 s,         29 time(s)
Node 3, (CST, Tx power, MCS) = (-68,  0, 7) - (mean, std): (0.932865076874604182, 0.010124278987179783)    played    54.15 s,       9755 time(s)
                                                                                                           played    60.00 s,       9784 time(s)

Mean throughputs: [57.8554 56.8186 56.6692 54.7223]
Aggregate throughput: 226.0656
Min-Max: 3.1331
JFI: 0.9804 [0.2500, 1]
Mean TX power: [0.0000 0.0000 0.0000 0.0000]
TX power counts:
[[  -82   -68]
 [   30 10294]]
[[  -82   -68]
 [   25 10120]]
[[  -82   -68]
 [   24 10111]]
[[ -82  -68]
 [  29 9755]]
Mean PCS: [-68.0407 -68.0345 -68.0332 -68.0415]
Mean MCS: [7.0000 7.0000 7.0000 7.0000]

Last 20 seconds of simulation:
Mean throughputs: [59.0627 59.1313 60.5855 57.6590]
Aggregate throughput: 236.4386
Min-Max: 2.9265
JFI: 0.9828 [0.2500, 1]
Mean TX power: [0.0000 0.0000 0.0000 0.0000]
TX power counts:
[[ -82  -68]
 [   1 3518]]
[[ -82  -68]
 [   1 3519]]
[[ -68]
 [3611]]
[[ -82  -68]
 [   2 3428]]
Mean PCS: [-68.0040 -68.0040 -68.0000 -68.0082]
Mean MCS: [7.0000 7.0000 7.0000 7.0000]
Simulation time: 60 s
Waiting for simulation script to connect on port: tcp://localhost:5555
Please start proper ns-3 simulation script using ./waf --run "..."
Start
Progress: 0% 10% 20% 30% 40% 50% 60% 70% 80% 90% 100%
Done
Final step: 41022
Node 0, (CST, Tx power, MCS) = (-82,  0, 7) - (mean, std): (0.321511718429764115, 0.179605302026774910)    played     2.62 s,         30 time(s)
Node 0, (CST, Tx power, MCS) = (-68,  0, 7) - (mean, std): (0.932195986317386316, 0.009863832602869703)    played    57.07 s,      10277 time(s)
                                                                                                           played    59.68 s,      10307 time(s)

Node 1, (CST, Tx power, MCS) = (-82,  0, 7) - (mean, std): (0.345054643448387988, 0.158113883008418971)    played     4.44 s,         39 time(s)
Node 1, (CST, Tx power, MCS) = (-68,  0, 7) - (mean, std): (0.931686482091739099, 0.009989516508612453)    played    55.56 s,      10020 time(s)
                                                                                                           played    60.00 s,      10059 time(s)

Node 2, (CST, Tx power, MCS) = (-82,  0, 7) - (mean, std): (0.360518251119928579, 0.162221421130762544)    played     2.68 s,         37 time(s)
Node 2, (CST, Tx power, MCS) = (-68,  0, 7) - (mean, std): (0.933449007305864886, 0.009836118442057921)    played    57.31 s,      10335 time(s)
                                                                                                           played    60.00 s,      10372 time(s)

Node 3, (CST, Tx power, MCS) = (-82,  0, 7) - (mean, std): (0.222047290232523953, 0.192450089729875262)    played     3.15 s,         26 time(s)
Node 3, (CST, Tx power, MCS) = (-68,  0, 7) - (mean, std): (0.933381180557518841, 0.009872962446229863)    played    56.85 s,      10258 time(s)
                                                                                                           played    60.00 s,      10284 time(s)

Mean throughputs: [57.9580 56.2018 58.0933 57.5684]
Aggregate throughput: 229.8215
Min-Max: 1.8915
JFI: 0.9871 [0.2500, 1]
Mean TX power: [0.0000 0.0000 0.0000 0.0000]
TX power counts:
[[  -82   -68]
 [   30 10277]]
[[  -82   -68]
 [   39 10020]]
[[  -82   -68]
 [   37 10335]]
[[  -82   -68]
 [   26 10258]]
Mean PCS: [-68.0407 -68.0543 -68.0499 -68.0354]
Mean MCS: [7.0000 7.0000 7.0000 7.0000]

Last 20 seconds of simulation:
Mean throughputs: [59.2242 60.7163 60.8476 60.6422]
Aggregate throughput: 241.4303
Min-Max: 1.6233
JFI: 0.9892 [0.2500, 1]
Mean TX power: [0.0000 0.0000 0.0000 0.0000]
TX power counts:
[[ -82  -68]
 [   1 3463]]
[[ -68]
 [3611]]
[[ -68]
 [3610]]
[[ -68]
 [3610]]
Mean PCS: [-68.0040 -68.0000 -68.0000 -68.0000]
Mean MCS: [7.0000 7.0000 7.0000 7.0000]
Simulation time: 60 s
Waiting for simulation script to connect on port: tcp://localhost:5555
Please start proper ns-3 simulation script using ./waf --run "..."
Start
Progress: 0% 10% 20% 30% 40% 50% 60% 70% 80% 90% 100%
Done
Final step: 40221
Node 0, (CST, Tx power, MCS) = (-82,  0, 7) - (mean, std): (0.311147857129521088, 0.182574185835055358)    played     3.95 s,         29 time(s)
Node 0, (CST, Tx power, MCS) = (-68,  0, 7) - (mean, std): (0.932996037155254254, 0.009943974372581373)    played    56.05 s,      10112 time(s)
                                                                                                           played    60.00 s,      10141 time(s)

Node 1, (CST, Tx power, MCS) = (-82,  0, 7) - (mean, std): (0.175383492117192979, 0.218217890235992362)    played     4.21 s,         20 time(s)
Node 1, (CST, Tx power, MCS) = (-68,  0, 7) - (mean, std): (0.930983430765311204, 0.009973604874406686)    played    55.78 s,      10052 time(s)
                                                                                                           played    60.00 s,      10072 time(s)

Node 2, (CST, Tx power, MCS) = (-82,  0, 7) - (mean, std): (0.186946571881127899, 0.196116135138184045)    played     5.54 s,         25 time(s)
Node 2, (CST, Tx power, MCS) = (-68,  0, 7) - (mean, std): (0.932878661113511698, 0.010089692439079567)    played    54.46 s,       9822 time(s)
                                                                                                           played    60.00 s,       9847 time(s)

Node 3, (CST, Tx power, MCS) = (-82,  0, 7) - (mean, std): (0.236396017304917549, 0.188982236504613599)    played     3.71 s,         27 time(s)
Node 3, (CST, Tx power, MCS) = (-68,  0, 7) - (mean, std): (0.931721173850361017, 0.009933175838560555)    played    56.29 s,      10134 time(s)
                                                                                                           played    60.00 s,      10161 time(s)

Mean throughputs: [56.7576 56.2434 55.0930 56.7994]
Aggregate throughput: 224.8933
Min-Max: 1.7064
JFI: 0.9879 [0.2500, 1]
Mean TX power: [0.0000 0.0000 0.0000 0.0000]
TX power counts:
[[  -82   -68]
 [   29 10112]]
[[  -82   -68]
 [   20 10052]]
[[ -82  -68]
 [  25 9822]]
[[  -82   -68]
 [   27 10134]]
Mean PCS: [-68.0400 -68.0278 -68.0355 -68.0372]
Mean MCS: [7.0000 7.0000 7.0000 7.0000]

Last 20 seconds of simulation:
Mean throughputs: [59.3044 59.1241 57.6986 56.0760]
Aggregate throughput: 232.2030
Min-Max: 3.2284
JFI: 0.9781 [0.2500, 1]
Mean TX power: [0.0000 0.0000 0.0000 0.0000]
TX power counts:
[[ -82  -68]
 [   1 3520]]
[[ -82  -68]
 [   1 3519]]
[[ -82  -68]
 [   2 3491]]
[[ -82  -68]
 [   3 3344]]
Mean PCS: [-68.0040 -68.0040 -68.0080 -68.0125]
Mean MCS: [7.0000 7.0000 7.0000 7.0000]
Simulation time: 60 s
Waiting for simulation script to connect on port: tcp://localhost:5555
Please start proper ns-3 simulation script using ./waf --run "..."
Start
Progress: 0% 10% 20% 30% 40% 50% 60% 70% 80% 90% 100%
Done
Final step: 39835
Node 0, (CST, Tx power, MCS) = (-82,  0, 7) - (mean, std): (0.163924695085714861, 0.208514414057074771)    played     5.59 s,         22 time(s)
Node 0, (CST, Tx power, MCS) = (-68,  0, 7) - (mean, std): (0.931984228209770227, 0.010102040868919413)    played    54.41 s,       9798 time(s)
                                                                                                           played    60.00 s,       9820 time(s)

Node 1, (CST, Tx power, MCS) = (-82,  0, 7) - (mean, std): (0.122282880399222860, 0.235702260395515839)    played     5.70 s,         17 time(s)
Node 1, (CST, Tx power, MCS) = (-68,  0, 7) - (mean, std): (0.934256441373929714, 0.010104619169890141)    played    54.30 s,       9793 time(s)
                                                                                                           played    60.00 s,       9810 time(s)

Node 2, (CST, Tx power, MCS) = (-82,  0, 7) - (mean, std): (0.161237831786328223, 0.218217890235992362)    played     3.51 s,         20 time(s)
Node 2, (CST, Tx power, MCS) = (-68,  0, 7) - (mean, std): (0.932550351602796646, 0.009912170795945443)    played    56.49 s,      10177 time(s)
                                                                                                           played    60.00 s,      10197 time(s)

Node 3, (CST, Tx power, MCS) = (-82,  0, 7) - (mean, std): (0.165602050760198849, 0.213200716355610442)    played     4.61 s,         21 time(s)
Node 3, (CST, Tx power, MCS) = (-68,  0, 7) - (mean, std): (0.933225217556677644, 0.010006005405405676)    played    55.39 s,       9987 time(s)
                                                                                                           played    60.00 s,      10008 time(s)

Mean throughputs: [54.8896 54.9418 57.0427 56.0194]
Aggregate throughput: 222.8934
Min-Max: 2.1531
JFI: 0.9844 [0.2500, 1]
Mean TX power: [0.0000 0.0000 0.0000 0.0000]
TX power counts:
[[ -82  -68]
 [  22 9798]]
[[ -82  -68]
 [  17 9793]]
[[  -82   -68]
 [   20 10177]]
[[ -82  -68]
 [  21 9987]]
Mean PCS: [-68.0314 -68.0243 -68.0275 -68.0294]
Mean MCS: [7.0000 7.0000 7.0000 7.0000]

Last 20 seconds of simulation:
Mean throughputs: [57.7103 60.7895 60.5755 60.6756]
Aggregate throughput: 239.7510
Min-Max: 3.0792
JFI: 0.9790 [0.2500, 1]
Mean TX power: [0.0000 0.0000 0.0000 0.0000]
TX power counts:
[[ -82  -68]
 [   2 3428]]
[[ -68]
 [3611]]
[[ -68]
 [3609]]
[[ -68]
 [3610]]
Mean PCS: [-68.0082 -68.0000 -68.0000 -68.0000]
Mean MCS: [7.0000 7.0000 7.0000 7.0000]
Simulation time: 60 s
Waiting for simulation script to connect on port: tcp://localhost:5555
Please start proper ns-3 simulation script using ./waf --run "..."
Start
Progress: 0% 10% 20% 30% 40% 50% 60% 70% 80% 90% 100%
Done
Final step: 40038
Node 0, (CST, Tx power, MCS) = (-82,  0, 7) - (mean, std): (0.290555866525516626, 0.176776695296636893)    played     4.39 s,         31 time(s)
Node 0, (CST, Tx power, MCS) = (-68,  0, 7) - (mean, std): (0.931054675960923284, 0.009996501836428782)    played    55.60 s,      10006 time(s)
                                                                                                           played    60.00 s,      10037 time(s)

Node 1, (CST, Tx power, MCS) = (-82,  0, 7) - (mean, std): (0.135384882615794677, 0.223606797749978964)    played     4.35 s,         19 time(s)
Node 1, (CST, Tx power, MCS) = (-68,  0, 7) - (mean, std): (0.931524166435304779, 0.009985531461477268)    played    55.64 s,      10028 time(s)
                                                                                                           played    59.99 s,      10047 time(s)

Node 2, (CST, Tx power, MCS) = (-82,  0, 7) - (mean, std): (0.377131755107326716, 0.160128153805087131)    played     5.10 s,         38 time(s)
Node 2, (CST, Tx power, MCS) = (-68,  0, 7) - (mean, std): (0.932034524728093783, 0.010057492026486342)    played    54.90 s,       9885 time(s)
                                                                                                           played    60.00 s,       9923 time(s)

Node 3, (CST, Tx power, MCS) = (-82,  0, 7) - (mean, std): (0.300868735210151061, 0.174077655955697852)    played     4.56 s,         32 time(s)
Node 3, (CST, Tx power, MCS) = (-68,  0, 7) - (mean, std): (0.932315622563891333, 0.010000000000000000)    played    55.44 s,       9999 time(s)
                                                                                                           played    60.00 s,      10031 time(s)

Mean throughputs: [56.0461 56.1458 55.4627 56.0890]
Aggregate throughput: 223.7436
Min-Max: 0.6831
JFI: 0.9951 [0.2500, 1]
Mean TX power: [0.0000 0.0000 0.0000 0.0000]
TX power counts:
[[  -82   -68]
 [   31 10006]]
[[  -82   -68]
 [   19 10028]]
[[ -82  -68]
 [  38 9885]]
[[ -82  -68]
 [  32 9999]]
Mean PCS: [-68.0432 -68.0265 -68.0536 -68.0447]
Mean MCS: [7.0000 7.0000 7.0000 7.0000]

Last 20 seconds of simulation:
Mean throughputs: [57.6475 59.1943 59.2304 59.1066]
Aggregate throughput: 235.1788
Min-Max: 1.5829
JFI: 0.9888 [0.2500, 1]
Mean TX power: [0.0000 0.0000 0.0000 0.0000]
TX power counts:
[[ -82  -68]
 [   2 3495]]
[[ -82  -68]
 [   1 3520]]
[[ -82  -68]
 [   1 3543]]
[[ -82  -68]
 [   1 3520]]
Mean PCS: [-68.0080 -68.0040 -68.0040 -68.0040]
Mean MCS: [7.0000 7.0000 7.0000 7.0000]
Simulation time: 60 s
Waiting for simulation script to connect on port: tcp://localhost:5555
Please start proper ns-3 simulation script using ./waf --run "..."
Start
Progress: 0% 10% 20% 30% 40% 50% 60% 70% 80% 90% 100%
Done
Final step: 40662
Node 0, (CST, Tx power, MCS) = (-82,  0, 7) - (mean, std): (0.344092910395957075, 0.164398987305357291)    played     2.76 s,         36 time(s)
Node 0, (CST, Tx power, MCS) = (-68,  0, 7) - (mean, std): (0.932613944382470805, 0.009843263496228105)    played    57.24 s,      10320 time(s)
                                                                                                           played    60.00 s,      10356 time(s)

Node 1, (CST, Tx power, MCS) = (-82,  0, 7) - (mean, std): (0.222768087601307646, 0.188982236504613599)    played     4.39 s,         27 time(s)
Node 1, (CST, Tx power, MCS) = (-68,  0, 7) - (mean, std): (0.934397154875927782, 0.009983043227539290)    played    55.60 s,      10033 time(s)
                                                                                                           played    60.00 s,      10060 time(s)

Node 2, (CST, Tx power, MCS) = (-82,  0, 7) - (mean, std): (0.184888256924917255, 0.204124145231931509)    played     4.48 s,         23 time(s)
Node 2, (CST, Tx power, MCS) = (-68,  0, 7) - (mean, std): (0.932592281328887163, 0.009998500337415648)    played    55.52 s,      10002 time(s)
                                                                                                           played    60.00 s,      10025 time(s)

Node 3, (CST, Tx power, MCS) = (-82,  0, 7) - (mean, std): (0.231266390834005187, 0.200000000000000011)    played     3.48 s,         24 time(s)
Node 3, (CST, Tx power, MCS) = (-68,  0, 7) - (mean, std): (0.933849848005417593, 0.009902446305430180)    played    56.52 s,      10197 time(s)
                                                                                                           played    60.00 s,      10221 time(s)

Mean throughputs: [57.9424 56.3645 56.0889 57.2523]
Aggregate throughput: 227.6480
Min-Max: 1.8535
JFI: 0.9873 [0.2500, 1]
Mean TX power: [0.0000 0.0000 0.0000 0.0000]
TX power counts:
[[  -82   -68]
 [   36 10320]]
[[  -82   -68]
 [   27 10033]]
[[  -82   -68]
 [   23 10002]]
[[  -82   -68]
 [   24 10197]]
Mean PCS: [-68.0487 -68.0376 -68.0321 -68.0329]
Mean MCS: [7.0000 7.0000 7.0000 7.0000]

Last 20 seconds of simulation:
Mean throughputs: [60.6159 59.2974 59.1460 57.6998]
Aggregate throughput: 236.7592
Min-Max: 2.9161
JFI: 0.9828 [0.2500, 1]
Mean TX power: [0.0000 0.0000 0.0000 0.0000]
TX power counts:
[[ -68]
 [3611]]
[[ -82  -68]
 [   1 3520]]
[[ -82  -68]
 [   1 3519]]
[[ -82  -68]
 [   2 3429]]
Mean PCS: [-68.0000 -68.0040 -68.0040 -68.0082]
Mean MCS: [7.0000 7.0000 7.0000 7.0000]
Simulation time: 60 s
Waiting for simulation script to connect on port: tcp://localhost:5555
Please start proper ns-3 simulation script using ./waf --run "..."
Start
Progress: 0% 10% 20% 30% 40% 50% 60% 70% 80% 90% 100%
Done
Final step: 40727
Node 0, (CST, Tx power, MCS) = (-82,  0, 7) - (mean, std): (0.325818084166869304, 0.174077655955697852)    played     4.10 s,         32 time(s)
Node 0, (CST, Tx power, MCS) = (-68,  0, 7) - (mean, std): (0.931840416149883999, 0.009957275377167391)    played    55.90 s,      10085 time(s)
                                                                                                           played    60.00 s,      10117 time(s)

Node 1, (CST, Tx power, MCS) = (-82,  0, 7) - (mean, std): (0.332088325458632150, 0.164398987305357291)    played     4.12 s,         36 time(s)
Node 1, (CST, Tx power, MCS) = (-68,  0, 7) - (mean, std): (0.932316700831409606, 0.009964193240901014)    played    55.87 s,      10071 time(s)
                                                                                                           played    60.00 s,      10107 time(s)

Node 2, (CST, Tx power, MCS) = (-82,  0, 7) - (mean, std): (0.171037038815693654, 0.229415733870561772)    played     2.69 s,         18 time(s)
Node 2, (CST, Tx power, MCS) = (-68,  0, 7) - (mean, std): (0.932111829978577444, 0.009832789403930689)    played    57.31 s,      10342 time(s)
                                                                                                           played    60.00 s,      10360 time(s)

Node 3, (CST, Tx power, MCS) = (-82,  0, 7) - (mean, std): (0.332164893618092871, 0.174077655955697852)    played     3.94 s,         32 time(s)
Node 3, (CST, Tx power, MCS) = (-68,  0, 7) - (mean, std): (0.932192631830376373, 0.009944466052196626)    played    56.06 s,      10111 time(s)
                                                                                                           played    60.00 s,      10143 time(s)

Mean throughputs: [56.5383 56.5281 57.9249 56.7042]
Aggregate throughput: 227.6955
Min-Max: 1.3968
JFI: 0.9899 [0.2500, 1]
Mean TX power: [0.0000 0.0000 0.0000 0.0000]
TX power counts:
[[  -82   -68]
 [   32 10085]]
[[  -82   -68]
 [   36 10071]]
[[  -82   -68]
 [   18 10342]]
[[  -82   -68]
 [   32 10111]]
Mean PCS: [-68.0443 -68.0499 -68.0243 -68.0442]
Mean MCS: [7.0000 7.0000 7.0000 7.0000]

Last 20 seconds of simulation:
Mean throughputs: [60.6359 60.8001 59.0691 60.4849]
Aggregate throughput: 240.9899
Min-Max: 1.7310
JFI: 0.9887 [0.2500, 1]
Mean TX power: [0.0000 0.0000 0.0000 0.0000]
TX power counts:
[[ -68]
 [3611]]
[[ -68]
 [3610]]
[[ -82  -68]
 [   1 3520]]
[[ -68]
 [3609]]
Mean PCS: [-68.0000 -68.0000 -68.0040 -68.0000]
Mean MCS: [7.0000 7.0000 7.0000 7.0000]
Simulation time: 60 s
Waiting for simulation script to connect on port: tcp://localhost:5555
Please start proper ns-3 simulation script using ./waf --run "..."
Start
Progress: 0% 10% 20% 30% 40% 50% 60% 70% 80% 90% 100%
Done
Final step: 40063
Node 0, (CST, Tx power, MCS) = (-82,  0, 7) - (mean, std): (0.260851835063441784, 0.185695338177051861)    played     4.70 s,         28 time(s)
Node 0, (CST, Tx power, MCS) = (-68,  0, 7) - (mean, std): (0.933563056959699211, 0.010015033834597084)    played    55.30 s,       9969 time(s)
                                                                                                           played    60.00 s,       9997 time(s)

Node 1, (CST, Tx power, MCS) = (-82,  0, 7) - (mean, std): (0.095158220807414040, 0.235702260395515839)    played     4.06 s,         17 time(s)
Node 1, (CST, Tx power, MCS) = (-68,  0, 7) - (mean, std): (0.934762468695740090, 0.009953821844169165)    played    55.94 s,      10092 time(s)
                                                                                                           played    60.00 s,      10109 time(s)

Node 2, (CST, Tx power, MCS) = (-82,  0, 7) - (mean, std): (0.120746740396139113, 0.218217890235992362)    played     4.31 s,         20 time(s)
Node 2, (CST, Tx power, MCS) = (-68,  0, 7) - (mean, std): (0.933151226690074553, 0.009982545803924664)    played    55.69 s,      10034 time(s)
                                                                                                           played    60.00 s,      10054 time(s)

Node 3, (CST, Tx power, MCS) = (-82,  0, 7) - (mean, std): (0.250959883602241307, 0.185695338177051861)    played     5.26 s,         28 time(s)
Node 3, (CST, Tx power, MCS) = (-68,  0, 7) - (mean, std): (0.935227730634323073, 0.010062582623576221)    played    54.74 s,       9875 time(s)
                                                                                                           played    60.00 s,       9903 time(s)

Mean throughputs: [55.9775 56.6604 56.2812 55.5083]
Aggregate throughput: 224.4273
Min-Max: 1.1521
JFI: 0.9925 [0.2500, 1]
Mean TX power: [0.0000 0.0000 0.0000 0.0000]
TX power counts:
[[ -82  -68]
 [  28 9969]]
[[  -82   -68]
 [   17 10092]]
[[  -82   -68]
 [   20 10034]]
[[ -82  -68]
 [  28 9875]]
Mean PCS: [-68.0392 -68.0235 -68.0278 -68.0396]
Mean MCS: [7.0000 7.0000 7.0000 7.0000]

Last 20 seconds of simulation:
Mean throughputs: [60.7905 60.8450 59.2232 59.2363]
Aggregate throughput: 240.0950
Min-Max: 1.6218
JFI: 0.9869 [0.2500, 1]
Mean TX power: [0.0000 0.0000 0.0000 0.0000]
TX power counts:
[[ -68]
 [3611]]
[[ -68]
 [3612]]
[[ -82  -68]
 [   1 3519]]
[[ -82  -68]
 [   1 3520]]
Mean PCS: [-68.0000 -68.0000 -68.0040 -68.0040]
Mean MCS: [7.0000 7.0000 7.0000 7.0000]
Simulation time: 60 s
Waiting for simulation script to connect on port: tcp://localhost:5555
Please start proper ns-3 simulation script using ./waf --run "..."
Start
Progress: 0% 10% 20% 30% 40% 50% 60% 70% 80% 90% 100%
Done
Final step: 40749
Node 0, (CST, Tx power, MCS) = (-82,  0, 7) - (mean, std): (0.243408249897032775, 0.182574185835055358)    played     5.70 s,         29 time(s)
Node 0, (CST, Tx power, MCS) = (-68,  0, 7) - (mean, std): (0.932741826254843587, 0.010106683232657027)    played    54.30 s,       9789 time(s)
                                                                                                           played    60.00 s,       9818 time(s)

Node 1, (CST, Tx power, MCS) = (-82,  0, 7) - (mean, std): (0.155423096291316815, 0.213200716355610442)    played     3.68 s,         21 time(s)
Node 1, (CST, Tx power, MCS) = (-68,  0, 7) - (mean, std): (0.932272601156117320, 0.009927789747206317)    played    56.32 s,      10145 time(s)
                                                                                                           played    59.99 s,      10166 time(s)

Node 2, (CST, Tx power, MCS) = (-82,  0, 7) - (mean, std): (0.092283680045042601, 0.250000000000000000)    played     2.67 s,         15 time(s)
Node 2, (CST, Tx power, MCS) = (-68,  0, 7) - (mean, std): (0.933285095872216086, 0.009828514174634392)    played    57.33 s,      10351 time(s)
                                                                                                           played    60.00 s,      10366 time(s)

Node 3, (CST, Tx power, MCS) = (-82,  0, 7) - (mean, std): (0.161674968046971290, 0.229415733870561772)    played     2.37 s,         18 time(s)
Node 3, (CST, Tx power, MCS) = (-68,  0, 7) - (mean, std): (0.932067156631750326, 0.009814303582343257)    played    57.63 s,      10381 time(s)
                                                                                                           played    60.00 s,      10399 time(s)

Mean throughputs: [54.9336 56.8597 58.0141 58.1495]
Aggregate throughput: 227.9569
Min-Max: 3.2159
JFI: 0.9779 [0.2500, 1]
Mean TX power: [0.0000 0.0000 0.0000 0.0000]
TX power counts:
[[ -82  -68]
 [  29 9789]]
[[  -82   -68]
 [   21 10145]]
[[  -82   -68]
 [   15 10351]]
[[  -82   -68]
 [   18 10381]]
Mean PCS: [-68.0414 -68.0289 -68.0203 -68.0242]
Mean MCS: [7.0000 7.0000 7.0000 7.0000]

Last 20 seconds of simulation:
Mean throughputs: [60.6055 59.1911 60.7577 59.2166]
Aggregate throughput: 239.7709
Min-Max: 1.5666
JFI: 0.9878 [0.2500, 1]
Mean TX power: [0.0000 0.0000 0.0000 0.0000]
TX power counts:
[[ -68]
 [3611]]
[[ -82  -68]
 [   1 3519]]
[[ -68]
 [3611]]
[[ -82  -68]
 [   1 3520]]
Mean PCS: [-68.0000 -68.0040 -68.0000 -68.0040]
Mean MCS: [7.0000 7.0000 7.0000 7.0000]
Simulation time: 60 s
Waiting for simulation script to connect on port: tcp://localhost:5555
Please start proper ns-3 simulation script using ./waf --run "..."
Start
Progress: 0% 10% 20% 30% 40% 50% 60% 70% 80% 90% 100%
Done
Final step: 40198
Node 0, (CST, Tx power, MCS) = (-82,  0, 7) - (mean, std): (0.173418702257703339, 0.208514414057074771)    played     4.32 s,         22 time(s)
Node 0, (CST, Tx power, MCS) = (-68,  0, 7) - (mean, std): (0.932539465117424915, 0.009979065919322650)    played    55.68 s,      10041 time(s)
                                                                                                           played    60.00 s,      10063 time(s)

Node 1, (CST, Tx power, MCS) = (-82,  0, 7) - (mean, std): (0.165187402212316342, 0.213200716355610442)    played     4.19 s,         21 time(s)
Node 1, (CST, Tx power, MCS) = (-68,  0, 7) - (mean, std): (0.932633594388150633, 0.009973604874406686)    played    55.80 s,      10052 time(s)
                                                                                                           played    60.00 s,      10073 time(s)

Node 2, (CST, Tx power, MCS) = (-82,  0, 7) - (mean, std): (0.176784834845427175, 0.204124145231931509)    played     4.85 s,         23 time(s)
Node 2, (CST, Tx power, MCS) = (-68,  0, 7) - (mean, std): (0.933014087864746267, 0.010029631182640405)    played    55.15 s,       9940 time(s)
                                                                                                           played    60.00 s,       9963 time(s)

Node 3, (CST, Tx power, MCS) = (-82,  0, 7) - (mean, std): (0.227964372500299467, 0.204124145231931509)    played     4.12 s,         23 time(s)
Node 3, (CST, Tx power, MCS) = (-68,  0, 7) - (mean, std): (0.931742801709452007, 0.009961720920380389)    played    55.87 s,      10076 time(s)
                                                                                                           played    60.00 s,      10099 time(s)

Mean throughputs: [56.2913 56.3527 55.7604 56.4452]
Aggregate throughput: 224.8496
Min-Max: 0.6848
JFI: 0.9953 [0.2500, 1]
Mean TX power: [0.0000 0.0000 0.0000 0.0000]
TX power counts:
[[  -82   -68]
 [   22 10041]]
[[  -82   -68]
 [   21 10052]]
[[ -82  -68]
 [  23 9940]]
[[  -82   -68]
 [   23 10076]]
Mean PCS: [-68.0306 -68.0292 -68.0323 -68.0319]
Mean MCS: [7.0000 7.0000 7.0000 7.0000]

Last 20 seconds of simulation:
Mean throughputs: [57.6454 57.6841 59.2521 60.8633]
Aggregate throughput: 235.4448
Min-Max: 3.2179
JFI: 0.9780 [0.2500, 1]
Mean TX power: [0.0000 0.0000 0.0000 0.0000]
TX power counts:
[[ -82  -68]
 [   2 3428]]
[[ -82  -68]
 [   2 3427]]
[[ -82  -68]
 [   1 3519]]
[[ -68]
 [3612]]
Mean PCS: [-68.0082 -68.0082 -68.0040 -68.0000]
Mean MCS: [7.0000 7.0000 7.0000 7.0000]
