Simulation time: 100.0 s
Seed: 1
Waiting for simulation script to connect on port: tcp://localhost:50000
Please start proper ns-3 simulation script using ./waf --run "..."
Start
Progress: 0% 10% 20% 30% 40% 50% 60% 70% 80% 90% 100%
Done
Final step: 95011
Node 0 - Refine time: -1000000000.0, UB(s): [65] Mbps
Node    CST    Tx pow                    Mean                     Std    Played (s)    Played (count)
   0  -64.0        23    0.864807954148544833    0.010433094516736973         61.51              9186
   0  -63.0        23    0.734198145477435116    0.029591497808609108          9.96              1141
   0  -81.0        23    0.379500628520180017    0.110431526074846548          2.50                81
   0  -80.0        23    0.382253549790915748    0.105999788000636003          2.49                88
   0  -78.0        23    0.474273045696675777    0.070534561585859828          3.31               200
   0  -74.0        23    0.497019068406922171    0.066519010523773930          3.21               225
   0  -69.0        23    0.609371152550324813    0.046274481338274755          5.40               466
   0  -62.0        23    0.689771356874790631    0.031143732993214979         11.63              1030
                                                                             100.00             12417    Tot

Node 1 - Refine time: -1000000000.0, UB(s): [65] Mbps
Node    CST    Tx pow                    Mean                     Std    Played (s)    Played (count)
   1  -64.0        23    0.287894603779733971    0.076471911290187253          9.52               170
   1  -81.0        23    0.116711139248031948    0.141421356237309503          9.39                49
   1  -77.0        23    0.147045385812995227    0.120385853085769198         10.99                68
   1  -72.0        23    0.159774150012282956    0.120385853085769198          8.86                68
   1  -71.0        23    0.189421512294125960    0.103142124625879336         10.60                93
   1  -69.0        23    0.322482934572651925    0.065938047339578698         12.52               229
   1  -66.0        23    0.288899659087305860    0.072357460529242162          9.68               190
   1  -65.0        23    0.315707334700219777    0.063119440309780311         13.76               250
   1  -62.0        23    0.325402145777730856    0.056343616981901108         14.53               314
                                                                              99.86              1431    Tot

Node 2 - Refine time: -1000000000.0, UB(s): [65] Mbps
Node    CST    Tx pow                    Mean                     Std    Played (s)    Played (count)
   2  -82.0        23    0.100224369694804097    0.200000000000000011          8.73                24
   2  -81.0        23    0.076400177667098917    0.196116135138184045          8.38                25
   2  -80.0        23    0.021093073139075331    0.208514414057074771          6.83                22
   2  -79.0        23    0.031141405332684381    0.213200716355610442          7.09                21
   2  -76.0        23    0.085167607783261184    0.192450089729875262          6.79                26
   2  -75.0        23    0.188044369144059725    0.164398987305357291          4.49                36
   2  -70.0        23    0.352345413809765529    0.104257207028537385          7.11                91
   2  -69.0        23    0.421496967790402022    0.086386842558136015          8.62               133
   2  -62.0        23    0.593137003038014754    0.024441185836892212         41.88              1673
                                                                              99.94              2051    Tot

Node 3 - Refine time: -1000000000.0, UB(s): [65] Mbps
Node    CST    Tx pow                    Mean                     Std    Played (s)    Played (count)
   3  -64.0        23    0.703552684939785622    0.055048188256318027          2.96               329
   3  -82.0        23    0.125372188729814843    0.179605302026774910          7.78                30
   3  -80.0        23    0.164651292325612431    0.182574185835055358          5.95                29
   3  -79.0        23    0.199075766062126402    0.171498585142508847          3.26                33
   3  -77.0        23    0.345020589585647852    0.136082763487954339          4.96                53
   3  -73.0        23    0.495856560378972577    0.094491118252306799          3.13               111
   3  -71.0        23    0.460584415011756398    0.101534616513361903          2.31                96
   3  -69.0        23    0.550574894414259997    0.075164602800282879          2.85               176
   3  -68.0        23    0.623886866240579985    0.068199433947047347          2.64               214
   3  -67.0        23    0.669156374862194370    0.052777981396925952          4.44               358
   3  -66.0        23    0.689818572674633979    0.042295493443781355          5.73               558
   3  -62.0        23    0.848753534360179751    0.011120038181828652         54.00              8086
                                                                             100.00             10073    Tot

Node 4 - Refine time: -1000000000.0, UB(s): [65] Mbps
Node    CST    Tx pow                    Mean                     Std    Played (s)    Played (count)
   4  -63.0        23    0.520367611322124279    0.035466345106595430         21.98               794
   4  -81.0        23    0.074496946976236295    0.174077655955697852          8.62                32
   4  -79.0        23    0.178809697896019776    0.154303349962091912          5.67                41
   4  -78.0        23    0.057465254999636638    0.188982236504613599          5.40                27
   4  -75.0        23    0.229801944707227035    0.134839972492648424          5.25                54
   4  -73.0        23    0.258252436296846188    0.127000127000190505          5.73                61
   4  -70.0        23    0.368360184639233867    0.083045479853739973          8.86               144
   4  -68.0        23    0.396462146483161526    0.081923192051904042          7.64               148
   4  -65.0        23    0.483530440273404194    0.052704627669472988          9.91               359
   4  -62.0        23    0.529173881777402655    0.037037037037037035         20.50               728
                                                                              99.55              2388    Tot

Node 5 - Refine time: -1000000000.0, UB(s): [65] Mbps
Node    CST    Tx pow                    Mean                     Std    Played (s)    Played (count)
   5  -64.0        23    0.637400895671272338    0.033314830232638482         10.45               900
   5  -81.0        23    0.019190499136834949    0.208514414057074771          7.44                22
   5  -80.0        23    0.023385838076860212    0.208514414057074771          6.18                22
   5  -79.0        23    0.131277579129743333    0.174077655955697852          7.72                32
   5  -78.0        23    0.089134845697730877    0.179605302026774910          7.15                30
   5  -75.0        23    0.240786360723698273    0.144337567297406433          7.35                47
   5  -70.0        23    0.401582498013807521    0.092847669088525930          7.14               115
   5  -69.0        23    0.403827862534323068    0.094072086838359728          5.11               112
   5  -65.0        23    0.655005117384747093    0.026481357066618801         15.57              1425
   5  -62.0        23    0.675718412179505346    0.019287918745261489         25.89              2687
                                                                              99.99              5392    Tot

Node 6 - Refine time: -1000000000.0, UB(s): [65] Mbps
Node    CST    Tx pow                    Mean                     Std    Played (s)    Played (count)
   6  -64.0        23    0.572766407008087008    0.038263936589669048          9.11               682
   6  -81.0        23    0.125187618425723957    0.179605302026774910          5.83                30
   6  -79.0        23    0.153078544282858581    0.166666666666666657          7.89                35
   6  -78.0        23    0.178158180128661359    0.176776695296636893          5.24                31
   6  -76.0        23    0.353898395349255213    0.101015254455221068          8.59                97
   6  -75.0        23    0.308704722047171920    0.116247638743819284          4.96                73
   6  -74.0        23    0.354820908082942366    0.107211253483779481          7.08                86
   6  -73.0        23    0.383881045239320151    0.102062072615965754          4.24                95
   6  -71.0        23    0.365736505178216709    0.100000000000000006          6.73                99
   6  -70.0        23    0.429615629706114721    0.078811040623910061          6.16               160
   6  -68.0        23    0.500494629998239682    0.059339082909692670         10.04               283
   6  -67.0        23    0.530721741796160051    0.053149400345273386          4.78               353
   6  -65.0        23    0.587104956856309257    0.031481427501027934         13.13              1008
   6  -62.0        23    0.556125973818081265    0.042874646285627212          5.78               543
                                                                              99.55              3575    Tot

Node 7 - Refine time: -1000000000.0, UB(s): [65] Mbps
Node    CST    Tx pow                    Mean                     Std    Played (s)    Played (count)
   7  -81.0        23    0.030741950344611822    0.223606797749978964          5.57                19
   7  -79.0        23    0.081641615838637951    0.185695338177051861          6.24                28
   7  -78.0        23    0.084004946105165526    0.192450089729875262          4.76                26
   7  -76.0        23    0.083807622543419988    0.196116135138184045          4.87                25
   7  -74.0        23    0.214454311825251404    0.162221421130762544          3.93                37
   7  -71.0        23    0.391988074412451148    0.109108945117996181          3.57                83
   7  -70.0        23    0.529310708764531457    0.068842839082151427          3.85               210
   7  -65.0        23    0.710217241428662160    0.021081851067789197         22.96              2249
   7  -62.0        23    0.727186773554171717    0.014459384601444056         44.25              4782
                                                                              99.99              7459    Tot

Node 8 - Refine time: -1000000000.0, UB(s): [65] Mbps
Node    CST    Tx pow                    Mean                     Std    Played (s)    Played (count)
   8  -64.0        23    0.294945370958457187    0.074124931666110117          9.70               181
   8  -63.0        23    0.318101621065000562    0.066519010523773930          9.56               225
   8  -80.0        23    0.144757360280976910    0.118678165819385339         12.07                70
   8  -76.0        23    0.162267693169350941    0.110431526074846548         10.76                81
   8  -72.0        23    0.256680679174125848    0.083045479853739973         11.25               144
   8  -70.0        23    0.265388888829437342    0.081378845877115941         10.98               150
   8  -67.0        23    0.330735975735892584    0.051298917604257706         17.66               379
   8  -66.0        23    0.321834226322107231    0.057259833431386825         14.86               304
   8  -62.0        23    0.298980094090995852    0.078086880944303036          3.16               163
                                                                             100.00              1697    Tot

Node 9 - Refine time: -1000000000.0, UB(s): [65] Mbps
Node    CST    Tx pow                    Mean                     Std    Played (s)    Played (count)
   9  -63.0        23    0.599399381895106442    0.023318957740501974         21.91              1838
   9  -80.0        23    0.381536777191961662    0.079808688446762213          4.43               156
   9  -78.0        23    0.408374999123516214    0.071247049987909636          5.30               196
   9  -71.0        23    0.487915569296475171    0.050507627227610534          8.91               391
   9  -69.0        23    0.602597430838335502    0.022080920281275968         23.26              2050
   9  -68.0        23    0.609372331132632672    0.019600308903302492         30.89              2602
   9  -62.0        23    0.518583731163528738    0.051639777949432225          5.27               374
                                                                              99.97              7607    Tot

Node 10 - Refine time: -1000000000.0, UB(s): [65] Mbps
Node    CST    Tx pow                    Mean                     Std    Played (s)    Played (count)
  10  -63.0        23    0.416011847645670008    0.043274232240791549         17.10               533
  10  -78.0        23    0.268876418329844880    0.088388347648318447          9.01               127
  10  -76.0        23    0.324875995162100195    0.066081860045508978          9.21               228
  10  -75.0        23    0.410594526127896986    0.040488816508945799         24.43               609
  10  -70.0        23    0.399535867678780077    0.050251890762960605         16.42               395
  10  -69.0        23    0.390467164154095769    0.056165595630173044         12.00               316
  10  -62.0        23    0.429786266184472243    0.034401045807689073         11.78               844
                                                                              99.93              3052    Tot

Node 11 - Refine time: -1000000000.0, UB(s): [65] Mbps
Node    CST    Tx pow                    Mean                     Std    Played (s)    Played (count)
  11  -63.0        23    0.216381520519762643    0.077382323253413682          7.08               166
  11  -82.0        23    0.035918484389032612    0.145864991497894558         11.39                46
  11  -80.0        23    0.101172273064655038    0.111803398874989482         15.72                79
  11  -78.0        23    0.209630413414232913    0.080064076902543566         17.68               155
  11  -73.0        23    0.185090912187975798    0.087370405666103795         12.56               130
  11  -71.0        23    0.190683728081918552    0.088388347648318447         11.33               127
  11  -69.0        23    0.194862046529740290    0.078086880944303036          9.51               163
  11  -68.0        23    0.204592173819259593    0.078326044998795738          7.75               162
  11  -62.0        23    0.205249738035143597    0.081378845877115941          6.85               150
                                                                              99.86              1178    Tot

Node 12 - Refine time: -1000000000.0, UB(s): [65] Mbps
Node    CST    Tx pow                    Mean                     Std    Played (s)    Played (count)
  12  -64.0        23    0.680493233062628100    0.047836487323493986          4.79               436
  12  -63.0        23    0.847299027799457316    0.012894909192112601         43.79              6013
  12  -82.0        23    0.062680375442779046    0.208514414057074771          7.73                22
  12  -79.0        23    0.097174875552833509    0.192450089729875262          7.50                26
  12  -78.0        23    0.178779261663885553    0.169030850945703304          4.29                34
  12  -75.0        23    0.126707059093446261    0.196116135138184045          3.83                25
  12  -74.0        23    0.063450880846530361    0.204124145231931509          3.30                23
  12  -71.0        23    0.349412364633413686    0.127000127000190505          1.86                61
  12  -70.0        23    0.431331494709548624    0.106600358177805221          1.93                87
  12  -62.0        23    0.866215523610648352    0.017452777765186462         20.99              3282
                                                                             100.00             10009    Tot

Node 13 - Refine time: -1000000000.0, UB(s): [65] Mbps
Node    CST    Tx pow                    Mean                     Std    Played (s)    Played (count)
  13  -64.0        23    0.514620138962942897    0.053452248382484878          9.35               349
  13  -82.0        23    0.052446687794195548    0.213200716355610442          6.16                21
  13  -80.0        23    0.242204797793445059    0.150755672288881815          6.38                43
  13  -78.0        23    0.178489061031676749    0.158113883008418971          7.35                39
  13  -76.0        23    0.308502199485007067    0.119522860933439362          5.94                69
  13  -75.0        23    0.381652982571312582    0.099503719020998915          6.88               100
  13  -72.0        23    0.398926748871492709    0.081923192051904042         12.34               148
  13  -71.0        23    0.416714316663305495    0.094915799575249898          5.51               110
  13  -67.0        23    0.442024718151623308    0.082199493652678646          6.73               147
  13  -65.0        23    0.487550711563980277    0.058123819371909642         10.29               295
  13  -62.0        23    0.554529504602996881    0.032224549634855451         23.01               962
                                                                              99.94              2283    Tot

Node 14 - Refine time: -1000000000.0, UB(s): [65] Mbps
Node    CST    Tx pow                    Mean                     Std    Played (s)    Played (count)
  14  -64.0        23    0.490926878378676379    0.026669037353133251         26.40              1405
  14  -82.0        23    0.046740673686557321    0.176776695296636893          7.57                31
  14  -79.0        23    0.099801770933919801    0.166666666666666657          6.19                35
  14  -78.0        23    0.080451567938586807    0.182574185835055358          5.36                29
  14  -75.0        23    0.266616133789517984    0.109108945117996181         10.49                83
  14  -74.0        23    0.334314169037418840    0.083624201000709081         12.20               142
  14  -71.0        23    0.368377784446065226    0.075377836144440907         12.31               175
  14  -69.0        23    0.411039245070672909    0.064150029909958425         10.00               242
  14  -62.0        23    0.480301061716944810    0.034964180063753278          9.46               817
                                                                              99.99              2959    Tot

Node 15 - Refine time: -1000000000.0, UB(s): [65] Mbps
Node    CST    Tx pow                    Mean                     Std    Played (s)    Played (count)
  15  -82.0        23    0.083366752485890913    0.196116135138184045          6.00                25
  15  -81.0        23    0.037047344588900105    0.196116135138184045          7.86                25
  15  -80.0        23    0.122817464574807508    0.179605302026774910          7.89                30
  15  -78.0        23    0.057927271382855486    0.208514414057074771          4.41                22
  15  -77.0        23    0.133708407400198320    0.174077655955697852          4.92                32
  15  -74.0        23    0.329483958961667045    0.120385853085769198          2.89                68
  15  -72.0        23    0.453548981897539394    0.100503781525921210          3.24                98
  15  -70.0        23    0.532705342771890855    0.074953168899586142          3.76               177
  15  -69.0        23    0.547256369090570627    0.068842839082151427          3.74               210
  15  -68.0        23    0.529510573644189630    0.083333333333333329          2.96               143
  15  -66.0        23    0.686785998876894843    0.022097086912079612         19.50              2047
  15  -62.0        23    0.697832909376758570    0.016833490212841196         32.83              3528
                                                                             100.00              6405    Tot

Node 16 - Refine time: -1000000000.0, UB(s): [65] Mbps
Node    CST    Tx pow                    Mean                     Std    Played (s)    Played (count)
  16  -64.0        23    0.357169674778477497    0.076471911290187253          3.22               170
  16  -82.0        23    0.097733874809037363    0.162221421130762544         11.21                37
  16  -79.0        23    0.169532330140665460    0.152498570332604666          9.87                42
  16  -78.0        23    0.182676647891539812    0.142857142857142849         10.25                48
  16  -76.0        23    0.227164460746031138    0.131306432859722544          6.89                57
  16  -74.0        23    0.251906090571141106    0.114707866935280886          9.43                75
  16  -73.0        23    0.305444180160076462    0.105999788000636003          7.14                88
  16  -71.0        23    0.363589224248668519    0.072932495748947279         12.89               187
  16  -69.0        23    0.366582958429882089    0.070888120500833596          8.74               198
  16  -67.0        23    0.390770057912663504    0.060522753266880239         10.07               272
  16  -65.0        23    0.372341913552185599    0.069504804685691590          7.10               206
  16  -62.0        23    0.373477212689664106    0.067267279399631244          3.16               220
                                                                              99.98              1600    Tot

Node 17 - Refine time: -1000000000.0, UB(s): [65] Mbps
Node    CST    Tx pow                    Mean                     Std    Played (s)    Played (count)
  17  -64.0        23    0.579561363257311890    0.023603030823749149         24.94              1794
  17  -82.0        23    0.033670987373712269    0.188982236504613599          8.33                27
  17  -79.0        23    0.078303775389903352    0.179605302026774910          9.24                30
  17  -78.0        23    0.073485982432699187    0.179605302026774910          8.32                30
  17  -75.0        23    0.201733296045973731    0.145864991497894558          4.03                46
  17  -73.0        23    0.290548376660161478    0.120385853085769198          4.23                68
  17  -70.0        23    0.443234521575767426    0.062622429108514954         10.85               254
  17  -67.0        23    0.442406798395795331    0.076696498884737049          4.89               169
  17  -66.0        23    0.462154532966344511    0.062257280636469035          6.51               257
  17  -65.0        23    0.528667559885765637    0.045980048987170286          8.32               472
  17  -62.0        23    0.565864383062298915    0.034921514788478908         10.26               819
                                                                              99.93              3966    Tot

Node 18 - Refine time: -1000000000.0, UB(s): [65] Mbps
Node    CST    Tx pow                    Mean                     Std    Played (s)    Played (count)
  18  -64.0        23    0.336275538511965899    0.053074489243427531          6.68               354
  18  -81.0        23    0.073351753065218420    0.136082763487954339         11.41                53
  18  -76.0        23    0.107749849506734441    0.130188910980823858         10.27                58
  18  -75.0        23    0.273909719434033305    0.071795815861773804         16.95               193
  18  -72.0        23    0.268994636578936019    0.071428571428571425         15.28               195
  18  -69.0        23    0.241146030615352308    0.076471911290187253         11.90               170
  18  -68.0        23    0.277916295165067051    0.070186240634359645          9.89               202
  18  -62.0        23    0.370056536437270656    0.034752402342845795         17.61               827
                                                                              99.98              2052    Tot

Node 19 - Refine time: -1000000000.0, UB(s): [65] Mbps
Node    CST    Tx pow                    Mean                     Std    Played (s)    Played (count)
  19  -63.0        23    0.653848571652300481    0.018490006540840969         33.15              2924
  19  -82.0        23    0.344537062744711409    0.109108945117996181          3.22                83
  19  -79.0        23    0.380274891000680071    0.097590007294853329          3.44               104
  19  -74.0        23    0.456459275178870083    0.079305158571814416          4.05               158
  19  -72.0        23    0.550737651693201657    0.051231551957855996          6.60               380
  19  -70.0        23    0.592788058830290732    0.035201667190438143         13.50               806
  19  -67.0        23    0.553308416867419495    0.052057920629535355          5.97               368
  19  -65.0        23    0.641285840388331474    0.021863473472331304         24.41              2091
  19  -62.0        23    0.579158248817511656    0.044543540318737397          5.65               503
                                                                              99.99              7417    Tot

Mean throughputs: [39.7858  3.7317  6.0253 32.2147  6.9512 16.0347  9.6184 23.3512  4.5728
 20.6349  7.6641  2.1083 32.6689  6.3034  6.8280 19.1824  3.2138 11.4167
  5.0977 22.1761]
Aggregate throughput: 279.5801
Min-Max: 37.6775
JFI: 0.5609 [0.0500, 1]
Node 0:
  CST counts:       {-74.0: 225, -64.0: 9187, -80.0: 88, -69.0: 466, -81.0: 81, -62.0: 1030, -78.0: 200, -63.0: 1141}
  Tx pow counts:    {23.0: 12418}
Node 1:
  CST counts:       {-66.0: 190, -72.0: 68, -77.0: 68, -62.0: 314, -69.0: 230, -64.0: 170, -81.0: 49, -65.0: 250, -71.0: 93}
  Tx pow counts:    {23.0: 1432}
Node 2:
  CST counts:       {-70.0: 91, -80.0: 22, -62.0: 1674, -76.0: 26, -81.0: 25, -75.0: 36, -82.0: 24, -69.0: 133, -79.0: 21}
  Tx pow counts:    {23.0: 2052}
Node 3:
  CST counts:       {-64.0: 329, -80.0: 29, -73.0: 111, -82.0: 30, -68.0: 214, -66.0: 558, -77.0: 53, -79.0: 33, -71.0: 96, -67.0: 358, -62.0: 8087, -69.0: 176}
  Tx pow counts:    {23.0: 10074}
Node 4:
  CST counts:       {-70.0: 144, -68.0: 148, -62.0: 729, -81.0: 32, -75.0: 54, -63.0: 794, -65.0: 359, -78.0: 27, -79.0: 41, -73.0: 61}
  Tx pow counts:    {23.0: 2389}
Node 5:
  CST counts:       {-70.0: 115, -64.0: 901, -80.0: 22, -81.0: 22, -65.0: 1425, -75.0: 47, -62.0: 2687, -69.0: 112, -78.0: 30, -79.0: 32}
  Tx pow counts:    {23.0: 5393}
Node 6:
  CST counts:       {-74.0: 87, -68.0: 283, -64.0: 682, -62.0: 543, -76.0: 97, -73.0: 95, -67.0: 353, -78.0: 31, -65.0: 1008, -70.0: 160, -71.0: 99, -75.0: 73, -81.0: 30, -79.0: 35}
  Tx pow counts:    {23.0: 3576}
Node 7:
  CST counts:       {-70.0: 210, -62.0: 4782, -65.0: 2250, -74.0: 37, -81.0: 19, -76.0: 25, -78.0: 26, -71.0: 83, -79.0: 28}
  Tx pow counts:    {23.0: 7460}
Node 8:
  CST counts:       {-67.0: 379, -63.0: 225, -76.0: 82, -80.0: 70, -66.0: 304, -70.0: 150, -62.0: 163, -64.0: 181, -72.0: 144}
  Tx pow counts:    {23.0: 1698}
Node 9:
  CST counts:       {-62.0: 374, -80.0: 156, -68.0: 2603, -78.0: 196, -69.0: 2050, -63.0: 1838, -71.0: 391}
  Tx pow counts:    {23.0: 7608}
Node 10:
  CST counts:       {-62.0: 844, -76.0: 228, -78.0: 127, -69.0: 317, -63.0: 533, -70.0: 395, -75.0: 609}
  Tx pow counts:    {23.0: 3053}
Node 11:
  CST counts:       {-69.0: 163, -82.0: 46, -78.0: 155, -80.0: 79, -68.0: 162, -62.0: 150, -63.0: 166, -71.0: 127, -73.0: 131}
  Tx pow counts:    {23.0: 1179}
Node 12:
  CST counts:       {-74.0: 23, -64.0: 436, -82.0: 22, -75.0: 25, -70.0: 87, -79.0: 26, -71.0: 61, -62.0: 3283, -78.0: 34, -63.0: 6013}
  Tx pow counts:    {23.0: 10010}
Node 13:
  CST counts:       {-72.0: 149, -62.0: 962, -64.0: 349, -80.0: 43, -76.0: 69, -65.0: 295, -71.0: 110, -78.0: 39, -67.0: 147, -82.0: 21, -75.0: 100}
  Tx pow counts:    {23.0: 2284}
Node 14:
  CST counts:       {-71.0: 175, -62.0: 817, -78.0: 29, -64.0: 1406, -69.0: 242, -82.0: 31, -75.0: 83, -74.0: 142, -79.0: 35}
  Tx pow counts:    {23.0: 2960}
Node 15:
  CST counts:       {-72.0: 98, -80.0: 30, -62.0: 3528, -81.0: 25, -82.0: 25, -77.0: 32, -70.0: 177, -68.0: 143, -74.0: 68, -69.0: 210, -78.0: 22, -66.0: 2048}
  Tx pow counts:    {23.0: 6406}
Node 16:
  CST counts:       {-73.0: 88, -64.0: 170, -62.0: 220, -82.0: 37, -74.0: 75, -78.0: 48, -79.0: 42, -76.0: 57, -67.0: 272, -69.0: 198, -65.0: 207, -71.0: 187}
  Tx pow counts:    {23.0: 1601}
Node 17:
  CST counts:       {-70.0: 254, -62.0: 820, -64.0: 1794, -66.0: 257, -73.0: 68, -75.0: 46, -78.0: 30, -67.0: 169, -82.0: 27, -79.0: 30, -65.0: 472}
  Tx pow counts:    {23.0: 3967}
Node 18:
  CST counts:       {-68.0: 202, -76.0: 58, -64.0: 354, -62.0: 828, -72.0: 195, -69.0: 170, -81.0: 53, -75.0: 193}
  Tx pow counts:    {23.0: 2053}
Node 19:
  CST counts:       {-67.0: 368, -72.0: 381, -65.0: 2091, -82.0: 83, -63.0: 2924, -62.0: 503, -74.0: 158, -70.0: 806, -79.0: 104}
  Tx pow counts:    {23.0: 7418}


Last 20.0 seconds of simulation:
Node 0 - Refine time: -1000000000.0, UB(s): [65] Mbps
Node    CST    Tx pow                    Mean                     Std    Played (s)    Played (count)
   0  -64.0        23    0.851139325786634426    0.017609018126512478         20.00            3224.0
   0  -63.0        23    0.734198145477435116    1.000000000000000000          0.00               0.0
   0  -81.0        23    0.379500628520180017    1.000000000000000000          0.00               0.0
   0  -80.0        23    0.382253549790915748    1.000000000000000000          0.00               0.0
   0  -78.0        23    0.474273045696675777    1.000000000000000000          0.00               0.0
   0  -74.0        23    0.497019068406922171    1.000000000000000000          0.00               0.0
   0  -69.0        23    0.609371152550324813    1.000000000000000000          0.00               0.0
   0  -62.0        23    0.689771356874790631    1.000000000000000000          0.00               0.0
                                                                              20.00            3224.0    Tot

Node 1 - Refine time: -1000000000.0, UB(s): [65] Mbps
Node    CST    Tx pow                    Mean                     Std    Played (s)    Played (count)
   1  -64.0        23    0.297719604294860996    0.235702260395515839          2.82              17.0
   1  -81.0        23    0.124160786434076534    0.500000000000000000          1.50               3.0
   1  -77.0        23    0.153729266986313201    0.500000000000000000          1.50               3.0
   1  -72.0        23    0.164543527624589930    0.577350269189625731          1.00               2.0
   1  -71.0        23    0.202336615405089071    0.377964473009227198          3.00               6.0
   1  -69.0        23    0.330124398941533836    0.223606797749978964          2.82              19.0
   1  -66.0        23    0.296100535528076192    0.242535625036332969          2.39              16.0
   1  -65.0        23    0.333740255530413921    0.213200716355610442          2.97              21.0
   1  -62.0        23    0.335070308548788054    0.229415733870561772          2.02              18.0
                                                                              20.01             105.0    Tot

Node 2 - Refine time: -1000000000.0, UB(s): [65] Mbps
Node    CST    Tx pow                    Mean                     Std    Played (s)    Played (count)
   2  -82.0        23    0.104400385098754267    0.707106781186547573          0.50               1.0
   2  -81.0        23    0.090291119061116906    0.447213595499957928          2.00               4.0
   2  -80.0        23    0.023101937247558695    0.577350269189625731          1.00               2.0
   2  -79.0        23    0.031141405332684381    1.000000000000000000          0.00               0.0
   2  -76.0        23    0.088443285005694303    0.707106781186547573          0.50               1.0
   2  -75.0        23    0.198789761666577414    0.577350269189625731          1.00               2.0
   2  -70.0        23    0.368578300287564609    0.333333333333333315          1.88               8.0
   2  -69.0        23    0.429168442990992494    0.353553390593273786          1.28               7.0
   2  -62.0        23    0.606330588408112936    0.062745580513815860         11.86             253.0
                                                                              20.02             278.0    Tot

Node 3 - Refine time: -1000000000.0, UB(s): [65] Mbps
Node    CST    Tx pow                    Mean                     Std    Played (s)    Played (count)
   3  -64.0        23    0.695396907376315987    0.235702260395515839          0.12              17.0
   3  -82.0        23    0.129551261687475355    0.707106781186547573          0.50               1.0
   3  -80.0        23    0.164651292325612431    1.000000000000000000          0.00               0.0
   3  -79.0        23    0.199075766062126402    1.000000000000000000          0.00               0.0
   3  -77.0        23    0.345020589585647852    1.000000000000000000          0.00               0.0
   3  -73.0        23    0.500211483216308150    0.707106781186547573          0.42               1.0
   3  -71.0        23    0.460584415011756398    1.000000000000000000          0.00               0.0
   3  -69.0        23    0.550574894414259997    1.000000000000000000          0.00               0.0
   3  -68.0        23    0.624642950073184378    0.408248290463863017          0.08               5.0
   3  -67.0        23    0.668410005382266581    0.707106781186547573          0.01               1.0
   3  -66.0        23    0.689818572674633979    1.000000000000000000          0.00               0.0
   3  -62.0        23    0.834442198413228975    0.018471071557337650         18.88            2930.0
                                                                              20.00            2955.0    Tot

Node 4 - Refine time: -1000000000.0, UB(s): [65] Mbps
Node    CST    Tx pow                    Mean                     Std    Played (s)    Played (count)
   4  -63.0        23    0.531840297740834744    0.102062072615965754          5.53              95.0
   4  -81.0        23    0.074496946976236295    1.000000000000000000          0.00               0.0
   4  -79.0        23    0.187750182790820758    0.577350269189625731          1.00               2.0
   4  -78.0        23    0.059593597777400961    0.707106781186547573          0.50               1.0
   4  -75.0        23    0.238216954708689560    0.577350269189625731          0.88               2.0
   4  -73.0        23    0.266664137702805837    0.577350269189625731          0.94               2.0
   4  -70.0        23    0.375174693800194692    0.408248290463863017          1.30               5.0
   4  -68.0        23    0.415588851055753661    0.288675134594812866          1.76              11.0
   4  -65.0        23    0.487544237472279485    0.182574185835055358          2.02              29.0
   4  -62.0        23    0.538730246495434772    0.100000000000000006          5.70              99.0
                                                                              19.62             246.0    Tot

Node 5 - Refine time: -1000000000.0, UB(s): [65] Mbps
Node    CST    Tx pow                    Mean                     Std    Played (s)    Played (count)
   5  -64.0        23    0.630871699912249340    0.063119440309780311          3.39             250.0
   5  -81.0        23    0.021018165721295418    0.577350269189625731          1.00               2.0
   5  -80.0        23    0.023385838076860212    1.000000000000000000          0.00               0.0
   5  -79.0        23    0.135380003477547806    0.707106781186547573          0.50               1.0
   5  -78.0        23    0.084623784775279626    0.577350269189625731          0.52               2.0
   5  -75.0        23    0.240786360723698273    1.000000000000000000          0.00               0.0
   5  -70.0        23    0.406862456327782229    0.577350269189625731          0.53               2.0
   5  -69.0        23    0.407433468449808101    0.707106781186547573          0.03               1.0
   5  -65.0        23    0.647598757453242801    0.051502620262460476          3.88             376.0
   5  -62.0        23    0.674675272908461854    0.030642570651794779         10.59            1064.0
                                                                              20.44            1698.0    Tot

Node 6 - Refine time: -1000000000.0, UB(s): [65] Mbps
Node    CST    Tx pow                    Mean                     Std    Played (s)    Played (count)
   6  -64.0        23    0.585013978680568481    0.084215192106651890          2.48             140.0
   6  -81.0        23    0.129360539039914763    0.707106781186547573          0.50               1.0
   6  -79.0        23    0.172213362318215907    0.447213595499957928          2.00               4.0
   6  -78.0        23    0.183905218197327858    0.707106781186547573          0.50               1.0
   6  -76.0        23    0.375502959392674862    0.377964473009227198          1.64               6.0
   6  -75.0        23    0.333340032458798341    0.377964473009227198          1.47               6.0
   6  -74.0        23    0.363117513527380587    0.577350269189625731          0.63               2.0
   6  -73.0        23    0.393624788254147706    0.408248290463863017          0.62               5.0
   6  -71.0        23    0.391625870526387698    0.301511344577763629          1.57              10.0
   6  -70.0        23    0.452975395321353669    0.288675134594812866          0.94              11.0
   6  -68.0        23    0.518256329693989271    0.223606797749978964          2.09              19.0
   6  -67.0        23    0.544409572279349274    0.154303349962091912          0.79              41.0
   6  -65.0        23    0.599470529755281700    0.074953168899586142          2.95             177.0
   6  -62.0        23    0.573834059844744448    0.096225044864937631          1.50             107.0
                                                                              19.66             530.0    Tot

Node 7 - Refine time: -1000000000.0, UB(s): [65] Mbps
Node    CST    Tx pow                    Mean                     Std    Played (s)    Played (count)
   7  -81.0        23    0.030741950344611822    1.000000000000000000          0.00               0.0
   7  -79.0        23    0.089534547011048210    0.500000000000000000          1.02               3.0
   7  -78.0        23    0.085096779920707855    0.707106781186547573          0.09               1.0
   7  -76.0        23    0.086718935781615922    0.707106781186547573          0.47               1.0
   7  -74.0        23    0.218755489808930004    0.707106781186547573          0.09               1.0
   7  -71.0        23    0.402797197379505423    0.500000000000000000          0.09               3.0
   7  -70.0        23    0.533274444711712148    0.447213595499957928          0.18               4.0
   7  -65.0        23    0.712793267560093313    0.046880723093849545          4.97             454.0
   7  -62.0        23    0.732300887562044478    0.027317918235407652         13.08            1339.0
                                                                              19.99            1806.0    Tot

Node 8 - Refine time: -1000000000.0, UB(s): [65] Mbps
Node    CST    Tx pow                    Mean                     Std    Played (s)    Played (count)
   8  -64.0        23    0.307977243201170314    0.176776695296636893          2.73              31.0
   8  -63.0        23    0.318628120863489905    0.142857142857142849          1.94              48.0
   8  -80.0        23    0.149810776901959014    0.500000000000000000          0.85               3.0
   8  -76.0        23    0.172587803150786895    0.353553390593273786          1.80               7.0
   8  -72.0        23    0.254654335429320422    0.267261241912424397          1.80              13.0
   8  -70.0        23    0.271818340591340801    0.229415733870561772          2.00              18.0
   8  -67.0        23    0.340792882376914241    0.133630620956212198          3.95              55.0
   8  -66.0        23    0.328912180620069494    0.140028008402800969          4.33              50.0
   8  -62.0        23    0.297568119562330868    0.169030850945703304          0.62              34.0
                                                                              20.03             259.0    Tot

Node 9 - Refine time: -1000000000.0, UB(s): [65] Mbps
Node    CST    Tx pow                    Mean                     Std    Played (s)    Played (count)
   9  -63.0        23    0.597255342375936360    0.046778026972498797          4.52             456.0
   9  -80.0        23    0.387715139553316657    0.500000000000000000          0.12               3.0
   9  -78.0        23    0.412901565733616471    0.500000000000000000          0.14               3.0
   9  -71.0        23    0.489093758817421065    0.408248290463863017          0.54               5.0
   9  -69.0        23    0.605545566729321694    0.040455669703136743          6.79             610.0
   9  -68.0        23    0.606741205926848548    0.040000000000000001          6.82             624.0
   9  -62.0        23    0.524373789508206900    0.122169444356305223          1.05              66.0
                                                                              19.98            1767.0    Tot

Node 10 - Refine time: -1000000000.0, UB(s): [65] Mbps
Node    CST    Tx pow                    Mean                     Std    Played (s)    Played (count)
  10  -63.0        23    0.421213465272495813    0.136082763487954339          4.08              53.0
  10  -78.0        23    0.280814074290355153    0.377964473009227198          2.12               6.0
  10  -76.0        23    0.337152539475545243    0.316227766016837941          1.32               9.0
  10  -75.0        23    0.415887431815561537    0.169030850945703304          3.92              34.0
  10  -70.0        23    0.407095931689637758    0.160128153805087131          4.25              38.0
  10  -69.0        23    0.400919172427314785    0.158113883008418971          3.51              39.0
  10  -62.0        23    0.428921962659299605    0.112508790092602395          0.98              78.0
                                                                              20.18             257.0    Tot

Node 11 - Refine time: -1000000000.0, UB(s): [65] Mbps
Node    CST    Tx pow                    Mean                     Std    Played (s)    Played (count)
  11  -63.0        23    0.223570779050848045    0.277350098112614574          1.48              12.0
  11  -82.0        23    0.036699321006185497    0.707106781186547573          0.50               1.0
  11  -80.0        23    0.110461388765593124    0.353553390593273786          3.17               7.0
  11  -78.0        23    0.215629244934274239    0.316227766016837941          3.05               9.0
  11  -73.0        23    0.205006159987782155    0.258198889747161098          3.82              14.0
  11  -71.0        23    0.198290599291179259    0.277350098112614574          2.26              12.0
  11  -69.0        23    0.206148465824001148    0.301511344577763629          1.89              10.0
  11  -68.0        23    0.215275604734931264    0.258198889747161098          1.97              14.0
  11  -62.0        23    0.218067732105036188    0.267261241912424397          2.13              13.0
                                                                              20.28              92.0    Tot

Node 12 - Refine time: -1000000000.0, UB(s): [65] Mbps
Node    CST    Tx pow                    Mean                     Std    Played (s)    Played (count)
  12  -64.0        23    0.680493233062628100    1.000000000000000000          0.00               0.0
  12  -63.0        23    0.838738263043967480    0.028891599832849384          8.02            1197.0
  12  -82.0        23    0.062680375442779046    1.000000000000000000          0.00               0.0
  12  -79.0        23    0.104948865597060195    0.577350269189625731          1.00               2.0
  12  -78.0        23    0.178779261663885553    1.000000000000000000          0.00               0.0
  12  -75.0        23    0.126707059093446261    1.000000000000000000          0.00               0.0
  12  -74.0        23    0.063450880846530361    1.000000000000000000          0.00               0.0
  12  -71.0        23    0.349412364633413686    1.000000000000000000          0.00               0.0
  12  -70.0        23    0.431331494709548624    1.000000000000000000          0.00               0.0
  12  -62.0        23    0.834926115187613616    0.023570226039551584         10.98            1799.0
                                                                              20.00            2998.0    Tot

Node 13 - Refine time: -1000000000.0, UB(s): [65] Mbps
Node    CST    Tx pow                    Mean                     Std    Played (s)    Played (count)
  13  -64.0        23    0.524511982580569747    0.185695338177051861          1.96              28.0
  13  -82.0        23    0.054944149117728672    0.707106781186547573          0.50               1.0
  13  -80.0        23    0.253738359593132901    0.577350269189625731          1.00               2.0
  13  -78.0        23    0.183065703622232567    0.707106781186547573          0.50               1.0
  13  -76.0        23    0.321868270862264827    0.500000000000000000          0.86               3.0
  13  -75.0        23    0.389342392134601145    0.577350269189625731          0.59               2.0
  13  -72.0        23    0.414572706578858141    0.301511344577763629          1.91              10.0
  13  -71.0        23    0.408610785706483737    0.301511344577763629          1.10              10.0
  13  -67.0        23    0.450990802606880070    0.333333333333333315          1.69               8.0
  13  -65.0        23    0.503564223639851649    0.192450089729875262          2.44              26.0
  13  -62.0        23    0.578127314982070706    0.090909090909090912          7.54             120.0
                                                                              20.09             211.0    Tot

Node 14 - Refine time: -1000000000.0, UB(s): [65] Mbps
Node    CST    Tx pow                    Mean                     Std    Played (s)    Played (count)
  14  -64.0        23    0.516710827146110385    0.092450032704204863          3.95             116.0
  14  -82.0        23    0.053417912784636937    0.447213595499957928          2.00               4.0
  14  -79.0        23    0.105672463341797446    0.577350269189625731          1.00               2.0
  14  -78.0        23    0.083225759936469107    0.707106781186547573          0.50               1.0
  14  -75.0        23    0.290842593591590703    0.353553390593273786          3.42               7.0
  14  -74.0        23    0.358481324784513555    0.301511344577763629          3.64              10.0
  14  -71.0        23    0.385761489688500270    0.333333333333333315          3.40               8.0
  14  -69.0        23    0.419964544852971466    0.288675134594812866          1.78              11.0
  14  -62.0        23    0.501213432732951492    0.117041147196130554          0.64              72.0
                                                                              20.32             231.0    Tot

Node 15 - Refine time: -1000000000.0, UB(s): [65] Mbps
Node    CST    Tx pow                    Mean                     Std    Played (s)    Played (count)
  15  -82.0        23    0.086701422585326551    0.707106781186547573          0.50               1.0
  15  -81.0        23    0.039573459264658210    0.577350269189625731          0.89               2.0
  15  -80.0        23    0.131287634545483894    0.577350269189625731          1.00               2.0
  15  -78.0        23    0.057927271382855486    1.000000000000000000          0.00               0.0
  15  -77.0        23    0.137886795131454520    0.707106781186547573          0.50               1.0
  15  -74.0        23    0.333402438440292215    0.707106781186547573          0.08               1.0
  15  -72.0        23    0.451014670376506388    0.242535625036332969          0.70              16.0
  15  -70.0        23    0.539818663682126831    0.208514414057074771          0.36              22.0
  15  -69.0        23    0.569337659684809982    0.208514414057074771          0.55              22.0
  15  -68.0        23    0.517869162720685838    0.204124145231931509          0.31              23.0
  15  -66.0        23    0.696146922415432856    0.043852900965351459          5.23             519.0
  15  -62.0        23    0.710418281676972296    0.031388241028717220          9.89            1014.0
                                                                              20.00            1623.0    Tot

Node 16 - Refine time: -1000000000.0, UB(s): [65] Mbps
Node    CST    Tx pow                    Mean                     Std    Played (s)    Played (count)
  16  -64.0        23    0.368851294386025541    0.333333333333333315          0.18               8.0
  16  -82.0        23    0.109231977727747634    0.447213595499957928          2.00               4.0
  16  -79.0        23    0.177802199903624725    0.577350269189625731          1.00               2.0
  16  -78.0        23    0.190450122269903210    0.577350269189625731          1.00               2.0
  16  -76.0        23    0.243690620840090827    0.447213595499957928          1.28               4.0
  16  -74.0        23    0.281338936954891372    0.333333333333333315          3.42               8.0
  16  -73.0        23    0.319818023932315398    0.447213595499957928          1.49               4.0
  16  -71.0        23    0.386972778279708551    0.277350098112614574          2.83              12.0
  16  -69.0        23    0.390777004866876665    0.250000000000000000          3.61              15.0
  16  -67.0        23    0.409749055000290630    0.229415733870561772          1.96              18.0
  16  -65.0        23    0.393142742110727583    0.229415733870561772          1.27              18.0
  16  -62.0        23    0.391933300832501885    0.267261241912424397          0.13              13.0
                                                                              20.17             108.0    Tot

Node 17 - Refine time: -1000000000.0, UB(s): [65] Mbps
Node    CST    Tx pow                    Mean                     Std    Played (s)    Played (count)
  17  -64.0        23    0.577863611091554596    0.044992127066584758          6.77             493.0
  17  -82.0        23    0.037185089705863830    0.500000000000000000          1.39               3.0
  17  -79.0        23    0.086693465610250139    0.500000000000000000          1.50               3.0
  17  -78.0        23    0.075935515180455840    0.707106781186547573          0.50               1.0
  17  -75.0        23    0.199325502932984372    0.500000000000000000          0.52               3.0
  17  -73.0        23    0.298046294813458568    0.408248290463863017          0.20               5.0
  17  -70.0        23    0.459566290191653071    0.213200716355610442          1.07              21.0
  17  -67.0        23    0.431463633565981775    0.169030850945703304          0.73              34.0
  17  -66.0        23    0.462968351888823293    0.166666666666666657          1.03              35.0
  17  -65.0        23    0.521853602077772316    0.100503781525921210          1.84              98.0
  17  -62.0        23    0.551986282423709507    0.054717565516458282          4.39             333.0
                                                                              19.95            1029.0    Tot

Node 18 - Refine time: -1000000000.0, UB(s): [65] Mbps
Node    CST    Tx pow                    Mean                     Std    Played (s)    Played (count)
  18  -64.0        23    0.336835766416619498    0.111111111111111105          1.50              80.0
  18  -81.0        23    0.077944170740498489    0.316227766016837941          2.76               9.0
  18  -76.0        23    0.110564992939777645    0.500000000000000000          0.40               3.0
  18  -75.0        23    0.283773542766362574    0.250000000000000000          2.56              15.0
  18  -72.0        23    0.276730872574715625    0.196116135138184045          3.60              25.0
  18  -69.0        23    0.259401934241752508    0.242535625036332969          2.23              16.0
  18  -68.0        23    0.293209946538083077    0.223606797749978964          2.52              19.0
  18  -62.0        23    0.385500329963067101    0.070534561585859828          4.78             200.0
                                                                              20.35             367.0    Tot

Node 19 - Refine time: -1000000000.0, UB(s): [65] Mbps
Node    CST    Tx pow                    Mean                     Std    Played (s)    Played (count)
  19  -63.0        23    0.656663235044515070    0.036986336072765455          8.69             730.0
  19  -82.0        23    0.355830746138807885    0.447213595499957928          0.30               4.0
  19  -79.0        23    0.392465234266583307    0.447213595499957928          0.48               4.0
  19  -74.0        23    0.456778205034288398    0.577350269189625731          0.13               2.0
  19  -72.0        23    0.561888608946718104    0.156173761888606072          0.73              40.0
  19  -70.0        23    0.601534454655898498    0.107211253483779481          2.01              86.0
  19  -67.0        23    0.556287113758599516    0.162221421130762544          0.83              37.0
  19  -65.0        23    0.650572316773230019    0.047727395990334764          5.76             438.0
  19  -62.0        23    0.597161420723892111    0.113960576459637947          1.07              76.0
                                                                              19.99            1417.0    Tot

Mean throughputs: [53.3593  1.0043  4.2202 48.5274  3.5020 25.9622  6.5666 28.7735  3.5451
 23.8424  2.8292  0.4549 49.7258  2.6280  1.2984 24.4879  0.4124 15.1240
  4.4960 20.9325]
Aggregate throughput: 321.6921
Min-Max: 52.9469
JFI: 0.4823 [0.0500, 1]
Node 0:
  CST counts:       {-64.0: 3225}
  Tx pow counts:    {23.0: 3225}
Node 1:
  CST counts:       {-66.0: 16, -64.0: 17, -65.0: 21, -69.0: 20, -62.0: 18, -77.0: 3, -72.0: 2, -71.0: 6, -81.0: 3}
  Tx pow counts:    {23.0: 106}
Node 2:
  CST counts:       {-81.0: 4, -62.0: 254, -70.0: 8, -80.0: 2, -82.0: 1, -69.0: 7, -76.0: 1, -75.0: 2}
  Tx pow counts:    {23.0: 279}
Node 3:
  CST counts:       {-62.0: 2931, -64.0: 17, -68.0: 5, -73.0: 1, -82.0: 1, -67.0: 1}
  Tx pow counts:    {23.0: 2956}
Node 4:
  CST counts:       {-65.0: 29, -62.0: 100, -63.0: 95, -70.0: 5, -68.0: 11, -73.0: 2, -79.0: 2, -78.0: 1, -75.0: 2}
  Tx pow counts:    {23.0: 247}
Node 5:
  CST counts:       {-81.0: 2, -62.0: 1064, -64.0: 251, -70.0: 2, -79.0: 1, -78.0: 2, -65.0: 376, -69.0: 1}
  Tx pow counts:    {23.0: 1699}
Node 6:
  CST counts:       {-70.0: 11, -64.0: 140, -62.0: 107, -65.0: 177, -67.0: 41, -75.0: 6, -68.0: 19, -81.0: 1, -71.0: 10, -76.0: 6, -74.0: 3, -79.0: 4, -73.0: 5, -78.0: 1}
  Tx pow counts:    {23.0: 531}
Node 7:
  CST counts:       {-62.0: 1339, -70.0: 4, -79.0: 3, -76.0: 1, -74.0: 1, -78.0: 1, -65.0: 455, -71.0: 3}
  Tx pow counts:    {23.0: 1807}
Node 8:
  CST counts:       {-66.0: 50, -63.0: 48, -67.0: 55, -64.0: 31, -70.0: 18, -76.0: 8, -62.0: 34, -72.0: 13, -80.0: 3}
  Tx pow counts:    {23.0: 260}
Node 9:
  CST counts:       {-69.0: 610, -68.0: 625, -63.0: 456, -62.0: 66, -80.0: 3, -78.0: 3, -71.0: 5}
  Tx pow counts:    {23.0: 1768}
Node 10:
  CST counts:       {-75.0: 34, -70.0: 38, -69.0: 40, -63.0: 53, -62.0: 78, -78.0: 6, -76.0: 9}
  Tx pow counts:    {23.0: 258}
Node 11:
  CST counts:       {-80.0: 7, -62.0: 13, -71.0: 12, -63.0: 12, -73.0: 15, -68.0: 14, -78.0: 9, -69.0: 10, -82.0: 1}
  Tx pow counts:    {23.0: 93}
Node 12:
  CST counts:       {-62.0: 1800, -63.0: 1197, -79.0: 2}
  Tx pow counts:    {23.0: 2999}
Node 13:
  CST counts:       {-67.0: 8, -62.0: 120, -72.0: 11, -65.0: 26, -71.0: 10, -64.0: 28, -76.0: 3, -80.0: 2, -75.0: 2, -82.0: 1, -78.0: 1}
  Tx pow counts:    {23.0: 212}
Node 14:
  CST counts:       {-82.0: 4, -64.0: 117, -62.0: 72, -79.0: 2, -69.0: 11, -74.0: 10, -71.0: 8, -75.0: 7, -78.0: 1}
  Tx pow counts:    {23.0: 232}
Node 15:
  CST counts:       {-62.0: 1014, -68.0: 23, -66.0: 520, -70.0: 22, -72.0: 16, -82.0: 1, -80.0: 2, -74.0: 1, -69.0: 22, -81.0: 2, -77.0: 1}
  Tx pow counts:    {23.0: 1624}
Node 16:
  CST counts:       {-79.0: 2, -62.0: 13, -67.0: 18, -71.0: 12, -65.0: 19, -76.0: 4, -74.0: 8, -82.0: 4, -69.0: 15, -73.0: 4, -64.0: 8, -78.0: 2}
  Tx pow counts:    {23.0: 109}
Node 17:
  CST counts:       {-66.0: 35, -64.0: 493, -62.0: 334, -70.0: 21, -73.0: 5, -78.0: 1, -75.0: 3, -82.0: 3, -65.0: 98, -67.0: 34, -79.0: 3}
  Tx pow counts:    {23.0: 1030}
Node 18:
  CST counts:       {-81.0: 9, -72.0: 25, -62.0: 201, -64.0: 80, -75.0: 15, -69.0: 16, -68.0: 19, -76.0: 3}
  Tx pow counts:    {23.0: 368}
Node 19:
  CST counts:       {-65.0: 438, -63.0: 730, -82.0: 4, -70.0: 86, -72.0: 41, -62.0: 76, -74.0: 2, -67.0: 37, -79.0: 4}
  Tx pow counts:    {23.0: 1418}
