Simulation time: 100.0 s
Seed: 1
Waiting for simulation script to connect on port: tcp://localhost:50000
Please start proper ns-3 simulation script using ./waf --run "..."
Start
Progress: 0% 10% 20% 30% 40% 50% 60% 70% 80% 90% 100%
Done
Final step: 199
Node 0 - Refine time: -1000000000.0, UB(s): [65] Mbps
Node    CST    Tx pow                    Mean                     Std    Played (s)    Played (count)
   0    -82        23    0.188229333333333360    0.288675134594812866          5.50                11
   0    -77        23    0.362616000000000049    0.250000000000000000          7.50                15
   0    -72        23    0.737950902857142266    0.119522860933439362         34.50                69
   0    -67        23    0.703256960000000264    0.129099444873580549         29.50                59
   0    -62        23    0.633772663829787253    0.145864991497894558         23.00                46
                                                                             100.00               200    Tot

Node 1 - Refine time: -1000000000.0, UB(s): [65] Mbps
Node    CST    Tx pow                    Mean                     Std    Played (s)    Played (count)
   1    -82        23    0.027324444444444446    0.166666666666666657         17.50                35
   1    -77        23    0.023403276190476181    0.154303349962091912         20.50                41
   1    -72        23    0.014222262857142863    0.169030850945703304         17.00                34
   1    -67        23    0.041559248979591845    0.142857142857142849         24.00                48
   1    -62        23    0.055455553488372090    0.152498570332604666         21.00                42
                                                                             100.00               200    Tot

Node 2 - Refine time: -1000000000.0, UB(s): [65] Mbps
Node    CST    Tx pow                    Mean                     Std    Played (s)    Played (count)
   2    -82        23    0.025420800000000007    0.185695338177051861         14.00                28
   2    -77        23    0.020450800000000002    0.176776695296636893         15.50                31
   2    -72        23    0.055639870270270252    0.164398987305357291         18.00                36
   2    -67        23    0.114855466666666572    0.129099444873580549         29.50                59
   2    -62        23    0.107276800000000005    0.145864991497894558         23.00                46
                                                                             100.00               200    Tot

Node 3 - Refine time: -1000000000.0, UB(s): [65] Mbps
Node    CST    Tx pow                    Mean                     Std    Played (s)    Played (count)
   3    -82        23    0.220664123076923097    0.277350098112614574          6.00                12
   3    -77        23    0.170628266666666667    0.288675134594812866          5.50                11
   3    -72        23    0.246248369230769260    0.277350098112614574          6.00                12
   3    -67        23    0.344434526315789413    0.229415733870561772          9.00                18
   3    -62        23    0.788910356756756359    0.082199493652678646         73.50               147
                                                                             100.00               200    Tot

Node 4 - Refine time: -1000000000.0, UB(s): [65] Mbps
Node    CST    Tx pow                    Mean                     Std    Played (s)    Played (count)
   4    -82        23    0.039771428571428576    0.169030850945703304         17.00                34
   4    -77        23    0.051648595348837228    0.152498570332604666         21.00                42
   4    -72        23    0.078305092682926847    0.156173761888606072         20.00                40
   4    -67        23    0.057786156521739136    0.147441956154897136         22.50                45
   4    -62        23    0.069804160000000018    0.158113883008418971         19.50                39
                                                                             100.00               200    Tot

Node 5 - Refine time: -1000000000.0, UB(s): [65] Mbps
Node    CST    Tx pow                    Mean                     Std    Played (s)    Played (count)
   5    -82        23    0.084551111111111105    0.235702260395515839          8.50                17
   5    -77        23    0.061814568421052651    0.229415733870561772          9.00                18
   5    -72        23    0.076741565217391297    0.208514414057074771         11.00                22
   5    -67        23    0.187116617142857100    0.169030850945703304         17.00                34
   5    -62        23    0.437884392727272753    0.095346258924559224         54.50               109
                                                                             100.00               200    Tot

Node 6 - Refine time: -1000000000.0, UB(s): [65] Mbps
Node    CST    Tx pow                    Mean                     Std    Played (s)    Played (count)
   6    -82        23    0.042702276923076918    0.196116135138184045         12.50                25
   6    -77        23    0.088716799999999998    0.162221421130762544         18.50                37
   6    -72        23    0.061056412903225825    0.179605302026774910         15.00                30
   6    -67        23    0.171155200000000007    0.131306432859722544         28.50                57
   6    -62        23    0.174671015384615380    0.138675049056307287         25.50                51
                                                                             100.00               200    Tot

Node 7 - Refine time: -1000000000.0, UB(s): [65] Mbps
Node    CST    Tx pow                    Mean                     Std    Played (s)    Played (count)
   7    -82        23    0.032333473684210537    0.229415733870561772          9.00                18
   7    -77        23    0.066055039999999995    0.223606797749978964          9.50                19
   7    -72        23    0.299388013114753992    0.128036879932895975         30.00                60
   7    -67        23    0.285324567272727148    0.134839972492648424         27.00                54
   7    -62        23    0.267182336000000076    0.141421356237309503         24.50                49
                                                                             100.00               200    Tot

Node 8 - Refine time: -1000000000.0, UB(s): [65] Mbps
Node    CST    Tx pow                    Mean                     Std    Played (s)    Played (count)
   8    -82        23    0.057659733333333345    0.174077655955697852         16.00                32
   8    -77        23    0.081519141463414657    0.156173761888606072         20.00                40
   8    -72        23    0.051898400000000011    0.176776695296636893         15.50                31
   8    -67        23    0.082818844444444442    0.149071198499985985         22.00                44
   8    -62        23    0.160695229629629510    0.136082763487954339         26.50                53
                                                                             100.00               200    Tot

Node 9 - Refine time: -1000000000.0, UB(s): [65] Mbps
Node    CST    Tx pow                    Mean                     Std    Played (s)    Played (count)
   9    -82        23    0.301852225641025540    0.160128153805087131         19.00                38
   9    -77        23    0.251516121212121135    0.174077655955697852         16.00                32
   9    -72        23    0.240908799999999951    0.166666666666666657         17.50                35
   9    -67        23    0.383104177777777888    0.117851130197757920         35.50                71
   9    -62        23    0.178576895999999957    0.200000000000000011         12.00                24
                                                                             100.00               200    Tot

Node 10 - Refine time: -1000000000.0, UB(s): [65] Mbps
Node    CST    Tx pow                    Mean                     Std    Played (s)    Played (count)
  10    -82        23    0.100617926530612162    0.142857142857142849         24.00                48
  10    -77        23    0.049164463157894751    0.162221421130762544         18.50                37
  10    -72        23    0.098509409523809571    0.154303349962091912         20.50                41
  10    -67        23    0.087380480000000024    0.149071198499985985         22.00                44
  10    -62        23    0.034330012903225807    0.179605302026774910         15.00                30
                                                                             100.00               200    Tot

Node 11 - Refine time: -1000000000.0, UB(s): [65] Mbps
Node    CST    Tx pow                    Mean                     Std    Played (s)    Played (count)
  11    -82        23    0.024577347368421053    0.162221421130762544         18.50                37
  11    -77        23    0.043185565957446825    0.145864991497894558         23.00                46
  11    -72        23    0.053185190697674425    0.152498570332604666         21.00                42
  11    -67        23    0.015256319999999999    0.158113883008418971         19.50                39
  11    -62        23    0.018640259459459459    0.164398987305357291         18.00                36
                                                                             100.00               200    Tot

Node 12 - Refine time: -1000000000.0, UB(s): [65] Mbps
Node    CST    Tx pow                    Mean                     Std    Played (s)    Played (count)
  12    -82        23    0.075873280000000001    0.316227766016837941          4.50                 9
  12    -77        23    0.092387555555555556    0.333333333333333315          4.00                 8
  12    -72        23    0.321590211764705980    0.242535625036332969          8.00                16
  12    -67        23    0.604005433962263583    0.137360563948689035         26.00                52
  12    -62        23    0.776563199999999565    0.092847669088525930         57.50               115
                                                                             100.00               200    Tot

Node 13 - Refine time: -1000000000.0, UB(s): [65] Mbps
Node    CST    Tx pow                    Mean                     Std    Played (s)    Played (count)
  13    -82        23    0.022457599999999998    0.171498585142508847         16.50                33
  13    -77        23    0.035652072727272749    0.150755672288881815         21.50                43
  13    -72        23    0.030943644444444442    0.166666666666666657         17.50                35
  13    -67        23    0.045309126530612247    0.142857142857142849         24.00                48
  13    -62        23    0.047955504761904785    0.154303349962091912         20.50                41
                                                                             100.00               200    Tot

Node 14 - Refine time: -1000000000.0, UB(s): [65] Mbps
Node    CST    Tx pow                    Mean                     Std    Played (s)    Played (count)
  14    -82        23    0.028666219354838721    0.179605302026774910         15.00                30
  14    -77        23    0.025963377777777779    0.166666666666666657         17.50                35
  14    -72        23    0.048476713513513500    0.164398987305357291         18.00                36
  14    -67        23    0.091401371428571410    0.133630620956212198         27.50                55
  14    -62        23    0.099060906666666684    0.149071198499985985         22.00                44
                                                                             100.00               200    Tot

Node 15 - Refine time: -1000000000.0, UB(s): [65] Mbps
Node    CST    Tx pow                    Mean                     Std    Played (s)    Played (count)
  15    -82        23    0.079560533333333350    0.235702260395515839          8.50                17
  15    -77        23    0.075864000000000015    0.250000000000000000          7.50                15
  15    -72        23    0.331826902325581263    0.152498570332604666         21.00                42
  15    -67        23    0.397673983999999814    0.115470053837925163         37.00                74
  15    -62        23    0.356106867924528114    0.137360563948689035         26.00                52
                                                                             100.00               200    Tot

Node 16 - Refine time: -1000000000.0, UB(s): [65] Mbps
Node    CST    Tx pow                    Mean                     Std    Played (s)    Played (count)
  16    -82        23    0.118293485714285745    0.133630620956212198         27.50                55
  16    -77        23    0.058839324444444466    0.149071198499985985         22.00                44
  16    -72        23    0.023687200000000005    0.176776695296636893         15.50                31
  16    -67        23    0.038528656410256414    0.160128153805087131         19.00                38
  16    -62        23    0.006670351515151516    0.174077655955697852         16.00                32
                                                                             100.00               200    Tot

Node 17 - Refine time: -1000000000.0, UB(s): [65] Mbps
Node    CST    Tx pow                    Mean                     Std    Played (s)    Played (count)
  17    -82        23    0.031286857142857144    0.218217890235992362         10.00                20
  17    -77        23    0.091805714285714310    0.188982236504613599         13.50                27
  17    -72        23    0.227067164444444330    0.149071198499985985         22.00                44
  17    -67        23    0.270401800000000025    0.125000000000000000         31.50                63
  17    -62        23    0.236612357446808530    0.145864991497894558         23.00                46
                                                                             100.00               200    Tot

Node 18 - Refine time: -1000000000.0, UB(s): [65] Mbps
Node    CST    Tx pow                    Mean                     Std    Played (s)    Played (count)
  18    -82        23    0.081694933333333344    0.166666666666666657         17.50                35
  18    -77        23    0.062228348717948717    0.160128153805087131         19.00                38
  18    -72        23    0.055983709090909099    0.174077655955697852         16.00                32
  18    -67        23    0.096572604081632624    0.142857142857142849         24.00                48
  18    -62        23    0.126200266666666588    0.144337567297406433         23.50                47
                                                                             100.00               200    Tot

Node 19 - Refine time: -1000000000.0, UB(s): [65] Mbps
Node    CST    Tx pow                    Mean                     Std    Played (s)    Played (count)
  19    -82        23    0.161810921739130420    0.208514414057074771         11.00                22
  19    -77        23    0.242583958974358943    0.160128153805087131         19.00                38
  19    -72        23    0.375713576811594174    0.120385853085769198         34.00                68
  19    -67        23    0.207764232258064507    0.179605302026774910         15.00                30
  19    -62        23    0.312222362790697705    0.152498570332604666         21.00                42
                                                                             100.00               200    Tot

Mean throughputs: [42.8025  2.2378  4.9997 42.7116  3.9890 19.2328  8.2498 16.0063  6.2758
 19.7577  5.1780  2.1289 41.9740  2.4962  4.2878 21.3244  3.8197 13.6084
  5.8516 19.1662]
Aggregate throughput: 286.0982
Min-Max: 40.6735
JFI: 0.5158 [0.0500, 1]
Node 0:
  CST counts:       {-62: 46, -67: 59, -72: 69, -77: 15, -82: 11}
  Tx pow counts:    {23: 200}
Node 1:
  CST counts:       {-62: 42, -67: 48, -72: 34, -77: 41, -82: 35}
  Tx pow counts:    {23: 200}
Node 2:
  CST counts:       {-62: 46, -67: 59, -72: 36, -77: 31, -82: 28}
  Tx pow counts:    {23: 200}
Node 3:
  CST counts:       {-62: 147, -67: 18, -72: 12, -77: 11, -82: 12}
  Tx pow counts:    {23: 200}
Node 4:
  CST counts:       {-62: 39, -67: 45, -72: 40, -77: 42, -82: 34}
  Tx pow counts:    {23: 200}
Node 5:
  CST counts:       {-62: 109, -67: 34, -72: 22, -77: 18, -82: 17}
  Tx pow counts:    {23: 200}
Node 6:
  CST counts:       {-62: 51, -67: 57, -72: 30, -77: 37, -82: 25}
  Tx pow counts:    {23: 200}
Node 7:
  CST counts:       {-62: 49, -67: 54, -72: 60, -77: 19, -82: 18}
  Tx pow counts:    {23: 200}
Node 8:
  CST counts:       {-62: 53, -67: 44, -72: 31, -77: 40, -82: 32}
  Tx pow counts:    {23: 200}
Node 9:
  CST counts:       {-62: 24, -67: 71, -72: 35, -77: 32, -82: 38}
  Tx pow counts:    {23: 200}
Node 10:
  CST counts:       {-62: 30, -67: 44, -72: 41, -77: 37, -82: 48}
  Tx pow counts:    {23: 200}
Node 11:
  CST counts:       {-62: 36, -67: 39, -72: 42, -77: 46, -82: 37}
  Tx pow counts:    {23: 200}
Node 12:
  CST counts:       {-62: 115, -67: 52, -72: 16, -77: 8, -82: 9}
  Tx pow counts:    {23: 200}
Node 13:
  CST counts:       {-62: 41, -67: 48, -72: 35, -77: 43, -82: 33}
  Tx pow counts:    {23: 200}
Node 14:
  CST counts:       {-62: 44, -67: 55, -72: 36, -77: 35, -82: 30}
  Tx pow counts:    {23: 200}
Node 15:
  CST counts:       {-62: 52, -67: 74, -72: 42, -77: 15, -82: 17}
  Tx pow counts:    {23: 200}
Node 16:
  CST counts:       {-62: 32, -67: 38, -72: 31, -77: 44, -82: 55}
  Tx pow counts:    {23: 200}
Node 17:
  CST counts:       {-62: 46, -67: 63, -72: 44, -77: 27, -82: 20}
  Tx pow counts:    {23: 200}
Node 18:
  CST counts:       {-62: 47, -67: 48, -72: 32, -77: 38, -82: 35}
  Tx pow counts:    {23: 200}
Node 19:
  CST counts:       {-62: 42, -67: 30, -72: 68, -77: 38, -82: 22}
  Tx pow counts:    {23: 200}


Last 20.0 seconds of simulation:
Node 0 - Refine time: -1000000000.0, UB(s): [65] Mbps
Node    CST    Tx pow                    Mean                     Std    Played (s)    Played (count)
   0    -82        23    0.164478720000000023    0.577350269189625731          1.00               2.0
   0    -77        23    0.362616000000000049    1.000000000000000000          0.00               0.0
   0    -72        23    0.720570584615384147    0.229415733870561772          9.00              18.0
   0    -67        23    0.679820521739130879    0.258198889747161098          7.00              14.0
   0    -62        23    0.633194770731707379    0.377964473009227198          3.00               6.0
                                                                              20.00              40.0    Tot

Node 1 - Refine time: -1000000000.0, UB(s): [65] Mbps
Node    CST    Tx pow                    Mean                     Std    Played (s)    Played (count)
   1    -82        23    0.032180184615384619    0.301511344577763629          5.00              10.0
   1    -77        23    0.028083931428571410    0.353553390593273786          3.50               7.0
   1    -72        23    0.016089600000000006    0.377964473009227198          3.00               6.0
   1    -67        23    0.045527178378378386    0.277350098112614574          6.00              12.0
   1    -62        23    0.056187957894736837    0.408248290463863017          2.50               5.0
                                                                              20.00              40.0    Tot

Node 2 - Refine time: -1000000000.0, UB(s): [65] Mbps
Node    CST    Tx pow                    Mean                     Std    Played (s)    Played (count)
   2    -82        23    0.026673371428571433    0.333333333333333315          4.00               8.0
   2    -77        23    0.023001142857142859    0.447213595499957928          2.00               4.0
   2    -72        23    0.063413333333333308    0.353553390593273786          3.50               7.0
   2    -67        23    0.127965013333333266    0.250000000000000000          7.50              15.0
   2    -62        23    0.106498185365853662    0.377964473009227198          3.00               6.0
                                                                              20.00              40.0    Tot

Node 3 - Refine time: -1000000000.0, UB(s): [65] Mbps
Node    CST    Tx pow                    Mean                     Std    Played (s)    Played (count)
   3    -82        23    0.228659200000000035    0.577350269189625731          1.00               2.0
   3    -77        23    0.185195054545454568    0.707106781186547573          0.50               1.0
   3    -72        23    0.228659200000000035    0.707106781186547573          0.50               1.0
   3    -67        23    0.344434526315789413    1.000000000000000000          0.00               0.0
   3    -62        23    0.777478399999999459    0.164398987305357291         18.00              36.0
                                                                              20.00              40.0    Tot

Node 4 - Refine time: -1000000000.0, UB(s): [65] Mbps
Node    CST    Tx pow                    Mean                     Std    Played (s)    Played (count)
   4    -82        23    0.045286400000000004    0.301511344577763629          5.00              10.0
   4    -77        23    0.058170947368421079    0.408248290463863017          2.50               5.0
   4    -72        23    0.085319757575757604    0.333333333333333315          4.00               8.0
   4    -67        23    0.064141176470588243    0.277350098112614574          6.00              12.0
   4    -62        23    0.069371977142857158    0.408248290463863017          2.50               5.0
                                                                              20.00              40.0    Tot

Node 5 - Refine time: -1000000000.0, UB(s): [65] Mbps
Node    CST    Tx pow                    Mean                     Std    Played (s)    Played (count)
   5    -82        23    0.079783253333333332    0.500000000000000000          1.50               3.0
   5    -77        23    0.065248711111111135    0.707106781186547573          0.50               1.0
   5    -72        23    0.081496959999999993    0.500000000000000000          1.50               3.0
   5    -67        23    0.190211878787878735    0.577350269189625731          1.00               2.0
   5    -62        23    0.425009903797468391    0.176776695296636893         15.50              31.0
                                                                              20.00              40.0    Tot

Node 6 - Refine time: -1000000000.0, UB(s): [65] Mbps
Node    CST    Tx pow                    Mean                     Std    Played (s)    Played (count)
   6    -82        23    0.045639039999999999    0.377964473009227198          3.00               6.0
   6    -77        23    0.090410400000000002    0.377964473009227198          3.00               6.0
   6    -72        23    0.069889536000000016    0.377964473009227198          3.00               6.0
   6    -67        23    0.172643352380952408    0.242535625036332969          8.00              16.0
   6    -62        23    0.179652730434782582    0.377964473009227198          3.00               6.0
                                                                              20.00              40.0    Tot

Node 7 - Refine time: -1000000000.0, UB(s): [65] Mbps
Node    CST    Tx pow                    Mean                     Std    Played (s)    Played (count)
   7    -82        23    0.038159360000000003    0.447213595499957928          2.00               4.0
   7    -77        23    0.071084800000000004    0.577350269189625731          1.00               2.0
   7    -72        23    0.318812382608695544    0.250000000000000000          7.50              15.0
   7    -67        23    0.277761190697674298    0.277350098112614574          6.00              12.0
   7    -62        23    0.261385227906976769    0.353553390593273786          3.50               7.0
                                                                              20.00              40.0    Tot

Node 8 - Refine time: -1000000000.0, UB(s): [65] Mbps
Node    CST    Tx pow                    Mean                     Std    Played (s)    Played (count)
   8    -82        23    0.067898666666666690    0.316227766016837941          4.50               9.0
   8    -77        23    0.079666070588235327    0.353553390593273786          3.50               7.0
   8    -72        23    0.049512369230769245    0.377964473009227198          3.00               6.0
   8    -67        23    0.086707952941176475    0.288675134594812866          5.50              11.0
   8    -62        23    0.158999965957446726    0.353553390593273786          3.50               7.0
                                                                              20.00              40.0    Tot

Node 9 - Refine time: -1000000000.0, UB(s): [65] Mbps
Node    CST    Tx pow                    Mean                     Std    Played (s)    Played (count)
   9    -82        23    0.296564053333333244    0.316227766016837941          4.50               9.0
   9    -77        23    0.259737600000000013    0.447213595499957928          2.00               4.0
   9    -72        23    0.229832670967741848    0.408248290463863017          2.50               5.0
   9    -67        23    0.393379200000000151    0.218217890235992362         10.00              20.0
   9    -62        23    0.182226921739130437    0.577350269189625731          1.00               2.0
                                                                              20.00              40.0    Tot

Node 10 - Refine time: -1000000000.0, UB(s): [65] Mbps
Node    CST    Tx pow                    Mean                     Std    Played (s)    Played (count)
  10    -82        23    0.126897371428571382    0.258198889747161098          7.00              14.0
  10    -77        23    0.054948517647058839    0.447213595499957928          2.00               4.0
  10    -72        23    0.102702305882352962    0.333333333333333315          4.00               8.0
  10    -67        23    0.090180388571428585    0.301511344577763629          5.00              10.0
  10    -62        23    0.035346488888888888    0.447213595499957928          2.00               4.0
                                                                              20.00              40.0    Tot

Node 11 - Refine time: -1000000000.0, UB(s): [65] Mbps
Node    CST    Tx pow                    Mean                     Std    Played (s)    Played (count)
  11    -82        23    0.026583630769230773    0.277350098112614574          6.00              12.0
  11    -77        23    0.048404480000000014    0.353553390593273786          3.50               7.0
  11    -72        23    0.048712045714285723    0.333333333333333315          4.00               8.0
  11    -67        23    0.015091599999999997    0.333333333333333315          4.00               8.0
  11    -62        23    0.019429999999999999    0.408248290463863017          2.50               5.0
                                                                              20.00              40.0    Tot

Node 12 - Refine time: -1000000000.0, UB(s): [65] Mbps
Node    CST    Tx pow                    Mean                     Std    Played (s)    Played (count)
  12    -82        23    0.071600355555555550    0.707106781186547573          0.50               1.0
  12    -77        23    0.092387555555555556    1.000000000000000000          0.00               0.0
  12    -72        23    0.318304000000000087    0.707106781186547573          0.50               1.0
  12    -67        23    0.600466618181817902    0.316227766016837941          4.50               9.0
  12    -62        23    0.761599999999999944    0.182574185835055358         14.50              29.0
                                                                              20.00              40.0    Tot

Node 13 - Refine time: -1000000000.0, UB(s): [65] Mbps
Node    CST    Tx pow                    Mean                     Std    Played (s)    Played (count)
  13    -82        23    0.027484266666666663    0.301511344577763629          5.00              10.0
  13    -77        23    0.041281347368421067    0.377964473009227198          3.00               6.0
  13    -72        23    0.035545599999999997    0.353553390593273786          3.50               7.0
  13    -67        23    0.052630140540540535    0.277350098112614574          6.00              12.0
  13    -62        23    0.048225902702702717    0.408248290463863017          2.50               5.0
                                                                              20.00              40.0    Tot

Node 14 - Refine time: -1000000000.0, UB(s): [65] Mbps
Node    CST    Tx pow                    Mean                     Std    Played (s)    Played (count)
  14    -82        23    0.036107636363636370    0.316227766016837941          4.50               9.0
  14    -77        23    0.030151019354838708    0.408248290463863017          2.50               5.0
  14    -72        23    0.058092799999999986    0.353553390593273786          3.50               7.0
  14    -67        23    0.105677104761904755    0.258198889747161098          7.00              14.0
  14    -62        23    0.094804480000000010    0.408248290463863017          2.50               5.0
                                                                              20.00              40.0    Tot

Node 15 - Refine time: -1000000000.0, UB(s): [65] Mbps
Node    CST    Tx pow                    Mean                     Std    Played (s)    Played (count)
  15    -82        23    0.082247314285714301    0.447213595499957928          2.00               4.0
  15    -77        23    0.080921600000000010    0.707106781186547573          0.50               1.0
  15    -72        23    0.348613042424242348    0.301511344577763629          5.00              10.0
  15    -67        23    0.403357642105263092    0.229415733870561772          9.00              18.0
  15    -62        23    0.354003756521738988    0.353553390593273786          3.50               7.0
                                                                              20.00              40.0    Tot

Node 16 - Refine time: -1000000000.0, UB(s): [65] Mbps
Node    CST    Tx pow                    Mean                     Std    Played (s)    Played (count)
  16    -82        23    0.130987200000000026    0.242535625036332969          8.00              16.0
  16    -77        23    0.068418021052631603    0.353553390593273786          3.50               7.0
  16    -72        23    0.024213661538461547    0.377964473009227198          3.00               6.0
  16    -67        23    0.041829600000000002    0.353553390593273786          3.50               7.0
  16    -62        23    0.007116800000000000    0.447213595499957928          2.00               4.0
                                                                              20.00              40.0    Tot

Node 17 - Refine time: -1000000000.0, UB(s): [65] Mbps
Node    CST    Tx pow                    Mean                     Std    Played (s)    Played (count)
  17    -82        23    0.030089035294117647    0.447213595499957928          2.00               4.0
  17    -77        23    0.101224626086956551    0.408248290463863017          2.50               5.0
  17    -72        23    0.198591999999999935    0.333333333333333315          4.00               8.0
  17    -67        23    0.262917866666666555    0.242535625036332969          8.00              16.0
  17    -62        23    0.236909120000000029    0.353553390593273786          3.50               7.0
                                                                              20.00              40.0    Tot

Node 18 - Refine time: -1000000000.0, UB(s): [65] Mbps
Node    CST    Tx pow                    Mean                     Std    Played (s)    Played (count)
  18    -82        23    0.077923446153846151    0.301511344577763629          5.00              10.0
  18    -77        23    0.057209793939393939    0.377964473009227198          3.00               6.0
  18    -72        23    0.059570725925925931    0.377964473009227198          3.00               6.0
  18    -67        23    0.098017422222222234    0.267261241912424397          6.50              13.0
  18    -62        23    0.128383404651162769    0.408248290463863017          2.50               5.0
                                                                              20.00              40.0    Tot

Node 19 - Refine time: -1000000000.0, UB(s): [65] Mbps
Node    CST    Tx pow                    Mean                     Std    Played (s)    Played (count)
  19    -82        23    0.156316444444444452    0.408248290463863017          2.50               5.0
  19    -77        23    0.237546164705882273    0.408248290463863017          2.50               5.0
  19    -72        23    0.394578175999999892    0.223606797749978964          9.50              19.0
  19    -67        23    0.199321142857142863    0.500000000000000000          1.50               3.0
  19    -62        23    0.295231268571428562    0.333333333333333315          4.00               8.0
                                                                              20.00              40.0    Tot

Mean throughputs: [48.0201  1.2667  3.4974 49.5662  2.4484 24.9013  7.0134 15.5179  5.3033
 20.4618  3.2826  1.8096 48.5914  1.1207  2.4225 20.2615  2.8260 15.5807
  5.5796 20.2144]
Aggregate throughput: 299.6854
Min-Max: 48.4454
JFI: 0.4833 [0.0500, 1]
Node 0:
  CST counts:       {-67: 14, -72: 18, -82: 2, -62: 6}
  Tx pow counts:    {23: 40}
Node 1:
  CST counts:       {-67: 12, -72: 6, -77: 7, -82: 10, -62: 5}
  Tx pow counts:    {23: 40}
Node 2:
  CST counts:       {-67: 15, -72: 7, -77: 4, -82: 8, -62: 6}
  Tx pow counts:    {23: 40}
Node 3:
  CST counts:       {-72: 1, -77: 1, -82: 2, -62: 36}
  Tx pow counts:    {23: 40}
Node 4:
  CST counts:       {-67: 12, -72: 8, -77: 5, -82: 10, -62: 5}
  Tx pow counts:    {23: 40}
Node 5:
  CST counts:       {-67: 2, -72: 3, -77: 1, -82: 3, -62: 31}
  Tx pow counts:    {23: 40}
Node 6:
  CST counts:       {-67: 16, -72: 6, -77: 6, -82: 6, -62: 6}
  Tx pow counts:    {23: 40}
Node 7:
  CST counts:       {-67: 12, -72: 15, -77: 2, -82: 4, -62: 7}
  Tx pow counts:    {23: 40}
Node 8:
  CST counts:       {-67: 11, -72: 6, -77: 7, -82: 9, -62: 7}
  Tx pow counts:    {23: 40}
Node 9:
  CST counts:       {-67: 20, -72: 5, -77: 4, -82: 9, -62: 2}
  Tx pow counts:    {23: 40}
Node 10:
  CST counts:       {-67: 10, -72: 8, -77: 4, -82: 14, -62: 4}
  Tx pow counts:    {23: 40}
Node 11:
  CST counts:       {-67: 8, -72: 8, -77: 7, -82: 12, -62: 5}
  Tx pow counts:    {23: 40}
Node 12:
  CST counts:       {-67: 9, -72: 1, -82: 1, -62: 29}
  Tx pow counts:    {23: 40}
Node 13:
  CST counts:       {-67: 12, -72: 7, -77: 6, -82: 10, -62: 5}
  Tx pow counts:    {23: 40}
Node 14:
  CST counts:       {-67: 14, -72: 7, -77: 5, -82: 9, -62: 5}
  Tx pow counts:    {23: 40}
Node 15:
  CST counts:       {-67: 18, -72: 10, -77: 1, -82: 4, -62: 7}
  Tx pow counts:    {23: 40}
Node 16:
  CST counts:       {-67: 7, -72: 6, -77: 7, -82: 16, -62: 4}
  Tx pow counts:    {23: 40}
Node 17:
  CST counts:       {-67: 16, -72: 8, -77: 5, -82: 4, -62: 7}
  Tx pow counts:    {23: 40}
Node 18:
  CST counts:       {-67: 13, -72: 6, -77: 6, -82: 10, -62: 5}
  Tx pow counts:    {23: 40}
Node 19:
  CST counts:       {-67: 3, -72: 19, -77: 5, -82: 5, -62: 8}
  Tx pow counts:    {23: 40}
