Simulation time: 60 s
Waiting for simulation script to connect on port: tcp://localhost:5555
Please start proper ns-3 simulation script using ./waf --run "..."
Start
Progress: 0% 10% 20% 30% 40% 50% 60% 70% 80% 90% 100% 100%
Done
Final step: 5999
Node 0, (CST, Tx power, MCS) = (-82, 15, 7) - (mean, std): (0.233931461761856779, 0.031113569564352753)    played    10.32 s,       1032 time(s)
Node 0, (CST, Tx power, MCS) = (-82, 23, 7) - (mean, std): (0.261423695518721744, 0.024776471541572209)    played    16.28 s,       1628 time(s)
Node 0, (CST, Tx power, MCS) = (-68, 15, 7) - (mean, std): (0.256064886649871482, 0.025094280661424780)    played    15.87 s,       1587 time(s)
Node 0, (CST, Tx power, MCS) = (-68, 23, 7) - (mean, std): (0.260665359179016898, 0.023877299420036403)    played    17.53 s,       1753 time(s)
                                                                                                   played    60.00 s,       6000 time(s)

Node 1, (CST, Tx power, MCS) = (-82, 15, 7) - (mean, std): (0.265197294685987461, 0.024573659359149520)    played    16.55 s,       1655 time(s)
Node 1, (CST, Tx power, MCS) = (-82, 23, 7) - (mean, std): (0.262639875583201843, 0.022768472012439346)    played    19.28 s,       1928 time(s)
Node 1, (CST, Tx power, MCS) = (-68, 15, 7) - (mean, std): (0.253712394590292711, 0.028205406366325913)    played    12.56 s,       1256 time(s)
Node 1, (CST, Tx power, MCS) = (-68, 23, 7) - (mean, std): (0.250224578313250900, 0.029335732442442877)    played    11.61 s,       1161 time(s)
                                                                                                   played    60.00 s,       6000 time(s)

Node 2, (CST, Tx power, MCS) = (-82, 15, 7) - (mean, std): (0.288833488372089942, 0.028318273589429951)    played    12.46 s,       1246 time(s)
Node 2, (CST, Tx power, MCS) = (-82, 23, 7) - (mean, std): (0.298452199335545343, 0.025776963111323353)    played    15.04 s,       1504 time(s)
Node 2, (CST, Tx power, MCS) = (-68, 15, 7) - (mean, std): (0.300948851815502461, 0.022151233248863027)    played    20.37 s,       2037 time(s)
Node 2, (CST, Tx power, MCS) = (-68, 23, 7) - (mean, std): (0.300827940691924978, 0.028700578896514572)    played    12.13 s,       1213 time(s)
                                                                                                   played    60.00 s,       6000 time(s)

Node 3, (CST, Tx power, MCS) = (-82, 15, 7) - (mean, std): (0.226552758132955057, 0.037608870722230077)    played     7.06 s,        706 time(s)
Node 3, (CST, Tx power, MCS) = (-82, 23, 7) - (mean, std): (0.268645076765606616, 0.022622350158956341)    played    19.53 s,       1953 time(s)
Node 3, (CST, Tx power, MCS) = (-68, 15, 7) - (mean, std): (0.244692461695605906, 0.031960138605029657)    played     9.78 s,        978 time(s)
Node 3, (CST, Tx power, MCS) = (-68, 23, 7) - (mean, std): (0.272770761421316787, 0.020567251744743179)    played    23.63 s,       2363 time(s)
                                                                                                   played    60.00 s,       6000 time(s)

Mean throughputs: [16.5896 16.8510 19.3688 17.0028]
Aggregate throughput: 69.8122
Min-Max: 2.7791
JFI: 0.9399 [0.2500, 1]
Mean TX power: [19.5080 19.1187 18.6227 20.7547]
Mean PCS: [-74.2067 -76.3603 -74.4167 -74.2043]
Mean MCS: [7.0000 7.0000 7.0000 7.0000]

Last 10 seconds of simulation:
Mean throughputs: [16.0499 16.1694 19.6317 17.8704]
Aggregate throughput: 69.7215
Min-Max: 3.5818
JFI: 0.9227 [0.2500, 1]
Mean TX power: [19.7920 18.7120 18.9760 21.0480]
Mean PCS: [-73.7540 -76.8200 -74.7480 -73.6980]
Mean MCS: [7.0000 7.0000 7.0000 7.0000]
Unable to init server: Could not connect: Connection refused
Unable to init server: Could not connect: Connection refused

(mab_agents.py:8837): Gdk-CRITICAL **: 00:21:17.928: gdk_cursor_new_for_display: assertion 'GDK_IS_DISPLAY (display)' failed
Simulation time: 60 s
Waiting for simulation script to connect on port: tcp://localhost:5555
Please start proper ns-3 simulation script using ./waf --run "..."
Start
Progress: 0% 10% 20% 30% 40% 50% 60% 70% 80% 90% 100% 100%
Done
Final step: 5999
Node 0, (CST, Tx power, MCS) = (-82, 15, 7) - (mean, std): (0.300203495145631438, 0.069673301429161769)    played     2.05 s,        205 time(s)
Node 0, (CST, Tx power, MCS) = (-82, 23, 7) - (mean, std): (0.302139534883721250, 0.068199433947047347)    played     2.14 s,        214 time(s)
Node 0, (CST, Tx power, MCS) = (-68, 15, 7) - (mean, std): (0.449992739165996969, 0.016509204383655284)    played    36.68 s,       3668 time(s)
Node 0, (CST, Tx power, MCS) = (-68, 23, 7) - (mean, std): (0.444441212121207518, 0.022857516044124723)    played    19.13 s,       1913 time(s)
                                                                                                   played    60.00 s,       6000 time(s)

Node 1, (CST, Tx power, MCS) = (-82, 15, 7) - (mean, std): (0.262854385150811332, 0.048168305085908802)    played     4.30 s,        430 time(s)
Node 1, (CST, Tx power, MCS) = (-82, 23, 7) - (mean, std): (0.264030967741934186, 0.044901325506693728)    played     4.95 s,        495 time(s)
Node 1, (CST, Tx power, MCS) = (-68, 15, 7) - (mean, std): (0.342681129635925785, 0.018445915166287581)    played    29.38 s,       2938 time(s)
Node 1, (CST, Tx power, MCS) = (-68, 23, 7) - (mean, std): (0.334496688493916061, 0.021626993492417011)    played    21.37 s,       2137 time(s)
                                                                                                   played    60.00 s,       6000 time(s)

Node 2, (CST, Tx power, MCS) = (-82, 15, 7) - (mean, std): (0.241632405063290923, 0.056254395046301198)    played     3.15 s,        315 time(s)
Node 2, (CST, Tx power, MCS) = (-82, 23, 7) - (mean, std): (0.270875675675674388, 0.043937477516374682)    played     5.17 s,        517 time(s)
Node 2, (CST, Tx power, MCS) = (-68, 15, 7) - (mean, std): (0.329640447999996866, 0.028284271247461901)    played    12.49 s,       1249 time(s)
Node 2, (CST, Tx power, MCS) = (-68, 23, 7) - (mean, std): (0.367738938775518109, 0.015971914124998498)    played    39.19 s,       3919 time(s)
                                                                                                   played    60.00 s,       6000 time(s)

Node 3, (CST, Tx power, MCS) = (-82, 15, 7) - (mean, std): (0.203502362204723786, 0.044367825470805686)    played     5.07 s,        507 time(s)
Node 3, (CST, Tx power, MCS) = (-82, 23, 7) - (mean, std): (0.215943248882264099, 0.038604571824109146)    played     6.70 s,        670 time(s)
Node 3, (CST, Tx power, MCS) = (-68, 15, 7) - (mean, std): (0.266524410790343780, 0.021754557377304692)    played    21.12 s,       2112 time(s)
Node 3, (CST, Tx power, MCS) = (-68, 23, 7) - (mean, std): (0.267593864306781559, 0.019202384316064212)    played    27.11 s,       2711 time(s)
                                                                                                   played    60.00 s,       6000 time(s)

Mean throughputs: [28.4753 21.3042 22.4278 16.6525]
Aggregate throughput: 88.8598
Min-Max: 11.8227
JFI: 0.8406 [0.2500, 1]
Mean TX power: [17.8360 18.5093 20.9147 19.5080]
Mean PCS: [-68.9777 -70.1583 -69.9413 -70.7463]
Mean MCS: [7.0000 7.0000 7.0000 7.0000]

Last 10 seconds of simulation:
Mean throughputs: [30.7729 21.1796 26.3478 15.5324]
Aggregate throughput: 93.8326
Min-Max: 15.2405
JFI: 0.8046 [0.2500, 1]
Mean TX power: [18.3840 18.4480 21.5120 19.3440]
Mean PCS: [-68.4060 -69.0640 -68.8400 -69.4980]
Mean MCS: [7.0000 7.0000 7.0000 7.0000]
Unable to init server: Could not connect: Connection refused
Unable to init server: Could not connect: Connection refused

(mab_agents.py:8864): Gdk-CRITICAL **: 00:22:08.474: gdk_cursor_new_for_display: assertion 'GDK_IS_DISPLAY (display)' failed
Simulation time: 60 s
Waiting for simulation script to connect on port: tcp://localhost:5555
Please start proper ns-3 simulation script using ./waf --run "..."
Start
Progress: 0% 10% 20% 30% 40% 50% 60% 70% 80% 90% 100% 100%
Done
Final step: 5999
Node 0, (CST, Tx power, MCS) = (-82, 15, 7) - (mean, std): (0.201741344307269005, 0.037037037037037035)    played     7.28 s,        728 time(s)
Node 0, (CST, Tx power, MCS) = (-82, 23, 7) - (mean, std): (0.217122539682538140, 0.032530002431617772)    played     9.44 s,        944 time(s)
Node 0, (CST, Tx power, MCS) = (-68, 15, 7) - (mean, std): (0.240418252621066281, 0.022343928108437591)    played    20.02 s,       2002 time(s)
Node 0, (CST, Tx power, MCS) = (-68, 23, 7) - (mean, std): (0.242173304684140472, 0.020730119630756057)    played    23.26 s,       2326 time(s)
                                                                                                   played    60.00 s,       6000 time(s)

Node 1, (CST, Tx power, MCS) = (-82, 15, 7) - (mean, std): (0.233855999999998648, 0.036760731104690386)    played     7.39 s,        739 time(s)
Node 1, (CST, Tx power, MCS) = (-82, 23, 7) - (mean, std): (0.248019321753513905, 0.028759865427152538)    played    12.08 s,       1208 time(s)
Node 1, (CST, Tx power, MCS) = (-68, 15, 7) - (mean, std): (0.279069946524061085, 0.021110016546037454)    played    22.43 s,       2243 time(s)
Node 1, (CST, Tx power, MCS) = (-68, 23, 7) - (mean, std): (0.267731330756485864, 0.023498534324630827)    played    18.10 s,       1810 time(s)
                                                                                                   played    60.00 s,       6000 time(s)

Node 2, (CST, Tx power, MCS) = (-82, 15, 7) - (mean, std): (0.225477830802601392, 0.032933246096939213)    played     9.21 s,        921 time(s)
Node 2, (CST, Tx power, MCS) = (-82, 23, 7) - (mean, std): (0.244893653727662780, 0.024822226837318159)    played    16.22 s,       1622 time(s)
Node 2, (CST, Tx power, MCS) = (-68, 15, 7) - (mean, std): (0.237127714561232605, 0.031053504702226845)    played    10.36 s,       1036 time(s)
Node 2, (CST, Tx power, MCS) = (-68, 23, 7) - (mean, std): (0.259326573080097544, 0.020319495952707319)    played    24.21 s,       2421 time(s)
                                                                                                   played    60.00 s,       6000 time(s)

Node 3, (CST, Tx power, MCS) = (-82, 15, 7) - (mean, std): (0.235944772475026154, 0.033314830232638482)    played     9.00 s,        900 time(s)
Node 3, (CST, Tx power, MCS) = (-82, 23, 7) - (mean, std): (0.245782425876008931, 0.029974532466509034)    played    11.12 s,       1112 time(s)
Node 3, (CST, Tx power, MCS) = (-68, 15, 7) - (mean, std): (0.249462163801818210, 0.031798150037444670)    played     9.88 s,        988 time(s)
Node 3, (CST, Tx power, MCS) = (-68, 23, 7) - (mean, std): (0.269611676107962217, 0.018254376440922811)    played    30.00 s,       3000 time(s)
                                                                                                   played    60.00 s,       6000 time(s)

Mean throughputs: [15.1379 17.1600 16.0262 16.7046]
Aggregate throughput: 65.0288
Min-Max: 2.0221
JFI: 0.9552 [0.2500, 1]
Mean TX power: [19.3600 19.0240 20.3907 20.4827]
Mean PCS: [-71.9013 -72.5430 -73.9337 -72.6947]
Mean MCS: [7.0000 7.0000 7.0000 7.0000]

Last 10 seconds of simulation:
Mean throughputs: [14.9931 17.6665 16.1489 16.3069]
Aggregate throughput: 65.1154
Min-Max: 2.6734
JFI: 0.9450 [0.2500, 1]
Mean TX power: [19.2960 18.2480 20.4400 20.3200]
Mean PCS: [-71.4580 -71.2620 -73.2920 -72.1020]
Mean MCS: [7.0000 7.0000 7.0000 7.0000]
Unable to init server: Could not connect: Connection refused
Unable to init server: Could not connect: Connection refused

(mab_agents.py:8894): Gdk-CRITICAL **: 00:22:54.692: gdk_cursor_new_for_display: assertion 'GDK_IS_DISPLAY (display)' failed
Simulation time: 60 s
Waiting for simulation script to connect on port: tcp://localhost:5555
Please start proper ns-3 simulation script using ./waf --run "..."
Start
Progress: 0% 10% 20% 30% 40% 50% 60% 70% 80% 90% 100% 100%
Done
Final step: 5999
Node 0, (CST, Tx power, MCS) = (-82, 15, 7) - (mean, std): (0.095557101449275192, 0.030096463271442300)    played    11.03 s,       1103 time(s)
Node 0, (CST, Tx power, MCS) = (-82, 23, 7) - (mean, std): (0.101975592322964367, 0.025725733587791941)    played    15.10 s,       1510 time(s)
Node 0, (CST, Tx power, MCS) = (-68, 15, 7) - (mean, std): (0.099437827773467505, 0.027853100187767637)    played    12.88 s,       1288 time(s)
Node 0, (CST, Tx power, MCS) = (-68, 23, 7) - (mean, std): (0.110529219047618255, 0.021821789023599238)    played    20.99 s,       2099 time(s)
                                                                                                   played    60.00 s,       6000 time(s)

Node 1, (CST, Tx power, MCS) = (-82, 15, 7) - (mean, std): (0.097861818181818175, 0.035289233662029275)    played     8.02 s,        802 time(s)
Node 1, (CST, Tx power, MCS) = (-82, 23, 7) - (mean, std): (0.102733818181818121, 0.033709993123162106)    played     8.79 s,        879 time(s)
Node 1, (CST, Tx power, MCS) = (-68, 15, 7) - (mean, std): (0.127387203579417713, 0.021152477232345080)    played    22.34 s,       2234 time(s)
Node 1, (CST, Tx power, MCS) = (-68, 23, 7) - (mean, std): (0.123789683604984851, 0.021894894049221930)    played    20.85 s,       2085 time(s)
                                                                                                   played    60.00 s,       6000 time(s)

Node 2, (CST, Tx power, MCS) = (-82, 15, 7) - (mean, std): (0.267500936170213088, 0.065232807305344226)    played     2.34 s,        234 time(s)
Node 2, (CST, Tx power, MCS) = (-82, 23, 7) - (mean, std): (0.232343703703703858, 0.086066296582387042)    played     1.34 s,        134 time(s)
Node 2, (CST, Tx power, MCS) = (-68, 15, 7) - (mean, std): (0.428741280227591726, 0.026669037353133251)    played    14.05 s,       1405 time(s)
Node 2, (CST, Tx power, MCS) = (-68, 23, 7) - (mean, std): (0.780534039735143237, 0.015379156298021626)    played    42.27 s,       4227 time(s)
                                                                                                   played    60.00 s,       6000 time(s)

Node 3, (CST, Tx power, MCS) = (-82, 15, 7) - (mean, std): (0.251558481012657986, 0.056254395046301198)    played     3.15 s,        315 time(s)
Node 3, (CST, Tx power, MCS) = (-82, 23, 7) - (mean, std): (0.268959604938270980, 0.049690399499995326)    played     4.04 s,        404 time(s)
Node 3, (CST, Tx power, MCS) = (-68, 15, 7) - (mean, std): (0.389304285714282328, 0.027277236279499045)    played    13.43 s,       1343 time(s)
Node 3, (CST, Tx power, MCS) = (-68, 23, 7) - (mean, std): (0.784585244986078512, 0.015933346823572690)    played    39.38 s,       3938 time(s)
                                                                                                   played    60.00 s,       6000 time(s)

Mean throughputs: [ 6.7152  7.7125 43.3023 41.1897]
Aggregate throughput: 98.9198
Min-Max: 36.5871
JFI: 0.5851 [0.2500, 1]
Mean TX power: [19.8120 18.9520 20.8147 20.7893]
Mean PCS: [-74.0970 -71.9223 -68.8587 -69.6777]
Mean MCS: [7.0000 7.0000 7.0000 7.0000]

Last 10 seconds of simulation:
Mean throughputs: [ 1.4525  0.5393 57.8975 57.4246]
Aggregate throughput: 117.3140
Min-Max: 57.3583
JFI: 0.5086 [0.2500, 1]
Mean TX power: [19.8880 19.0560 23.0000 23.0000]
Mean PCS: [-74.1040 -72.3540 -68.0000 -68.0000]
Mean MCS: [7.0000 7.0000 7.0000 7.0000]
Unable to init server: Could not connect: Connection refused
Unable to init server: Could not connect: Connection refused

(mab_agents.py:8919): Gdk-CRITICAL **: 00:23:41.027: gdk_cursor_new_for_display: assertion 'GDK_IS_DISPLAY (display)' failed
Simulation time: 60 s
Waiting for simulation script to connect on port: tcp://localhost:5555
Please start proper ns-3 simulation script using ./waf --run "..."
Start
Progress: 0% 10% 20% 30% 40% 50% 60% 70% 80% 90% 100% 100%
Done
Final step: 5999
Node 0, (CST, Tx power, MCS) = (-82, 15, 7) - (mean, std): (0.264564363636363764, 0.060302268915552723)    played     2.74 s,        274 time(s)
Node 0, (CST, Tx power, MCS) = (-82, 23, 7) - (mean, std): (0.235370762331838818, 0.066964953018242498)    played     2.22 s,        222 time(s)
Node 0, (CST, Tx power, MCS) = (-68, 15, 7) - (mean, std): (0.376286650755763286, 0.019944234107751271)    played    25.13 s,       2513 time(s)
Node 0, (CST, Tx power, MCS) = (-68, 23, 7) - (mean, std): (0.390268663101606073, 0.018281810603178267)    played    29.91 s,       2991 time(s)
                                                                                                   played    60.00 s,       6000 time(s)

Node 1, (CST, Tx power, MCS) = (-82, 15, 7) - (mean, std): (0.271544504504504791, 0.094915799575249898)    played     1.10 s,        110 time(s)
Node 1, (CST, Tx power, MCS) = (-82, 23, 7) - (mean, std): (0.277770847457627312, 0.092057461789832332)    played     1.17 s,        117 time(s)
Node 1, (CST, Tx power, MCS) = (-68, 15, 7) - (mean, std): (0.497751023102307510, 0.023453251491009727)    played    18.17 s,       1817 time(s)
Node 1, (CST, Tx power, MCS) = (-68, 23, 7) - (mean, std): (0.514346990144073368, 0.015897065910858280)    played    39.56 s,       3956 time(s)
                                                                                                   played    60.00 s,       6000 time(s)

Node 2, (CST, Tx power, MCS) = (-82, 15, 7) - (mean, std): (0.270666666666666444, 0.144337567297406433)    played     0.47 s,         47 time(s)
Node 2, (CST, Tx power, MCS) = (-82, 23, 7) - (mean, std): (0.215040000000000037, 0.185695338177051861)    played     0.28 s,         28 time(s)
Node 2, (CST, Tx power, MCS) = (-68, 15, 7) - (mean, std): (0.772357622063376992, 0.014293008498232321)    played    48.94 s,       4894 time(s)
Node 2, (CST, Tx power, MCS) = (-68, 23, 7) - (mean, std): (0.739234728682163222, 0.031128640318234518)    played    10.31 s,       1031 time(s)
                                                                                                   played    60.00 s,       6000 time(s)

Node 3, (CST, Tx power, MCS) = (-82, 15, 7) - (mean, std): (0.288711111111111030, 0.125988157669742418)    played     0.62 s,         62 time(s)
Node 3, (CST, Tx power, MCS) = (-82, 23, 7) - (mean, std): (0.244249599999999872, 0.141421356237309503)    played     0.49 s,         49 time(s)
Node 3, (CST, Tx power, MCS) = (-68, 15, 7) - (mean, std): (0.714631434569659607, 0.013226772688198600)    played    57.15 s,       5715 time(s)
Node 3, (CST, Tx power, MCS) = (-68, 23, 7) - (mean, std): (0.576102400000000126, 0.075592894601845442)    played     1.74 s,        174 time(s)
                                                                                                   played    60.00 s,       6000 time(s)

Mean throughputs: [24.2549 32.5336 49.4304 45.6739]
Aggregate throughput: 151.8928
Min-Max: 25.1756
JFI: 0.7898 [0.2500, 1]
Mean TX power: [19.2840 20.4307 16.4120 15.2973]
Mean PCS: [-69.1573 -68.5297 -68.1750 -68.2590]
Mean MCS: [7.0000 7.0000 7.0000 7.0000]

Last 10 seconds of simulation:
Mean throughputs: [24.8289 30.9333 50.0270 45.1628]
Aggregate throughput: 150.9520
Min-Max: 25.1981
JFI: 0.7866 [0.2500, 1]
Mean TX power: [20.6720 20.7040 16.2560 15.1760]
Mean PCS: [-68.4620 -68.1400 -68.0000 -68.0140]
Mean MCS: [7.0000 7.0000 7.0000 7.0000]
Unable to init server: Could not connect: Connection refused
Unable to init server: Could not connect: Connection refused

(mab_agents.py:8945): Gdk-CRITICAL **: 00:24:33.857: gdk_cursor_new_for_display: assertion 'GDK_IS_DISPLAY (display)' failed
Simulation time: 60 s
Waiting for simulation script to connect on port: tcp://localhost:5555
Please start proper ns-3 simulation script using ./waf --run "..."
Start
Progress: 0% 10% 20% 30% 40% 50% 60% 70% 80% 90% 100% 100%
Done
Final step: 5999
Node 0, (CST, Tx power, MCS) = (-82, 15, 7) - (mean, std): (0.373851428571428945, 0.084515425472851652)    played     1.39 s,        139 time(s)
Node 0, (CST, Tx power, MCS) = (-82, 23, 7) - (mean, std): (0.328476981132075629, 0.097128586235726413)    played     1.05 s,        105 time(s)
Node 0, (CST, Tx power, MCS) = (-68, 15, 7) - (mean, std): (0.618256138022554969, 0.025759852612848935)    played    15.06 s,       1506 time(s)
Node 0, (CST, Tx power, MCS) = (-68, 23, 7) - (mean, std): (0.646329842390048870, 0.015337495471844778)    played    42.50 s,       4250 time(s)
                                                                                                   played    60.00 s,       6000 time(s)

Node 1, (CST, Tx power, MCS) = (-82, 15, 7) - (mean, std): (0.194580645161290422, 0.080321932890249886)    played     1.54 s,        154 time(s)
Node 1, (CST, Tx power, MCS) = (-82, 23, 7) - (mean, std): (0.256963542435424797, 0.060745673923078697)    played     2.70 s,        270 time(s)
Node 1, (CST, Tx power, MCS) = (-68, 15, 7) - (mean, std): (0.394671565387854306, 0.016734204613081671)    played    35.70 s,       3570 time(s)
Node 1, (CST, Tx power, MCS) = (-68, 23, 7) - (mean, std): (0.381409387144988343, 0.022321651006080835)    played    20.06 s,       2006 time(s)
                                                                                                   played    60.00 s,       6000 time(s)

Node 2, (CST, Tx power, MCS) = (-82, 15, 7) - (mean, std): (0.174010497737556669, 0.067267279399631244)    played     2.20 s,        220 time(s)
Node 2, (CST, Tx power, MCS) = (-82, 23, 7) - (mean, std): (0.186505365853658706, 0.063757671306333835)    played     2.45 s,        245 time(s)
Node 2, (CST, Tx power, MCS) = (-68, 15, 7) - (mean, std): (0.304047445333330335, 0.023094010767585032)    played    18.74 s,       1874 time(s)
Node 2, (CST, Tx power, MCS) = (-68, 23, 7) - (mean, std): (0.314192113599127132, 0.016524975718631641)    played    36.61 s,       3661 time(s)
                                                                                                   played    60.00 s,       6000 time(s)

Node 3, (CST, Tx power, MCS) = (-82, 15, 7) - (mean, std): (0.311770505050505631, 0.071066905451870152)    played     1.97 s,        197 time(s)
Node 3, (CST, Tx power, MCS) = (-82, 23, 7) - (mean, std): (0.317839999999999956, 0.066815310478106099)    played     2.23 s,        223 time(s)
Node 3, (CST, Tx power, MCS) = (-68, 15, 7) - (mean, std): (0.469252830188674586, 0.025958706582558253)    played    14.83 s,       1483 time(s)
Node 3, (CST, Tx power, MCS) = (-68, 23, 7) - (mean, std): (0.498977764763316678, 0.015621186699150046)    played    40.97 s,       4097 time(s)
                                                                                                   played    60.00 s,       6000 time(s)

Mean throughputs: [40.8029 24.6421 19.5541 31.1362]
Aggregate throughput: 116.1353
Min-Max: 21.2487
JFI: 0.7853 [0.2500, 1]
Mean TX power: [20.8067 18.0347 20.2080 20.7600]
Mean PCS: [-68.5693 -68.9893 -69.0850 -68.9800]
Mean MCS: [7.0000 7.0000 7.0000 7.0000]

Last 10 seconds of simulation:
Mean throughputs: [44.1156 25.0304 20.5715 31.0431]
Aggregate throughput: 120.7606
Min-Max: 23.5441
JFI: 0.7732 [0.2500, 1]
Mean TX power: [21.2880 17.0960 20.2720 21.4320]
Mean PCS: [-68.0420 -68.2380 -68.5040 -68.1260]
Mean MCS: [7.0000 7.0000 7.0000 7.0000]
Unable to init server: Could not connect: Connection refused
Unable to init server: Could not connect: Connection refused

(mab_agents.py:8970): Gdk-CRITICAL **: 00:25:23.916: gdk_cursor_new_for_display: assertion 'GDK_IS_DISPLAY (display)' failed
Simulation time: 60 s
Waiting for simulation script to connect on port: tcp://localhost:5555
Please start proper ns-3 simulation script using ./waf --run "..."
Start
Progress: 0% 10% 20% 30% 40% 50% 60% 70% 80% 90% 100% 100%
Done
Final step: 5999
Node 0, (CST, Tx power, MCS) = (-82, 15, 7) - (mean, std): (0.320350684931506924, 0.117041147196130554)    played     0.72 s,         72 time(s)
Node 0, (CST, Tx power, MCS) = (-82, 23, 7) - (mean, std): (0.318713118279570051, 0.103695169473042526)    played     0.92 s,         92 time(s)
Node 0, (CST, Tx power, MCS) = (-68, 15, 7) - (mean, std): (0.717954831676834826, 0.017905741590821676)    played    31.18 s,       3118 time(s)
Node 0, (CST, Tx power, MCS) = (-68, 23, 7) - (mean, std): (0.693225215152638019, 0.019177650348633602)    played    27.18 s,       2718 time(s)
                                                                                                   played    60.00 s,       6000 time(s)

Node 1, (CST, Tx power, MCS) = (-82, 15, 7) - (mean, std): (0.205263216783217017, 0.059131239598908258)    played     2.85 s,        285 time(s)
Node 1, (CST, Tx power, MCS) = (-82, 23, 7) - (mean, std): (0.164251191709844674, 0.071981575074869450)    played     1.92 s,        192 time(s)
Node 1, (CST, Tx power, MCS) = (-68, 15, 7) - (mean, std): (0.325742052720130737, 0.023682324543709943)    played    17.82 s,       1782 time(s)
Node 1, (CST, Tx power, MCS) = (-68, 23, 7) - (mean, std): (0.325082715125606769, 0.016347378131669827)    played    37.41 s,       3741 time(s)
                                                                                                   played    60.00 s,       6000 time(s)

Node 2, (CST, Tx power, MCS) = (-82, 15, 7) - (mean, std): (0.247660000000000047, 0.088388347648318447)    played     1.27 s,        127 time(s)
Node 2, (CST, Tx power, MCS) = (-82, 23, 7) - (mean, std): (0.246848000000000151, 0.091287092917527679)    played     1.19 s,        119 time(s)
Node 2, (CST, Tx power, MCS) = (-68, 15, 7) - (mean, std): (0.487737052480250843, 0.015480172920689395)    played    41.72 s,       4172 time(s)
Node 2, (CST, Tx power, MCS) = (-68, 23, 7) - (mean, std): (0.461901301326590463, 0.025133880308373671)    played    15.82 s,       1582 time(s)
                                                                                                   played    60.00 s,       6000 time(s)

Node 3, (CST, Tx power, MCS) = (-82, 15, 7) - (mean, std): (0.190737142857142994, 0.066815310478106099)    played     2.23 s,        223 time(s)
Node 3, (CST, Tx power, MCS) = (-82, 23, 7) - (mean, std): (0.172260000000000191, 0.079056941504209485)    played     1.59 s,        159 time(s)
Node 3, (CST, Tx power, MCS) = (-68, 15, 7) - (mean, std): (0.341633488372089733, 0.019367337799588276)    played    26.65 s,       2665 time(s)
Node 3, (CST, Tx power, MCS) = (-68, 23, 7) - (mean, std): (0.353657846987133873, 0.018399022669872974)    played    29.53 s,       2953 time(s)
                                                                                                   played    60.00 s,       6000 time(s)

Mean throughputs: [45.2531 20.4497 30.6349 21.9460]
Aggregate throughput: 118.2837
Min-Max: 24.8034
JFI: 0.7501 [0.2500, 1]
Mean TX power: [18.7467 20.2440 17.2680 19.1493]
Mean PCS: [-68.3827 -69.1130 -68.5740 -68.8913]
Mean MCS: [7.0000 7.0000 7.0000 7.0000]

Last 10 seconds of simulation:
Mean throughputs: [48.0678 22.5247 29.9622 23.4343]
Aggregate throughput: 123.9890
Min-Max: 25.5431
JFI: 0.7512 [0.2500, 1]
Mean TX power: [16.8560 19.3120 16.5280 20.0000]
Mean PCS: [-68.0000 -68.4060 -68.0420 -68.2800]
Mean MCS: [7.0000 7.0000 7.0000 7.0000]
Unable to init server: Could not connect: Connection refused
Unable to init server: Could not connect: Connection refused

(mab_agents.py:8996): Gdk-CRITICAL **: 00:26:16.297: gdk_cursor_new_for_display: assertion 'GDK_IS_DISPLAY (display)' failed
Simulation time: 60 s
Waiting for simulation script to connect on port: tcp://localhost:5555
Please start proper ns-3 simulation script using ./waf --run "..."
Start
Progress: 0% 10% 20% 30% 40% 50% 60% 70% 80% 90% 100% 100%
Done
Final step: 5999
Node 0, (CST, Tx power, MCS) = (-82, 15, 7) - (mean, std): (0.115052394366197311, 0.041959067914834454)    played     5.67 s,        567 time(s)
Node 0, (CST, Tx power, MCS) = (-82, 23, 7) - (mean, std): (0.126557845777233391, 0.034985571427065980)    played     8.16 s,        816 time(s)
Node 0, (CST, Tx power, MCS) = (-68, 15, 7) - (mean, std): (0.154768564705880879, 0.024253562503633298)    played    16.99 s,       1699 time(s)
Node 0, (CST, Tx power, MCS) = (-68, 23, 7) - (mean, std): (0.166474107571084329, 0.018508999875628776)    played    29.18 s,       2918 time(s)
                                                                                                   played    60.00 s,       6000 time(s)

Node 1, (CST, Tx power, MCS) = (-82, 15, 7) - (mean, std): (0.245117299578059444, 0.064956980246163087)    played     2.36 s,        236 time(s)
Node 1, (CST, Tx power, MCS) = (-82, 23, 7) - (mean, std): (0.276440248447204440, 0.055727821257535282)    played     3.21 s,        321 time(s)
Node 1, (CST, Tx power, MCS) = (-68, 15, 7) - (mean, std): (0.385820936170209017, 0.023063280200722128)    played    18.79 s,       1879 time(s)
Node 1, (CST, Tx power, MCS) = (-68, 23, 7) - (mean, std): (0.400880381486685367, 0.016748280772542139)    played    35.64 s,       3564 time(s)
                                                                                                   played    60.00 s,       6000 time(s)

Node 2, (CST, Tx power, MCS) = (-82, 15, 7) - (mean, std): (0.217081518987341709, 0.112508790092602395)    played     0.78 s,         78 time(s)
Node 2, (CST, Tx power, MCS) = (-82, 23, 7) - (mean, std): (0.277141694915254311, 0.092057461789832332)    played     1.17 s,        117 time(s)
Node 2, (CST, Tx power, MCS) = (-68, 15, 7) - (mean, std): (0.435524944812359704, 0.046984098573493956)    played     4.52 s,        452 time(s)
Node 2, (CST, Tx power, MCS) = (-68, 23, 7) - (mean, std): (0.605786059021318879, 0.013666610481827955)    played    53.53 s,       5353 time(s)
                                                                                                   played    60.00 s,       6000 time(s)

Node 3, (CST, Tx power, MCS) = (-82, 15, 7) - (mean, std): (0.272896744186045870, 0.053916386601719206)    played     3.43 s,        343 time(s)
Node 3, (CST, Tx power, MCS) = (-82, 23, 7) - (mean, std): (0.271137391304347719, 0.057831493196624020)    played     2.98 s,        298 time(s)
Node 3, (CST, Tx power, MCS) = (-68, 15, 7) - (mean, std): (0.386211001996004166, 0.019980029950087342)    played    25.04 s,       2504 time(s)
Node 3, (CST, Tx power, MCS) = (-68, 23, 7) - (mean, std): (0.388830700280111630, 0.018712029714127994)    played    28.55 s,       2855 time(s)
                                                                                                   played    60.00 s,       6000 time(s)

Mean throughputs: [ 9.9427 24.9339 37.8140 24.4065]
Aggregate throughput: 97.0971
Min-Max: 27.8713
JFI: 0.7111 [0.2500, 1]
Mean TX power: [19.9787 20.1800 22.2933 19.2040]
Mean PCS: [-71.2270 -69.2997 -68.4550 -69.4957]
Mean MCS: [7.0000 7.0000 7.0000 7.0000]

Last 10 seconds of simulation:
Mean throughputs: [ 9.9709 25.6939 39.6230 24.3150]
Aggregate throughput: 99.6028
Min-Max: 29.6521
JFI: 0.7035 [0.2500, 1]
Mean TX power: [19.9840 20.5280 22.9760 19.5120]
Mean PCS: [-70.7720 -68.4340 -68.0280 -68.3360]
Mean MCS: [7.0000 7.0000 7.0000 7.0000]
Unable to init server: Could not connect: Connection refused
Unable to init server: Could not connect: Connection refused

(mab_agents.py:9022): Gdk-CRITICAL **: 00:27:05.522: gdk_cursor_new_for_display: assertion 'GDK_IS_DISPLAY (display)' failed
Simulation time: 60 s
Waiting for simulation script to connect on port: tcp://localhost:5555
Please start proper ns-3 simulation script using ./waf --run "..."
Start
Progress: 0% 10% 20% 30% 40% 50% 60% 70% 80% 90% 100% 100%
Done
Final step: 5999
Node 0, (CST, Tx power, MCS) = (-82, 15, 7) - (mean, std): (0.207397947548459416, 0.033767600672658715)    played     8.76 s,        876 time(s)
Node 0, (CST, Tx power, MCS) = (-82, 23, 7) - (mean, std): (0.217973284268627610, 0.030330895164368973)    played    10.86 s,       1086 time(s)
Node 0, (CST, Tx power, MCS) = (-68, 15, 7) - (mean, std): (0.221319002770081319, 0.026315789473684209)    played    14.43 s,       1443 time(s)
Node 0, (CST, Tx power, MCS) = (-68, 23, 7) - (mean, std): (0.238255778120182504, 0.019626716799471491)    played    25.95 s,       2595 time(s)
                                                                                                   played    60.00 s,       6000 time(s)

Node 1, (CST, Tx power, MCS) = (-82, 15, 7) - (mean, std): (0.279564383975810626, 0.027492869961410753)    played    13.22 s,       1322 time(s)
Node 1, (CST, Tx power, MCS) = (-82, 23, 7) - (mean, std): (0.284762620619600448, 0.022536015980024166)    played    19.68 s,       1968 time(s)
Node 1, (CST, Tx power, MCS) = (-68, 15, 7) - (mean, std): (0.271240080160318142, 0.031654446891645920)    played     9.97 s,        997 time(s)
Node 1, (CST, Tx power, MCS) = (-68, 23, 7) - (mean, std): (0.289477526254374007, 0.024154307519818494)    played    17.13 s,       1713 time(s)
                                                                                                   played    60.00 s,       6000 time(s)

Node 2, (CST, Tx power, MCS) = (-82, 15, 7) - (mean, std): (0.230342607385077169, 0.027451402562301407)    played    13.26 s,       1326 time(s)
Node 2, (CST, Tx power, MCS) = (-82, 23, 7) - (mean, std): (0.227903775438594525, 0.026490647141300876)    played    14.24 s,       1424 time(s)
Node 2, (CST, Tx power, MCS) = (-68, 15, 7) - (mean, std): (0.236501923875430620, 0.026306682088232818)    played    14.44 s,       1444 time(s)
Node 2, (CST, Tx power, MCS) = (-68, 23, 7) - (mean, std): (0.241998981737684610, 0.023524528286477345)    played    18.06 s,       1806 time(s)
                                                                                                   played    60.00 s,       6000 time(s)

Node 3, (CST, Tx power, MCS) = (-82, 15, 7) - (mean, std): (0.231011408934705870, 0.029310519088027457)    played    11.63 s,       1163 time(s)
Node 3, (CST, Tx power, MCS) = (-82, 23, 7) - (mean, std): (0.232859127773525215, 0.027660638840895514)    played    13.06 s,       1306 time(s)
Node 3, (CST, Tx power, MCS) = (-68, 15, 7) - (mean, std): (0.244045562913905195, 0.023492049286746978)    played    18.11 s,       1811 time(s)
Node 3, (CST, Tx power, MCS) = (-68, 23, 7) - (mean, std): (0.246262405578150073, 0.024105134820094760)    played    17.20 s,       1720 time(s)
                                                                                                   played    60.00 s,       6000 time(s)

Mean throughputs: [14.7000 18.3888 15.2692 15.5921]
Aggregate throughput: 63.9501
Min-Max: 3.6888
JFI: 0.9183 [0.2500, 1]
Mean TX power: [19.9080 19.9080 19.3067 19.0347]
Mean PCS: [-72.5780 -75.6767 -74.4167 -73.7610]
Mean MCS: [7.0000 7.0000 7.0000 7.0000]

Last 10 seconds of simulation:
Mean throughputs: [15.2682 17.1236 15.9583 16.3105]
Aggregate throughput: 64.6606
Min-Max: 1.8554
JFI: 0.9603 [0.2500, 1]
Mean TX power: [20.0800 20.0640 19.3200 19.2240]
Mean PCS: [-72.2140 -74.9720 -73.9640 -72.6060]
Mean MCS: [7.0000 7.0000 7.0000 7.0000]
Unable to init server: Could not connect: Connection refused
Unable to init server: Could not connect: Connection refused

(mab_agents.py:9048): Gdk-CRITICAL **: 00:27:51.349: gdk_cursor_new_for_display: assertion 'GDK_IS_DISPLAY (display)' failed
Simulation time: 60 s
Waiting for simulation script to connect on port: tcp://localhost:5555
Please start proper ns-3 simulation script using ./waf --run "..."
Start
Progress: 0% 10% 20% 30% 40% 50% 60% 70% 80% 90% 100% 100%
Done
Final step: 5999
Node 0, (CST, Tx power, MCS) = (-82, 15, 7) - (mean, std): (0.212342365591397575, 0.051847584736521263)    played     3.71 s,        371 time(s)
Node 0, (CST, Tx power, MCS) = (-82, 23, 7) - (mean, std): (0.223734669703871930, 0.047727395990334764)    played     4.38 s,        438 time(s)
Node 0, (CST, Tx power, MCS) = (-68, 15, 7) - (mean, std): (0.294074825247780447, 0.022839623660917720)    played    19.16 s,       1916 time(s)
Node 0, (CST, Tx power, MCS) = (-68, 23, 7) - (mean, std): (0.305526153846151449, 0.017471413945365305)    played    32.75 s,       3275 time(s)
                                                                                                   played    60.00 s,       6000 time(s)

Node 1, (CST, Tx power, MCS) = (-82, 15, 7) - (mean, std): (0.181940694006308384, 0.039715073539476883)    played     6.33 s,        633 time(s)
Node 1, (CST, Tx power, MCS) = (-82, 23, 7) - (mean, std): (0.189687770177837889, 0.036986336072765455)    played     7.30 s,        730 time(s)
Node 1, (CST, Tx power, MCS) = (-68, 15, 7) - (mean, std): (0.230604354657685834, 0.023688968483956716)    played    17.81 s,       1781 time(s)
Node 1, (CST, Tx power, MCS) = (-68, 23, 7) - (mean, std): (0.251108939446970991, 0.018708754658582804)    played    28.56 s,       2856 time(s)
                                                                                                   played    60.00 s,       6000 time(s)

Node 2, (CST, Tx power, MCS) = (-82, 15, 7) - (mean, std): (0.211846866952789120, 0.046324105461207944)    played     4.65 s,        465 time(s)
Node 2, (CST, Tx power, MCS) = (-82, 23, 7) - (mean, std): (0.211618055045870668, 0.042835293687811936)    played     5.44 s,        544 time(s)
Node 2, (CST, Tx power, MCS) = (-68, 15, 7) - (mean, std): (0.283196096118296103, 0.019227214231343204)    played    27.04 s,       2704 time(s)
Node 2, (CST, Tx power, MCS) = (-68, 23, 7) - (mean, std): (0.281587972027969757, 0.020906050250177270)    played    22.87 s,       2287 time(s)
                                                                                                   played    60.00 s,       6000 time(s)

Node 3, (CST, Tx power, MCS) = (-82, 15, 7) - (mean, std): (0.268948148148148380, 0.068041381743977170)    played     2.15 s,        215 time(s)
Node 3, (CST, Tx power, MCS) = (-82, 23, 7) - (mean, std): (0.255671443850267632, 0.073127242412713067)    played     1.86 s,        186 time(s)
Node 3, (CST, Tx power, MCS) = (-68, 15, 7) - (mean, std): (0.456801857872753292, 0.015239228719482505)    played    43.05 s,       4305 time(s)
Node 3, (CST, Tx power, MCS) = (-68, 23, 7) - (mean, std): (0.430190702702698824, 0.027788500718836418)    played    12.94 s,       1294 time(s)
                                                                                                   played    60.00 s,       6000 time(s)

Mean throughputs: [18.8701 14.9756 17.5974 28.4915]
Aggregate throughput: 79.9347
Min-Max: 13.5159
JFI: 0.7964 [0.2500, 1]
Mean TX power: [19.9507 19.7813 18.7747 16.9733]
Mean PCS: [-69.8877 -71.1803 -70.3543 -68.9357]
Mean MCS: [7.0000 7.0000 7.0000 7.0000]

Last 10 seconds of simulation:
Mean throughputs: [17.0923 16.0089 17.2576 29.6244]
Aggregate throughput: 79.9831
Min-Max: 13.6154
JFI: 0.7818 [0.2500, 1]
Mean TX power: [20.2160 20.7600 18.8960 16.3200]
Mean PCS: [-69.2320 -69.3580 -68.9100 -68.0700]
Mean MCS: [7.0000 7.0000 7.0000 7.0000]
Unable to init server: Could not connect: Connection refused
Unable to init server: Could not connect: Connection refused

(mab_agents.py:9073): Gdk-CRITICAL **: 00:28:42.083: gdk_cursor_new_for_display: assertion 'GDK_IS_DISPLAY (display)' failed
Simulation time: 60 s
Waiting for simulation script to connect on port: tcp://localhost:5555
Please start proper ns-3 simulation script using ./waf --run "..."
Start
Progress: 0% 10% 20% 30% 40% 50% 60% 70% 80% 90% 100% 100%
Done
Final step: 5999
Node 0, (CST, Tx power, MCS) = (-82, 15, 7) - (mean, std): (0.171807706422018480, 0.067728546147859642)    played     2.17 s,        217 time(s)
Node 0, (CST, Tx power, MCS) = (-82, 23, 7) - (mean, std): (0.199210666666666897, 0.064549722436790274)    played     2.39 s,        239 time(s)
Node 0, (CST, Tx power, MCS) = (-68, 15, 7) - (mean, std): (0.313264287797760610, 0.022048693185121180)    played    20.56 s,       2056 time(s)
Node 0, (CST, Tx power, MCS) = (-68, 23, 7) - (mean, std): (0.323361054743481091, 0.016929709860272122)    played    34.88 s,       3488 time(s)
                                                                                                   played    60.00 s,       6000 time(s)

Node 1, (CST, Tx power, MCS) = (-82, 15, 7) - (mean, std): (0.189509973333333442, 0.051639777949432225)    played     3.74 s,        374 time(s)
Node 1, (CST, Tx power, MCS) = (-82, 23, 7) - (mean, std): (0.172784761904762080, 0.058321184351980429)    played     2.93 s,        293 time(s)
Node 1, (CST, Tx power, MCS) = (-68, 15, 7) - (mean, std): (0.284841730994148834, 0.017099639201419235)    played    34.19 s,       3419 time(s)
Node 1, (CST, Tx power, MCS) = (-68, 23, 7) - (mean, std): (0.281578945169710160, 0.022851547244951503)    played    19.14 s,       1914 time(s)
                                                                                                   played    60.00 s,       6000 time(s)

Node 2, (CST, Tx power, MCS) = (-82, 15, 7) - (mean, std): (0.226527179487179514, 0.160128153805087131)    played     0.38 s,         38 time(s)
Node 2, (CST, Tx power, MCS) = (-82, 23, 7) - (mean, std): (0.217930322580645208, 0.179605302026774910)    played     0.30 s,         30 time(s)
Node 2, (CST, Tx power, MCS) = (-68, 15, 7) - (mean, std): (0.819156610169531674, 0.013018891098082387)    played    58.99 s,       5899 time(s)
Node 2, (CST, Tx power, MCS) = (-68, 23, 7) - (mean, std): (0.320978823529411761, 0.171498585142508847)    played     0.33 s,         33 time(s)
                                                                                                   played    60.00 s,       6000 time(s)

Node 3, (CST, Tx power, MCS) = (-82, 15, 7) - (mean, std): (0.174233110047847084, 0.069171446386607466)    played     2.08 s,        208 time(s)
Node 3, (CST, Tx power, MCS) = (-82, 23, 7) - (mean, std): (0.214529822064057185, 0.059654998627189357)    played     2.80 s,        280 time(s)
Node 3, (CST, Tx power, MCS) = (-68, 15, 7) - (mean, std): (0.330855527847046194, 0.020386946747183245)    played    24.05 s,       2405 time(s)
Node 3, (CST, Tx power, MCS) = (-68, 23, 7) - (mean, std): (0.342762831402829760, 0.017937400083354382)    played    31.07 s,       3107 time(s)
                                                                                                   played    60.00 s,       6000 time(s)

Mean throughputs: [20.1268 17.7152 52.6449 21.2121]
Aggregate throughput: 111.6990
Min-Max: 34.9297
JFI: 0.6609 [0.2500, 1]
Mean TX power: [19.9693 17.9427 15.0840 19.5160]
Mean PCS: [-69.0640 -69.5563 -68.1587 -69.1387]
Mean MCS: [7.0000 7.0000 7.0000 7.0000]

Last 10 seconds of simulation:
Mean throughputs: [18.9164 17.5748 51.3782 21.8527]
Aggregate throughput: 109.7221
Min-Max: 33.8033
JFI: 0.6635 [0.2500, 1]
Mean TX power: [20.2400 18.6160 15.0080 20.4560]
Mean PCS: [-68.4340 -68.7280 -68.0000 -68.4900]
Mean MCS: [7.0000 7.0000 7.0000 7.0000]
Unable to init server: Could not connect: Connection refused
Unable to init server: Could not connect: Connection refused

(mab_agents.py:9099): Gdk-CRITICAL **: 00:29:31.562: gdk_cursor_new_for_display: assertion 'GDK_IS_DISPLAY (display)' failed
Simulation time: 60 s
Waiting for simulation script to connect on port: tcp://localhost:5555
Please start proper ns-3 simulation script using ./waf --run "..."
Start
Progress: 0% 10% 20% 30% 40% 50% 60% 70% 80% 90% 100% 100%
Done
Final step: 5999
Node 0, (CST, Tx power, MCS) = (-82, 15, 7) - (mean, std): (0.218026666666665592, 0.037904902178945168)    played     6.95 s,        695 time(s)
Node 0, (CST, Tx power, MCS) = (-82, 23, 7) - (mean, std): (0.246945837922892791, 0.028049635672660719)    played    12.70 s,       1270 time(s)
Node 0, (CST, Tx power, MCS) = (-68, 15, 7) - (mean, std): (0.261707113772451816, 0.024470439211619819)    played    16.69 s,       1669 time(s)
Node 0, (CST, Tx power, MCS) = (-68, 23, 7) - (mean, std): (0.271586041402617162, 0.020554213865940248)    played    23.66 s,       2366 time(s)
                                                                                                   played    60.00 s,       6000 time(s)

Node 1, (CST, Tx power, MCS) = (-82, 15, 7) - (mean, std): (0.221140425531913792, 0.037662178857735470)    played     7.04 s,        704 time(s)
Node 1, (CST, Tx power, MCS) = (-82, 23, 7) - (mean, std): (0.227811025299599262, 0.036490518258441337)    played     7.50 s,        750 time(s)
Node 1, (CST, Tx power, MCS) = (-68, 15, 7) - (mean, std): (0.267099499036607013, 0.021947564065307356)    played    20.75 s,       2075 time(s)
Node 1, (CST, Tx power, MCS) = (-68, 23, 7) - (mean, std): (0.261101359223298246, 0.020112949667728242)    played    24.71 s,       2471 time(s)
                                                                                                   played    60.00 s,       6000 time(s)

Node 2, (CST, Tx power, MCS) = (-82, 15, 7) - (mean, std): (0.240857113924049127, 0.035578403348241000)    played     7.89 s,        789 time(s)
Node 2, (CST, Tx power, MCS) = (-82, 23, 7) - (mean, std): (0.238587492957745118, 0.037529331252040082)    played     7.09 s,        709 time(s)
Node 2, (CST, Tx power, MCS) = (-68, 15, 7) - (mean, std): (0.274218370883878848, 0.020815272356090663)    played    23.07 s,       2307 time(s)
Node 2, (CST, Tx power, MCS) = (-68, 23, 7) - (mean, std): (0.283209034608375432, 0.021339479988815996)    played    21.95 s,       2195 time(s)
                                                                                                   played    60.00 s,       6000 time(s)

Node 3, (CST, Tx power, MCS) = (-82, 15, 7) - (mean, std): (0.210035982532750631, 0.046726931351599776)    played     4.57 s,        457 time(s)
Node 3, (CST, Tx power, MCS) = (-82, 23, 7) - (mean, std): (0.246255483870965824, 0.033351867298253506)    played     8.98 s,        898 time(s)
Node 3, (CST, Tx power, MCS) = (-68, 15, 7) - (mean, std): (0.281512964641882801, 0.021291058142914557)    played    22.05 s,       2205 time(s)
Node 3, (CST, Tx power, MCS) = (-68, 23, 7) - (mean, std): (0.284003736173697119, 0.020240261084859691)    played    24.40 s,       2440 time(s)
                                                                                                   played    60.00 s,       6000 time(s)

Mean throughputs: [16.7430 16.5418 17.4904 17.6784]
Aggregate throughput: 68.4535
Min-Max: 1.1366
JFI: 0.9727 [0.2500, 1]
Mean TX power: [19.8480 19.2947 18.8720 19.4507]
Mean PCS: [-72.5850 -71.3927 -71.4953 -71.1617]
Mean MCS: [7.0000 7.0000 7.0000 7.0000]

Last 10 seconds of simulation:
Mean throughputs: [16.5506 17.6327 16.4481 17.5990]
Aggregate throughput: 68.2304
Min-Max: 1.1847
JFI: 0.9682 [0.2500, 1]
Mean TX power: [19.8160 18.5360 19.5600 19.6320]
Mean PCS: [-70.9260 -70.7440 -71.0940 -69.5260]
Mean MCS: [7.0000 7.0000 7.0000 7.0000]
Unable to init server: Could not connect: Connection refused
Unable to init server: Could not connect: Connection refused

(mab_agents.py:9138): Gdk-CRITICAL **: 00:30:18.627: gdk_cursor_new_for_display: assertion 'GDK_IS_DISPLAY (display)' failed
Simulation time: 60 s
Waiting for simulation script to connect on port: tcp://localhost:5555
Please start proper ns-3 simulation script using ./waf --run "..."
Start
Progress: 0% 10% 20% 30% 40% 50% 60% 70% 80% 90% 100% 100%
Done
Final step: 5999
Node 0, (CST, Tx power, MCS) = (-82, 15, 7) - (mean, std): (0.205109765458421717, 0.046175709653961013)    played     4.68 s,        468 time(s)
Node 0, (CST, Tx power, MCS) = (-82, 23, 7) - (mean, std): (0.250772114285712278, 0.030860669992418380)    played    10.49 s,       1049 time(s)
Node 0, (CST, Tx power, MCS) = (-68, 15, 7) - (mean, std): (0.281400510127529035, 0.019367337799588276)    played    26.65 s,       2665 time(s)
Node 0, (CST, Tx power, MCS) = (-68, 23, 7) - (mean, std): (0.269431203958216126, 0.023446803861612010)    played    18.18 s,       1818 time(s)
                                                                                                   played    60.00 s,       6000 time(s)

Node 1, (CST, Tx power, MCS) = (-82, 15, 7) - (mean, std): (0.269010994518400492, 0.027983662310423863)    played    12.76 s,       1276 time(s)
Node 1, (CST, Tx power, MCS) = (-82, 23, 7) - (mean, std): (0.268901735604215653, 0.028478588590558698)    played    12.32 s,       1232 time(s)
Node 1, (CST, Tx power, MCS) = (-68, 15, 7) - (mean, std): (0.278089632107021423, 0.028915746598312010)    played    11.95 s,       1195 time(s)
Node 1, (CST, Tx power, MCS) = (-68, 23, 7) - (mean, std): (0.295280069625758979, 0.020860513166591616)    played    22.97 s,       2297 time(s)
                                                                                                   played    60.00 s,       6000 time(s)

Node 2, (CST, Tx power, MCS) = (-82, 15, 7) - (mean, std): (0.201652670807452555, 0.039405520311955031)    played     6.43 s,        643 time(s)
Node 2, (CST, Tx power, MCS) = (-82, 23, 7) - (mean, std): (0.212406521239952795, 0.033883707378584857)    played     8.70 s,        870 time(s)
Node 2, (CST, Tx power, MCS) = (-68, 15, 7) - (mean, std): (0.279025270180116858, 0.018263507434294623)    played    29.97 s,       2997 time(s)
Node 2, (CST, Tx power, MCS) = (-68, 23, 7) - (mean, std): (0.256927162977864776, 0.025897698962183531)    played    14.90 s,       1490 time(s)
                                                                                                   played    60.00 s,       6000 time(s)

Node 3, (CST, Tx power, MCS) = (-82, 15, 7) - (mean, std): (0.267562868741540283, 0.026011343419135434)    played    14.77 s,       1477 time(s)
Node 3, (CST, Tx power, MCS) = (-82, 23, 7) - (mean, std): (0.269667996127780585, 0.022000616025873207)    played    20.65 s,       2065 time(s)
Node 3, (CST, Tx power, MCS) = (-68, 15, 7) - (mean, std): (0.260348493150682814, 0.030219894260774972)    played    10.94 s,       1094 time(s)
Node 3, (CST, Tx power, MCS) = (-68, 23, 7) - (mean, std): (0.264286241758239449, 0.027066598098038339)    played    13.64 s,       1364 time(s)
                                                                                                   played    60.00 s,       6000 time(s)

Mean throughputs: [17.3313 18.2675 16.6234 17.3163]
Aggregate throughput: 69.5385
Min-Max: 1.6441
JFI: 0.9675 [0.2500, 1]
Mean TX power: [18.8227 19.7053 18.1467 19.5720]
Mean PCS: [-71.5397 -73.8520 -71.5303 -76.2647]
Mean MCS: [7.0000 7.0000 7.0000 7.0000]

Last 10 seconds of simulation:
Mean throughputs: [16.8812 16.9234 19.8923 17.3167]
Aggregate throughput: 71.0135
Min-Max: 3.0112
JFI: 0.9344 [0.2500, 1]
Mean TX power: [18.5440 19.7520 16.9280 19.5040]
Mean PCS: [-70.4360 -71.6400 -69.0080 -75.9940]
Mean MCS: [7.0000 7.0000 7.0000 7.0000]
Unable to init server: Could not connect: Connection refused
Unable to init server: Could not connect: Connection refused

(mab_agents.py:9164): Gdk-CRITICAL **: 00:31:05.351: gdk_cursor_new_for_display: assertion 'GDK_IS_DISPLAY (display)' failed
Simulation time: 60 s
Waiting for simulation script to connect on port: tcp://localhost:5555
Please start proper ns-3 simulation script using ./waf --run "..."
Start
Progress: 0% 10% 20% 30% 40% 50% 60% 70% 80% 90% 100% 100%
Done
Final step: 5999
Node 0, (CST, Tx power, MCS) = (-82, 15, 7) - (mean, std): (0.222878181818181642, 0.053300179088902611)    played     3.51 s,        351 time(s)
Node 0, (CST, Tx power, MCS) = (-82, 23, 7) - (mean, std): (0.233325714285713887, 0.050507627227610534)    played     3.91 s,        391 time(s)
Node 0, (CST, Tx power, MCS) = (-68, 15, 7) - (mean, std): (0.327744646464642964, 0.018663083698528475)    played    28.70 s,       2870 time(s)
Node 0, (CST, Tx power, MCS) = (-68, 23, 7) - (mean, std): (0.333722628714940295, 0.020459354390707302)    played    23.88 s,       2388 time(s)
                                                                                                   played    60.00 s,       6000 time(s)

Node 1, (CST, Tx power, MCS) = (-82, 15, 7) - (mean, std): (0.306589456066945598, 0.064684622735315084)    played     2.38 s,        238 time(s)
Node 1, (CST, Tx power, MCS) = (-82, 23, 7) - (mean, std): (0.258163612903225981, 0.080321932890249886)    played     1.54 s,        154 time(s)
Node 1, (CST, Tx power, MCS) = (-68, 15, 7) - (mean, std): (0.480874626641653424, 0.019370971105651492)    played    26.64 s,       2664 time(s)
Node 1, (CST, Tx power, MCS) = (-68, 23, 7) - (mean, std): (0.499216733446525784, 0.018427115179918692)    played    29.44 s,       2944 time(s)
                                                                                                   played    60.00 s,       6000 time(s)

Node 2, (CST, Tx power, MCS) = (-82, 15, 7) - (mean, std): (0.204052301740811848, 0.043979949713354248)    played     5.16 s,        516 time(s)
Node 2, (CST, Tx power, MCS) = (-82, 23, 7) - (mean, std): (0.203813378607809043, 0.041204282171516456)    played     5.88 s,        588 time(s)
Node 2, (CST, Tx power, MCS) = (-68, 15, 7) - (mean, std): (0.256234449583715829, 0.021506619680967013)    played    21.61 s,       2161 time(s)
Node 2, (CST, Tx power, MCS) = (-68, 23, 7) - (mean, std): (0.266691461988301681, 0.019117977822546813)    played    27.35 s,       2735 time(s)
                                                                                                   played    60.00 s,       6000 time(s)

Node 3, (CST, Tx power, MCS) = (-82, 15, 7) - (mean, std): (0.223454564643799203, 0.051366549693751408)    played     3.78 s,        378 time(s)
Node 3, (CST, Tx power, MCS) = (-82, 23, 7) - (mean, std): (0.205062918918918757, 0.051987524491003634)    played     3.69 s,        369 time(s)
Node 3, (CST, Tx power, MCS) = (-68, 15, 7) - (mean, std): (0.301863377715484105, 0.026472076758968607)    played    14.26 s,       1426 time(s)
Node 3, (CST, Tx power, MCS) = (-68, 23, 7) - (mean, std): (0.324654545454548915, 0.016162704595880900)    played    38.27 s,       3827 time(s)
                                                                                                   played    60.00 s,       6000 time(s)

Mean throughputs: [20.6715 31.0377 16.3495 19.8694]
Aggregate throughput: 87.9281
Min-Max: 14.6881
JFI: 0.8006 [0.2500, 1]
Mean TX power: [18.7053 19.1307 19.4307 20.5947]
Mean PCS: [-69.7313 -68.9147 -70.5760 -69.7430]
Mean MCS: [7.0000 7.0000 7.0000 7.0000]

Last 10 seconds of simulation:
Mean throughputs: [20.7730 35.3668 13.5792 22.1254]
Aggregate throughput: 91.8444
Min-Max: 21.7876
JFI: 0.7449 [0.2500, 1]
Mean TX power: [19.6400 20.8800 19.7280 20.9440]
Mean PCS: [-68.5880 -68.1120 -69.7500 -68.4760]
Mean MCS: [7.0000 7.0000 7.0000 7.0000]
Unable to init server: Could not connect: Connection refused
Unable to init server: Could not connect: Connection refused

(mab_agents.py:9189): Gdk-CRITICAL **: 00:31:55.683: gdk_cursor_new_for_display: assertion 'GDK_IS_DISPLAY (display)' failed
Simulation time: 60 s
Waiting for simulation script to connect on port: tcp://localhost:5555
Please start proper ns-3 simulation script using ./waf --run "..."
Start
Progress: 0% 10% 20% 30% 40% 50% 60% 70% 80% 90% 100% 100%
Done
Final step: 5999
Node 0, (CST, Tx power, MCS) = (-82, 15, 7) - (mean, std): (0.240897319587629111, 0.071795815861773804)    played     1.93 s,        193 time(s)
Node 0, (CST, Tx power, MCS) = (-82, 23, 7) - (mean, std): (0.262633978494623666, 0.059868434008924970)    played     2.78 s,        278 time(s)
Node 0, (CST, Tx power, MCS) = (-68, 15, 7) - (mean, std): (0.370083167062546181, 0.028138330394167632)    played    12.62 s,       1262 time(s)
Node 0, (CST, Tx power, MCS) = (-68, 23, 7) - (mean, std): (0.389907853795707027, 0.015306919373065674)    played    42.67 s,       4267 time(s)
                                                                                                   played    60.00 s,       6000 time(s)

Node 1, (CST, Tx power, MCS) = (-82, 15, 7) - (mean, std): (0.110079999999999956, 0.037904902178945168)    played     6.95 s,        695 time(s)
Node 1, (CST, Tx power, MCS) = (-82, 23, 7) - (mean, std): (0.123097385474860030, 0.033426313523243781)    played     8.94 s,        894 time(s)
Node 1, (CST, Tx power, MCS) = (-68, 15, 7) - (mean, std): (0.156772286523673338, 0.020117019055664213)    played    24.70 s,       2470 time(s)
Node 1, (CST, Tx power, MCS) = (-68, 23, 7) - (mean, std): (0.151194232749741558, 0.022692136494882290)    played    19.41 s,       1941 time(s)
                                                                                                   played    60.00 s,       6000 time(s)

Node 2, (CST, Tx power, MCS) = (-82, 15, 7) - (mean, std): (0.249862255639098002, 0.061313933948496581)    played     2.65 s,        265 time(s)
Node 2, (CST, Tx power, MCS) = (-82, 23, 7) - (mean, std): (0.226772401746725166, 0.066081860045508978)    played     2.28 s,        228 time(s)
Node 2, (CST, Tx power, MCS) = (-68, 15, 7) - (mean, std): (0.358720964824117028, 0.022416791983111018)    played    19.89 s,       1989 time(s)
Node 2, (CST, Tx power, MCS) = (-68, 23, 7) - (mean, std): (0.371047047456671331, 0.016857391247472455)    played    35.18 s,       3518 time(s)
                                                                                                   played    60.00 s,       6000 time(s)

Node 3, (CST, Tx power, MCS) = (-82, 15, 7) - (mean, std): (0.326656000000000224, 0.097590007294853329)    played     1.04 s,        104 time(s)
Node 3, (CST, Tx power, MCS) = (-82, 23, 7) - (mean, std): (0.288462650602409776, 0.109764259989690346)    played     0.82 s,         82 time(s)
Node 3, (CST, Tx power, MCS) = (-68, 15, 7) - (mean, std): (0.643444118660317255, 0.013834289277321494)    played    52.24 s,       5224 time(s)
Node 3, (CST, Tx power, MCS) = (-68, 23, 7) - (mean, std): (0.570680744500841941, 0.041134503489486357)    played     5.90 s,        590 time(s)
                                                                                                   played    60.00 s,       6000 time(s)

Mean throughputs: [24.3918  9.4011 23.1613 40.7063]
Aggregate throughput: 97.6605
Min-Max: 31.3053
JFI: 0.6876 [0.2500, 1]
Mean TX power: [21.0600 18.7800 19.9947 15.8960]
Mean PCS: [-69.0990 -71.7077 -69.1503 -68.4340]
Mean MCS: [7.0000 7.0000 7.0000 7.0000]

Last 10 seconds of simulation:
Mean throughputs: [23.9422  9.8297 22.6646 42.0225]
Aggregate throughput: 98.4591
Min-Max: 32.1928
JFI: 0.6822 [0.2500, 1]
Mean TX power: [21.1040 18.4880 20.4000 15.4240]
Mean PCS: [-68.4620 -71.0940 -68.4340 -68.0000]
Mean MCS: [7.0000 7.0000 7.0000 7.0000]
Unable to init server: Could not connect: Connection refused
Unable to init server: Could not connect: Connection refused

(mab_agents.py:9216): Gdk-CRITICAL **: 00:32:45.753: gdk_cursor_new_for_display: assertion 'GDK_IS_DISPLAY (display)' failed
Simulation time: 60 s
Waiting for simulation script to connect on port: tcp://localhost:5555
Please start proper ns-3 simulation script using ./waf --run "..."
Start
Progress: 0% 10% 20% 30% 40% 50% 60% 70% 80% 90% 100% 100%
Done
Final step: 5999
Node 0, (CST, Tx power, MCS) = (-82, 15, 7) - (mean, std): (0.262291320754715507, 0.039652579285907208)    played     6.35 s,        635 time(s)
Node 0, (CST, Tx power, MCS) = (-82, 23, 7) - (mean, std): (0.253872901878912871, 0.032308533487561922)    played     9.57 s,        957 time(s)
Node 0, (CST, Tx power, MCS) = (-68, 15, 7) - (mean, std): (0.302188169014080743, 0.020060271357125983)    played    24.84 s,       2484 time(s)
Node 0, (CST, Tx power, MCS) = (-68, 23, 7) - (mean, std): (0.288051199999996954, 0.022792115291927591)    played    19.24 s,       1924 time(s)
                                                                                                   played    60.00 s,       6000 time(s)

Node 1, (CST, Tx power, MCS) = (-82, 15, 7) - (mean, std): (0.200963555555554924, 0.043033148291193521)    played     5.39 s,        539 time(s)
Node 1, (CST, Tx power, MCS) = (-82, 23, 7) - (mean, std): (0.202435846994534985, 0.042678959977631992)    played     5.48 s,        548 time(s)
Node 1, (CST, Tx power, MCS) = (-68, 15, 7) - (mean, std): (0.251753142857141066, 0.019920476822239894)    played    25.19 s,       2519 time(s)
Node 1, (CST, Tx power, MCS) = (-68, 23, 7) - (mean, std): (0.247650070981208309, 0.020433710736103811)    played    23.94 s,       2394 time(s)
                                                                                                   played    60.00 s,       6000 time(s)

Node 2, (CST, Tx power, MCS) = (-82, 15, 7) - (mean, std): (0.192887958115182279, 0.036178730264621081)    played     7.63 s,        763 time(s)
Node 2, (CST, Tx power, MCS) = (-82, 23, 7) - (mean, std): (0.197824481203006497, 0.038778336716474064)    played     6.64 s,        664 time(s)
Node 2, (CST, Tx power, MCS) = (-68, 15, 7) - (mean, std): (0.241988396946562656, 0.021842601416525949)    played    20.95 s,       2095 time(s)
Node 2, (CST, Tx power, MCS) = (-68, 23, 7) - (mean, std): (0.244349624848727076, 0.020084532931834775)    played    24.78 s,       2478 time(s)
                                                                                                   played    60.00 s,       6000 time(s)

Node 3, (CST, Tx power, MCS) = (-82, 15, 7) - (mean, std): (0.223190414746542304, 0.033942211665106532)    played     8.67 s,        867 time(s)
Node 3, (CST, Tx power, MCS) = (-82, 23, 7) - (mean, std): (0.223801717791409255, 0.027692438781085564)    played    13.03 s,       1303 time(s)
Node 3, (CST, Tx power, MCS) = (-68, 15, 7) - (mean, std): (0.236468609805236402, 0.025915085804667212)    played    14.88 s,       1488 time(s)
Node 3, (CST, Tx power, MCS) = (-68, 23, 7) - (mean, std): (0.247181493811350739, 0.020659216918960218)    played    23.42 s,       2342 time(s)
                                                                                                   played    60.00 s,       6000 time(s)

Mean throughputs: [18.5842 15.6780 15.0786 15.3488]
Aggregate throughput: 64.6896
Min-Max: 3.5056
JFI: 0.9199 [0.2500, 1]
Mean TX power: [18.8413 18.9227 19.1893 19.8600]
Mean PCS: [-71.7147 -70.5363 -71.3297 -73.0633]
Mean MCS: [7.0000 7.0000 7.0000 7.0000]

Last 10 seconds of simulation:
Mean throughputs: [21.2809 14.7494 15.7073 14.5854]
Aggregate throughput: 66.3230
Min-Max: 6.6955
JFI: 0.8579 [0.2500, 1]
Mean TX power: [17.6400 18.9760 19.4720 19.8080]
Mean PCS: [-70.9680 -70.3940 -70.2260 -72.1440]
Mean MCS: [7.0000 7.0000 7.0000 7.0000]
Unable to init server: Could not connect: Connection refused
Unable to init server: Could not connect: Connection refused

(mab_agents.py:9241): Gdk-CRITICAL **: 00:33:33.022: gdk_cursor_new_for_display: assertion 'GDK_IS_DISPLAY (display)' failed
Simulation time: 60 s
Waiting for simulation script to connect on port: tcp://localhost:5555
Please start proper ns-3 simulation script using ./waf --run "..."
Start
Progress: 0% 10% 20% 30% 40% 50% 60% 70% 80% 90% 100% 100%
Done
Final step: 5999
Node 0, (CST, Tx power, MCS) = (-82, 15, 7) - (mean, std): (0.198022047244093335, 0.033538923545276884)    played     8.88 s,        888 time(s)
Node 0, (CST, Tx power, MCS) = (-82, 23, 7) - (mean, std): (0.205022766439908022, 0.033671751485073689)    played     8.81 s,        881 time(s)
Node 0, (CST, Tx power, MCS) = (-68, 15, 7) - (mean, std): (0.236135397066259828, 0.022490373369161064)    played    19.76 s,       1976 time(s)
Node 0, (CST, Tx power, MCS) = (-68, 23, 7) - (mean, std): (0.242003971631203352, 0.021053798026662972)    played    22.55 s,       2255 time(s)
                                                                                                   played    60.00 s,       6000 time(s)

Node 1, (CST, Tx power, MCS) = (-82, 15, 7) - (mean, std): (0.250828060522694407, 0.037087947077614203)    played     7.26 s,        726 time(s)
Node 1, (CST, Tx power, MCS) = (-82, 23, 7) - (mean, std): (0.258611442080376674, 0.034380708208626445)    played     8.45 s,        845 time(s)
Node 1, (CST, Tx power, MCS) = (-68, 15, 7) - (mean, std): (0.291229529969811940, 0.020765845843612775)    played    23.18 s,       2318 time(s)
Node 1, (CST, Tx power, MCS) = (-68, 23, 7) - (mean, std): (0.289903333333330515, 0.021759706994462231)    played    21.11 s,       2111 time(s)
                                                                                                   played    60.00 s,       6000 time(s)

Node 2, (CST, Tx power, MCS) = (-82, 15, 7) - (mean, std): (0.259119556377078619, 0.042993358039234778)    played     5.40 s,        540 time(s)
Node 2, (CST, Tx power, MCS) = (-82, 23, 7) - (mean, std): (0.240893333333332238, 0.041666666666666664)    played     5.75 s,        575 time(s)
Node 2, (CST, Tx power, MCS) = (-68, 15, 7) - (mean, std): (0.320572955938138004, 0.017082166388387977)    played    34.26 s,       3426 time(s)
Node 2, (CST, Tx power, MCS) = (-68, 23, 7) - (mean, std): (0.292586958904107020, 0.026171196129510684)    played    14.59 s,       1459 time(s)
                                                                                                   played    60.00 s,       6000 time(s)

Node 3, (CST, Tx power, MCS) = (-82, 15, 7) - (mean, std): (0.225239164733177177, 0.034060135164508579)    played     8.61 s,        861 time(s)
Node 3, (CST, Tx power, MCS) = (-82, 23, 7) - (mean, std): (0.228982576687114886, 0.031976473969553970)    played     9.77 s,        977 time(s)
Node 3, (CST, Tx power, MCS) = (-68, 15, 7) - (mean, std): (0.245010653266329509, 0.026793191107712166)    played    13.92 s,       1392 time(s)
Node 3, (CST, Tx power, MCS) = (-68, 23, 7) - (mean, std): (0.256631685312159075, 0.018996856280406864)    played    27.70 s,       2770 time(s)
                                                                                                   played    60.00 s,       6000 time(s)

Mean throughputs: [14.8381 18.2951 19.5511 15.9307]
Aggregate throughput: 68.6150
Min-Max: 4.7130
JFI: 0.9020 [0.2500, 1]
Mean TX power: [19.1813 18.9413 17.7120 19.9960]
Mean PCS: [-72.1277 -71.6657 -70.6017 -72.2887]
Mean MCS: [7.0000 7.0000 7.0000 7.0000]

Last 10 seconds of simulation:
Mean throughputs: [15.0933 18.4097 20.6729 15.0305]
Aggregate throughput: 69.2063
Min-Max: 5.6423
JFI: 0.8791 [0.2500, 1]
Mean TX power: [19.2640 19.0480 16.8560 20.2480]
Mean PCS: [-70.4920 -70.8280 -69.4840 -71.7240]
Mean MCS: [7.0000 7.0000 7.0000 7.0000]
Unable to init server: Could not connect: Connection refused
Unable to init server: Could not connect: Connection refused

(mab_agents.py:9267): Gdk-CRITICAL **: 00:34:20.624: gdk_cursor_new_for_display: assertion 'GDK_IS_DISPLAY (display)' failed
Simulation time: 60 s
Waiting for simulation script to connect on port: tcp://localhost:5555
Please start proper ns-3 simulation script using ./waf --run "..."
Start
Progress: 0% 10% 20% 30% 40% 50% 60% 70% 80% 90% 100% 100%
Done
Final step: 5999
Node 0, (CST, Tx power, MCS) = (-82, 15, 7) - (mean, std): (0.208978187403992960, 0.039193090083481028)    played     6.50 s,        650 time(s)
Node 0, (CST, Tx power, MCS) = (-82, 23, 7) - (mean, std): (0.224138890258938378, 0.035114749361031178)    played     8.10 s,        810 time(s)
Node 0, (CST, Tx power, MCS) = (-68, 15, 7) - (mean, std): (0.260464521556253603, 0.022929508398902759)    played    19.01 s,       1901 time(s)
Node 0, (CST, Tx power, MCS) = (-68, 23, 7) - (mean, std): (0.262785696969693894, 0.019462473604038074)    played    26.39 s,       2639 time(s)
                                                                                                   played    60.00 s,       6000 time(s)

Node 1, (CST, Tx power, MCS) = (-82, 15, 7) - (mean, std): (0.172776727272727498, 0.050964719143762556)    played     3.84 s,        384 time(s)
Node 1, (CST, Tx power, MCS) = (-82, 23, 7) - (mean, std): (0.216199471365637302, 0.033186165579998601)    played     9.07 s,        907 time(s)
Node 1, (CST, Tx power, MCS) = (-68, 15, 7) - (mean, std): (0.262793879781417605, 0.018480531773864321)    played    29.27 s,       2927 time(s)
Node 1, (CST, Tx power, MCS) = (-68, 23, 7) - (mean, std): (0.250263331463823124, 0.023682324543709943)    played    17.82 s,       1782 time(s)
                                                                                                   played    60.00 s,       6000 time(s)

Node 2, (CST, Tx power, MCS) = (-82, 15, 7) - (mean, std): (0.229551901840490069, 0.045221563164613461)    played     4.88 s,        488 time(s)
Node 2, (CST, Tx power, MCS) = (-82, 23, 7) - (mean, std): (0.205146000000000273, 0.055901699437494741)    played     3.19 s,        319 time(s)
Node 2, (CST, Tx power, MCS) = (-68, 15, 7) - (mean, std): (0.307237524429964270, 0.020178357806781542)    played    24.55 s,       2455 time(s)
Node 2, (CST, Tx power, MCS) = (-68, 23, 7) - (mean, std): (0.317966206644757554, 0.019107505086717085)    played    27.38 s,       2738 time(s)
                                                                                                   played    60.00 s,       6000 time(s)

Node 3, (CST, Tx power, MCS) = (-82, 15, 7) - (mean, std): (0.287111035940801673, 0.045980048987170286)    played     4.72 s,        472 time(s)
Node 3, (CST, Tx power, MCS) = (-82, 23, 7) - (mean, std): (0.264878448753462059, 0.052631578947368418)    played     3.60 s,        360 time(s)
Node 3, (CST, Tx power, MCS) = (-68, 15, 7) - (mean, std): (0.359429479020000886, 0.016781263774080069)    played    35.50 s,       3550 time(s)
Node 3, (CST, Tx power, MCS) = (-68, 23, 7) - (mean, std): (0.348272266831373800, 0.024852871573478333)    played    16.18 s,       1618 time(s)
                                                                                                   played    60.00 s,       6000 time(s)

Mean throughputs: [16.3256 16.0172 19.5366 22.4425]
Aggregate throughput: 74.3219
Min-Max: 6.4253
JFI: 0.8764 [0.2500, 1]
Mean TX power: [19.5987 18.5853 19.0760 17.6373]
Mean PCS: [-71.4067 -71.0123 -69.8830 -69.9413]
Mean MCS: [7.0000 7.0000 7.0000 7.0000]

Last 10 seconds of simulation:
Mean throughputs: [15.8014 16.1670 20.0311 21.7200]
Aggregate throughput: 73.7195
Min-Max: 5.9186
JFI: 0.8797 [0.2500, 1]
Mean TX power: [19.2240 18.3200 19.8240 17.7200]
Mean PCS: [-70.0860 -69.3440 -68.8540 -68.9800]
Mean MCS: [7.0000 7.0000 7.0000 7.0000]
Unable to init server: Could not connect: Connection refused
Unable to init server: Could not connect: Connection refused

(mab_agents.py:9292): Gdk-CRITICAL **: 00:35:10.832: gdk_cursor_new_for_display: assertion 'GDK_IS_DISPLAY (display)' failed
Simulation time: 60 s
Waiting for simulation script to connect on port: tcp://localhost:5555
Please start proper ns-3 simulation script using ./waf --run "..."
Start
Progress: 0% 10% 20% 30% 40% 50% 60% 70% 80% 90% 100% 100%
Done
Final step: 5999
Node 0, (CST, Tx power, MCS) = (-82, 15, 7) - (mean, std): (0.222915368421052390, 0.051298917604257706)    played     3.79 s,        379 time(s)
Node 0, (CST, Tx power, MCS) = (-82, 23, 7) - (mean, std): (0.215432041884816433, 0.051164451009665088)    played     3.81 s,        381 time(s)
Node 0, (CST, Tx power, MCS) = (-68, 15, 7) - (mean, std): (0.315827624309389543, 0.022411161745176399)    played    19.90 s,       1990 time(s)
Node 0, (CST, Tx power, MCS) = (-68, 23, 7) - (mean, std): (0.326738209781603950, 0.017538462368684629)    played    32.50 s,       3250 time(s)
                                                                                                   played    60.00 s,       6000 time(s)

Node 1, (CST, Tx power, MCS) = (-82, 15, 7) - (mean, std): (0.233564044943820409, 0.074953168899586142)    played     1.77 s,        177 time(s)
Node 1, (CST, Tx power, MCS) = (-82, 23, 7) - (mean, std): (0.245798956521739359, 0.065938047339578698)    played     2.29 s,        229 time(s)
Node 1, (CST, Tx power, MCS) = (-68, 15, 7) - (mean, std): (0.419452207084471396, 0.018455336763139055)    played    29.35 s,       2935 time(s)
Node 1, (CST, Tx power, MCS) = (-68, 23, 7) - (mean, std): (0.403010165413532018, 0.019389168358237032)    played    26.59 s,       2659 time(s)
                                                                                                   played    60.00 s,       6000 time(s)

Node 2, (CST, Tx power, MCS) = (-82, 15, 7) - (mean, std): (0.175875363214836905, 0.039314056698537568)    played     6.46 s,        646 time(s)
Node 2, (CST, Tx power, MCS) = (-82, 23, 7) - (mean, std): (0.189516883116882029, 0.032897584747988450)    played     9.23 s,        923 time(s)
Node 2, (CST, Tx power, MCS) = (-68, 15, 7) - (mean, std): (0.220821235023039242, 0.021466939537054593)    played    21.69 s,       2169 time(s)
Node 2, (CST, Tx power, MCS) = (-68, 23, 7) - (mean, std): (0.228247812638088743, 0.021021210591721250)    played    22.62 s,       2262 time(s)
                                                                                                   played    60.00 s,       6000 time(s)

Node 3, (CST, Tx power, MCS) = (-82, 15, 7) - (mean, std): (0.248105290322580718, 0.080321932890249886)    played     1.54 s,        154 time(s)
Node 3, (CST, Tx power, MCS) = (-82, 23, 7) - (mean, std): (0.300896969696969774, 0.065795169495976899)    played     2.30 s,        230 time(s)
Node 3, (CST, Tx power, MCS) = (-68, 15, 7) - (mean, std): (0.428604324324319941, 0.020549873413169661)    played    23.67 s,       2367 time(s)
Node 3, (CST, Tx power, MCS) = (-68, 23, 7) - (mean, std): (0.436342744615393630, 0.017541160386140585)    played    32.49 s,       3249 time(s)
                                                                                                   played    60.00 s,       6000 time(s)

Mean throughputs: [20.1288 26.0176 13.9166 27.5276]
Aggregate throughput: 87.5907
Min-Max: 13.6110
JFI: 0.8030 [0.2500, 1]
Mean TX power: [19.8413 18.8507 19.2467 19.6387]
Mean PCS: [-69.7733 -68.9473 -71.6610 -68.8960]
Mean MCS: [7.0000 7.0000 7.0000 7.0000]

Last 10 seconds of simulation:
Mean throughputs: [22.5307 27.0173 14.0172 26.5505]
Aggregate throughput: 90.1157
Min-Max: 13.0002
JFI: 0.8120 [0.2500, 1]
Mean TX power: [20.1680 17.2320 19.5840 19.9920]
Mean PCS: [-68.8400 -68.1260 -70.3520 -68.4620]
Mean MCS: [7.0000 7.0000 7.0000 7.0000]
Unable to init server: Could not connect: Connection refused
Unable to init server: Could not connect: Connection refused

(mab_agents.py:9317): Gdk-CRITICAL **: 00:36:00.236: gdk_cursor_new_for_display: assertion 'GDK_IS_DISPLAY (display)' failed
Simulation time: 60 s
Waiting for simulation script to connect on port: tcp://localhost:5555
Please start proper ns-3 simulation script using ./waf --run "..."
Start
Progress: 0% 10% 20% 30% 40% 50% 60% 70% 80% 90% 100% 100%
Done
Final step: 5999
Node 0, (CST, Tx power, MCS) = (-82, 15, 7) - (mean, std): (0.244617713097711270, 0.032241294010958051)    played     9.61 s,        961 time(s)
Node 0, (CST, Tx power, MCS) = (-82, 23, 7) - (mean, std): (0.278041151079134463, 0.021204723241999273)    played    22.23 s,       2223 time(s)
Node 0, (CST, Tx power, MCS) = (-68, 15, 7) - (mean, std): (0.250077794273592890, 0.032564480451291809)    played     9.42 s,        942 time(s)
Node 0, (CST, Tx power, MCS) = (-68, 23, 7) - (mean, std): (0.269619882666663591, 0.023094010767585032)    played    18.74 s,       1874 time(s)
                                                                                                   played    60.00 s,       6000 time(s)

Node 1, (CST, Tx power, MCS) = (-82, 15, 7) - (mean, std): (0.271089986648863135, 0.025837119466440090)    played    14.97 s,       1497 time(s)
Node 1, (CST, Tx power, MCS) = (-82, 23, 7) - (mean, std): (0.275755030450666960, 0.024678196820164200)    played    16.41 s,       1641 time(s)
Node 1, (CST, Tx power, MCS) = (-68, 15, 7) - (mean, std): (0.264398096699920260, 0.027703063158526546)    played    13.02 s,       1302 time(s)
Node 1, (CST, Tx power, MCS) = (-68, 23, 7) - (mean, std): (0.277948187059575469, 0.025310373177627687)    played    15.60 s,       1560 time(s)
                                                                                                   played    60.00 s,       6000 time(s)

Node 2, (CST, Tx power, MCS) = (-82, 15, 7) - (mean, std): (0.222719999999998169, 0.029695693545824929)    played    11.33 s,       1133 time(s)
Node 2, (CST, Tx power, MCS) = (-82, 23, 7) - (mean, std): (0.211235359116021287, 0.042914107542287451)    played     5.42 s,        542 time(s)
Node 2, (CST, Tx power, MCS) = (-68, 15, 7) - (mean, std): (0.247024982526208275, 0.022343928108437591)    played    20.02 s,       2002 time(s)
Node 2, (CST, Tx power, MCS) = (-68, 23, 7) - (mean, std): (0.256885094664369540, 0.020743495341125559)    played    23.23 s,       2323 time(s)
                                                                                                   played    60.00 s,       6000 time(s)

Node 3, (CST, Tx power, MCS) = (-82, 15, 7) - (mean, std): (0.232426824925814068, 0.027236735535142165)    played    13.47 s,       1347 time(s)
Node 3, (CST, Tx power, MCS) = (-82, 23, 7) - (mean, std): (0.225771418247514011, 0.030055654488914410)    played    11.06 s,       1106 time(s)
Node 3, (CST, Tx power, MCS) = (-68, 15, 7) - (mean, std): (0.238555124653737544, 0.026315789473684209)    played    14.43 s,       1443 time(s)
Node 3, (CST, Tx power, MCS) = (-68, 23, 7) - (mean, std): (0.246129406175769755, 0.021795857001338646)    played    21.04 s,       2104 time(s)
                                                                                                   played    60.00 s,       6000 time(s)

Mean throughputs: [17.2797 17.7371 15.8065 15.4463]
Aggregate throughput: 66.2696
Min-Max: 2.2908
JFI: 0.9451 [0.2500, 1]
Mean TX power: [20.4627 19.2680 18.8200 19.2800]
Mean PCS: [-75.4293 -75.3220 -71.9083 -73.7237]
Mean MCS: [7.0000 7.0000 7.0000 7.0000]

Last 10 seconds of simulation:
Mean throughputs: [16.9149 17.7196 15.3201 15.3346]
Aggregate throughput: 65.2892
Min-Max: 2.3995
JFI: 0.9404 [0.2500, 1]
Mean TX power: [21.1040 19.5680 19.9360 19.0480]
Mean PCS: [-75.2520 -76.0640 -71.4860 -72.9140]
Mean MCS: [7.0000 7.0000 7.0000 7.0000]
