Simulation time: 100.0 s
Seed: 1
Waiting for simulation script to connect on port: tcp://localhost:50000
Please start proper ns-3 simulation script using ./waf --run "..."
Start
Progress: 0% 10% 20% 30% 40% 50% 60% 70% 80% 90% 100%
Done
Final step: 11670
Node 0 - Refine time: -1000000000.0, UB(s): [65] Mbps
Node    CST    Tx pow                    Mean                     Std    Played (s)    Played (count)
   0    -82        23    0.123443824712832384    0.235702260395515839          6.37                17
   0    -77        23    0.245685221167267182    0.208514414057074771          4.14                22
   0    -72        23    0.689948354581772505    0.102062072615965754          9.35                95
   0    -67        23    0.801923076479460484    0.043560684186903210         36.51               526
   0    -62        23    0.824829316846201310    0.038518560788567267         43.59               673
                                                                              99.97              1333    Tot

Node 1 - Refine time: -1000000000.0, UB(s): [65] Mbps
Node    CST    Tx pow                    Mean                     Std    Played (s)    Played (count)
   1    -82        23    0.014631915116029091    0.185695338177051861         13.51                28
   1    -77        23    0.020744864653956339    0.152498570332604666         19.47                42
   1    -72        23    0.019541981695853066    0.169030850945703304         16.67                34
   1    -67        23    0.081606694889455308    0.124034734589208454         23.53                64
   1    -62        23    0.134936546366649340    0.109764259989690346         26.58                82
                                                                              99.75               250    Tot

Node 2 - Refine time: -1000000000.0, UB(s): [65] Mbps
Node    CST    Tx pow                    Mean                     Std    Played (s)    Played (count)
   2    -82        23    0.015951055085096463    0.223606797749978964          9.21                19
   2    -77        23    0.002362181818181818    0.213200716355610442         10.50                21
   2    -72        23    0.087576277571190311    0.176776695296636893         13.27                31
   2    -67        23    0.279974205219524708    0.086066296582387042         35.33               134
   2    -62        23    0.342976737400785103    0.079808688446762213         31.53               156
                                                                              99.85               361    Tot

Node 3 - Refine time: -1000000000.0, UB(s): [65] Mbps
Node    CST    Tx pow                    Mean                     Std    Played (s)    Played (count)
   3    -82        23    0.013022545331173658    0.277350098112614574          5.90                12
   3    -77        23    0.104700211125906426    0.242535625036332969          6.87                16
   3    -72        23    0.132799197916981387    0.235702260395515839          5.77                17
   3    -67        23    0.480934979255763118    0.111111111111111105         10.77                80
   3    -62        23    0.801858428343643737    0.030642570651794779         70.68              1064
                                                                              99.99              1189    Tot

Node 4 - Refine time: -1000000000.0, UB(s): [65] Mbps
Node    CST    Tx pow                    Mean                     Std    Played (s)    Played (count)
   4    -82        23    0.005144551971927850    0.208514414057074771         10.97                22
   4    -77        23    0.039137057482455467    0.179605302026774910         13.97                30
   4    -72        23    0.110131027097728346    0.145864991497894558         18.61                46
   4    -67        23    0.177929289737276397    0.110431526074846548         24.41                81
   4    -62        23    0.244697173744435309    0.088735650941611371         32.01               126
                                                                              99.97               305    Tot

Node 5 - Refine time: -1000000000.0, UB(s): [65] Mbps
Node    CST    Tx pow                    Mean                     Std    Played (s)    Played (count)
   5    -82        23    0.012659119740031879    0.223606797749978964          9.25                19
   5    -77        23    0.036879677633873197    0.218217890235992362          9.73                20
   5    -72        23    0.090810622678646619    0.200000000000000011          9.84                24
   5    -67        23    0.370486414735041736    0.081378845877115941         29.17               150
   5    -62        23    0.525277971886802697    0.049690399499995326         41.93               404
                                                                              99.92               617    Tot

Node 6 - Refine time: -1000000000.0, UB(s): [65] Mbps
Node    CST    Tx pow                    Mean                     Std    Played (s)    Played (count)
   6    -82        23    0.004348342857142857    0.188982236504613599         13.50                27
   6    -77        23    0.022911997022367889    0.176776695296636893         15.06                31
   6    -72        23    0.077863484795197321    0.160128153805087131         15.05                38
   6    -67        23    0.274120290082877416    0.083333333333333329         24.85               143
   6    -62        23    0.376490114445201807    0.056888012398857428         31.18               308
                                                                              99.65               547    Tot

Node 7 - Refine time: -1000000000.0, UB(s): [65] Mbps
Node    CST    Tx pow                    Mean                     Std    Played (s)    Played (count)
   7    -82        23    0.001834164705882353    0.242535625036332969          8.00                16
   7    -77        23    0.043868045883385678    0.235702260395515839          8.20                17
   7    -72        23    0.137861293676571822    0.192450089729875262          9.40                26
   7    -67        23    0.449397790068923220    0.075377836144440907         26.08               175
   7    -62        23    0.556146185199932308    0.046077567758409141         48.31               470
                                                                             100.00               704    Tot

Node 8 - Refine time: -1000000000.0, UB(s): [65] Mbps
Node    CST    Tx pow                    Mean                     Std    Played (s)    Played (count)
   8    -82        23    0.016465392028641161    0.179605302026774910         14.55                30
   8    -77        23    0.034333683085432692    0.154303349962091912         18.28                41
   8    -72        23    0.050692994931205736    0.152498570332604666         17.80                42
   8    -67        23    0.174031915020948197    0.102062072615965754         29.56                95
   8    -62        23    0.176142627564770782    0.105999788000636003         19.65                88
                                                                              99.84               296    Tot

Node 9 - Refine time: -1000000000.0, UB(s): [65] Mbps
Node    CST    Tx pow                    Mean                     Std    Played (s)    Played (count)
   9    -82        23    0.212904329512904916    0.171498585142508847          8.79                33
   9    -77        23    0.351202431299595219    0.119522860933439362         11.41                69
   9    -72        23    0.336934933480002641    0.125988157669742418         11.08                62
   9    -67        23    0.575817581428961556    0.043937477516374682         53.57               517
   9    -62        23    0.497611553851872446    0.083333333333333329         15.15               143
                                                                             100.00               824    Tot

Node 10 - Refine time: -1000000000.0, UB(s): [65] Mbps
Node    CST    Tx pow                    Mean                     Std    Played (s)    Played (count)
  10    -82        23    0.060947744448463938    0.182574185835055358         12.50                29
  10    -77        23    0.091618674893749655    0.154303349962091912         15.70                41
  10    -72        23    0.222525783995414006    0.098058067569092022         29.89               103
  10    -67        23    0.204633625844922867    0.107211253483779481         26.01                86
  10    -62        23    0.265058446869140152    0.094915799575249898         15.77               110
                                                                              99.87               369    Tot

Node 11 - Refine time: -1000000000.0, UB(s): [65] Mbps
Node    CST    Tx pow                    Mean                     Std    Played (s)    Played (count)
  11    -82        23    0.005897884678003401    0.174077655955697852         15.98                32
  11    -77        23    0.056326840374562308    0.124034734589208454         27.92                64
  11    -72        23    0.037532782082008088    0.144337567297406433         20.21                47
  11    -67        23    0.052665924832258695    0.131306432859722544         16.04                57
  11    -62        23    0.047329514406297429    0.132453235706504385         19.66                56
                                                                              99.82               256    Tot

Node 12 - Refine time: -1000000000.0, UB(s): [65] Mbps
Node    CST    Tx pow                    Mean                     Std    Played (s)    Played (count)
  12    -82        23    0.009558400000000000    0.288675134594812866          5.50                11
  12    -77        23    0.012125866666666667    0.288675134594812866          5.50                11
  12    -72        23    0.239269609228597135    0.200000000000000011          7.09                24
  12    -67        23    0.627142346206775003    0.084515425472851652         14.55               139
  12    -62        23    0.827798656415511758    0.030964056111131625         67.33              1042
                                                                              99.96              1227    Tot

Node 13 - Refine time: -1000000000.0, UB(s): [65] Mbps
Node    CST    Tx pow                    Mean                     Std    Played (s)    Played (count)
  13    -82        23    0.004067060869565218    0.208514414057074771         11.00                22
  13    -77        23    0.014354476964983183    0.185695338177051861         13.90                28
  13    -72        23    0.043377287561686337    0.188982236504613599         11.71                27
  13    -67        23    0.140657003518184248    0.123091490979332738         22.23                65
  13    -62        23    0.235715221645326350    0.079808688446762213         41.13               156
                                                                              99.97               298    Tot

Node 14 - Refine time: -1000000000.0, UB(s): [65] Mbps
Node    CST    Tx pow                    Mean                     Std    Played (s)    Played (count)
  14    -82        23    0.006736551559906301    0.196116135138184045         12.22                25
  14    -77        23    0.033954850097894194    0.171498585142508847         15.66                33
  14    -72        23    0.115702483349673063    0.142857142857142849         19.08                48
  14    -67        23    0.235902468426259587    0.085749292571254424         36.60               135
  14    -62        23    0.287692670901914194    0.075164602800282879         15.98               176
                                                                              99.53               417    Tot

Node 15 - Refine time: -1000000000.0, UB(s): [65] Mbps
Node    CST    Tx pow                    Mean                     Std    Played (s)    Played (count)
  15    -82        23    0.024754971194351660    0.235702260395515839          8.16                17
  15    -77        23    0.046466366452871839    0.223606797749978964          8.85                19
  15    -72        23    0.206326042758296496    0.182574185835055358          8.85                29
  15    -67        23    0.504385529054806048    0.066815310478106099         24.75               223
  15    -62        23    0.627739765645375924    0.042717882885838047         49.32               547
                                                                              99.93               835    Tot

Node 16 - Refine time: -1000000000.0, UB(s): [65] Mbps
Node    CST    Tx pow                    Mean                     Std    Played (s)    Played (count)
  16    -82        23    0.007170819960080214    0.174077655955697852         15.90                32
  16    -77        23    0.024277384591640905    0.142857142857142849         23.23                48
  16    -72        23    0.026828778050900653    0.145864991497894558         20.84                46
  16    -67        23    0.078767469771214585    0.113960576459637947         26.88                76
  16    -62        23    0.139488682859029905    0.096225044864937631         12.97               107
                                                                              99.83               309    Tot

Node 17 - Refine time: -1000000000.0, UB(s): [65] Mbps
Node    CST    Tx pow                    Mean                     Std    Played (s)    Played (count)
  17    -82        23    0.005196800000000001    0.223606797749978964          9.50                19
  17    -77        23    0.039059509366721902    0.204124145231931509         10.91                23
  17    -72        23    0.227300772337051982    0.141421356237309503         15.12                49
  17    -67        23    0.321167008750524119    0.091287092917527679         26.85               119
  17    -62        23    0.480335030454676237    0.056165595630173044         37.52               316
                                                                              99.90               526    Tot

Node 18 - Refine time: -1000000000.0, UB(s): [65] Mbps
Node    CST    Tx pow                    Mean                     Std    Played (s)    Played (count)
  18    -82        23    0.028311916761496414    0.174077655955697852         15.28                32
  18    -77        23    0.030663932017607962    0.160128153805087131         17.91                38
  18    -72        23    0.101196505873992093    0.138675049056307287         19.43                51
  18    -67        23    0.150623109624750423    0.117851130197757920         21.78                71
  18    -62        23    0.268768715891544219    0.080064076902543566         25.27               155
                                                                              99.67               347    Tot

Node 19 - Refine time: -1000000000.0, UB(s): [65] Mbps
Node    CST    Tx pow                    Mean                     Std    Played (s)    Played (count)
  19    -82        23    0.197492652480335984    0.182574185835055358          8.65                29
  19    -77        23    0.267753977401062992    0.147441956154897136         10.39                45
  19    -72        23    0.469146249854729802    0.078567420131838608         24.92               161
  19    -67        23    0.497765211834181709    0.064820372355216441         32.03               237
  19    -62        23    0.503464837219550709    0.072739296745330792         23.83               188
                                                                              99.82               660    Tot

Mean throughputs: [43.0055  2.4472  7.2909 37.3995  5.0800 16.5451 10.1545 20.5240  4.6017
 21.5279  5.7789  1.4312 39.1956  4.4579  5.6260 24.3553  1.9749 13.2094
  6.1591 18.7425]
Aggregate throughput: 289.5071
Min-Max: 41.5742
JFI: 0.5333 [0.0500, 1]
Node 0:
  CST counts:       {-62: 673, -67: 527, -72: 95, -77: 22, -82: 17}
  Tx pow counts:    {23: 1334}
Node 1:
  CST counts:       {-62: 82, -67: 64, -72: 35, -77: 42, -82: 28}
  Tx pow counts:    {23: 251}
Node 2:
  CST counts:       {-62: 156, -67: 134, -72: 32, -77: 21, -82: 19}
  Tx pow counts:    {23: 362}
Node 3:
  CST counts:       {-62: 1064, -67: 81, -72: 17, -77: 16, -82: 12}
  Tx pow counts:    {23: 1190}
Node 4:
  CST counts:       {-62: 126, -67: 81, -72: 47, -77: 30, -82: 22}
  Tx pow counts:    {23: 306}
Node 5:
  CST counts:       {-62: 405, -67: 150, -72: 24, -77: 20, -82: 19}
  Tx pow counts:    {23: 618}
Node 6:
  CST counts:       {-62: 308, -67: 143, -72: 38, -77: 32, -82: 27}
  Tx pow counts:    {23: 548}
Node 7:
  CST counts:       {-62: 471, -67: 175, -72: 26, -77: 17, -82: 16}
  Tx pow counts:    {23: 705}
Node 8:
  CST counts:       {-62: 88, -67: 95, -72: 43, -77: 41, -82: 30}
  Tx pow counts:    {23: 297}
Node 9:
  CST counts:       {-62: 143, -67: 518, -72: 62, -77: 69, -82: 33}
  Tx pow counts:    {23: 825}
Node 10:
  CST counts:       {-62: 110, -67: 86, -72: 103, -77: 41, -82: 30}
  Tx pow counts:    {23: 370}
Node 11:
  CST counts:       {-62: 56, -67: 57, -72: 48, -77: 64, -82: 32}
  Tx pow counts:    {23: 257}
Node 12:
  CST counts:       {-62: 1043, -67: 139, -72: 24, -77: 11, -82: 11}
  Tx pow counts:    {23: 1228}
Node 13:
  CST counts:       {-62: 156, -67: 65, -72: 27, -77: 29, -82: 22}
  Tx pow counts:    {23: 299}
Node 14:
  CST counts:       {-62: 176, -67: 136, -72: 48, -77: 33, -82: 25}
  Tx pow counts:    {23: 418}
Node 15:
  CST counts:       {-62: 548, -67: 223, -72: 29, -77: 19, -82: 17}
  Tx pow counts:    {23: 836}
Node 16:
  CST counts:       {-62: 107, -67: 76, -72: 47, -77: 48, -82: 32}
  Tx pow counts:    {23: 310}
Node 17:
  CST counts:       {-62: 317, -67: 119, -72: 49, -77: 23, -82: 19}
  Tx pow counts:    {23: 527}
Node 18:
  CST counts:       {-62: 155, -67: 71, -72: 51, -77: 38, -82: 33}
  Tx pow counts:    {23: 348}
Node 19:
  CST counts:       {-62: 188, -67: 237, -72: 162, -77: 45, -82: 29}
  Tx pow counts:    {23: 661}


Last 20.0 seconds of simulation:
Node 0 - Refine time: -1000000000.0, UB(s): [65] Mbps
Node    CST    Tx pow                    Mean                     Std    Played (s)    Played (count)
   0    -82        23    0.128871061460646058    0.707106781186547573          0.50               1.0
   0    -77        23    0.247919155248288170    0.707106781186547573          0.21               1.0
   0    -72        23    0.646568673140886396    0.185695338177051861          2.13              28.0
   0    -67        23    0.783448437902105832    0.090166963466743230          7.61             122.0
   0    -62        23    0.806914654300659451    0.079056941504209485          9.61             159.0
                                                                              20.06             311.0    Tot

Node 1 - Refine time: -1000000000.0, UB(s): [65] Mbps
Node    CST    Tx pow                    Mean                     Std    Played (s)    Played (count)
   1    -82        23    0.016973021534593749    0.447213595499957928          2.00               4.0
   1    -77        23    0.026236152356474193    0.316227766016837941          4.50               9.0
   1    -72        23    0.021392972882414752    0.447213595499957928          2.00               4.0
   1    -67        23    0.091717233685119387    0.267261241912424397          5.38              13.0
   1    -62        23    0.151286923233294207    0.250000000000000000          6.06              15.0
                                                                              19.93              45.0    Tot

Node 2 - Refine time: -1000000000.0, UB(s): [65] Mbps
Node    CST    Tx pow                    Mean                     Std    Played (s)    Played (count)
   2    -82        23    0.017723394538996073    0.577350269189625731          1.00               2.0
   2    -77        23    0.002887111111111111    0.447213595499957928          2.00               4.0
   2    -72        23    0.098973574367074643    0.447213595499957928          2.00               4.0
   2    -67        23    0.322113706908618846    0.213200716355610442          9.34              21.0
   2    -62        23    0.366550394349486608    0.235702260395515839          5.53              17.0
                                                                              19.87              48.0    Tot

Node 3 - Refine time: -1000000000.0, UB(s): [65] Mbps
Node    CST    Tx pow                    Mean                     Std    Played (s)    Played (count)
   3    -82        23    0.013022545331173658    1.000000000000000000          0.00               0.0
   3    -77        23    0.104700211125906426    1.000000000000000000          0.00               0.0
   3    -72        23    0.132799197916981387    1.000000000000000000          0.00               0.0
   3    -67        23    0.481506882470992492    0.577350269189625731          0.22               2.0
   3    -62        23    0.784193805981569403    0.055901699437494741         19.81             319.0
                                                                              20.03             321.0    Tot

Node 4 - Refine time: -1000000000.0, UB(s): [65] Mbps
Node    CST    Tx pow                    Mean                     Std    Played (s)    Played (count)
   4    -82        23    0.006227615544965291    0.447213595499957928          2.00               4.0
   4    -77        23    0.048804299248171645    0.353553390593273786          3.50               7.0
   4    -72        23    0.122994396990315072    0.408248290463863017          2.50               5.0
   4    -67        23    0.207338337792325522    0.258198889747161098          6.53              14.0
   4    -62        23    0.266880753609342380    0.235702260395515839          5.77              17.0
                                                                              20.30              47.0    Tot

Node 5 - Refine time: -1000000000.0, UB(s): [65] Mbps
Node    CST    Tx pow                    Mean                     Std    Played (s)    Played (count)
   5    -82        23    0.014065688600035422    0.577350269189625731          1.00               2.0
   5    -77        23    0.040761748963754584    0.577350269189625731          1.00               2.0
   5    -72        23    0.098707198563746323    0.577350269189625731          1.00               2.0
   5    -67        23    0.382917468996119947    0.333333333333333315          2.89               8.0
   5    -62        23    0.534152125595781069    0.088735650941611371         14.04             126.0
                                                                              19.93             140.0    Tot

Node 6 - Refine time: -1000000000.0, UB(s): [65] Mbps
Node    CST    Tx pow                    Mean                     Std    Played (s)    Played (count)
   6    -82        23    0.005073066666666667    0.447213595499957928          2.00               4.0
   6    -77        23    0.025282203610888704    0.500000000000000000          1.50               3.0
   6    -72        23    0.085277368771791304    0.447213595499957928          2.00               4.0
   6    -67        23    0.287009248138115181    0.208514414057074771          4.62              22.0
   6    -62        23    0.391932900556770270    0.102062072615965754          9.86              95.0
                                                                              19.98             128.0    Tot

Node 7 - Refine time: -1000000000.0, UB(s): [65] Mbps
Node    CST    Tx pow                    Mean                     Std    Played (s)    Played (count)
   7    -82        23    0.001834164705882353    1.000000000000000000          0.00               0.0
   7    -77        23    0.044614354464761308    0.707106781186547573          0.50               1.0
   7    -72        23    0.147089371135316838    0.500000000000000000          1.29               3.0
   7    -67        23    0.463819983060801799    0.196116135138184045          5.41              25.0
   7    -62        23    0.565887351174542697    0.094491118252306799         12.95             111.0
                                                                              20.16             140.0    Tot

Node 8 - Refine time: -1000000000.0, UB(s): [65] Mbps
Node    CST    Tx pow                    Mean                     Std    Played (s)    Played (count)
   8    -82        23    0.018832305880302921    0.408248290463863017          2.50               5.0
   8    -77        23    0.038313385821893697    0.377964473009227198          3.00               6.0
   8    -72        23    0.053178827443419813    0.353553390593273786          3.07               7.0
   8    -67        23    0.193636282328394776    0.223606797749978964          7.01              19.0
   8    -62        23    0.179256092027238717    0.218217890235992362          4.66              20.0
                                                                              20.24              57.0    Tot

Node 9 - Refine time: -1000000000.0, UB(s): [65] Mbps
Node    CST    Tx pow                    Mean                     Std    Played (s)    Played (count)
   9    -82        23    0.219516123590740436    0.577350269189625731          0.74               2.0
   9    -77        23    0.350656979123252943    0.353553390593273786          1.22               7.0
   9    -72        23    0.354695217921453698    0.288675134594812866          2.65              11.0
   9    -67        23    0.572136628861664831    0.092057461789832332         11.97             117.0
   9    -62        23    0.484027794251913446    0.162221421130762544          3.42              37.0
                                                                              20.01             174.0    Tot

Node 10 - Refine time: -1000000000.0, UB(s): [65] Mbps
Node    CST    Tx pow                    Mean                     Std    Played (s)    Played (count)
  10    -82        23    0.072335501338156721    0.408248290463863017          2.50               5.0
  10    -77        23    0.109878810344984840    0.333333333333333315          3.47               8.0
  10    -72        23    0.250760054323993120    0.267261241912424397          5.63              13.0
  10    -67        23    0.230951598942312875    0.267261241912424397          5.77              13.0
  10    -62        23    0.283705585385352010    0.250000000000000000          2.51              15.0
                                                                              19.88              54.0    Tot

Node 11 - Refine time: -1000000000.0, UB(s): [65] Mbps
Node    CST    Tx pow                    Mean                     Std    Played (s)    Played (count)
  11    -82        23    0.006711386012900422    0.447213595499957928          2.00               4.0
  11    -77        23    0.061984251059270863    0.267261241912424397          6.22              13.0
  11    -72        23    0.042569995150197090    0.333333333333333315          3.58               8.0
  11    -67        23    0.051416970291261570    0.277350098112614574          3.46              12.0
  11    -62        23    0.050430686789132553    0.277350098112614574          4.92              12.0
                                                                              20.19              49.0    Tot

Node 12 - Refine time: -1000000000.0, UB(s): [65] Mbps
Node    CST    Tx pow                    Mean                     Std    Played (s)    Played (count)
  12    -82        23    0.009558400000000000    1.000000000000000000          0.00               0.0
  12    -77        23    0.012125866666666667    1.000000000000000000          0.00               0.0
  12    -72        23    0.246207709613122022    0.707106781186547573          0.50               1.0
  12    -67        23    0.623053638293211254    0.377964473009227198          0.58               6.0
  12    -62        23    0.814258772614940840    0.056980288229818973         18.97             307.0
                                                                              20.05             314.0    Tot

Node 13 - Refine time: -1000000000.0, UB(s): [65] Mbps
Node    CST    Tx pow                    Mean                     Std    Played (s)    Played (count)
  13    -82        23    0.004923284210526316    0.447213595499957928          2.00               4.0
  13    -77        23    0.018099123129761408    0.377964473009227198          3.00               6.0
  13    -72        23    0.042252263141382980    0.447213595499957928          1.60               4.0
  13    -67        23    0.159724891640180583    0.301511344577763629          4.25              10.0
  13    -62        23    0.266125180637272696    0.204124145231931509          9.25              23.0
                                                                              20.10              47.0    Tot

Node 14 - Refine time: -1000000000.0, UB(s): [65] Mbps
Node    CST    Tx pow                    Mean                     Std    Played (s)    Played (count)
  14    -82        23    0.008757517027878192    0.377964473009227198          3.00               6.0
  14    -77        23    0.039809134597531125    0.408248290463863017          2.50               5.0
  14    -72        23    0.134597354384142387    0.353553390593273786          3.50               7.0
  14    -67        23    0.259891391043218623    0.258198889747161098          6.59              14.0
  14    -62        23    0.332231165113013815    0.166666666666666657          4.19              35.0
                                                                              19.78              67.0    Tot

Node 15 - Refine time: -1000000000.0, UB(s): [65] Mbps
Node    CST    Tx pow                    Mean                     Std    Played (s)    Played (count)
  15    -82        23    0.026211145970489992    0.707106781186547573          0.50               1.0
  15    -77        23    0.054666313473966867    0.500000000000000000          1.50               3.0
  15    -72        23    0.204285009241390647    0.577350269189625731          0.42               2.0
  15    -67        23    0.510163077610261473    0.200000000000000011          2.80              24.0
  15    -62        23    0.616310323808274885    0.076249285166302333         14.73             171.0
                                                                              19.94             201.0    Tot

Node 16 - Refine time: -1000000000.0, UB(s): [65] Mbps
Node    CST    Tx pow                    Mean                     Std    Played (s)    Played (count)
  16    -82        23    0.009465482347305883    0.333333333333333315          4.00               8.0
  16    -77        23    0.029940796025394983    0.301511344577763629          5.00              10.0
  16    -72        23    0.032065614574162328    0.333333333333333315          4.00               8.0
  16    -67        23    0.091737902611871550    0.288675134594812866          5.50              11.0
  16    -62        23    0.153382557248656459    0.267261241912424397          1.47              13.0
                                                                              19.97              50.0    Tot

Node 17 - Refine time: -1000000000.0, UB(s): [65] Mbps
Node    CST    Tx pow                    Mean                     Std    Played (s)    Played (count)
  17    -82        23    0.006113882352941177    0.500000000000000000          1.50               3.0
  17    -77        23    0.042137937490969349    0.577350269189625731          1.00               2.0
  17    -72        23    0.235182018489324268    0.377964473009227198          2.38               6.0
  17    -67        23    0.338115435010924836    0.242535625036332969          4.56              16.0
  17    -62        23    0.447010981532111995    0.101015254455221068         10.47              97.0
                                                                              19.90             124.0    Tot

Node 18 - Refine time: -1000000000.0, UB(s): [65] Mbps
Node    CST    Tx pow                    Mean                     Std    Played (s)    Played (count)
  18    -82        23    0.033949863581899296    0.353553390593273786          3.50               7.0
  18    -77        23    0.031350219587597317    0.377964473009227198          2.92               6.0
  18    -72        23    0.105056917830001081    0.316227766016837941          3.54               9.0
  18    -67        23    0.145693685732834310    0.235702260395515839          5.26              17.0
  18    -62        23    0.261776445393142099    0.188982236504613599          4.48              27.0
                                                                              19.71              66.0    Tot

Node 19 - Refine time: -1000000000.0, UB(s): [65] Mbps
Node    CST    Tx pow                    Mean                     Std    Played (s)    Played (count)
  19    -82        23    0.192748341273227985    0.577350269189625731          0.42               2.0
  19    -77        23    0.268199679875065877    0.500000000000000000          0.62               3.0
  19    -72        23    0.492590696630178793    0.174077655955697852          6.29              32.0
  19    -67        23    0.506163558952659076    0.145864991497894558          6.96              46.0
  19    -62        23    0.517841938238319477    0.150755672288881815          5.76              43.0
                                                                              20.04             126.0    Tot

Mean throughputs: [51.3643  1.2288  2.5907 52.6939  1.9974 19.8551 10.9779 21.3811  3.9813
 23.2917  1.5764  0.9777 51.8804  1.7514  1.4643 30.7540  0.3163 16.9082
  6.1499 17.4656]
Aggregate throughput: 318.6065
Min-Max: 52.3776
JFI: 0.4759 [0.0500, 1]
Node 0:
  CST counts:       {-62: 159, -67: 123, -72: 28, -77: 1, -82: 1}
  Tx pow counts:    {23: 312}
Node 1:
  CST counts:       {-67: 13, -72: 5, -77: 9, -82: 4, -62: 15}
  Tx pow counts:    {23: 46}
Node 2:
  CST counts:       {-67: 21, -72: 5, -77: 4, -82: 2, -62: 17}
  Tx pow counts:    {23: 49}
Node 3:
  CST counts:       {-62: 319, -67: 3}
  Tx pow counts:    {23: 322}
Node 4:
  CST counts:       {-67: 14, -72: 6, -77: 7, -82: 4, -62: 17}
  Tx pow counts:    {23: 48}
Node 5:
  CST counts:       {-62: 127, -67: 8, -72: 2, -77: 2, -82: 2}
  Tx pow counts:    {23: 141}
Node 6:
  CST counts:       {-62: 95, -67: 22, -72: 4, -77: 4, -82: 4}
  Tx pow counts:    {23: 129}
Node 7:
  CST counts:       {-62: 112, -67: 25, -72: 3, -77: 1}
  Tx pow counts:    {23: 141}
Node 8:
  CST counts:       {-67: 19, -72: 8, -77: 6, -82: 5, -62: 20}
  Tx pow counts:    {23: 58}
Node 9:
  CST counts:       {-62: 37, -67: 118, -72: 11, -77: 7, -82: 2}
  Tx pow counts:    {23: 175}
Node 10:
  CST counts:       {-67: 13, -72: 13, -77: 8, -82: 6, -62: 15}
  Tx pow counts:    {23: 55}
Node 11:
  CST counts:       {-67: 12, -72: 9, -77: 13, -82: 4, -62: 12}
  Tx pow counts:    {23: 50}
Node 12:
  CST counts:       {-62: 308, -67: 6, -72: 1}
  Tx pow counts:    {23: 315}
Node 13:
  CST counts:       {-67: 10, -72: 4, -77: 7, -82: 4, -62: 23}
  Tx pow counts:    {23: 48}
Node 14:
  CST counts:       {-62: 35, -67: 15, -72: 7, -77: 5, -82: 6}
  Tx pow counts:    {23: 68}
Node 15:
  CST counts:       {-62: 172, -67: 24, -72: 2, -77: 3, -82: 1}
  Tx pow counts:    {23: 202}
Node 16:
  CST counts:       {-67: 11, -72: 9, -77: 10, -82: 8, -62: 13}
  Tx pow counts:    {23: 51}
Node 17:
  CST counts:       {-62: 98, -67: 16, -72: 6, -77: 2, -82: 3}
  Tx pow counts:    {23: 125}
Node 18:
  CST counts:       {-62: 27, -67: 17, -72: 9, -77: 6, -82: 8}
  Tx pow counts:    {23: 67}
Node 19:
  CST counts:       {-62: 43, -67: 46, -72: 33, -77: 3, -82: 2}
  Tx pow counts:    {23: 127}
