Simulation time: 60 s
Waiting for simulation script to connect on port: tcp://localhost:5555
Please start proper ns-3 simulation script using ./waf --run "..."
Start
Progress: 0% 10% 20% 30% 40% 50% 60% 70% 80% 90% 100%
Done
Final step: 34017
Node 0, (CST, Tx power, MCS) = (-79.0,  0, 7) - (mean, std): (0.676977032856382221, 0.075592894601845442)    played    10.94 s,        174 time(s)
Node 0, (CST, Tx power, MCS) = (-82.0,  0, 7) - (mean, std): (0.239907743010798979, 0.192450089729875262)    played     3.20 s,         26 time(s)
Node 0, (CST, Tx power, MCS) = (-62.0,  0, 7) - (mean, std): (0.930836321877449024, 0.011002971203391538)    played    45.85 s,       8259 time(s)
                                                                                                           played    59.99 s,       8459 time(s)

Node 1, (CST, Tx power, MCS) = (-79.0,  0, 7) - (mean, std): (0.585842162621189821, 0.107832773203438412)    played     6.83 s,         85 time(s)
Node 1, (CST, Tx power, MCS) = (-82.0,  0, 7) - (mean, std): (0.297505685725750590, 0.174077655955697852)    played     3.99 s,         32 time(s)
Node 1, (CST, Tx power, MCS) = (-62.0,  0, 7) - (mean, std): (0.930725623788955292, 0.010626878549845030)    played    49.18 s,       8854 time(s)
                                                                                                           played    60.00 s,       8971 time(s)

Node 2, (CST, Tx power, MCS) = (-79.0,  0, 7) - (mean, std): (0.701391047014238045, 0.064282434653322507)    played    13.10 s,        241 time(s)
Node 2, (CST, Tx power, MCS) = (-82.0,  0, 7) - (mean, std): (0.287049425349476806, 0.169030850945703304)    played     5.92 s,         34 time(s)
Node 2, (CST, Tx power, MCS) = (-62.0,  0, 7) - (mean, std): (0.928750669742280488, 0.011646029424499150)    played    40.97 s,       7372 time(s)
                                                                                                           played    60.00 s,       7647 time(s)

Node 3, (CST, Tx power, MCS) = (-79.0,  0, 7) - (mean, std): (0.625041682515229180, 0.089087080637474794)    played     9.13 s,        125 time(s)
Node 3, (CST, Tx power, MCS) = (-82.0,  0, 7) - (mean, std): (0.315599542197688987, 0.185695338177051861)    played     2.10 s,         28 time(s)
Node 3, (CST, Tx power, MCS) = (-62.0,  0, 7) - (mean, std): (0.931468597708275059, 0.010667311465869791)    played    48.77 s,       8787 time(s)
                                                                                                           played    60.00 s,       8940 time(s)

Mean throughputs: [47.1673 50.0658 42.4886 49.9321]
Aggregate throughput: 189.6537
Min-Max: 7.5772
JFI: 0.9392 [0.2500, 1]
Mean TX power: [0.0000 0.0000 0.0000 0.0000]
TX power counts:
[[ -82  -79  -62]
 [  26  174 8259]]
[[ -82  -79  -62]
 [  32   85 8854]]
[[ -82  -79  -62]
 [  34  241 7372]]
[[ -82  -79  -62]
 [  28  125 8787]]
Mean PCS: [-62.4112 -62.2324 -62.6247 -62.3003]
Mean MCS: [7.0000 7.0000 7.0000 7.0000]

Last 20 seconds of simulation:
Mean throughputs: [56.2322 54.6965 53.0445 54.0445]
Aggregate throughput: 218.0177
Min-Max: 3.1877
JFI: 0.9792 [0.2500, 1]
Mean TX power: [0.0000 0.0000 0.0000 0.0000]
TX power counts:
[[ -79  -62]
 [   4 3337]]
[[ -82  -79  -62]
 [   2    2 3248]]
[[ -82  -79  -62]
 [   3    3 3158]]
[[ -82  -79  -62]
 [   1    5 3208]]
Mean PCS: [-62.0204 -62.0228 -62.0351 -62.0327]
Mean MCS: [7.0000 7.0000 7.0000 7.0000]
Simulation time: 60 s
Waiting for simulation script to connect on port: tcp://localhost:5555
Please start proper ns-3 simulation script using ./waf --run "..."
Start
Progress: 0% 10% 20% 30% 40% 50% 60% 70% 80% 90% 100%
Done
Final step: 31336
Node 0, (CST, Tx power, MCS) = (-79.0,  0, 7) - (mean, std): (0.799749230324734217, 0.041204282171516456)    played    19.47 s,        588 time(s)
Node 0, (CST, Tx power, MCS) = (-82.0,  0, 7) - (mean, std): (0.338276165374376714, 0.179605302026774910)    played     3.17 s,         30 time(s)
Node 0, (CST, Tx power, MCS) = (-62.0,  0, 7) - (mean, std): (0.927570089384104235, 0.012197843367986655)    played    37.35 s,       6720 time(s)
                                                                                                           played    60.00 s,       7338 time(s)

Node 1, (CST, Tx power, MCS) = (-79.0,  0, 7) - (mean, std): (0.768931558349798205, 0.050188561322849559)    played    15.92 s,        396 time(s)
Node 1, (CST, Tx power, MCS) = (-82.0,  0, 7) - (mean, std): (0.301145916706513361, 0.188982236504613599)    played     2.44 s,         27 time(s)
Node 1, (CST, Tx power, MCS) = (-62.0,  0, 7) - (mean, std): (0.926156348708201516, 0.011557797700413180)    played    41.63 s,       7485 time(s)
                                                                                                           played    60.00 s,       7908 time(s)

Node 2, (CST, Tx power, MCS) = (-79.0,  0, 7) - (mean, std): (0.756837737445478997, 0.052704627669472988)    played    15.24 s,        359 time(s)
Node 2, (CST, Tx power, MCS) = (-82.0,  0, 7) - (mean, std): (0.317096826233836115, 0.171498585142508847)    played     2.69 s,         33 time(s)
Node 2, (CST, Tx power, MCS) = (-62.0,  0, 7) - (mean, std): (0.925780634062558061, 0.011499571648933967)    played    42.07 s,       7561 time(s)
                                                                                                           played    60.00 s,       7953 time(s)

Node 3, (CST, Tx power, MCS) = (-79.0,  0, 7) - (mean, std): (0.761382700804985157, 0.055048188256318027)    played    13.81 s,        329 time(s)
Node 3, (CST, Tx power, MCS) = (-82.0,  0, 7) - (mean, std): (0.207393201098267838, 0.208514414057074771)    played     2.89 s,         22 time(s)
Node 3, (CST, Tx power, MCS) = (-62.0,  0, 7) - (mean, std): (0.924874362052394372, 0.011332217794354850)    played    43.30 s,       7786 time(s)
                                                                                                           played    60.00 s,       8137 time(s)

Mean throughputs: [40.7804 43.9231 44.1397 45.1385]
Aggregate throughput: 173.9817
Min-Max: 4.3581
JFI: 0.9638 [0.2500, 1]
Mean TX power: [0.0000 0.0000 0.0000 0.0000]
TX power counts:
[[ -82  -79  -62]
 [  30  588 6720]]
[[ -82  -79  -62]
 [  27  396 7485]]
[[ -82  -79  -62]
 [  33  359 7561]]
[[ -82  -79  -62]
 [  22  329 7786]]
Mean PCS: [-63.4440 -62.9196 -62.8504 -62.7414]
Mean MCS: [7.0000 7.0000 7.0000 7.0000]

Last 20 seconds of simulation:
Mean throughputs: [52.2004 52.2347 54.5495 55.4674]
Aggregate throughput: 214.4521
Min-Max: 3.2670
JFI: 0.9740 [0.2500, 1]
Mean TX power: [0.0000 0.0000 0.0000 0.0000]
TX power counts:
[[ -82  -79  -62]
 [   1    8 3162]]
[[ -82  -79  -62]
 [   1    7 3109]]
[[ -79  -62]
 [   7 3245]]
[[ -79  -62]
 [   9 3305]]
Mean PCS: [-62.0492 -62.0446 -62.0366 -62.0462]
Mean MCS: [7.0000 7.0000 7.0000 7.0000]
Simulation time: 60 s
Waiting for simulation script to connect on port: tcp://localhost:5555
Please start proper ns-3 simulation script using ./waf --run "..."
Start
Progress: 0% 10% 20% 30% 40% 50% 60% 70% 80% 90% 100%
Done
Final step: 31643
Node 0, (CST, Tx power, MCS) = (-79.0,  0, 7) - (mean, std): (0.668221264878402943, 0.077151674981045956)    played    12.42 s,        167 time(s)
Node 0, (CST, Tx power, MCS) = (-82.0,  0, 7) - (mean, std): (0.336772484277167605, 0.169030850945703304)    played     3.67 s,         34 time(s)
Node 0, (CST, Tx power, MCS) = (-62.0,  0, 7) - (mean, std): (0.926131665500896317, 0.011256579987082013)    played    43.90 s,       7891 time(s)
                                                                                                           played    60.00 s,       8092 time(s)

Node 1, (CST, Tx power, MCS) = (-79.0,  0, 7) - (mean, std): (0.786109443839046573, 0.044237395520380883)    played    17.73 s,        510 time(s)
Node 1, (CST, Tx power, MCS) = (-82.0,  0, 7) - (mean, std): (0.318555803658480907, 0.182574185835055358)    played     2.19 s,         29 time(s)
Node 1, (CST, Tx power, MCS) = (-62.0,  0, 7) - (mean, std): (0.927108665336425775, 0.011856133193117539)    played    39.62 s,       7113 time(s)
                                                                                                           played    59.53 s,       7652 time(s)

Node 2, (CST, Tx power, MCS) = (-79.0,  0, 7) - (mean, std): (0.764881565693191212, 0.048168305085908802)    played    16.30 s,        430 time(s)
Node 2, (CST, Tx power, MCS) = (-82.0,  0, 7) - (mean, std): (0.199587010596896292, 0.218217890235992362)    played     1.46 s,         20 time(s)
Node 2, (CST, Tx power, MCS) = (-62.0,  0, 7) - (mean, std): (0.927964322921603468, 0.011469277677315084)    played    42.23 s,       7601 time(s)
                                                                                                           played    59.99 s,       8051 time(s)

Node 3, (CST, Tx power, MCS) = (-79.0,  0, 7) - (mean, std): (0.757231611567638740, 0.052777981396925952)    played    16.34 s,        358 time(s)
Node 3, (CST, Tx power, MCS) = (-82.0,  0, 7) - (mean, std): (0.340913537393091270, 0.176776695296636893)    played     2.14 s,         31 time(s)
Node 3, (CST, Tx power, MCS) = (-62.0,  0, 7) - (mean, std): (0.928189914784579795, 0.011577921116187231)    played    41.52 s,       7459 time(s)
                                                                                                           played    60.00 s,       7848 time(s)

Mean throughputs: [44.9558 42.9025 44.8214 43.6891]
Aggregate throughput: 176.3688
Min-Max: 2.0533
JFI: 0.9812 [0.2500, 1]
Mean TX power: [0.0000 0.0000 0.0000 0.0000]
TX power counts:
[[ -82  -79  -62]
 [  34  167 7891]]
[[ -82  -79  -62]
 [  29  510 7113]]
[[ -82  -79  -62]
 [  20  430 7601]]
[[ -82  -79  -62]
 [  31  358 7459]]
Mean PCS: [-62.4349 -63.2088 -62.9576 -62.8545]
Mean MCS: [7.0000 7.0000 7.0000 7.0000]

Last 20 seconds of simulation:
Mean throughputs: [54.7796 51.5397 58.8407 51.6967]
Aggregate throughput: 216.8567
Min-Max: 7.3009
JFI: 0.9481 [0.2500, 1]
Mean TX power: [0.0000 0.0000 0.0000 0.0000]
TX power counts:
[[ -82  -79  -62]
 [   1    4 3246]]
[[ -82  -79  -62]
 [   1    5 3032]]
[[ -79  -62]
 [   2 3488]]
[[ -82  -79  -62]
 [   1    5 3065]]
Mean PCS: [-62.0271 -62.0346 -62.0097 -62.0342]
Mean MCS: [7.0000 7.0000 7.0000 7.0000]
Simulation time: 60 s
Waiting for simulation script to connect on port: tcp://localhost:5555
Please start proper ns-3 simulation script using ./waf --run "..."
Start
Progress: 0% 10% 20% 30% 40% 50% 60% 70% 80% 90% 100%
Done
Final step: 33710
Node 0, (CST, Tx power, MCS) = (-79.0,  0, 7) - (mean, std): (0.685482313768347007, 0.075377836144440907)    played     9.49 s,        175 time(s)
Node 0, (CST, Tx power, MCS) = (-82.0,  0, 7) - (mean, std): (0.382321882157926118, 0.166666666666666657)    played     3.42 s,         35 time(s)
Node 0, (CST, Tx power, MCS) = (-62.0,  0, 7) - (mean, std): (0.930169191262664175, 0.010863149844574045)    played    47.08 s,       8473 time(s)
                                                                                                           played    60.00 s,       8683 time(s)

Node 1, (CST, Tx power, MCS) = (-79.0,  0, 7) - (mean, std): (0.687370768918507236, 0.071247049987909636)    played    11.65 s,        196 time(s)
Node 1, (CST, Tx power, MCS) = (-82.0,  0, 7) - (mean, std): (0.255462248666488201, 0.192450089729875262)    played     2.93 s,         26 time(s)
Node 1, (CST, Tx power, MCS) = (-62.0,  0, 7) - (mean, std): (0.930170200476948872, 0.011056644552171162)    played    45.41 s,       8179 time(s)
                                                                                                           played    60.00 s,       8401 time(s)

Node 2, (CST, Tx power, MCS) = (-79.0,  0, 7) - (mean, std): (0.733021881739535197, 0.061662641597820742)    played    10.63 s,        262 time(s)
Node 2, (CST, Tx power, MCS) = (-82.0,  0, 7) - (mean, std): (0.339042628852591510, 0.182574185835055358)    played     2.42 s,         29 time(s)
Node 2, (CST, Tx power, MCS) = (-62.0,  0, 7) - (mean, std): (0.930495339012170408, 0.010873419901081503)    played    46.95 s,       8457 time(s)
                                                                                                           played    60.00 s,       8748 time(s)

Node 3, (CST, Tx power, MCS) = (-79.0,  0, 7) - (mean, std): (0.747773833742625182, 0.054312544659356837)    played    14.30 s,        338 time(s)
Node 3, (CST, Tx power, MCS) = (-82.0,  0, 7) - (mean, std): (0.180826985035458132, 0.208514414057074771)    played     3.94 s,         22 time(s)
Node 3, (CST, Tx power, MCS) = (-62.0,  0, 7) - (mean, std): (0.931296297420253105, 0.011532406908228411)    played    41.75 s,       7518 time(s)
                                                                                                           played    60.00 s,       7878 time(s)

Mean throughputs: [48.4440 46.8199 48.8114 43.9351]
Aggregate throughput: 188.0104
Min-Max: 4.8763
JFI: 0.9607 [0.2500, 1]
Mean TX power: [0.0000 0.0000 0.0000 0.0000]
TX power counts:
[[ -82  -79  -62]
 [  35  175 8473]]
[[ -82  -79  -62]
 [  26  196 8179]]
[[ -82  -79  -62]
 [  29  262 8457]]
[[ -82  -79  -62]
 [  22  338 7518]]
Mean PCS: [-62.4232 -62.4585 -62.5754 -62.7852]
Mean MCS: [7.0000 7.0000 7.0000 7.0000]

Last 20 seconds of simulation:
Mean throughputs: [56.2508 56.0852 57.5014 59.1107]
Aggregate throughput: 228.9482
Min-Max: 3.0255
JFI: 0.9793 [0.2500, 1]
Mean TX power: [0.0000 0.0000 0.0000 0.0000]
TX power counts:
[[ -82  -79  -62]
 [   1    2 3376]]
[[ -82  -79  -62]
 [   1    3 3335]]
[[ -79  -62]
 [   3 3414]]
[[ -82  -79  -62]
 [   1    2 3504]]
Mean PCS: [-62.0160 -62.0213 -62.0149 -62.0154]
Mean MCS: [7.0000 7.0000 7.0000 7.0000]
Simulation time: 60 s
Waiting for simulation script to connect on port: tcp://localhost:5555
Please start proper ns-3 simulation script using ./waf --run "..."
Start
Progress: 0% 10% 20% 30% 40% 50% 60% 70% 80% 90% 100%
Done
Final step: 33190
Node 0, (CST, Tx power, MCS) = (-79.0,  0, 7) - (mean, std): (0.715669071331412554, 0.060858061945018457)    played    11.48 s,        269 time(s)
Node 0, (CST, Tx power, MCS) = (-82.0,  0, 7) - (mean, std): (0.263619903160884905, 0.188982236504613599)    played     3.71 s,         27 time(s)
Node 0, (CST, Tx power, MCS) = (-62.0,  0, 7) - (mean, std): (0.928070031078201962, 0.011133814250269944)    played    44.81 s,       8066 time(s)
                                                                                                           played    60.00 s,       8362 time(s)

Node 1, (CST, Tx power, MCS) = (-79.0,  0, 7) - (mean, std): (0.790705668636597414, 0.038490017945975050)    played    20.05 s,        674 time(s)
Node 1, (CST, Tx power, MCS) = (-82.0,  0, 7) - (mean, std): (0.223442760662438566, 0.196116135138184045)    played     3.64 s,         25 time(s)
Node 1, (CST, Tx power, MCS) = (-62.0,  0, 7) - (mean, std): (0.926045126482151759, 0.012380637956044556)    played    36.30 s,       6523 time(s)
                                                                                                           played    60.00 s,       7222 time(s)

Node 2, (CST, Tx power, MCS) = (-79.0,  0, 7) - (mean, std): (0.745676852138686286, 0.055989251095585425)    played    11.40 s,        318 time(s)
Node 2, (CST, Tx power, MCS) = (-82.0,  0, 7) - (mean, std): (0.304073405434130584, 0.192450089729875262)    played     1.54 s,         26 time(s)
Node 2, (CST, Tx power, MCS) = (-62.0,  0, 7) - (mean, std): (0.928774859329405955, 0.010859306069076735)    played    47.06 s,       8479 time(s)
                                                                                                           played    60.00 s,       8823 time(s)

Node 3, (CST, Tx power, MCS) = (-79.0,  0, 7) - (mean, std): (0.651143158814821321, 0.080582296402538028)    played    10.17 s,        153 time(s)
Node 3, (CST, Tx power, MCS) = (-82.0,  0, 7) - (mean, std): (0.278609343386177544, 0.188982236504613599)    played     2.03 s,         27 time(s)
Node 3, (CST, Tx power, MCS) = (-62.0,  0, 7) - (mean, std): (0.927163354122731209, 0.010780770455885848)    played    47.80 s,       8603 time(s)
                                                                                                           played    60.00 s,       8783 time(s)

Mean throughputs: [46.5552 40.1149 49.1462 48.8392]
Aggregate throughput: 184.6555
Min-Max: 9.0313
JFI: 0.9270 [0.2500, 1]
Mean TX power: [0.0000 0.0000 0.0000 0.0000]
TX power counts:
[[ -82  -79  -62]
 [  27  269 8066]]
[[ -82  -79  -62]
 [  25  674 6523]]
[[ -82  -79  -62]
 [  26  318 8479]]
[[ -82  -79  -62]
 [  27  153 8603]]
Mean PCS: [-62.6115 -63.6558 -62.6717 -62.3576]
Mean MCS: [7.0000 7.0000 7.0000 7.0000]

Last 20 seconds of simulation:
Mean throughputs: [57.2783 57.3412 56.0564 57.1148]
Aggregate throughput: 227.7908
Min-Max: 1.2848
JFI: 0.9909 [0.2500, 1]
Mean TX power: [0.0000 0.0000 0.0000 0.0000]
TX power counts:
[[ -79  -62]
 [   3 3411]]
[[ -82  -79  -62]
 [   1    2 3411]]
[[ -79  -62]
 [   4 3335]]
[[ -82  -79  -62]
 [   1    2 3397]]
Mean PCS: [-62.0149 -62.0158 -62.0204 -62.0159]
Mean MCS: [7.0000 7.0000 7.0000 7.0000]
Simulation time: 60 s
Waiting for simulation script to connect on port: tcp://localhost:5555
Please start proper ns-3 simulation script using ./waf --run "..."
Start
Progress: 0% 10% 20% 30% 40% 50% 60% 70% 80% 90% 100%
Done
Final step: 32772
Node 0, (CST, Tx power, MCS) = (-79.0,  0, 7) - (mean, std): (0.755062241718442717, 0.055215763037423274)    played    12.31 s,        327 time(s)
Node 0, (CST, Tx power, MCS) = (-82.0,  0, 7) - (mean, std): (0.244525777440925518, 0.188982236504613599)    played     3.71 s,         27 time(s)
Node 0, (CST, Tx power, MCS) = (-62.0,  0, 7) - (mean, std): (0.929735338247532961, 0.011235245872283075)    played    43.98 s,       7921 time(s)
                                                                                                           played    59.99 s,       8275 time(s)

Node 1, (CST, Tx power, MCS) = (-79.0,  0, 7) - (mean, std): (0.767135991255204930, 0.051298917604257706)    played    13.18 s,        379 time(s)
Node 1, (CST, Tx power, MCS) = (-82.0,  0, 7) - (mean, std): (0.277041529594251268, 0.196116135138184045)    played     1.93 s,         25 time(s)
Node 1, (CST, Tx power, MCS) = (-62.0,  0, 7) - (mean, std): (0.927437655685121265, 0.011125542470338886)    played    44.88 s,       8078 time(s)
                                                                                                           played    60.00 s,       8482 time(s)

Node 2, (CST, Tx power, MCS) = (-79.0,  0, 7) - (mean, std): (0.763254638293143439, 0.049751859510499458)    played    14.19 s,        403 time(s)
Node 2, (CST, Tx power, MCS) = (-82.0,  0, 7) - (mean, std): (0.335950917395042237, 0.174077655955697852)    played     3.31 s,         32 time(s)
Node 2, (CST, Tx power, MCS) = (-62.0,  0, 7) - (mean, std): (0.926923605279202367, 0.011471541425028299)    played    42.25 s,       7598 time(s)
                                                                                                           played    59.75 s,       8033 time(s)

Node 3, (CST, Tx power, MCS) = (-79.0,  0, 7) - (mean, std): (0.734677622765291138, 0.055989251095585425)    played    13.85 s,        318 time(s)
Node 3, (CST, Tx power, MCS) = (-82.0,  0, 7) - (mean, std): (0.288288676622447781, 0.185695338177051861)    played     3.71 s,         28 time(s)
Node 3, (CST, Tx power, MCS) = (-62.0,  0, 7) - (mean, std): (0.926837931283443828, 0.011442965925112424)    played    42.44 s,       7636 time(s)
                                                                                                           played    60.00 s,       7982 time(s)

Mean throughputs: [46.0877 47.2143 44.8261 44.3498]
Aggregate throughput: 182.4780
Min-Max: 2.8645
JFI: 0.9761 [0.2500, 1]
Mean TX power: [0.0000 0.0000 0.0000 0.0000]
TX power counts:
[[ -82  -79  -62]
 [  27  327 7921]]
[[ -82  -79  -62]
 [  25  379 8078]]
[[ -82  -79  -62]
 [  32  403 7598]]
[[ -82  -79  -62]
 [  28  318 7636]]
Mean PCS: [-62.7370 -62.8186 -62.9325 -62.7474]
Mean MCS: [7.0000 7.0000 7.0000 7.0000]

Last 20 seconds of simulation:
Mean throughputs: [56.2360 58.8802 49.8939 52.5457]
Aggregate throughput: 217.5558
Min-Max: 8.9862
JFI: 0.9406 [0.2500, 1]
Mean TX power: [0.0000 0.0000 0.0000 0.0000]
TX power counts:
[[ -82  -79  -62]
 [   2    1 3338]]
[[ -79  -62]
 [   4 3504]]
[[ -82  -79  -62]
 [   3    5 2935]]
[[ -82  -79  -62]
 [   2    5 3143]]
Mean PCS: [-62.0171 -62.0194 -62.0493 -62.0397]
Mean MCS: [7.0000 7.0000 7.0000 7.0000]
Simulation time: 60 s
Waiting for simulation script to connect on port: tcp://localhost:5555
Please start proper ns-3 simulation script using ./waf --run "..."
Start
Progress: 0% 10% 20% 30% 40% 50% 60% 70% 80% 90% 100%
Done
Final step: 30167
Node 0, (CST, Tx power, MCS) = (-79.0,  0, 7) - (mean, std): (0.782487350406177229, 0.044108109139123088)    played    23.14 s,        513 time(s)
Node 0, (CST, Tx power, MCS) = (-82.0,  0, 7) - (mean, std): (0.367339263513935865, 0.164398987305357291)    played     2.70 s,         36 time(s)
Node 0, (CST, Tx power, MCS) = (-62.0,  0, 7) - (mean, std): (0.926689203907264059, 0.012771277511566434)    played    34.16 s,       6130 time(s)
                                                                                                           played    60.00 s,       6679 time(s)

Node 1, (CST, Tx power, MCS) = (-79.0,  0, 7) - (mean, std): (0.786066336664210996, 0.046829290579084699)    played    13.73 s,        455 time(s)
Node 1, (CST, Tx power, MCS) = (-82.0,  0, 7) - (mean, std): (0.299033391763692646, 0.171498585142508847)    played     4.29 s,         33 time(s)
Node 1, (CST, Tx power, MCS) = (-62.0,  0, 7) - (mean, std): (0.929198475725762085, 0.011503375297914687)    played    41.97 s,       7556 time(s)
                                                                                                           played    60.00 s,       8044 time(s)

Node 2, (CST, Tx power, MCS) = (-79.0,  0, 7) - (mean, std): (0.802927939699108584, 0.041169348479630913)    played    20.49 s,        589 time(s)
Node 2, (CST, Tx power, MCS) = (-82.0,  0, 7) - (mean, std): (0.433815655569347480, 0.145864991497894558)    played     4.21 s,         46 time(s)
Node 2, (CST, Tx power, MCS) = (-62.0,  0, 7) - (mean, std): (0.928007374951012820, 0.012558018641613912)    played    35.31 s,       6340 time(s)
                                                                                                           played    60.00 s,       6975 time(s)

Node 3, (CST, Tx power, MCS) = (-79.0,  0, 7) - (mean, std): (0.731493651568951853, 0.062136976600120006)    played    11.38 s,        258 time(s)
Node 3, (CST, Tx power, MCS) = (-82.0,  0, 7) - (mean, std): (0.374771376441848103, 0.169030850945703304)    played     3.21 s,         34 time(s)
Node 3, (CST, Tx power, MCS) = (-62.0,  0, 7) - (mean, std): (0.927300477819970270, 0.011057996468120725)    played    45.41 s,       8177 time(s)
                                                                                                           played    60.00 s,       8469 time(s)

Mean throughputs: [37.0627 44.8164 38.7852 47.0829]
Aggregate throughput: 167.7472
Min-Max: 10.0201
JFI: 0.9102 [0.2500, 1]
Mean TX power: [0.0000 0.0000 0.0000 0.0000]
TX power counts:
[[ -82  -79  -62]
 [  36  513 6130]]
[[ -82  -79  -62]
 [  33  455 7556]]
[[ -82  -79  -62]
 [  46  589 6340]]
[[ -82  -79  -62]
 [  34  258 8177]]
Mean PCS: [-63.4135 -63.0436 -63.5675 -62.5982]
Mean MCS: [7.0000 7.0000 7.0000 7.0000]

Last 20 seconds of simulation:
Mean throughputs: [47.6030 50.3776 57.4051 53.5513]
Aggregate throughput: 208.9370
Min-Max: 9.8021
JFI: 0.9346 [0.2500, 1]
Mean TX power: [0.0000 0.0000 0.0000 0.0000]
TX power counts:
[[ -82  -79  -62]
 [   3    7 2830]]
[[ -82  -79  -62]
 [   2    9 3037]]
[[ -82  -79  -62]
 [   1    6 3412]]
[[ -79  -62]
 [   7 3188]]
Mean PCS: [-62.0630 -62.0633 -62.0357 -62.0372]
Mean MCS: [7.0000 7.0000 7.0000 7.0000]
Simulation time: 60 s
Waiting for simulation script to connect on port: tcp://localhost:5555
Please start proper ns-3 simulation script using ./waf --run "..."
Start
Progress: 0% 10% 20% 30% 40% 50% 60% 70% 80% 90% 100%
Done
Final step: 32436
Node 0, (CST, Tx power, MCS) = (-79.0,  0, 7) - (mean, std): (0.764174286815852422, 0.046077567758409141)    played    17.74 s,        470 time(s)
Node 0, (CST, Tx power, MCS) = (-82.0,  0, 7) - (mean, std): (0.364074180238006473, 0.164398987305357291)    played     3.74 s,         36 time(s)
Node 0, (CST, Tx power, MCS) = (-62.0,  0, 7) - (mean, std): (0.926128454545983693, 0.012015967814936865)    played    38.52 s,       6925 time(s)
                                                                                                           played    60.00 s,       7431 time(s)

Node 1, (CST, Tx power, MCS) = (-79.0,  0, 7) - (mean, std): (0.731715837925031587, 0.063119440309780311)    played     9.24 s,        250 time(s)
Node 1, (CST, Tx power, MCS) = (-82.0,  0, 7) - (mean, std): (0.264584331671878004, 0.182574185835055358)    played     4.27 s,         29 time(s)
Node 1, (CST, Tx power, MCS) = (-62.0,  0, 7) - (mean, std): (0.928048101294923766, 0.010933696824052097)    played    46.48 s,       8364 time(s)
                                                                                                           played    60.00 s,       8643 time(s)

Node 2, (CST, Tx power, MCS) = (-79.0,  0, 7) - (mean, std): (0.766064548476772522, 0.045407660918649978)    played    19.15 s,        484 time(s)
Node 2, (CST, Tx power, MCS) = (-82.0,  0, 7) - (mean, std): (0.379679907896916968, 0.158113883008418971)    played     3.25 s,         39 time(s)
Node 2, (CST, Tx power, MCS) = (-62.0,  0, 7) - (mean, std): (0.927912141140170510, 0.012164405986720693)    played    37.60 s,       6757 time(s)
                                                                                                           played    59.99 s,       7280 time(s)

Node 3, (CST, Tx power, MCS) = (-79.0,  0, 7) - (mean, std): (0.714812739287101317, 0.065795169495976899)    played     7.85 s,        230 time(s)
Node 3, (CST, Tx power, MCS) = (-82.0,  0, 7) - (mean, std): (0.285619462873162866, 0.166666666666666657)    played     3.20 s,         35 time(s)
Node 3, (CST, Tx power, MCS) = (-62.0,  0, 7) - (mean, std): (0.928850440560404778, 0.010649150205097284)    played    48.95 s,       8817 time(s)
                                                                                                           played    60.00 s,       9082 time(s)

Mean throughputs: [41.2254 48.1277 40.4417 50.6187]
Aggregate throughput: 180.4134
Min-Max: 10.1770
JFI: 0.9117 [0.2500, 1]
Mean TX power: [0.0000 0.0000 0.0000 0.0000]
TX power counts:
[[ -82  -79  -62]
 [  36  470 6925]]
[[ -82  -79  -62]
 [  29  250 8364]]
[[ -82  -79  -62]
 [  39  484 6757]]
[[ -82  -79  -62]
 [  35  230 8817]]
Mean PCS: [-63.1721 -62.5588 -63.2374 -62.5076]
Mean MCS: [7.0000 7.0000 7.0000 7.0000]

Last 20 seconds of simulation:
Mean throughputs: [54.5153 56.0885 55.3996 55.8236]
Aggregate throughput: 221.8270
Min-Max: 1.5732
JFI: 0.9894 [0.2500, 1]
Mean TX power: [0.0000 0.0000 0.0000 0.0000]
TX power counts:
[[ -82  -79  -62]
 [   1    3 3246]]
[[ -82  -79  -62]
 [   2    2 3328]]
[[ -82  -79  -62]
 [   2    2 3294]]
[[ -82  -79  -62]
 [   1    4 3315]]
Mean PCS: [-62.0218 -62.0222 -62.0224 -62.0265]
Mean MCS: [7.0000 7.0000 7.0000 7.0000]
Simulation time: 60 s
Waiting for simulation script to connect on port: tcp://localhost:5555
Please start proper ns-3 simulation script using ./waf --run "..."
Start
Progress: 0% 10% 20% 30% 40% 50% 60% 70% 80% 90% 100%
Done
Final step: 35854
Node 0, (CST, Tx power, MCS) = (-79.0,  0, 7) - (mean, std): (0.628542611222688619, 0.083333333333333329)    played     8.37 s,        143 time(s)
Node 0, (CST, Tx power, MCS) = (-82.0,  0, 7) - (mean, std): (0.251052720973712840, 0.192450089729875262)    played     3.54 s,         26 time(s)
Node 0, (CST, Tx power, MCS) = (-62.0,  0, 7) - (mean, std): (0.929272143115640548, 0.010748339509808694)    played    48.09 s,       8655 time(s)
                                                                                                           played    60.00 s,       8824 time(s)

Node 1, (CST, Tx power, MCS) = (-79.0,  0, 7) - (mean, std): (0.747392007568362549, 0.056077215409204427)    played     8.70 s,        317 time(s)
Node 1, (CST, Tx power, MCS) = (-82.0,  0, 7) - (mean, std): (0.295273773552065300, 0.179605302026774910)    played     2.78 s,         30 time(s)
Node 1, (CST, Tx power, MCS) = (-62.0,  0, 7) - (mean, std): (0.929607662526721779, 0.010691060611702006)    played    48.52 s,       8748 time(s)
                                                                                                           played    60.00 s,       9095 time(s)

Node 2, (CST, Tx power, MCS) = (-79.0,  0, 7) - (mean, std): (0.662026028948994205, 0.068680281974344518)    played    11.00 s,        211 time(s)
Node 2, (CST, Tx power, MCS) = (-82.0,  0, 7) - (mean, std): (0.386808873713267831, 0.150755672288881815)    played     3.53 s,         43 time(s)
Node 2, (CST, Tx power, MCS) = (-62.0,  0, 7) - (mean, std): (0.928704524872826398, 0.011053266930417638)    played    45.46 s,       8184 time(s)
                                                                                                           played    60.00 s,       8438 time(s)

Node 3, (CST, Tx power, MCS) = (-79.0,  0, 7) - (mean, std): (0.550239159582235016, 0.105999788000636003)    played     6.01 s,         88 time(s)
Node 3, (CST, Tx power, MCS) = (-82.0,  0, 7) - (mean, std): (0.293792724749587841, 0.182574185835055358)    played     1.90 s,         29 time(s)
Node 3, (CST, Tx power, MCS) = (-62.0,  0, 7) - (mean, std): (0.930551825489467910, 0.010324652229626067)    played    52.09 s,       9380 time(s)
                                                                                                           played    60.00 s,       9497 time(s)

Mean throughputs: [49.1733 50.6650 46.9655 53.0083]
Aggregate throughput: 199.8121
Min-Max: 6.0428
JFI: 0.9578 [0.2500, 1]
Mean TX power: [0.0000 0.0000 0.0000 0.0000]
TX power counts:
[[ -82  -79  -62]
 [  26  143 8655]]
[[ -82  -79  -62]
 [  30  317 8748]]
[[ -82  -79  -62]
 [  43  211 8184]]
[[ -82  -79  -62]
 [  29   88 9380]]
Mean PCS: [-62.3344 -62.6585 -62.5270 -62.2186]
Mean MCS: [7.0000 7.0000 7.0000 7.0000]

Last 20 seconds of simulation:
Mean throughputs: [60.7154 58.7625 59.0303 56.7474]
Aggregate throughput: 235.2556
Min-Max: 3.9680
JFI: 0.9766 [0.2500, 1]
Mean TX power: [0.0000 0.0000 0.0000 0.0000]
TX power counts:
[[ -62]
 [3611]]
[[ -79  -62]
 [   3 3498]]
[[ -82  -62]
 [   1 3518]]
[[ -79  -62]
 [   3 3368]]
Mean PCS: [-62.0000 -62.0146 -62.0057 -62.0151]
Mean MCS: [7.0000 7.0000 7.0000 7.0000]
Simulation time: 60 s
Waiting for simulation script to connect on port: tcp://localhost:5555
Please start proper ns-3 simulation script using ./waf --run "..."
Start
Progress: 0% 10% 20% 30% 40% 50% 60% 70% 80% 90% 100%
Done
Final step: 33469
Node 0, (CST, Tx power, MCS) = (-79.0,  0, 7) - (mean, std): (0.699504265120356461, 0.069171446386607466)    played    10.52 s,        208 time(s)
Node 0, (CST, Tx power, MCS) = (-82.0,  0, 7) - (mean, std): (0.231891351177321764, 0.196116135138184045)    played     2.79 s,         25 time(s)
Node 0, (CST, Tx power, MCS) = (-62.0,  0, 7) - (mean, std): (0.926353954226496357, 0.010912193659808249)    played    46.69 s,       8397 time(s)
                                                                                                           played    60.00 s,       8630 time(s)

Node 1, (CST, Tx power, MCS) = (-79.0,  0, 7) - (mean, std): (0.765527824024905268, 0.050188561322849559)    played    12.57 s,        396 time(s)
Node 1, (CST, Tx power, MCS) = (-82.0,  0, 7) - (mean, std): (0.288606983723662502, 0.182574185835055358)    played     2.60 s,         29 time(s)
Node 1, (CST, Tx power, MCS) = (-62.0,  0, 7) - (mean, std): (0.928034729435534667, 0.011133814250269944)    played    44.83 s,       8066 time(s)
                                                                                                           played    60.00 s,       8491 time(s)

Node 2, (CST, Tx power, MCS) = (-79.0,  0, 7) - (mean, std): (0.773887387875576760, 0.045548751867427698)    played    16.46 s,        481 time(s)
Node 2, (CST, Tx power, MCS) = (-82.0,  0, 7) - (mean, std): (0.292883760166565699, 0.196116135138184045)    played     2.63 s,         25 time(s)
Node 2, (CST, Tx power, MCS) = (-62.0,  0, 7) - (mean, std): (0.927456494999805536, 0.011657102052599089)    played    40.91 s,       7358 time(s)
                                                                                                           played    60.00 s,       7864 time(s)

Node 3, (CST, Tx power, MCS) = (-79.0,  0, 7) - (mean, std): (0.688293209416676932, 0.069504804685691590)    played    11.29 s,        206 time(s)
Node 3, (CST, Tx power, MCS) = (-82.0,  0, 7) - (mean, std): (0.198260603906599636, 0.208514414057074771)    played     2.81 s,         22 time(s)
Node 3, (CST, Tx power, MCS) = (-62.0,  0, 7) - (mean, std): (0.927065879647695490, 0.011004969866095208)    played    45.89 s,       8256 time(s)
                                                                                                           played    59.99 s,       8484 time(s)

Mean throughputs: [47.9378 47.2763 43.7100 47.1871]
Aggregate throughput: 186.1111
Min-Max: 4.2279
JFI: 0.9657 [0.2500, 1]
Mean TX power: [0.0000 0.0000 0.0000 0.0000]
TX power counts:
[[ -82  -79  -62]
 [  25  208 8397]]
[[ -82  -79  -62]
 [  29  396 8066]]
[[ -82  -79  -62]
 [  25  481 7358]]
[[ -82  -79  -62]
 [  22  206 8256]]
Mean PCS: [-62.4677 -62.8611 -63.1034 -62.4646]
Mean MCS: [7.0000 7.0000 7.0000 7.0000]

Last 20 seconds of simulation:
Mean throughputs: [59.2687 53.1610 57.7237 52.4576]
Aggregate throughput: 222.6110
Min-Max: 6.8111
JFI: 0.9504 [0.2500, 1]
Mean TX power: [0.0000 0.0000 0.0000 0.0000]
TX power counts:
[[ -82  -79  -62]
 [   1    1 3517]]
[[ -82  -79  -62]
 [   1    4 3156]]
[[ -79  -62]
 [   2 3430]]
[[ -79  -62]
 [   6 3114]]
Mean PCS: [-62.0105 -62.0278 -62.0099 -62.0327]
Mean MCS: [7.0000 7.0000 7.0000 7.0000]
Simulation time: 60 s
Waiting for simulation script to connect on port: tcp://localhost:5555
Please start proper ns-3 simulation script using ./waf --run "..."
Start
Progress: 0% 10% 20% 30% 40% 50% 60% 70% 80% 90% 100%
Done
Final step: 32107
Node 0, (CST, Tx power, MCS) = (-79.0,  0, 7) - (mean, std): (0.716185595396087615, 0.068680281974344518)    played     8.81 s,        211 time(s)
Node 0, (CST, Tx power, MCS) = (-82.0,  0, 7) - (mean, std): (0.395794435412245960, 0.147441956154897136)    played     3.48 s,         45 time(s)
Node 0, (CST, Tx power, MCS) = (-62.0,  0, 7) - (mean, std): (0.930589397944247554, 0.010785158616741572)    played    47.71 s,       8596 time(s)
                                                                                                           played    60.00 s,       8852 time(s)

Node 1, (CST, Tx power, MCS) = (-79.0,  0, 7) - (mean, std): (0.771245500901581171, 0.044411559168432750)    played    20.56 s,        506 time(s)
Node 1, (CST, Tx power, MCS) = (-82.0,  0, 7) - (mean, std): (0.265471746529248376, 0.192450089729875262)    played     4.03 s,         26 time(s)
Node 1, (CST, Tx power, MCS) = (-62.0,  0, 7) - (mean, std): (0.928160333180412134, 0.012537275449612868)    played    35.41 s,       6361 time(s)
                                                                                                           played    60.00 s,       6893 time(s)

Node 2, (CST, Tx power, MCS) = (-79.0,  0, 7) - (mean, std): (0.597216255398076989, 0.101015254455221068)    played     5.11 s,         97 time(s)
Node 2, (CST, Tx power, MCS) = (-82.0,  0, 7) - (mean, std): (0.329380036385471697, 0.179605302026774910)    played     3.66 s,         30 time(s)
Node 2, (CST, Tx power, MCS) = (-62.0,  0, 7) - (mean, std): (0.928448715228751054, 0.010415536569927060)    played    51.22 s,       9217 time(s)
                                                                                                           played    60.00 s,       9344 time(s)

Node 3, (CST, Tx power, MCS) = (-79.0,  0, 7) - (mean, std): (0.784276807907623663, 0.042953677958755779)    played    20.60 s,        541 time(s)
Node 3, (CST, Tx power, MCS) = (-82.0,  0, 7) - (mean, std): (0.414381323320373363, 0.154303349962091912)    played     3.61 s,         41 time(s)
Node 3, (CST, Tx power, MCS) = (-62.0,  0, 7) - (mean, std): (0.929029838658018803, 0.012464023106126588)    played    35.79 s,       6436 time(s)
                                                                                                           played    59.99 s,       7018 time(s)

Mean throughputs: [49.3754 38.3036 52.0692 39.0670]
Aggregate throughput: 178.8151
Min-Max: 13.7656
JFI: 0.8799 [0.2500, 1]
Mean TX power: [0.0000 0.0000 0.0000 0.0000]
TX power counts:
[[ -82  -79  -62]
 [  45  211 8596]]
[[ -82  -79  -62]
 [  26  506 6361]]
[[ -82  -79  -62]
 [  30   97 9217]]
[[ -82  -79  -62]
 [  41  541 6436]]
Mean PCS: [-62.5069 -63.3234 -62.2407 -63.4273]
Mean MCS: [7.0000 7.0000 7.0000 7.0000]

Last 20 seconds of simulation:
Mean throughputs: [54.6421 54.6709 59.0442 57.7457]
Aggregate throughput: 226.1029
Min-Max: 4.4021
JFI: 0.9671 [0.2500, 1]
Mean TX power: [0.0000 0.0000 0.0000 0.0000]
TX power counts:
[[ -82  -79  -62]
 [   1    3 3247]]
[[ -79  -62]
 [   5 3243]]
[[ -82  -79  -62]
 [   1    2 3510]]
[[ -82  -79  -62]
 [   2    1 3427]]
Mean PCS: [-62.0218 -62.0262 -62.0154 -62.0166]
Mean MCS: [7.0000 7.0000 7.0000 7.0000]
Simulation time: 60 s
Waiting for simulation script to connect on port: tcp://localhost:5555
Please start proper ns-3 simulation script using ./waf --run "..."
Start
Progress: 0% 10% 20% 30% 40% 50% 60% 70% 80% 90% 100%
Done
Final step: 34723
Node 0, (CST, Tx power, MCS) = (-79.0,  0, 7) - (mean, std): (0.713624120358226866, 0.064684622735315084)    played    11.28 s,        238 time(s)
Node 0, (CST, Tx power, MCS) = (-82.0,  0, 7) - (mean, std): (0.345654458954865684, 0.174077655955697852)    played     2.65 s,         32 time(s)
Node 0, (CST, Tx power, MCS) = (-62.0,  0, 7) - (mean, std): (0.931765900868249397, 0.010979071877276470)    played    46.07 s,       8295 time(s)
                                                                                                           played    60.00 s,       8565 time(s)

Node 1, (CST, Tx power, MCS) = (-79.0,  0, 7) - (mean, std): (0.661434196478074776, 0.086066296582387042)    played     9.27 s,        134 time(s)
Node 1, (CST, Tx power, MCS) = (-82.0,  0, 7) - (mean, std): (0.290602863635226694, 0.185695338177051861)    played     3.75 s,         28 time(s)
Node 1, (CST, Tx power, MCS) = (-62.0,  0, 7) - (mean, std): (0.930793859555286818, 0.010874062747155024)    played    46.98 s,       8456 time(s)
                                                                                                           played    60.00 s,       8618 time(s)

Node 2, (CST, Tx power, MCS) = (-79.0,  0, 7) - (mean, std): (0.584116272006110160, 0.106600358177805221)    played     7.49 s,         87 time(s)
Node 2, (CST, Tx power, MCS) = (-82.0,  0, 7) - (mean, std): (0.274739561244233099, 0.188982236504613599)    played     3.71 s,         27 time(s)
Node 2, (CST, Tx power, MCS) = (-62.0,  0, 7) - (mean, std): (0.930347996880286798, 0.010669739994407998)    played    48.79 s,       8783 time(s)
                                                                                                           played    59.99 s,       8897 time(s)

Node 3, (CST, Tx power, MCS) = (-79.0,  0, 7) - (mean, std): (0.694925172744293551, 0.072168783648703216)    played     9.99 s,        191 time(s)
Node 3, (CST, Tx power, MCS) = (-82.0,  0, 7) - (mean, std): (0.265898292867349839, 0.192450089729875262)    played     3.25 s,         26 time(s)
Node 3, (CST, Tx power, MCS) = (-62.0,  0, 7) - (mean, std): (0.931967723828329708, 0.010893401305464637)    played    46.75 s,       8426 time(s)
                                                                                                           played    60.00 s,       8643 time(s)

Mean throughputs: [47.8420 48.0629 49.6154 48.2475]
Aggregate throughput: 193.7678
Min-Max: 1.7735
JFI: 0.9859 [0.2500, 1]
Mean TX power: [0.0000 0.0000 0.0000 0.0000]
TX power counts:
[[ -82  -79  -62]
 [  32  238 8295]]
[[ -82  -79  -62]
 [  28  134 8456]]
[[ -82  -79  -62]
 [  27   87 8783]]
[[ -82  -79  -62]
 [  26  191 8426]]
Mean PCS: [-62.5471 -62.3293 -62.2269 -62.4358]
Mean MCS: [7.0000 7.0000 7.0000 7.0000]

Last 20 seconds of simulation:
Mean throughputs: [56.8875 59.1401 56.1158 58.9158]
Aggregate throughput: 231.0591
Min-Max: 3.0243
JFI: 0.9781 [0.2500, 1]
Mean TX power: [0.0000 0.0000 0.0000 0.0000]
TX power counts:
[[ -79  -62]
 [   4 3386]]
[[ -82  -62]
 [   1 3518]]
[[ -82  -79  -62]
 [   1    2 3336]]
[[ -79  -62]
 [   5 3503]]
Mean PCS: [-62.0201 -62.0057 -62.0162 -62.0242]
Mean MCS: [7.0000 7.0000 7.0000 7.0000]
Simulation time: 60 s
Waiting for simulation script to connect on port: tcp://localhost:5555
Please start proper ns-3 simulation script using ./waf --run "..."
Start
Progress: 0% 10% 20% 30% 40% 50% 60% 70% 80% 90% 100%
Done
Final step: 33156
Node 0, (CST, Tx power, MCS) = (-79.0,  0, 7) - (mean, std): (0.683829247724141109, 0.071795815861773804)    played    10.23 s,        193 time(s)
Node 0, (CST, Tx power, MCS) = (-82.0,  0, 7) - (mean, std): (0.213383307802843009, 0.204124145231931509)    played     3.08 s,         23 time(s)
Node 0, (CST, Tx power, MCS) = (-62.0,  0, 7) - (mean, std): (0.924888474548439810, 0.010910894511799619)    played    46.69 s,       8399 time(s)
                                                                                                           played    60.00 s,       8615 time(s)

Node 1, (CST, Tx power, MCS) = (-79.0,  0, 7) - (mean, std): (0.759846971914412417, 0.051502620262460476)    played    13.77 s,        376 time(s)
Node 1, (CST, Tx power, MCS) = (-82.0,  0, 7) - (mean, std): (0.322368239142010571, 0.164398987305357291)    played     2.96 s,         36 time(s)
Node 1, (CST, Tx power, MCS) = (-62.0,  0, 7) - (mean, std): (0.925973877655200561, 0.011338772208973689)    played    43.26 s,       7777 time(s)
                                                                                                           played    60.00 s,       8189 time(s)

Node 2, (CST, Tx power, MCS) = (-79.0,  0, 7) - (mean, std): (0.731107169567217330, 0.059131239598908258)    played    10.25 s,        285 time(s)
Node 2, (CST, Tx power, MCS) = (-82.0,  0, 7) - (mean, std): (0.364836347579991782, 0.150755672288881815)    played     4.31 s,         43 time(s)
Node 2, (CST, Tx power, MCS) = (-62.0,  0, 7) - (mean, std): (0.927660993377952381, 0.011054617607630527)    played    45.43 s,       8182 time(s)
                                                                                                           played    60.00 s,       8510 time(s)

Node 3, (CST, Tx power, MCS) = (-79.0,  0, 7) - (mean, std): (0.779624125182578509, 0.044766148103584522)    played    16.06 s,        498 time(s)
Node 3, (CST, Tx power, MCS) = (-82.0,  0, 7) - (mean, std): (0.209628217377525822, 0.204124145231931509)    played     3.18 s,         23 time(s)
Node 3, (CST, Tx power, MCS) = (-62.0,  0, 7) - (mean, std): (0.925842077079653714, 0.011686518145469218)    played    40.76 s,       7321 time(s)
                                                                                                           played    60.00 s,       7842 time(s)

Mean throughputs: [47.7807 45.4412 47.3373 43.5351]
Aggregate throughput: 184.0943
Min-Max: 4.2456
JFI: 0.9647 [0.2500, 1]
Mean TX power: [0.0000 0.0000 0.0000 0.0000]
TX power counts:
[[ -82  -79  -62]
 [  23  193 8399]]
[[ -82  -79  -62]
 [  36  376 7777]]
[[ -82  -79  -62]
 [  43  285 8182]]
[[ -82  -79  -62]
 [  23  498 7321]]
Mean PCS: [-62.4342 -62.8685 -62.6704 -63.1382]
Mean MCS: [7.0000 7.0000 7.0000 7.0000]

Last 20 seconds of simulation:
Mean throughputs: [57.2438 55.9057 54.3685 50.4269]
Aggregate throughput: 217.9449
Min-Max: 6.8169
JFI: 0.9552 [0.2500, 1]
Mean TX power: [0.0000 0.0000 0.0000 0.0000]
TX power counts:
[[ -82  -79  -62]
 [   2    1 3495]]
[[ -82  -79  -62]
 [   3    1 3332]]
[[ -82  -79  -62]
 [   3    2 3235]]
[[ -82  -79  -62]
 [   3    8 2997]]
Mean PCS: [-62.0163 -62.0231 -62.0290 -62.0652]
Mean MCS: [7.0000 7.0000 7.0000 7.0000]
Simulation time: 60 s
Waiting for simulation script to connect on port: tcp://localhost:5555
Please start proper ns-3 simulation script using ./waf --run "..."
Start
Progress: 0% 10% 20% 30% 40% 50% 60% 70% 80% 90% 100%
Done
Final step: 32677
Node 0, (CST, Tx power, MCS) = (-79.0,  0, 7) - (mean, std): (0.801944867040546239, 0.038320083261967369)    played    19.77 s,        680 time(s)
Node 0, (CST, Tx power, MCS) = (-82.0,  0, 7) - (mean, std): (0.351137913233662835, 0.169030850945703304)    played     2.09 s,         34 time(s)
Node 0, (CST, Tx power, MCS) = (-62.0,  0, 7) - (mean, std): (0.927122259458669884, 0.012069234602463137)    played    38.14 s,       6864 time(s)
                                                                                                           played    60.00 s,       7578 time(s)

Node 1, (CST, Tx power, MCS) = (-79.0,  0, 7) - (mean, std): (0.755888847886257764, 0.052631578947368418)    played    10.88 s,        360 time(s)
Node 1, (CST, Tx power, MCS) = (-82.0,  0, 7) - (mean, std): (0.458407519787537465, 0.141421356237309503)    played     4.49 s,         49 time(s)
Node 1, (CST, Tx power, MCS) = (-62.0,  0, 7) - (mean, std): (0.926812818172711106, 0.011156657127357012)    played    44.63 s,       8033 time(s)
                                                                                                           played    59.99 s,       8442 time(s)

Node 2, (CST, Tx power, MCS) = (-79.0,  0, 7) - (mean, std): (0.781740437482238981, 0.046726931351599776)    played    14.73 s,        457 time(s)
Node 2, (CST, Tx power, MCS) = (-82.0,  0, 7) - (mean, std): (0.290699192405155682, 0.179605302026774910)    played     3.45 s,         30 time(s)
Node 2, (CST, Tx power, MCS) = (-62.0,  0, 7) - (mean, std): (0.927847767315654215, 0.011526276724721122)    played    41.81 s,       7526 time(s)
                                                                                                           played    60.00 s,       8013 time(s)

Node 3, (CST, Tx power, MCS) = (-79.0,  0, 7) - (mean, std): (0.706768248446053016, 0.064820372355216441)    played    11.06 s,        237 time(s)
Node 3, (CST, Tx power, MCS) = (-82.0,  0, 7) - (mean, std): (0.254069257256050396, 0.188982236504613599)    played     2.35 s,         27 time(s)
Node 3, (CST, Tx power, MCS) = (-62.0,  0, 7) - (mean, std): (0.926354381587442655, 0.010923255186885403)    played    46.58 s,       8380 time(s)
                                                                                                           played    60.00 s,       8644 time(s)

Mean throughputs: [42.1438 46.9304 44.5774 48.0254]
Aggregate throughput: 181.6770
Min-Max: 5.8816
JFI: 0.9525 [0.2500, 1]
Mean TX power: [0.0000 0.0000 0.0000 0.0000]
TX power counts:
[[ -82  -79  -62]
 [  34  680 6864]]
[[ -82  -79  -62]
 [  49  360 8033]]
[[ -82  -79  -62]
 [  30  457 7526]]
[[ -82  -79  -62]
 [  27  237 8380]]
Mean PCS: [-63.6152 -62.8410 -63.0444 -62.5286]
Mean MCS: [7.0000 7.0000 7.0000 7.0000]

Last 20 seconds of simulation:
Mean throughputs: [56.2733 55.9045 54.4968 54.4515]
Aggregate throughput: 221.1262
Min-Max: 1.8218
JFI: 0.9854 [0.2500, 1]
Mean TX power: [0.0000 0.0000 0.0000 0.0000]
TX power counts:
[[ -82  -79  -62]
 [   1    3 3347]]
[[ -82  -79  -62]
 [   1    3 3323]]
[[ -82  -79  -62]
 [   2    4 3242]]
[[ -82  -79  -62]
 [   2    3 3231]]
Mean PCS: [-62.0212 -62.0213 -62.0333 -62.0281]
Mean MCS: [7.0000 7.0000 7.0000 7.0000]
Simulation time: 60 s
Waiting for simulation script to connect on port: tcp://localhost:5555
Please start proper ns-3 simulation script using ./waf --run "..."
Start
Progress: 0% 10% 20% 30% 40% 50% 60% 70% 80% 90% 100%
Done
Final step: 34685
Node 0, (CST, Tx power, MCS) = (-79.0,  0, 7) - (mean, std): (0.725567640957515025, 0.059868434008924970)    played    11.16 s,        278 time(s)
Node 0, (CST, Tx power, MCS) = (-82.0,  0, 7) - (mean, std): (0.230982043075644045, 0.200000000000000011)    played     3.09 s,         24 time(s)
Node 0, (CST, Tx power, MCS) = (-62.0,  0, 7) - (mean, std): (0.928718492742770740, 0.011019660081788105)    played    45.74 s,       8234 time(s)
                                                                                                           played    59.99 s,       8536 time(s)

Node 1, (CST, Tx power, MCS) = (-79.0,  0, 7) - (mean, std): (0.542047145465307523, 0.112508790092602395)    played     6.90 s,         78 time(s)
Node 1, (CST, Tx power, MCS) = (-82.0,  0, 7) - (mean, std): (0.278442206563960626, 0.185695338177051861)    played     3.62 s,         28 time(s)
Node 1, (CST, Tx power, MCS) = (-62.0,  0, 7) - (mean, std): (0.928135913594228534, 0.010596407579073907)    played    49.48 s,       8905 time(s)
                                                                                                           played    60.00 s,       9011 time(s)

Node 2, (CST, Tx power, MCS) = (-79.0,  0, 7) - (mean, std): (0.733045962397213313, 0.058321184351980429)    played    11.08 s,        293 time(s)
Node 2, (CST, Tx power, MCS) = (-82.0,  0, 7) - (mean, std): (0.240969912844220119, 0.192450089729875262)    played     3.08 s,         26 time(s)
Node 2, (CST, Tx power, MCS) = (-62.0,  0, 7) - (mean, std): (0.930368036984809299, 0.011006969618351230)    played    45.83 s,       8253 time(s)
                                                                                                           played    60.00 s,       8572 time(s)

Node 3, (CST, Tx power, MCS) = (-79.0,  0, 7) - (mean, std): (0.741273116714845970, 0.056796183424706478)    played    10.84 s,        309 time(s)
Node 3, (CST, Tx power, MCS) = (-82.0,  0, 7) - (mean, std): (0.328895543230847021, 0.174077655955697852)    played     3.52 s,         32 time(s)
Node 3, (CST, Tx power, MCS) = (-62.0,  0, 7) - (mean, std): (0.930275764689693418, 0.011025686694260375)    played    45.64 s,       8225 time(s)
                                                                                                           played    59.99 s,       8566 time(s)

Mean throughputs: [47.5260 50.1764 47.8047 47.7803]
Aggregate throughput: 193.2874
Min-Max: 2.6503
JFI: 0.9782 [0.2500, 1]
Mean TX power: [0.0000 0.0000 0.0000 0.0000]
TX power counts:
[[ -82  -79  -62]
 [  24  278 8234]]
[[ -82  -79  -62]
 [  28   78 8905]]
[[ -82  -79  -62]
 [  26  293 8253]]
[[ -82  -79  -62]
 [  32  309 8225]]
Mean PCS: [-62.6099 -62.2093 -62.6417 -62.6880]
Mean MCS: [7.0000 7.0000 7.0000 7.0000]

Last 20 seconds of simulation:
Mean throughputs: [59.3216 57.7041 53.8010 56.2374]
Aggregate throughput: 227.0641
Min-Max: 5.5206
JFI: 0.9655 [0.2500, 1]
Mean TX power: [0.0000 0.0000 0.0000 0.0000]
TX power counts:
[[ -79  -62]
 [   2 3519]]
[[ -82  -79  -62]
 [   1    1 3429]]
[[ -82  -79  -62]
 [   2    4 3193]]
[[ -82  -79  -62]
 [   1    3 3360]]
Mean PCS: [-62.0097 -62.0108 -62.0338 -62.0211]
Mean MCS: [7.0000 7.0000 7.0000 7.0000]
Simulation time: 60 s
Waiting for simulation script to connect on port: tcp://localhost:5555
Please start proper ns-3 simulation script using ./waf --run "..."
Start
Progress: 0% 10% 20% 30% 40% 50% 60% 70% 80% 90% 100%
Done
Final step: 36078
Node 0, (CST, Tx power, MCS) = (-79.0,  0, 7) - (mean, std): (0.663463894348877092, 0.081378845877115941)    played     7.33 s,        150 time(s)
Node 0, (CST, Tx power, MCS) = (-82.0,  0, 7) - (mean, std): (0.347847840721176249, 0.166666666666666657)    played     2.81 s,         35 time(s)
Node 0, (CST, Tx power, MCS) = (-62.0,  0, 7) - (mean, std): (0.929157853976058212, 0.010590463556853186)    played    49.53 s,       8915 time(s)
                                                                                                           played    59.66 s,       9100 time(s)

Node 1, (CST, Tx power, MCS) = (-79.0,  0, 7) - (mean, std): (0.664319364566794746, 0.080064076902543566)    played     8.20 s,        155 time(s)
Node 1, (CST, Tx power, MCS) = (-82.0,  0, 7) - (mean, std): (0.200163677444809812, 0.192450089729875262)    played     5.15 s,         26 time(s)
Node 1, (CST, Tx power, MCS) = (-62.0,  0, 7) - (mean, std): (0.930238003733012020, 0.010916744335030258)    played    46.65 s,       8390 time(s)
                                                                                                           played    60.00 s,       8571 time(s)

Node 2, (CST, Tx power, MCS) = (-79.0,  0, 7) - (mean, std): (0.428107638385241018, 0.145864991497894558)    played     4.32 s,         46 time(s)
Node 2, (CST, Tx power, MCS) = (-82.0,  0, 7) - (mean, std): (0.275912571299458953, 0.196116135138184045)    played     2.36 s,         25 time(s)
Node 2, (CST, Tx power, MCS) = (-62.0,  0, 7) - (mean, std): (0.929352954874766102, 0.010203019316098972)    played    53.31 s,       9605 time(s)
                                                                                                           played    59.99 s,       9676 time(s)

Node 3, (CST, Tx power, MCS) = (-79.0,  0, 7) - (mean, std): (0.712036552693531943, 0.065232807305344226)    played    10.19 s,        234 time(s)
Node 3, (CST, Tx power, MCS) = (-82.0,  0, 7) - (mean, std): (0.227800240971334195, 0.196116135138184045)    played     2.73 s,         25 time(s)
Node 3, (CST, Tx power, MCS) = (-62.0,  0, 7) - (mean, std): (0.930386841274025156, 0.010863790870736028)    played    47.07 s,       8472 time(s)
                                                                                                           played    60.00 s,       8731 time(s)

Mean throughputs: [51.0100 47.7861 53.9563 48.7102]
Aggregate throughput: 201.4626
Min-Max: 6.1702
JFI: 0.9548 [0.2500, 1]
Mean TX power: [0.0000 0.0000 0.0000 0.0000]
TX power counts:
[[ -82  -79  -62]
 [  35  150 8915]]
[[ -82  -79  -62]
 [  26  155 8390]]
[[ -82  -79  -62]
 [  25   46 9605]]
[[ -82  -79  -62]
 [  25  234 8472]]
Mean PCS: [-62.3571 -62.3681 -62.1325 -62.5129]
Mean MCS: [7.0000 7.0000 7.0000 7.0000]

Last 20 seconds of simulation:
Mean throughputs: [52.9156 56.2259 57.7379 57.6886]
Aggregate throughput: 224.5681
Min-Max: 4.8223
JFI: 0.9663 [0.2500, 1]
Mean TX power: [0.0000 0.0000 0.0000 0.0000]
TX power counts:
[[ -82  -79  -62]
 [   2    3 3095]]
[[ -82  -79  -62]
 [   2    1 3339]]
[[ -82  -79  -62]
 [   1    1 3428]]
[[ -82  -62]
 [   2 3430]]
Mean PCS: [-62.0294 -62.0171 -62.0108 -62.0117]
Mean MCS: [7.0000 7.0000 7.0000 7.0000]
Simulation time: 60 s
Waiting for simulation script to connect on port: tcp://localhost:5555
Please start proper ns-3 simulation script using ./waf --run "..."
Start
Progress: 0% 10% 20% 30% 40% 50% 60% 70% 80% 90% 100%
Done
Final step: 34967
Node 0, (CST, Tx power, MCS) = (-79.0,  0, 7) - (mean, std): (0.680448213208678876, 0.074124931666110117)    played    10.39 s,        181 time(s)
Node 0, (CST, Tx power, MCS) = (-82.0,  0, 7) - (mean, std): (0.266872391579574264, 0.192450089729875262)    played     2.43 s,         26 time(s)
Node 0, (CST, Tx power, MCS) = (-62.0,  0, 7) - (mean, std): (0.930346560091080854, 0.010848437490028231)    played    47.18 s,       8496 time(s)
                                                                                                           played    60.00 s,       8703 time(s)

Node 1, (CST, Tx power, MCS) = (-79.0,  0, 7) - (mean, std): (0.659184695729664316, 0.078567420131838608)    played     9.35 s,        161 time(s)
Node 1, (CST, Tx power, MCS) = (-82.0,  0, 7) - (mean, std): (0.225033481411070407, 0.204124145231931509)    played     3.62 s,         23 time(s)
Node 1, (CST, Tx power, MCS) = (-62.0,  0, 7) - (mean, std): (0.929012261425123942, 0.010866356110646807)    played    47.03 s,       8468 time(s)
                                                                                                           played    60.00 s,       8652 time(s)

Node 2, (CST, Tx power, MCS) = (-79.0,  0, 7) - (mean, std): (0.678443310148102330, 0.077615052570633294)    played     9.17 s,        165 time(s)
Node 2, (CST, Tx power, MCS) = (-82.0,  0, 7) - (mean, std): (0.288671856484120914, 0.182574185835055358)    played     2.97 s,         29 time(s)
Node 2, (CST, Tx power, MCS) = (-62.0,  0, 7) - (mean, std): (0.931079693199014069, 0.010771385261753922)    played    47.85 s,       8618 time(s)
                                                                                                           played    60.00 s,       8812 time(s)

Node 3, (CST, Tx power, MCS) = (-79.0,  0, 7) - (mean, std): (0.733926023264057314, 0.061898446059017287)    played     8.92 s,        260 time(s)
Node 3, (CST, Tx power, MCS) = (-82.0,  0, 7) - (mean, std): (0.279981780634835420, 0.176776695296636893)    played     3.88 s,         31 time(s)
Node 3, (CST, Tx power, MCS) = (-62.0,  0, 7) - (mean, std): (0.930765089787052080, 0.010840148207519447)    played    47.20 s,       8509 time(s)
                                                                                                           played    59.99 s,       8800 time(s)

Mean throughputs: [48.5237 48.1946 49.1720 49.0867]
Aggregate throughput: 194.9771
Min-Max: 0.9774
JFI: 0.9918 [0.2500, 1]
Mean TX power: [0.0000 0.0000 0.0000 0.0000]
TX power counts:
[[ -82  -79  -62]
 [  26  181 8496]]
[[ -82  -79  -62]
 [  23  161 8468]]
[[ -82  -79  -62]
 [  29  165 8618]]
[[ -82  -79  -62]
 [  31  260 8509]]
Mean PCS: [-62.4133 -62.3695 -62.3841 -62.5727]
Mean MCS: [7.0000 7.0000 7.0000 7.0000]

Last 20 seconds of simulation:
Mean throughputs: [56.1025 57.6160 58.6351 56.2365]
Aggregate throughput: 228.5901
Min-Max: 2.5325
JFI: 0.9821 [0.2500, 1]
Mean TX power: [0.0000 0.0000 0.0000 0.0000]
TX power counts:
[[ -79  -62]
 [   4 3335]]
[[ -82  -79  -62]
 [   1    1 3517]]
[[ -79  -62]
 [   3 3478]]
[[ -82  -62]
 [   3 3338]]
Mean PCS: [-62.0204 -62.0105 -62.0147 -62.0180]
Mean MCS: [7.0000 7.0000 7.0000 7.0000]
Simulation time: 60 s
Waiting for simulation script to connect on port: tcp://localhost:5555
Please start proper ns-3 simulation script using ./waf --run "..."
Start
Progress: 0% 10% 20% 30% 40% 50% 60% 70% 80% 90% 100%
Done
Final step: 32943
Node 0, (CST, Tx power, MCS) = (-79.0,  0, 7) - (mean, std): (0.724524151551382056, 0.066815310478106099)    played     9.84 s,        223 time(s)
Node 0, (CST, Tx power, MCS) = (-82.0,  0, 7) - (mean, std): (0.284445411778948776, 0.185695338177051861)    played     2.72 s,         28 time(s)
Node 0, (CST, Tx power, MCS) = (-62.0,  0, 7) - (mean, std): (0.930152545471546577, 0.010821724992750192)    played    47.43 s,       8538 time(s)
                                                                                                           played    60.00 s,       8789 time(s)

Node 1, (CST, Tx power, MCS) = (-79.0,  0, 7) - (mean, std): (0.638260082790250372, 0.086386842558136015)    played    11.42 s,        133 time(s)
Node 1, (CST, Tx power, MCS) = (-82.0,  0, 7) - (mean, std): (0.246986044804467397, 0.196116135138184045)    played     3.92 s,         25 time(s)
Node 1, (CST, Tx power, MCS) = (-62.0,  0, 7) - (mean, std): (0.927273288442486132, 0.011162911443718952)    played    44.65 s,       8024 time(s)
                                                                                                           played    60.00 s,       8182 time(s)

Node 2, (CST, Tx power, MCS) = (-79.0,  0, 7) - (mean, std): (0.790057567033579877, 0.044901325506693728)    played    15.95 s,        495 time(s)
Node 2, (CST, Tx power, MCS) = (-82.0,  0, 7) - (mean, std): (0.309641061394497930, 0.171498585142508847)    played     3.22 s,         33 time(s)
Node 2, (CST, Tx power, MCS) = (-62.0,  0, 7) - (mean, std): (0.930230515223484877, 0.011733081361598303)    played    40.39 s,       7263 time(s)
                                                                                                           played    59.56 s,       7791 time(s)

Node 3, (CST, Tx power, MCS) = (-79.0,  0, 7) - (mean, std): (0.735509480865153775, 0.062745580513815860)    played    12.77 s,        253 time(s)
Node 3, (CST, Tx power, MCS) = (-82.0,  0, 7) - (mean, std): (0.410754666849653394, 0.142857142857142849)    played     3.45 s,         48 time(s)
Node 3, (CST, Tx power, MCS) = (-62.0,  0, 7) - (mean, std): (0.930023488486110828, 0.011264433000871051)    played    43.78 s,       7880 time(s)
                                                                                                           played    60.00 s,       8181 time(s)

Mean throughputs: [49.0290 45.4720 43.7402 45.5886]
Aggregate throughput: 183.8298
Min-Max: 5.2887
JFI: 0.9599 [0.2500, 1]
Mean TX power: [0.0000 0.0000 0.0000 0.0000]
TX power counts:
[[ -82  -79  -62]
 [  28  223 8538]]
[[ -82  -79  -62]
 [  25  133 8024]]
[[ -82  -79  -62]
 [  33  495 7263]]
[[ -82  -79  -62]
 [  48  253 7880]]
Mean PCS: [-62.4951 -62.3374 -63.1648 -62.6431]
Mean MCS: [7.0000 7.0000 7.0000 7.0000]

Last 20 seconds of simulation:
Mean throughputs: [59.1558 54.7422 56.1078 53.1090]
Aggregate throughput: 223.1149
Min-Max: 6.0468
JFI: 0.9617 [0.2500, 1]
Mean TX power: [0.0000 0.0000 0.0000 0.0000]
TX power counts:
[[ -82  -79  -62]
 [   1    2 3506]]
[[ -79  -62]
 [   4 3248]]
[[ -82  -79  -62]
 [   1    3 3256]]
[[ -82  -79  -62]
 [   2    3 3156]]
Mean PCS: [-62.0154 -62.0209 -62.0218 -62.0288]
Mean MCS: [7.0000 7.0000 7.0000 7.0000]
Simulation time: 60 s
Waiting for simulation script to connect on port: tcp://localhost:5555
Please start proper ns-3 simulation script using ./waf --run "..."
Start
Progress: 0% 10% 20% 30% 40% 50% 60% 70% 80% 90% 100%
Done
Final step: 33662
Node 0, (CST, Tx power, MCS) = (-79.0,  0, 7) - (mean, std): (0.773324733851023738, 0.046324105461207944)    played    15.18 s,        465 time(s)
Node 0, (CST, Tx power, MCS) = (-82.0,  0, 7) - (mean, std): (0.191338117137305752, 0.204124145231931509)    played     2.90 s,         23 time(s)
Node 0, (CST, Tx power, MCS) = (-62.0,  0, 7) - (mean, std): (0.928428248428742720, 0.011507944662662089)    played    41.92 s,       7550 time(s)
                                                                                                           played    59.99 s,       8038 time(s)

Node 1, (CST, Tx power, MCS) = (-79.0,  0, 7) - (mean, std): (0.756751979516788187, 0.050702012656339383)    played    13.53 s,        388 time(s)
Node 1, (CST, Tx power, MCS) = (-82.0,  0, 7) - (mean, std): (0.348281479198409571, 0.164398987305357291)    played     2.79 s,         36 time(s)
Node 1, (CST, Tx power, MCS) = (-62.0,  0, 7) - (mean, std): (0.927817081116827258, 0.011277318915094843)    played    43.67 s,       7862 time(s)
                                                                                                           played    59.99 s,       8286 time(s)

Node 2, (CST, Tx power, MCS) = (-79.0,  0, 7) - (mean, std): (0.690732193201651135, 0.071611487403943283)    played     9.45 s,        194 time(s)
Node 2, (CST, Tx power, MCS) = (-82.0,  0, 7) - (mean, std): (0.332255796665915648, 0.182574185835055358)    played     2.25 s,         29 time(s)
Node 2, (CST, Tx power, MCS) = (-62.0,  0, 7) - (mean, std): (0.929103762454979054, 0.010721741558129204)    played    48.29 s,       8698 time(s)
                                                                                                           played    59.99 s,       8921 time(s)

Node 3, (CST, Tx power, MCS) = (-79.0,  0, 7) - (mean, std): (0.692490953632156736, 0.072168783648703216)    played     9.99 s,        191 time(s)
Node 3, (CST, Tx power, MCS) = (-82.0,  0, 7) - (mean, std): (0.166694014776753857, 0.213200716355610442)    played     4.42 s,         21 time(s)
Node 3, (CST, Tx power, MCS) = (-62.0,  0, 7) - (mean, std): (0.927677896041191108, 0.011039114645521094)    played    45.59 s,       8205 time(s)
                                                                                                           played    60.00 s,       8417 time(s)

Mean throughputs: [44.7378 46.0995 49.7052 46.8015]
Aggregate throughput: 187.3440
Min-Max: 4.9674
JFI: 0.9627 [0.2500, 1]
Mean TX power: [0.0000 0.0000 0.0000 0.0000]
TX power counts:
[[ -82  -79  -62]
 [  23  465 7550]]
[[ -82  -79  -62]
 [  36  388 7862]]
[[ -82  -79  -62]
 [  29  194 8698]]
[[ -82  -79  -62]
 [  21  191 8205]]
Mean PCS: [-63.0407 -62.8829 -62.4347 -62.4357]
Mean MCS: [7.0000 7.0000 7.0000 7.0000]

Last 20 seconds of simulation:
Mean throughputs: [51.8549 56.0267 59.2655 56.2481]
Aggregate throughput: 223.3952
Min-Max: 7.4106
JFI: 0.9549 [0.2500, 1]
Mean TX power: [0.0000 0.0000 0.0000 0.0000]
TX power counts:
[[ -82  -79  -62]
 [   3    7 3075]]
[[ -82  -79  -62]
 [   1    4 3332]]
[[ -79  -62]
 [   2 3516]]
[[ -82  -79  -62]
 [   1    2 3396]]
Mean PCS: [-62.0580 -62.0264 -62.0097 -62.0159]
Mean MCS: [7.0000 7.0000 7.0000 7.0000]
Simulation time: 60 s
Waiting for simulation script to connect on port: tcp://localhost:5555
Please start proper ns-3 simulation script using ./waf --run "..."
Start
Progress: 0% 10% 20% 30% 40% 50% 60% 70% 80% 90% 100%
Done
Final step: 37908
Node 0, (CST, Tx power, MCS) = (-79.0,  0, 7) - (mean, std): (0.618237137017363603, 0.092057461789832332)    played     6.54 s,        117 time(s)
Node 0, (CST, Tx power, MCS) = (-82.0,  0, 7) - (mean, std): (0.314793193902356438, 0.176776695296636893)    played     3.49 s,         31 time(s)
Node 0, (CST, Tx power, MCS) = (-62.0,  0, 7) - (mean, std): (0.930955736302873982, 0.010536243799027241)    played    49.97 s,       9007 time(s)
                                                                                                           played    60.00 s,       9155 time(s)

Node 1, (CST, Tx power, MCS) = (-79.0,  0, 7) - (mean, std): (0.450025308537972735, 0.141421356237309503)    played     3.26 s,         49 time(s)
Node 1, (CST, Tx power, MCS) = (-82.0,  0, 7) - (mean, std): (0.251212573889967872, 0.188982236504613599)    played     4.57 s,         27 time(s)
Node 1, (CST, Tx power, MCS) = (-62.0,  0, 7) - (mean, std): (0.932568372121062694, 0.010309278350515464)    played    52.17 s,       9408 time(s)
                                                                                                           played    60.00 s,       9484 time(s)

Node 2, (CST, Tx power, MCS) = (-79.0,  0, 7) - (mean, std): (0.642941931661806132, 0.083624201000709081)    played     6.00 s,        142 time(s)
Node 2, (CST, Tx power, MCS) = (-82.0,  0, 7) - (mean, std): (0.371135242669842824, 0.160128153805087131)    played     2.46 s,         38 time(s)
Node 2, (CST, Tx power, MCS) = (-62.0,  0, 7) - (mean, std): (0.930049780502818058, 0.010376213439411506)    played    51.54 s,       9287 time(s)
                                                                                                           played    60.00 s,       9467 time(s)

Node 3, (CST, Tx power, MCS) = (-79.0,  0, 7) - (mean, std): (0.418634837330947585, 0.150755672288881815)    played     2.91 s,         43 time(s)
Node 3, (CST, Tx power, MCS) = (-82.0,  0, 7) - (mean, std): (0.267910707561472949, 0.182574185835055358)    played     3.07 s,         29 time(s)
Node 3, (CST, Tx power, MCS) = (-62.0,  0, 7) - (mean, std): (0.930985522562608248, 0.010137275833254928)    played    54.01 s,       9730 time(s)
                                                                                                           played    60.00 s,       9802 time(s)

Mean throughputs: [51.0722 53.0265 52.8101 54.7261]
Aggregate throughput: 211.6349
Min-Max: 3.6539
JFI: 0.9761 [0.2500, 1]
Mean TX power: [0.0000 0.0000 0.0000 0.0000]
TX power counts:
[[ -82  -79  -62]
 [  31  117 9007]]
[[ -82  -79  -62]
 [  27   49 9408]]
[[ -82  -79  -62]
 [  38  142 9287]]
[[ -82  -79  -62]
 [  29   43 9730]]
Mean PCS: [-62.2850 -62.1448 -62.3353 -62.1337]
Mean MCS: [7.0000 7.0000 7.0000 7.0000]

Last 20 seconds of simulation:
Mean throughputs: [59.3276 54.7057 57.6953 57.7412]
Aggregate throughput: 229.4699
Min-Max: 4.6219
JFI: 0.9717 [0.2500, 1]
Mean TX power: [0.0000 0.0000 0.0000 0.0000]
TX power counts:
[[ -82  -62]
 [   1 3521]]
[[ -82  -79  -62]
 [   2    2 3246]]
[[ -82  -79  -62]
 [   2    1 3427]]
[[ -82  -79  -62]
 [   1    1 3430]]
Mean PCS: [-62.0057 -62.0228 -62.0166 -62.0108]
Mean MCS: [7.0000 7.0000 7.0000 7.0000]
