Simulation time: 100.0 s
Seed: 1
Waiting for simulation script to connect on port: tcp://localhost:50000
Please start proper ns-3 simulation script using ./waf --run "..."
Start
Progress: 0% 10% 20% 30% 40% 50% 60% 70% 80% 90% 100%
Done
Final step: 199
Node 0 - Refine time: -1000000000.0, UB(s): [65] Mbps
Node    CST    Tx pow                    Mean                     Std    Played (s)    Played (count)
   0    -82        23    0.131820322388059630    0.070534561585859828        100.00               200
                                                                             100.00               200    Tot

Node 1 - Refine time: -1000000000.0, UB(s): [65] Mbps
Node    CST    Tx pow                    Mean                     Std    Played (s)    Played (count)
   1    -82        23    0.053417711442786009    0.070534561585859828        100.00               200
                                                                             100.00               200    Tot

Node 2 - Refine time: -1000000000.0, UB(s): [65] Mbps
Node    CST    Tx pow                    Mean                     Std    Played (s)    Played (count)
   2    -82        23    0.032484616915422822    0.070534561585859828        100.00               200
                                                                             100.00               200    Tot

Node 3 - Refine time: -1000000000.0, UB(s): [65] Mbps
Node    CST    Tx pow                    Mean                     Std    Played (s)    Played (count)
   3    -82        23    0.556253357213928989    0.070534561585859828        100.00               200
                                                                             100.00               200    Tot

Node 4 - Refine time: -1000000000.0, UB(s): [65] Mbps
Node    CST    Tx pow                    Mean                     Std    Played (s)    Played (count)
   4    -82        23    0.065384756218905479    0.070534561585859828        100.00               200
                                                                             100.00               200    Tot

Node 5 - Refine time: -1000000000.0, UB(s): [65] Mbps
Node    CST    Tx pow                    Mean                     Std    Played (s)    Played (count)
   5    -82        23    0.069292513432835781    0.070534561585859828        100.00               200
                                                                             100.00               200    Tot

Node 6 - Refine time: -1000000000.0, UB(s): [65] Mbps
Node    CST    Tx pow                    Mean                     Std    Played (s)    Played (count)
   6    -82        23    0.060108545273631762    0.070534561585859828        100.00               200
                                                                             100.00               200    Tot

Node 7 - Refine time: -1000000000.0, UB(s): [65] Mbps
Node    CST    Tx pow                    Mean                     Std    Played (s)    Played (count)
   7    -82        23    0.027245341293532312    0.070534561585859828        100.00               200
                                                                             100.00               200    Tot

Node 8 - Refine time: -1000000000.0, UB(s): [65] Mbps
Node    CST    Tx pow                    Mean                     Std    Played (s)    Played (count)
   8    -82        23    0.051812871641790978    0.070534561585859828        100.00               200
                                                                             100.00               200    Tot

Node 9 - Refine time: -1000000000.0, UB(s): [65] Mbps
Node    CST    Tx pow                    Mean                     Std    Played (s)    Played (count)
   9    -82        23    0.639551745273631234    0.070534561585859828        100.00               200
                                                                             100.00               200    Tot

Node 10 - Refine time: -1000000000.0, UB(s): [65] Mbps
Node    CST    Tx pow                    Mean                     Std    Played (s)    Played (count)
  10    -82        23    0.614803231840795106    0.070534561585859828        100.00               200
                                                                             100.00               200    Tot

Node 11 - Refine time: -1000000000.0, UB(s): [65] Mbps
Node    CST    Tx pow                    Mean                     Std    Played (s)    Played (count)
  11    -82        23    0.039321345273631798    0.070534561585859828        100.00               200
                                                                             100.00               200    Tot

Node 12 - Refine time: -1000000000.0, UB(s): [65] Mbps
Node    CST    Tx pow                    Mean                     Std    Played (s)    Played (count)
  12    -82        23    0.043653858706467548    0.070534561585859828        100.00               200
                                                                             100.00               200    Tot

Node 13 - Refine time: -1000000000.0, UB(s): [65] Mbps
Node    CST    Tx pow                    Mean                     Std    Played (s)    Played (count)
  13    -82        23    0.035422821890547254    0.070534561585859828        100.00               200
                                                                             100.00               200    Tot

Node 14 - Refine time: -1000000000.0, UB(s): [65] Mbps
Node    CST    Tx pow                    Mean                     Std    Played (s)    Played (count)
  14    -82        23    0.061102105472636767    0.070534561585859828        100.00               200
                                                                             100.00               200    Tot

Node 15 - Refine time: -1000000000.0, UB(s): [65] Mbps
Node    CST    Tx pow                    Mean                     Std    Played (s)    Played (count)
  15    -82        23    0.061613659701492483    0.070534561585859828        100.00               200
                                                                             100.00               200    Tot

Node 16 - Refine time: -1000000000.0, UB(s): [65] Mbps
Node    CST    Tx pow                    Mean                     Std    Played (s)    Played (count)
  16    -82        23    0.548581890547263806    0.070534561585859828        100.00               200
                                                                             100.00               200    Tot

Node 17 - Refine time: -1000000000.0, UB(s): [65] Mbps
Node    CST    Tx pow                    Mean                     Std    Played (s)    Played (count)
  17    -82        23    0.018369783084577106    0.070534561585859828        100.00               200
                                                                             100.00               200    Tot

Node 18 - Refine time: -1000000000.0, UB(s): [65] Mbps
Node    CST    Tx pow                    Mean                     Std    Played (s)    Played (count)
  18    -82        23    0.044351936318407885    0.070534561585859828        100.00               200
                                                                             100.00               200    Tot

Node 19 - Refine time: -1000000000.0, UB(s): [65] Mbps
Node    CST    Tx pow                    Mean                     Std    Played (s)    Played (count)
  19    -82        23    0.133458403980099366    0.070534561585859828        100.00               200
                                                                             100.00               200    Tot

Mean throughputs: [ 8.6112  3.4895  2.1221 36.3373  4.2713  4.5265  3.9266  1.7798  3.3847
 41.7787 40.1620  2.5687  2.8517  2.3140  3.9915  4.0249 35.8361  1.2000
  2.8973  8.7182]
Aggregate throughput: 214.7919
Min-Max: 40.5787
JFI: 0.4330 [0.0500, 1]
Node 0:
  CST counts:       {-82: 200}
  Tx pow counts:    {23: 200}
Node 1:
  CST counts:       {-82: 200}
  Tx pow counts:    {23: 200}
Node 2:
  CST counts:       {-82: 200}
  Tx pow counts:    {23: 200}
Node 3:
  CST counts:       {-82: 200}
  Tx pow counts:    {23: 200}
Node 4:
  CST counts:       {-82: 200}
  Tx pow counts:    {23: 200}
Node 5:
  CST counts:       {-82: 200}
  Tx pow counts:    {23: 200}
Node 6:
  CST counts:       {-82: 200}
  Tx pow counts:    {23: 200}
Node 7:
  CST counts:       {-82: 200}
  Tx pow counts:    {23: 200}
Node 8:
  CST counts:       {-82: 200}
  Tx pow counts:    {23: 200}
Node 9:
  CST counts:       {-82: 200}
  Tx pow counts:    {23: 200}
Node 10:
  CST counts:       {-82: 200}
  Tx pow counts:    {23: 200}
Node 11:
  CST counts:       {-82: 200}
  Tx pow counts:    {23: 200}
Node 12:
  CST counts:       {-82: 200}
  Tx pow counts:    {23: 200}
Node 13:
  CST counts:       {-82: 200}
  Tx pow counts:    {23: 200}
Node 14:
  CST counts:       {-82: 200}
  Tx pow counts:    {23: 200}
Node 15:
  CST counts:       {-82: 200}
  Tx pow counts:    {23: 200}
Node 16:
  CST counts:       {-82: 200}
  Tx pow counts:    {23: 200}
Node 17:
  CST counts:       {-82: 200}
  Tx pow counts:    {23: 200}
Node 18:
  CST counts:       {-82: 200}
  Tx pow counts:    {23: 200}
Node 19:
  CST counts:       {-82: 200}
  Tx pow counts:    {23: 200}


Last 20.0 seconds of simulation:
Node 0 - Refine time: -1000000000.0, UB(s): [65] Mbps
Node    CST    Tx pow                    Mean                     Std    Played (s)    Played (count)
   0    -82        23    0.136537043478260844    0.156173761888606072         20.00              40.0
                                                                              20.00              40.0    Tot

Node 1 - Refine time: -1000000000.0, UB(s): [65] Mbps
Node    CST    Tx pow                    Mean                     Std    Played (s)    Played (count)
   1    -82        23    0.053316770186335322    0.156173761888606072         20.00              40.0
                                                                              20.00              40.0    Tot

Node 2 - Refine time: -1000000000.0, UB(s): [65] Mbps
Node    CST    Tx pow                    Mean                     Std    Played (s)    Played (count)
   2    -82        23    0.032741684472049629    0.156173761888606072         20.00              40.0
                                                                              20.00              40.0    Tot

Node 3 - Refine time: -1000000000.0, UB(s): [65] Mbps
Node    CST    Tx pow                    Mean                     Std    Played (s)    Played (count)
   3    -82        23    0.543473689440992835    0.156173761888606072         20.00              40.0
                                                                              20.00              40.0    Tot

Node 4 - Refine time: -1000000000.0, UB(s): [65] Mbps
Node    CST    Tx pow                    Mean                     Std    Played (s)    Played (count)
   4    -82        23    0.068858752795031022    0.156173761888606072         20.00              40.0
                                                                              20.00              40.0    Tot

Node 5 - Refine time: -1000000000.0, UB(s): [65] Mbps
Node    CST    Tx pow                    Mean                     Std    Played (s)    Played (count)
   5    -82        23    0.071909048447204929    0.156173761888606072         20.00              40.0
                                                                              20.00              40.0    Tot

Node 6 - Refine time: -1000000000.0, UB(s): [65] Mbps
Node    CST    Tx pow                    Mean                     Std    Played (s)    Played (count)
   6    -82        23    0.061480864596273256    0.156173761888606072         20.00              40.0
                                                                              20.00              40.0    Tot

Node 7 - Refine time: -1000000000.0, UB(s): [65] Mbps
Node    CST    Tx pow                    Mean                     Std    Played (s)    Played (count)
   7    -82        23    0.028764541614906818    0.156173761888606072         20.00              40.0
                                                                              20.00              40.0    Tot

Node 8 - Refine time: -1000000000.0, UB(s): [65] Mbps
Node    CST    Tx pow                    Mean                     Std    Played (s)    Played (count)
   8    -82        23    0.055075935403726663    0.156173761888606072         20.00              40.0
                                                                              20.00              40.0    Tot

Node 9 - Refine time: -1000000000.0, UB(s): [65] Mbps
Node    CST    Tx pow                    Mean                     Std    Played (s)    Played (count)
   9    -82        23    0.626207483229813455    0.156173761888606072         20.00              40.0
                                                                              20.00              40.0    Tot

Node 10 - Refine time: -1000000000.0, UB(s): [65] Mbps
Node    CST    Tx pow                    Mean                     Std    Played (s)    Played (count)
  10    -82        23    0.605394921739129788    0.156173761888606072         20.00              40.0
                                                                              20.00              40.0    Tot

Node 11 - Refine time: -1000000000.0, UB(s): [65] Mbps
Node    CST    Tx pow                    Mean                     Std    Played (s)    Played (count)
  11    -82        23    0.040472327950310520    0.156173761888606072         20.00              40.0
                                                                              20.00              40.0    Tot

Node 12 - Refine time: -1000000000.0, UB(s): [65] Mbps
Node    CST    Tx pow                    Mean                     Std    Played (s)    Played (count)
  12    -82        23    0.044555527950310474    0.156173761888606072         20.00              40.0
                                                                              20.00              40.0    Tot

Node 13 - Refine time: -1000000000.0, UB(s): [65] Mbps
Node    CST    Tx pow                    Mean                     Std    Played (s)    Played (count)
  13    -82        23    0.037156889440993768    0.156173761888606072         20.00              40.0
                                                                              20.00              40.0    Tot

Node 14 - Refine time: -1000000000.0, UB(s): [65] Mbps
Node    CST    Tx pow                    Mean                     Std    Played (s)    Played (count)
  14    -82        23    0.062354683229813600    0.156173761888606072         20.00              40.0
                                                                              20.00              40.0    Tot

Node 15 - Refine time: -1000000000.0, UB(s): [65] Mbps
Node    CST    Tx pow                    Mean                     Std    Played (s)    Played (count)
  15    -82        23    0.063223890683229769    0.156173761888606072         20.00              40.0
                                                                              20.00              40.0    Tot

Node 16 - Refine time: -1000000000.0, UB(s): [65] Mbps
Node    CST    Tx pow                    Mean                     Std    Played (s)    Played (count)
  16    -82        23    0.532789585093167983    0.156173761888606072         20.00              40.0
                                                                              20.00              40.0    Tot

Node 17 - Refine time: -1000000000.0, UB(s): [65] Mbps
Node    CST    Tx pow                    Mean                     Std    Played (s)    Played (count)
  17    -82        23    0.020097828571428562    0.156173761888606072         20.00              40.0
                                                                              20.00              40.0    Tot

Node 18 - Refine time: -1000000000.0, UB(s): [65] Mbps
Node    CST    Tx pow                    Mean                     Std    Played (s)    Played (count)
  18    -82        23    0.046785033540372611    0.156173761888606072         20.00              40.0
                                                                              20.00              40.0    Tot

Node 19 - Refine time: -1000000000.0, UB(s): [65] Mbps
Node    CST    Tx pow                    Mean                     Std    Played (s)    Played (count)
  19    -82        23    0.136057480745341491    0.156173761888606072         20.00              40.0
                                                                              20.00              40.0    Tot

Mean throughputs: [ 7.3343  3.4986  2.0442 39.4999  3.3411  3.8195  3.5480  1.3735  2.5141
 45.0621 42.4237  2.2548  2.6016  1.8488  3.6439  3.5836 39.7895  0.7419
  2.2463  7.9948]
Aggregate throughput: 219.1643
Min-Max: 44.3201
JFI: 0.4143 [0.0500, 1]
Node 0:
  CST counts:       {-82: 40}
  Tx pow counts:    {23: 40}
Node 1:
  CST counts:       {-82: 40}
  Tx pow counts:    {23: 40}
Node 2:
  CST counts:       {-82: 40}
  Tx pow counts:    {23: 40}
Node 3:
  CST counts:       {-82: 40}
  Tx pow counts:    {23: 40}
Node 4:
  CST counts:       {-82: 40}
  Tx pow counts:    {23: 40}
Node 5:
  CST counts:       {-82: 40}
  Tx pow counts:    {23: 40}
Node 6:
  CST counts:       {-82: 40}
  Tx pow counts:    {23: 40}
Node 7:
  CST counts:       {-82: 40}
  Tx pow counts:    {23: 40}
Node 8:
  CST counts:       {-82: 40}
  Tx pow counts:    {23: 40}
Node 9:
  CST counts:       {-82: 40}
  Tx pow counts:    {23: 40}
Node 10:
  CST counts:       {-82: 40}
  Tx pow counts:    {23: 40}
Node 11:
  CST counts:       {-82: 40}
  Tx pow counts:    {23: 40}
Node 12:
  CST counts:       {-82: 40}
  Tx pow counts:    {23: 40}
Node 13:
  CST counts:       {-82: 40}
  Tx pow counts:    {23: 40}
Node 14:
  CST counts:       {-82: 40}
  Tx pow counts:    {23: 40}
Node 15:
  CST counts:       {-82: 40}
  Tx pow counts:    {23: 40}
Node 16:
  CST counts:       {-82: 40}
  Tx pow counts:    {23: 40}
Node 17:
  CST counts:       {-82: 40}
  Tx pow counts:    {23: 40}
Node 18:
  CST counts:       {-82: 40}
  Tx pow counts:    {23: 40}
Node 19:
  CST counts:       {-82: 40}
  Tx pow counts:    {23: 40}
