Simulation time: 100.0 s
Seed: 1
Waiting for simulation script to connect on port: tcp://localhost:50000
Please start proper ns-3 simulation script using ./waf --run "..."
Start
Progress: 0% 10% 20% 30% 40% 50% 60% 70% 80% 90% 100%
Done
Final step: 7094
Node 0 - Refine time: -1000000000.0, UB(s): [65] Mbps
Node    CST    Tx pow                    Mean                     Std    Played (s)    Played (count)
   0    -82        23    0.143444553623113258    0.258198889747161098          6.18                14
   0    -77        23    0.230459591809032999    0.242535625036332969          6.15                16
   0    -72        23    0.609922440083538464    0.128036879932895975         11.37                60
   0    -67        23    0.789739435788927246    0.057448498962142609         40.57               302
   0    -62        23    0.795496322981303794    0.061199006136210460         35.65               266
                                                                              99.92               658    Tot

Node 1 - Refine time: -1000000000.0, UB(s): [65] Mbps
Node    CST    Tx pow                    Mean                     Std    Played (s)    Played (count)
   1    -82        23    0.009956735656843504    0.174077655955697852         15.47                32
   1    -77        23    0.014266825980001768    0.158113883008418971         19.11                39
   1    -72        23    0.013138120392022641    0.169030850945703304         16.93                34
   1    -67        23    0.069382187962813383    0.128036879932895975         25.34                60
   1    -62        23    0.092811447527164276    0.134839972492648424         22.79                54
                                                                              99.64               219    Tot

Node 2 - Refine time: -1000000000.0, UB(s): [65] Mbps
Node    CST    Tx pow                    Mean                     Std    Played (s)    Played (count)
   2    -82        23    0.004640000000000001    0.235702260395515839          8.50                17
   2    -77        23    0.009816177777777777    0.235702260395515839          8.50                17
   2    -72        23    0.045416263670492278    0.208514414057074771         10.63                22
   2    -67        23    0.285172227523143140    0.095782628522115137         35.91               108
   2    -62        23    0.291392662775449784    0.092847669088525930         36.41               115
                                                                              99.95               279    Tot

Node 3 - Refine time: -1000000000.0, UB(s): [65] Mbps
Node    CST    Tx pow                    Mean                     Std    Played (s)    Played (count)
   3    -82        23    0.013889066666666667    0.288675134594812866          5.50                11
   3    -77        23    0.044114145840050550    0.288675134594812866          5.27                11
   3    -72        23    0.135524511174506562    0.242535625036332969          6.91                16
   3    -67        23    0.437084122815964149    0.129099444873580549         14.62                59
   3    -62        23    0.786759074366197186    0.044151078568834795         67.60               512
                                                                              99.90               609    Tot

Node 4 - Refine time: -1000000000.0, UB(s): [65] Mbps
Node    CST    Tx pow                    Mean                     Std    Played (s)    Played (count)
   4    -82        23    0.021873955670959976    0.208514414057074771         10.25                22
   4    -77        23    0.013595555974608599    0.192450089729875262         12.68                26
   4    -72        23    0.048083826222994890    0.185695338177051861         13.50                28
   4    -67        23    0.136079681437401234    0.129099444873580549         24.08                59
   4    -62        23    0.216852484543676199    0.094491118252306799         39.07               111
                                                                              99.58               246    Tot

Node 5 - Refine time: -1000000000.0, UB(s): [65] Mbps
Node    CST    Tx pow                    Mean                     Std    Played (s)    Played (count)
   5    -82        23    0.012026880000000002    0.258198889747161098          7.00                14
   5    -77        23    0.039745389726072368    0.223606797749978964          9.05                19
   5    -72        23    0.042939809837762848    0.229415733870561772          8.30                18
   5    -67        23    0.294880125792096215    0.134839972492648424         17.11                54
   5    -62        23    0.546008213113123198    0.056254395046301198         58.32               315
                                                                              99.78               420    Tot

Node 6 - Refine time: -1000000000.0, UB(s): [65] Mbps
Node    CST    Tx pow                    Mean                     Std    Played (s)    Played (count)
   6    -82        23    0.005739323076923076    0.196116135138184045         12.50                25
   6    -77        23    0.008028918518518518    0.192450089729875262         13.00                26
   6    -72        23    0.054928169645261253    0.176776695296636893         14.72                31
   6    -67        23    0.247118021516995939    0.094072086838359728         36.82               112
   6    -62        23    0.281002237791236675    0.090535746042518531         22.85               121
                                                                              99.89               315    Tot

Node 7 - Refine time: -1000000000.0, UB(s): [65] Mbps
Node    CST    Tx pow                    Mean                     Std    Played (s)    Played (count)
   7    -82        23    0.005892800000000000    0.250000000000000000          7.50                15
   7    -77        23    0.036623481974315551    0.242535625036332969          7.55                16
   7    -72        23    0.124539410112853619    0.213200716355610442          9.67                21
   7    -67        23    0.427233891610998895    0.088388347648318447         32.66               127
   7    -62        23    0.516427518651514261    0.068842839082151427         42.57               210
                                                                              99.94               389    Tot

Node 8 - Refine time: -1000000000.0, UB(s): [65] Mbps
Node    CST    Tx pow                    Mean                     Std    Played (s)    Played (count)
   8    -82        23    0.017281422222222224    0.192450089729875262         13.00                26
   8    -77        23    0.028795107166156957    0.169030850945703304         16.30                34
   8    -72        23    0.066189469832419801    0.156173761888606072         17.70                40
   8    -67        23    0.130910385862477052    0.117041147196130554         29.32                72
   8    -62        23    0.192876716095418232    0.115470053837925163         23.28                74
                                                                              99.60               246    Tot

Node 9 - Refine time: -1000000000.0, UB(s): [65] Mbps
Node    CST    Tx pow                    Mean                     Std    Played (s)    Played (count)
   9    -82        23    0.133232257624794015    0.204124145231931509          9.40                23
   9    -77        23    0.232526237014415188    0.150755672288881815         15.08                43
   9    -72        23    0.306276484878964472    0.145864991497894558         14.64                46
   9    -67        23    0.493283309151627658    0.071611487403943283         39.37               194
   9    -62        23    0.423998047774177933    0.093250480824031381         21.45               114
                                                                              99.94               420    Tot

Node 10 - Refine time: -1000000000.0, UB(s): [65] Mbps
Node    CST    Tx pow                    Mean                     Std    Played (s)    Played (count)
  10    -82        23    0.051242199373394651    0.196116135138184045         11.57                25
  10    -77        23    0.064706473276880255    0.158113883008418971         18.88                39
  10    -72        23    0.172617966582842980    0.117041147196130554         25.92                72
  10    -67        23    0.149193101468774791    0.120385853085769198         26.54                68
  10    -62        23    0.134413441339230000    0.127000127000190505         16.73                61
                                                                              99.63               265    Tot

Node 11 - Refine time: -1000000000.0, UB(s): [65] Mbps
Node    CST    Tx pow                    Mean                     Std    Played (s)    Played (count)
  11    -82        23    0.007073422222222223    0.166666666666666657         17.50                35
  11    -77        23    0.032911087684762259    0.140028008402800969         23.69                50
  11    -72        23    0.037553090036621287    0.149071198499985985         18.88                44
  11    -67        23    0.039486188946210449    0.141421356237309503         20.56                49
  11    -62        23    0.064825830176724775    0.136082763487954339         19.36                53
                                                                              99.99               231    Tot

Node 12 - Refine time: -1000000000.0, UB(s): [65] Mbps
Node    CST    Tx pow                    Mean                     Std    Played (s)    Played (count)
  12    -82        23    0.007826133333333332    0.288675134594812866          5.50                11
  12    -77        23    0.020820945454545457    0.301511344577763629          5.00                10
  12    -72        23    0.179022433359692729    0.229415733870561772          7.65                18
  12    -67        23    0.511085889096903778    0.127000127000190505         13.74                61
  12    -62        23    0.800562621168586341    0.044108109139123088         68.06               513
                                                                              99.95               613    Tot

Node 13 - Refine time: -1000000000.0, UB(s): [65] Mbps
Node    CST    Tx pow                    Mean                     Std    Played (s)    Played (count)
  13    -82        23    0.005073066666666667    0.204124145231931509         11.50                23
  13    -77        23    0.005155552478197767    0.185695338177051861         13.86                28
  13    -72        23    0.061324784510089513    0.158113883008418971         17.57                39
  13    -67        23    0.107683291250160393    0.123091490979332738         28.24                65
  13    -62        23    0.164884226017574964    0.111803398874989482         28.64                79
                                                                              99.82               234    Tot

Node 14 - Refine time: -1000000000.0, UB(s): [65] Mbps
Node    CST    Tx pow                    Mean                     Std    Played (s)    Played (count)
  14    -82        23    0.010349056000000001    0.200000000000000011         12.00                24
  14    -77        23    0.032738973100953674    0.182574185835055358         14.01                29
  14    -72        23    0.038933401034742243    0.188982236504613599         13.13                27
  14    -67        23    0.210153967154031923    0.102062072615965754         34.17                95
  14    -62        23    0.283465526668258805    0.081110710565381272         26.20               151
                                                                              99.51               326    Tot

Node 15 - Refine time: -1000000000.0, UB(s): [65] Mbps
Node    CST    Tx pow                    Mean                     Std    Played (s)    Played (count)
  15    -82        23    0.026497259615193107    0.235702260395515839          8.07                17
  15    -77        23    0.036865830808676621    0.250000000000000000          6.85                15
  15    -72        23    0.168434526620527603    0.174077655955697852         12.99                32
  15    -67        23    0.386030697926622923    0.092450032704204863         29.14               116
  15    -62        23    0.497534863871624433    0.069843029576957816         42.79               204
                                                                              99.83               384    Tot

Node 16 - Refine time: -1000000000.0, UB(s): [65] Mbps
Node    CST    Tx pow                    Mean                     Std    Played (s)    Played (count)
  16    -82        23    0.005556751515151516    0.174077655955697852         16.00                32
  16    -77        23    0.003737897674418605    0.152498570332604666         21.00                42
  16    -72        23    0.022901477773578423    0.156173761888606072         19.22                40
  16    -67        23    0.065866660454661802    0.117851130197757920         29.43                71
  16    -62        23    0.098410300843957368    0.123091490979332738         14.22                65
                                                                              99.88               250    Tot

Node 17 - Refine time: -1000000000.0, UB(s): [65] Mbps
Node    CST    Tx pow                    Mean                     Std    Played (s)    Played (count)
  17    -82        23    0.006935578947368420    0.229415733870561772          9.00                18
  17    -77        23    0.028430197173496236    0.218217890235992362          9.80                20
  17    -72        23    0.230583489072522657    0.131306432859722544         21.96                57
  17    -67        23    0.269556345490588267    0.121267812518166485         24.41                67
  17    -62        23    0.434257412465238246    0.077151674981045956         34.67               167
                                                                              99.85               329    Tot

Node 18 - Refine time: -1000000000.0, UB(s): [65] Mbps
Node    CST    Tx pow                    Mean                     Std    Played (s)    Played (count)
  18    -82        23    0.029034125552668842    0.188982236504613599         12.68                27
  18    -77        23    0.042088461856911168    0.169030850945703304         16.13                34
  18    -72        23    0.093757848473880065    0.152498570332604666         18.91                42
  18    -67        23    0.117310422341982218    0.129099444873580549         24.73                59
  18    -62        23    0.213594797019199895    0.100503781525921210         27.30                98
                                                                              99.74               260    Tot

Node 19 - Refine time: -1000000000.0, UB(s): [65] Mbps
Node    CST    Tx pow                    Mean                     Std    Played (s)    Played (count)
  19    -82        23    0.143645091908487010    0.213200716355610442          9.52                21
  19    -77        23    0.184593481695357747    0.188982236504613599         11.69                27
  19    -72        23    0.409047419168532822    0.122169444356305223         17.19                66
  19    -67        23    0.453065244390436939    0.083624201000709081         33.05               142
  19    -62        23    0.510312269748363301    0.082760588860236795         28.36               145
                                                                              99.81               401    Tot

Mean throughputs: [41.7882  2.1931  9.1555 36.4645  5.7421 21.6031  8.6639 20.4555  5.2196
 18.6976  5.6776  1.7121 37.5304  3.8719  7.1789 19.0805  1.9035 13.2197
  6.2398 20.3866]
Aggregate throughput: 286.7843
Min-Max: 40.0760
JFI: 0.5423 [0.0500, 1]
Node 0:
  CST counts:       {-62: 267, -67: 302, -72: 60, -77: 16, -82: 14}
  Tx pow counts:    {23: 659}
Node 1:
  CST counts:       {-62: 54, -67: 61, -72: 34, -77: 39, -82: 32}
  Tx pow counts:    {23: 220}
Node 2:
  CST counts:       {-62: 115, -67: 109, -72: 22, -77: 17, -82: 17}
  Tx pow counts:    {23: 280}
Node 3:
  CST counts:       {-62: 512, -67: 60, -72: 16, -77: 11, -82: 11}
  Tx pow counts:    {23: 610}
Node 4:
  CST counts:       {-62: 112, -67: 59, -72: 28, -77: 26, -82: 22}
  Tx pow counts:    {23: 247}
Node 5:
  CST counts:       {-62: 315, -67: 55, -72: 18, -77: 19, -82: 14}
  Tx pow counts:    {23: 421}
Node 6:
  CST counts:       {-62: 122, -67: 112, -72: 31, -77: 26, -82: 25}
  Tx pow counts:    {23: 316}
Node 7:
  CST counts:       {-62: 210, -67: 128, -72: 21, -77: 16, -82: 15}
  Tx pow counts:    {23: 390}
Node 8:
  CST counts:       {-62: 75, -67: 72, -72: 40, -77: 34, -82: 26}
  Tx pow counts:    {23: 247}
Node 9:
  CST counts:       {-62: 114, -67: 195, -72: 46, -77: 43, -82: 23}
  Tx pow counts:    {23: 421}
Node 10:
  CST counts:       {-62: 61, -67: 68, -72: 73, -77: 39, -82: 25}
  Tx pow counts:    {23: 266}
Node 11:
  CST counts:       {-62: 53, -67: 50, -72: 44, -77: 50, -82: 35}
  Tx pow counts:    {23: 232}
Node 12:
  CST counts:       {-62: 514, -67: 61, -72: 18, -77: 10, -82: 11}
  Tx pow counts:    {23: 614}
Node 13:
  CST counts:       {-62: 79, -67: 65, -72: 39, -77: 29, -82: 23}
  Tx pow counts:    {23: 235}
Node 14:
  CST counts:       {-62: 151, -67: 96, -72: 27, -77: 29, -82: 24}
  Tx pow counts:    {23: 327}
Node 15:
  CST counts:       {-62: 205, -67: 116, -72: 32, -77: 15, -82: 17}
  Tx pow counts:    {23: 385}
Node 16:
  CST counts:       {-62: 65, -67: 71, -72: 41, -77: 42, -82: 32}
  Tx pow counts:    {23: 251}
Node 17:
  CST counts:       {-62: 168, -67: 67, -72: 57, -77: 20, -82: 18}
  Tx pow counts:    {23: 330}
Node 18:
  CST counts:       {-62: 98, -67: 59, -72: 42, -77: 35, -82: 27}
  Tx pow counts:    {23: 261}
Node 19:
  CST counts:       {-62: 145, -67: 143, -72: 66, -77: 27, -82: 21}
  Tx pow counts:    {23: 402}


Last 20.0 seconds of simulation:
Node 0 - Refine time: -1000000000.0, UB(s): [65] Mbps
Node    CST    Tx pow                    Mean                     Std    Played (s)    Played (count)
   0    -82        23    0.143444553623113258    1.000000000000000000          0.00               0.0
   0    -77        23    0.221724504536123079    0.707106781186547573          0.27               1.0
   0    -72        23    0.587374756524541075    0.353553390593273786          1.01               7.0
   0    -67        23    0.775766055591880832    0.114707866935280886          9.52              75.0
   0    -62        23    0.776450924520957320    0.116247638743819284          9.15              73.0
                                                                              19.94             156.0    Tot

Node 1 - Refine time: -1000000000.0, UB(s): [65] Mbps
Node    CST    Tx pow                    Mean                     Std    Played (s)    Played (count)
   1    -82        23    0.012637395256762910    0.353553390593273786          3.50               7.0
   1    -77        23    0.016304943977144878    0.408248290463863017          2.50               5.0
   1    -72        23    0.014833361732928789    0.447213595499957928          2.00               4.0
   1    -67        23    0.085814394397516244    0.250000000000000000          7.12              15.0
   1    -62        23    0.107678489199867472    0.301511344577763629          4.54              10.0
                                                                              19.66              41.0    Tot

Node 2 - Refine time: -1000000000.0, UB(s): [65] Mbps
Node    CST    Tx pow                    Mean                     Std    Played (s)    Played (count)
   2    -82        23    0.005220000000000001    0.577350269189625731          1.00               2.0
   2    -77        23    0.011193107692307691    0.408248290463863017          2.50               5.0
   2    -72        23    0.054977582337964334    0.447213595499957928          2.00               4.0
   2    -67        23    0.308117903436507135    0.258198889747161098          6.01              14.0
   2    -62        23    0.330877458164463567    0.213200716355610442          8.87              21.0
                                                                              20.38              46.0    Tot

Node 3 - Refine time: -1000000000.0, UB(s): [65] Mbps
Node    CST    Tx pow                    Mean                     Std    Played (s)    Played (count)
   3    -82        23    0.015151709090909092    0.707106781186547573          0.50               1.0
   3    -77        23    0.044114145840050550    1.000000000000000000          0.00               0.0
   3    -72        23    0.137498793122913215    0.707106781186547573          0.50               1.0
   3    -67        23    0.437084122815964149    1.000000000000000000          0.00               0.0
   3    -62        23    0.765060661741645998    0.080845208345444328         18.96             152.0
                                                                              19.96             154.0    Tot

Node 4 - Refine time: -1000000000.0, UB(s): [65] Mbps
Node    CST    Tx pow                    Mean                     Std    Played (s)    Played (count)
   4    -82        23    0.025155049021603971    0.500000000000000000          1.50               3.0
   4    -77        23    0.015995200538782485    0.377964473009227198          3.00               6.0
   4    -72        23    0.053617683094878917    0.500000000000000000          1.50               3.0
   4    -67        23    0.155616486516631042    0.301511344577763629          4.53              10.0
   4    -62        23    0.249820654864052694    0.213200716355610442          9.46              21.0
                                                                              19.99              43.0    Tot

Node 5 - Refine time: -1000000000.0, UB(s): [65] Mbps
Node    CST    Tx pow                    Mean                     Std    Played (s)    Played (count)
   5    -82        23    0.012026880000000002    1.000000000000000000          0.00               0.0
   5    -77        23    0.044161544140080410    0.577350269189625731          1.00               2.0
   5    -72        23    0.038968993373490746    0.577350269189625731          0.57               2.0
   5    -67        23    0.293721011636765283    0.447213595499957928          1.46               4.0
   5    -62        23    0.559052149843784929    0.107211253483779481         17.10              86.0
                                                                              20.12              94.0    Tot

Node 6 - Refine time: -1000000000.0, UB(s): [65] Mbps
Node    CST    Tx pow                    Mean                     Std    Played (s)    Played (count)
   6    -82        23    0.007105828571428570    0.408248290463863017          2.50               5.0
   6    -77        23    0.009863314285714284    0.377964473009227198          3.00               6.0
   6    -72        23    0.055105918794902967    0.447213595499957928          1.61               4.0
   6    -67        23    0.266721296753233861    0.204124145231931509          8.90              23.0
   6    -62        23    0.293656680242218415    0.204124145231931509          4.21              23.0
                                                                              20.22              61.0    Tot

Node 7 - Refine time: -1000000000.0, UB(s): [65] Mbps
Node    CST    Tx pow                    Mean                     Std    Played (s)    Played (count)
   7    -82        23    0.006285653333333334    0.707106781186547573          0.50               1.0
   7    -77        23    0.040120799570890958    0.577350269189625731          1.00               2.0
   7    -72        23    0.126599751124138959    0.577350269189625731          1.00               2.0
   7    -67        23    0.428522776242917181    0.185695338177051861          7.73              28.0
   7    -62        23    0.512788525042702670    0.141421356237309503          9.75              49.0
                                                                              19.98              82.0    Tot

Node 8 - Refine time: -1000000000.0, UB(s): [65] Mbps
Node    CST    Tx pow                    Mean                     Std    Played (s)    Played (count)
   8    -82        23    0.018575466666666669    0.500000000000000000          1.50               3.0
   8    -77        23    0.029376715545361844    0.377964473009227198          3.00               6.0
   8    -72        23    0.068474007309144769    0.408248290463863017          2.50               5.0
   8    -67        23    0.138696927247594443    0.235702260395515839          7.26              17.0
   8    -62        23    0.170768323009311607    0.213200716355610442          5.69              21.0
                                                                              19.95              52.0    Tot

Node 9 - Refine time: -1000000000.0, UB(s): [65] Mbps
Node    CST    Tx pow                    Mean                     Std    Played (s)    Played (count)
   9    -82        23    0.138121173173698097    0.707106781186547573          0.50               1.0
   9    -77        23    0.241205241287686029    0.500000000000000000          1.17               3.0
   9    -72        23    0.332615153486874315    0.258198889747161098          5.31              14.0
   9    -67        23    0.509762059630123221    0.138675049056307287         10.82              51.0
   9    -62        23    0.431697786126848226    0.267261241912424397          2.47              13.0
                                                                              20.27              82.0    Tot

Node 10 - Refine time: -1000000000.0, UB(s): [65] Mbps
Node    CST    Tx pow                    Mean                     Std    Played (s)    Played (count)
  10    -82        23    0.055512382654510868    0.577350269189625731          1.00               2.0
  10    -77        23    0.082175062292748707    0.316227766016837941          4.50               9.0
  10    -72        23    0.193861519306000790    0.277350098112614574          5.05              12.0
  10    -67        23    0.169765560022424322    0.316227766016837941          4.50               9.0
  10    -62        23    0.159928545657008092    0.267261241912424397          4.64              13.0
                                                                              19.69              45.0    Tot

Node 11 - Refine time: -1000000000.0, UB(s): [65] Mbps
Node    CST    Tx pow                    Mean                     Std    Played (s)    Played (count)
  11    -82        23    0.007208464516129032    0.408248290463863017          2.50               5.0
  11    -77        23    0.037618341207508725    0.333333333333333315          4.00               8.0
  11    -72        23    0.044373080306525203    0.353553390593273786          3.50               7.0
  11    -67        23    0.046976897688063589    0.277350098112614574          5.63              12.0
  11    -62        23    0.067299194278259061    0.277350098112614574          4.62              12.0
                                                                              20.25              44.0    Tot

Node 12 - Refine time: -1000000000.0, UB(s): [65] Mbps
Node    CST    Tx pow                    Mean                     Std    Played (s)    Played (count)
  12    -82        23    0.008537599999999999    0.707106781186547573          0.50               1.0
  12    -77        23    0.020820945454545457    1.000000000000000000          0.00               0.0
  12    -72        23    0.182039057435231216    0.707106781186547573          0.50               1.0
  12    -67        23    0.504929060287533593    0.707106781186547573          0.11               1.0
  12    -62        23    0.778622142775577730    0.080321932890249886         18.93             154.0
                                                                              20.04             157.0    Tot

Node 13 - Refine time: -1000000000.0, UB(s): [65] Mbps
Node    CST    Tx pow                    Mean                     Std    Played (s)    Played (count)
  13    -82        23    0.005534254545454545    0.577350269189625731          1.00               2.0
  13    -77        23    0.006229625911155635    0.408248290463863017          2.50               5.0
  13    -72        23    0.066747275131395625    0.377964473009227198          2.59               6.0
  13    -67        23    0.124023013319330355    0.258198889747161098          6.66              14.0
  13    -62        23    0.181039112987685658    0.235702260395515839          7.33              17.0
                                                                              20.09              44.0    Tot

Node 14 - Refine time: -1000000000.0, UB(s): [65] Mbps
Node    CST    Tx pow                    Mean                     Std    Played (s)    Played (count)
  14    -82        23    0.012936320000000001    0.408248290463863017          2.50               5.0
  14    -77        23    0.042703008392548279    0.353553390593273786          3.50               7.0
  14    -72        23    0.041602034540532622    0.447213595499957928          2.00               4.0
  14    -67        23    0.229862246398562120    0.235702260395515839          7.37              17.0
  14    -62        23    0.310930661375946771    0.208514414057074771          4.20              22.0
                                                                              19.57              55.0    Tot

Node 15 - Refine time: -1000000000.0, UB(s): [65] Mbps
Node    CST    Tx pow                    Mean                     Std    Played (s)    Played (count)
  15    -82        23    0.026497259615193107    1.000000000000000000          0.00               0.0
  15    -77        23    0.036865830808676621    1.000000000000000000          0.00               0.0
  15    -72        23    0.169599505509941045    0.577350269189625731          0.60               2.0
  15    -67        23    0.394910314224729830    0.218217890235992362          5.18              20.0
  15    -62        23    0.511688159658990616    0.127000127000190505         14.21              61.0
                                                                              19.98              83.0    Tot

Node 16 - Refine time: -1000000000.0, UB(s): [65] Mbps
Node    CST    Tx pow                    Mean                     Std    Played (s)    Played (count)
  16    -82        23    0.006549028571428571    0.408248290463863017          2.50               5.0
  16    -77        23    0.004705505882352942    0.316227766016837941          4.50               9.0
  16    -72        23    0.026061616353242088    0.408248290463863017          2.50               5.0
  16    -67        23    0.077765471570738473    0.258198889747161098          6.37              14.0
  16    -62        23    0.110771172707212581    0.229415733870561772          4.05              18.0
                                                                              19.92              51.0    Tot

Node 17 - Refine time: -1000000000.0, UB(s): [65] Mbps
Node    CST    Tx pow                    Mean                     Std    Played (s)    Played (count)
  17    -82        23    0.008092159999999999    0.447213595499957928          2.00               4.0
  17    -77        23    0.033168563369078946    0.500000000000000000          1.50               3.0
  17    -72        23    0.242281347522339152    0.447213595499957928          2.00               4.0
  17    -67        23    0.287951011474014751    0.288675134594812866          5.02              11.0
  17    -62        23    0.450308187273119109    0.156173761888606072          9.39              40.0
                                                                              19.91              62.0    Tot

Node 18 - Refine time: -1000000000.0, UB(s): [65] Mbps
Node    CST    Tx pow                    Mean                     Std    Played (s)    Played (count)
  18    -82        23    0.032102476618989101    0.500000000000000000          1.50               3.0
  18    -77        23    0.044166456935222281    0.447213595499957928          2.00               4.0
  18    -72        23    0.084749584898569791    0.353553390593273786          2.94               7.0
  18    -67        23    0.132348764723357798    0.277350098112614574          5.47              12.0
  18    -62        23    0.223570878753230895    0.185695338177051861          8.07              28.0
                                                                              19.98              54.0    Tot

Node 19 - Refine time: -1000000000.0, UB(s): [65] Mbps
Node    CST    Tx pow                    Mean                     Std    Played (s)    Played (count)
  19    -82        23    0.143458561099335691    0.577350269189625731          1.00               2.0
  19    -77        23    0.187450682376709060    0.377964473009227198          2.79               6.0
  19    -72        23    0.379905484721364650    0.229415733870561772          4.04              18.0
  19    -67        23    0.462572838376460072    0.223606797749978964          4.35              19.0
  19    -62        23    0.504602299485302108    0.162221421130762544          7.68              37.0
                                                                              19.86              82.0    Tot

Mean throughputs: [51.5713  0.8585  3.5059 50.1088  2.1905 27.2068  6.4575 22.1970  6.8431
 17.2079  1.5521  0.6324 51.3682  2.2370  2.8887 22.7940  0.8680 12.0476
  6.6609 20.6731]
Aggregate throughput: 309.8693
Min-Max: 50.9389
JFI: 0.4765 [0.0500, 1]
Node 0:
  CST counts:       {-62: 74, -67: 75, -72: 7, -77: 1}
  Tx pow counts:    {23: 157}
Node 1:
  CST counts:       {-67: 16, -72: 4, -77: 5, -82: 7, -62: 10}
  Tx pow counts:    {23: 42}
Node 2:
  CST counts:       {-67: 15, -72: 4, -77: 5, -82: 2, -62: 21}
  Tx pow counts:    {23: 47}
Node 3:
  CST counts:       {-62: 152, -67: 1, -72: 1, -82: 1}
  Tx pow counts:    {23: 155}
Node 4:
  CST counts:       {-67: 10, -72: 3, -77: 6, -82: 3, -62: 22}
  Tx pow counts:    {23: 44}
Node 5:
  CST counts:       {-62: 86, -67: 5, -72: 2, -77: 2}
  Tx pow counts:    {23: 95}
Node 6:
  CST counts:       {-67: 23, -72: 4, -77: 6, -82: 5, -62: 24}
  Tx pow counts:    {23: 62}
Node 7:
  CST counts:       {-62: 49, -67: 29, -72: 2, -77: 2, -82: 1}
  Tx pow counts:    {23: 83}
Node 8:
  CST counts:       {-67: 17, -72: 5, -77: 6, -82: 3, -62: 22}
  Tx pow counts:    {23: 53}
Node 9:
  CST counts:       {-62: 13, -67: 52, -72: 14, -77: 3, -82: 1}
  Tx pow counts:    {23: 83}
Node 10:
  CST counts:       {-67: 9, -72: 13, -77: 9, -82: 2, -62: 13}
  Tx pow counts:    {23: 46}
Node 11:
  CST counts:       {-67: 13, -72: 7, -77: 8, -82: 5, -62: 12}
  Tx pow counts:    {23: 45}
Node 12:
  CST counts:       {-62: 155, -67: 1, -72: 1, -82: 1}
  Tx pow counts:    {23: 158}
Node 13:
  CST counts:       {-67: 14, -72: 6, -77: 6, -82: 2, -62: 17}
  Tx pow counts:    {23: 45}
Node 14:
  CST counts:       {-67: 18, -72: 4, -77: 7, -82: 5, -62: 22}
  Tx pow counts:    {23: 56}
Node 15:
  CST counts:       {-62: 62, -67: 20, -72: 2}
  Tx pow counts:    {23: 84}
Node 16:
  CST counts:       {-67: 14, -72: 6, -77: 9, -82: 5, -62: 18}
  Tx pow counts:    {23: 52}
Node 17:
  CST counts:       {-67: 11, -72: 4, -77: 3, -82: 4, -62: 41}
  Tx pow counts:    {23: 63}
Node 18:
  CST counts:       {-67: 12, -72: 7, -77: 5, -82: 3, -62: 28}
  Tx pow counts:    {23: 55}
Node 19:
  CST counts:       {-62: 37, -67: 20, -72: 18, -77: 6, -82: 2}
  Tx pow counts:    {23: 83}
