Simulation time: 100.0 s
Seed: 1
Waiting for simulation script to connect on port: tcp://localhost:50000
Please start proper ns-3 simulation script using ./waf --run "..."
Start
Progress: 0% 10% 20% 30% 40% 50% 60% 70% 80% 90% 100%
Done
Final step: 23576
Node 0 - Refine time: -1000000000.0, UB(s): [65] Mbps
Node    CST    Tx pow                    Mean                     Std    Played (s)    Played (count)
   0  -64.0        23    0.796078831076933113    0.025759852612848935         43.07              1506
   0  -63.0        23    0.663221510855180330    0.072357460529242162          7.45               190
   0  -81.0        23    0.288748323533167928    0.145864991497894558          4.38                46
   0  -80.0        23    0.245340442820731863    0.166666666666666657          3.68                35
   0  -78.0        23    0.348668042542110868    0.123091490979332738          3.97                65
   0  -74.0        23    0.404733419803359307    0.115470053837925163          4.21                74
   0  -69.0        23    0.555815766086850904    0.079808688446762213          7.74               156
   0  -62.0        23    0.751485594425143955    0.034752402342845795         25.48               827
                                                                              99.98              2899    Tot

Node 1 - Refine time: -1000000000.0, UB(s): [65] Mbps
Node    CST    Tx pow                    Mean                     Std    Played (s)    Played (count)
   1  -64.0        23    0.193681514416974121    0.112508790092602395         11.96                78
   1  -81.0        23    0.034235237904059926    0.176776695296636893         12.60                31
   1  -77.0        23    0.080169897173050744    0.160128153805087131         12.23                38
   1  -72.0        23    0.068529988807939479    0.164398987305357291         12.25                36
   1  -71.0        23    0.103824930412868055    0.145864991497894558         14.20                46
   1  -69.0        23    0.172726373666803545    0.130188910980823858          8.70                58
   1  -66.0        23    0.167868139232105890    0.127000127000190505          9.47                61
   1  -65.0        23    0.160711564035185800    0.129099444873580549          9.52                59
   1  -62.0        23    0.225790324730427067    0.113960576459637947          8.78                76
                                                                              99.72               483    Tot

Node 2 - Refine time: -1000000000.0, UB(s): [65] Mbps
Node    CST    Tx pow                    Mean                     Std    Played (s)    Played (count)
   2  -82.0        23    0.005238044444444445    0.235702260395515839          8.50                17
   2  -81.0        23    0.008754530770570326    0.235702260395515839          8.39                17
   2  -80.0        23    0.015872255793243119    0.204124145231931509         10.12                23
   2  -79.0        23    0.027363103539527200    0.208514414057074771         10.33                22
   2  -76.0        23    0.029879781334633829    0.229415733870561772          7.90                18
   2  -75.0        23    0.098324301983652385    0.204124145231931509          6.19                23
   2  -70.0        23    0.151975931308470064    0.174077655955697852          8.74                32
   2  -69.0        23    0.198449053679858156    0.147441956154897136          8.88                45
   2  -62.0        23    0.487489009568374931    0.046423834544262965         30.72               463
                                                                              99.77               660    Tot

Node 3 - Refine time: -1000000000.0, UB(s): [65] Mbps
Node    CST    Tx pow                    Mean                     Std    Played (s)    Played (count)
   3  -64.0        23    0.707325541711547157    0.053376051268362382         12.00               350
   3  -82.0        23    0.018154337494293918    0.242535625036332969          7.61                16
   3  -80.0        23    0.020187164547642376    0.242535625036332969          7.40                16
   3  -79.0        23    0.061643326269789828    0.229415733870561772          6.40                18
   3  -77.0        23    0.099557626080696265    0.208514414057074771          6.00                22
   3  -73.0        23    0.297524112534900187    0.154303349962091912          4.78                41
   3  -71.0        23    0.380417809474240864    0.138675049056307287          5.32                51
   3  -69.0        23    0.431528075775586550    0.123091490979332738          4.07                65
   3  -68.0        23    0.525784716831464438    0.106600358177805221          4.31                87
   3  -67.0        23    0.590611813806619534    0.082760588860236795          6.76               145
   3  -66.0        23    0.672234193987225281    0.068680281974344518          8.23               211
   3  -62.0        23    0.783307573564106741    0.032359240084528680         27.12               954
                                                                             100.00              1976    Tot

Node 4 - Refine time: -1000000000.0, UB(s): [65] Mbps
Node    CST    Tx pow                    Mean                     Std    Played (s)    Played (count)
   4  -63.0        23    0.449115344331732336    0.070534561585859828         14.09               200
   4  -81.0        23    0.033235555429267823    0.218217890235992362          8.47                20
   4  -79.0        23    0.043836373868309575    0.213200716355610442          8.69                21
   4  -78.0        23    0.104532849808872758    0.188982236504613599          8.36                27
   4  -75.0        23    0.206602308473632951    0.158113883008418971          7.88                39
   4  -73.0        23    0.225238600791756310    0.156173761888606072          8.51                40
   4  -70.0        23    0.246432610675706237    0.152498570332604666          6.48                42
   4  -68.0        23    0.306808122242762604    0.120385853085769198          8.87                68
   4  -65.0        23    0.389618670986634441    0.085435765771676095         11.35               136
   4  -62.0        23    0.467789378658489463    0.061898446059017287         17.27               260
                                                                              99.96               853    Tot

Node 5 - Refine time: -1000000000.0, UB(s): [65] Mbps
Node    CST    Tx pow                    Mean                     Std    Played (s)    Played (count)
   5  -64.0        23    0.603843069466165616    0.052057920629535355         15.35               368
   5  -81.0        23    0.007793784002926886    0.223606797749978964          9.33                19
   5  -80.0        23    0.017145857854587929    0.235702260395515839          7.96                17
   5  -79.0        23    0.083610575379837473    0.213200716355610442          7.20                21
   5  -78.0        23    0.051399484543224017    0.218217890235992362          7.69                20
   5  -75.0        23    0.164994160675116436    0.196116135138184045          6.61                25
   5  -70.0        23    0.202223272129287701    0.160128153805087131          6.91                38
   5  -69.0        23    0.294478966128632558    0.138675049056307287          6.05                51
   5  -65.0        23    0.579569309555046042    0.054232614454664041         15.65               339
   5  -62.0        23    0.608226536229368953    0.047511433814557982         17.23               442
                                                                              99.98              1340    Tot

Node 6 - Refine time: -1000000000.0, UB(s): [65] Mbps
Node    CST    Tx pow                    Mean                     Std    Played (s)    Played (count)
   6  -64.0        23    0.483284068581976811    0.077151674981045956          7.64               167
   6  -81.0        23    0.034816417036048861    0.229415733870561772          7.67                18
   6  -79.0        23    0.049645165069104290    0.250000000000000000          5.90                15
   6  -78.0        23    0.112765807072965352    0.218217890235992362          6.45                20
   6  -76.0        23    0.207290890278358647    0.162221421130762544          8.86                37
   6  -75.0        23    0.232324162885404473    0.158113883008418971          7.95                39
   6  -74.0        23    0.185460762882506680    0.176776695296636893          6.31                31
   6  -73.0        23    0.231748444376088852    0.164398987305357291          6.76                36
   6  -71.0        23    0.224902144655175440    0.176776695296636893          5.23                31
   6  -70.0        23    0.224294855184604680    0.160128153805087131          6.56                38
   6  -68.0        23    0.310728415402423352    0.144337567297406433          6.21                47
   6  -67.0        23    0.431710655882422967    0.094072086838359728          7.02               112
   6  -65.0        23    0.471077149566352438    0.071247049987909636         10.24               196
   6  -62.0        23    0.465004447611289895    0.081378845877115941          6.73               150
                                                                              99.52               937    Tot

Node 7 - Refine time: -1000000000.0, UB(s): [65] Mbps
Node    CST    Tx pow                    Mean                     Std    Played (s)    Played (count)
   7  -81.0        23    0.016061153347279002    0.235702260395515839          7.86                17
   7  -79.0        23    0.021633323908566402    0.229415733870561772          8.28                18
   7  -78.0        23    0.022819576805020534    0.213200716355610442          9.62                21
   7  -76.0        23    0.067982211470867748    0.213200716355610442          7.03                21
   7  -74.0        23    0.103838732282309359    0.208514414057074771          6.34                22
   7  -71.0        23    0.303996929567769192    0.138675049056307287          6.89                51
   7  -70.0        23    0.439300265141538526    0.094072086838359728          8.48               112
   7  -65.0        23    0.600224771707086546    0.049813548138671788         17.38               402
   7  -62.0        23    0.654633596447836807    0.035511041211421748         28.11               792
                                                                             100.00              1456    Tot

Node 8 - Refine time: -1000000000.0, UB(s): [65] Mbps
Node    CST    Tx pow                    Mean                     Std    Played (s)    Played (count)
   8  -64.0        23    0.219494351585659470    0.117041147196130554          8.46                72
   8  -63.0        23    0.246330623565025969    0.103695169473042526         10.50                92
   8  -80.0        23    0.028233459283589116    0.169030850945703304         14.77                34
   8  -76.0        23    0.092495755143760322    0.158113883008418971         11.04                39
   8  -72.0        23    0.145413376216597307    0.136082763487954339         11.96                53
   8  -70.0        23    0.128171678666002764    0.154303349962091912          9.05                41
   8  -67.0        23    0.258444238981624885    0.090535746042518531         16.16               121
   8  -66.0        23    0.240628363793360694    0.110431526074846548         11.19                81
   8  -62.0        23    0.234374417162606291    0.118678165819385339          6.71                70
                                                                              99.83               603    Tot

Node 9 - Refine time: -1000000000.0, UB(s): [65] Mbps
Node    CST    Tx pow                    Mean                     Std    Played (s)    Played (count)
   9  -63.0        23    0.534480014588961438    0.066372331159997203         12.02               226
   9  -80.0        23    0.248923044312223951    0.152498570332604666          3.29                42
   9  -78.0        23    0.275999734057997215    0.136082763487954339          4.01                53
   9  -71.0        23    0.463715747975151527    0.067728546147859642         15.28               217
   9  -69.0        23    0.562214123902719187    0.051164451009665088         19.32               381
   9  -68.0        23    0.582416803817219275    0.035967500063280325         36.62               772
   9  -62.0        23    0.496426293011872188    0.079305158571814416          9.25               158
                                                                              99.78              1849    Tot

Node 10 - Refine time: -1000000000.0, UB(s): [65] Mbps
Node    CST    Tx pow                    Mean                     Std    Played (s)    Played (count)
  10  -63.0        23    0.338259606700766657    0.067884423330213065         22.73               216
  10  -78.0        23    0.159174682865918904    0.138675049056307287          9.38                51
  10  -76.0        23    0.232702199756671640    0.105999788000636003         12.06                88
  10  -75.0        23    0.266847138146187546    0.098058067569092022         14.26               103
  10  -70.0        23    0.291446371996515519    0.083918135829668908         16.72               141
  10  -69.0        23    0.273314001252779937    0.088735650941611371         16.58               126
  10  -62.0        23    0.302515005033119400    0.086710996952411995          8.22               132
                                                                              99.93               857    Tot

Node 11 - Refine time: -1000000000.0, UB(s): [65] Mbps
Node    CST    Tx pow                    Mean                     Std    Played (s)    Played (count)
  11  -63.0        23    0.101827510590718928    0.152498570332604666          6.98                42
  11  -82.0        23    0.023599355976822153    0.174077655955697852         13.16                32
  11  -80.0        23    0.040660487826245283    0.174077655955697852         12.00                32
  11  -78.0        23    0.112250958504353002    0.140028008402800969         11.75                50
  11  -73.0        23    0.112140166923032927    0.129099444873580549         14.60                59
  11  -71.0        23    0.154134217290885972    0.120385853085769198         16.90                68
  11  -69.0        23    0.129374909847695924    0.133630620956212198          9.69                55
  11  -68.0        23    0.124617426937728912    0.138675049056307287          6.82                51
  11  -62.0        23    0.151300938903100562    0.124034734589208454          7.80                64
                                                                              99.69               453    Tot

Node 12 - Refine time: -1000000000.0, UB(s): [65] Mbps
Node    CST    Tx pow                    Mean                     Std    Played (s)    Played (count)
  12  -64.0        23    0.706871885894679197    0.066226617853252193          8.18               227
  12  -63.0        23    0.732194825295987783    0.047036043419179864         14.85               451
  12  -82.0        23    0.011533794869770738    0.242535625036332969          7.84                16
  12  -79.0        23    0.026478215012089700    0.235702260395515839          7.38                17
  12  -78.0        23    0.059661061942628144    0.208514414057074771          8.12                22
  12  -75.0        23    0.083161480547102054    0.229415733870561772          5.84                18
  12  -74.0        23    0.076602880901483872    0.204124145231931509          6.96                23
  12  -71.0        23    0.345286221480380573    0.154303349962091912          3.70                41
  12  -70.0        23    0.404996122300907813    0.132453235706504385          3.07                56
  12  -62.0        23    0.804297442892599856    0.028386647790182976         34.04              1240
                                                                              99.99              2111    Tot

Node 13 - Refine time: -1000000000.0, UB(s): [65] Mbps
Node    CST    Tx pow                    Mean                     Std    Played (s)    Played (count)
  13  -64.0        23    0.477197576352101749    0.067419986246324212         15.94               219
  13  -82.0        23    0.007111410526315788    0.229415733870561772          9.00                18
  13  -80.0        23    0.034796483595133515    0.213200716355610442          8.36                21
  13  -78.0        23    0.074730416263611973    0.213200716355610442          7.34                21
  13  -76.0        23    0.158264116078747796    0.179605302026774910          6.70                30
  13  -75.0        23    0.209769905385763344    0.176776695296636893          5.62                31
  13  -72.0        23    0.249058344337653975    0.160128153805087131          5.91                38
  13  -71.0        23    0.308304998032793320    0.137360563948689035          7.84                52
  13  -67.0        23    0.400985269184836846    0.097590007294853329          9.96               104
  13  -65.0        23    0.431908043512344797    0.088045090632562384         13.16               128
  13  -62.0        23    0.447962066589596808    0.078811040623910061          9.96               160
                                                                              99.79               822    Tot

Node 14 - Refine time: -1000000000.0, UB(s): [65] Mbps
Node    CST    Tx pow                    Mean                     Std    Played (s)    Played (count)
  14  -64.0        23    0.426393133381303802    0.060084176812610968         16.94               276
  14  -82.0        23    0.015715744779931408    0.200000000000000011         11.02                24
  14  -79.0        23    0.029991531910631673    0.204124145231931509          9.91                23
  14  -78.0        23    0.059571571837680456    0.185695338177051861         10.85                28
  14  -75.0        23    0.180123566254179690    0.144337567297406433         10.76                47
  14  -74.0        23    0.187890601264630391    0.142857142857142849         10.67                48
  14  -71.0        23    0.236498838671402367    0.120385853085769198         12.59                68
  14  -69.0        23    0.295471739315054216    0.110431526074846548         10.26                81
  14  -62.0        23    0.418550986522667201    0.088045090632562384          6.88               128
                                                                              99.87               723    Tot

Node 15 - Refine time: -1000000000.0, UB(s): [65] Mbps
Node    CST    Tx pow                    Mean                     Std    Played (s)    Played (count)
  15  -82.0        23    0.019570655132550761    0.235702260395515839          7.88                17
  15  -81.0        23    0.024280675463170191    0.235702260395515839          6.98                17
  15  -80.0        23    0.023073231829341210    0.229415733870561772          8.12                18
  15  -78.0        23    0.048154500765946032    0.223606797749978964          7.92                19
  15  -77.0        23    0.126772977676617576    0.196116135138184045          6.72                25
  15  -74.0        23    0.196267230532097242    0.188982236504613599          4.56                27
  15  -72.0        23    0.244387611703605234    0.182574185835055358          4.19                29
  15  -70.0        23    0.449995540398281380    0.108465228909328082          6.44                84
  15  -69.0        23    0.405397351545744467    0.117851130197757920          5.10                71
  15  -68.0        23    0.452502429206261714    0.105409255338945976          5.00                89
  15  -66.0        23    0.617077943472747137    0.049446817643414874         15.21               408
  15  -62.0        23    0.632185338454044565    0.041775599314435682         21.81               572
                                                                              99.93              1376    Tot

Node 16 - Refine time: -1000000000.0, UB(s): [65] Mbps
Node    CST    Tx pow                    Mean                     Std    Played (s)    Played (count)
  16  -64.0        23    0.307572055643692277    0.102597835208515412          7.19                94
  16  -82.0        23    0.015464144816341216    0.223606797749978964          8.89                19
  16  -79.0        23    0.053166309110198658    0.218217890235992362          8.23                20
  16  -78.0        23    0.057906201025884105    0.196116135138184045          9.53                25
  16  -76.0        23    0.130763628056141112    0.174077655955697852         10.13                32
  16  -74.0        23    0.067808158540331578    0.192450089729875262          8.16                26
  16  -73.0        23    0.184148713806924769    0.156173761888606072          8.30                40
  16  -71.0        23    0.273003705911799954    0.124034734589208454          9.02                64
  16  -69.0        23    0.260294656946575720    0.121267812518166485         10.54                67
  16  -67.0        23    0.321341144694404945    0.104828483672191830          8.32                90
  16  -65.0        23    0.276134468367924879    0.117041147196130554          7.78                72
  16  -62.0        23    0.301547677971283790    0.114707866935280886          3.56                75
                                                                              99.65               624    Tot

Node 17 - Refine time: -1000000000.0, UB(s): [65] Mbps
Node    CST    Tx pow                    Mean                     Std    Played (s)    Played (count)
  17  -64.0        23    0.547842188568738675    0.059654998627189357         13.17               280
  17  -82.0        23    0.006331022222222222    0.235702260395515839          8.50                17
  17  -79.0        23    0.021393559009976089    0.229415733870561772          8.48                18
  17  -78.0        23    0.019760345372994179    0.229415733870561772          8.10                18
  17  -75.0        23    0.223577030377330954    0.160128153805087131          7.56                38
  17  -73.0        23    0.307121966357505993    0.141421356237309503          6.25                49
  17  -70.0        23    0.327893940041928234    0.137360563948689035          6.90                52
  17  -67.0        23    0.449262917884063417    0.104257207028537385          7.25                91
  17  -66.0        23    0.484602536517569737    0.084215192106651890          8.74               140
  17  -65.0        23    0.518625979880344201    0.074124931666110117         10.67               181
  17  -62.0        23    0.558604793590187998    0.055384877562171128         14.24               325
                                                                              99.86              1209    Tot

Node 18 - Refine time: -1000000000.0, UB(s): [65] Mbps
Node    CST    Tx pow                    Mean                     Std    Played (s)    Played (count)
  18  -64.0        23    0.233929436770684923    0.098058067569092022          9.24               103
  18  -81.0        23    0.051197545736213053    0.152498570332604666         16.19                42
  18  -76.0        23    0.073703372257323777    0.154303349962091912         12.28                41
  18  -75.0        23    0.110920510895954741    0.147441956154897136         10.32                45
  18  -72.0        23    0.147573452963631196    0.123091490979332738         15.10                65
  18  -69.0        23    0.137659320064214774    0.138675049056307287         11.24                51
  18  -68.0        23    0.200861210741114099    0.111111111111111105         13.05                80
  18  -62.0        23    0.252821436324023929    0.085125653075874858         12.49               137
                                                                              99.92               564    Tot

Node 19 - Refine time: -1000000000.0, UB(s): [65] Mbps
Node    CST    Tx pow                    Mean                     Std    Played (s)    Played (count)
  19  -63.0        23    0.587718876589819250    0.045175395145262566         22.16               489
  19  -82.0        23    0.206621022288569739    0.164398987305357291          5.48                36
  19  -79.0        23    0.232220794691775395    0.150755672288881815          6.19                43
  19  -74.0        23    0.323411530251513757    0.127000127000190505          5.09                61
  19  -72.0        23    0.476433697005349766    0.081923192051904042         10.03               148
  19  -70.0        23    0.505149668143028419    0.076696498884737049         10.26               169
  19  -67.0        23    0.479351895302780273    0.083045479853739973          9.01               144
  19  -65.0        23    0.605812398704215771    0.045643546458763840         20.44               479
  19  -62.0        23    0.537962736992258050    0.068518870982753166         11.33               212
                                                                              99.99              1781    Tot

Mean throughputs: [36.7808  4.2631  6.7688 24.3858  9.3327 15.1934  9.1365 17.2503  6.0518
 20.0987  8.1886  2.7627 26.6091  8.7378  6.5346 15.8557  4.9081 13.6637
  4.9878 20.9697]
Aggregate throughput: 262.4798
Min-Max: 34.0181
JFI: 0.5997 [0.0500, 1]
Node 0:
  CST counts:       {-69.0: 156, -64.0: 1506, -62.0: 827, -80.0: 35, -78.0: 65, -81.0: 46, -74.0: 74, -63.0: 191}
  Tx pow counts:    {23.0: 2900}
Node 1:
  CST counts:       {-66.0: 61, -81.0: 31, -72.0: 36, -77.0: 38, -65.0: 59, -69.0: 58, -62.0: 76, -64.0: 78, -71.0: 47}
  Tx pow counts:    {23.0: 484}
Node 2:
  CST counts:       {-70.0: 32, -81.0: 17, -79.0: 22, -80.0: 23, -69.0: 45, -75.0: 23, -62.0: 464, -82.0: 17, -76.0: 18}
  Tx pow counts:    {23.0: 661}
Node 3:
  CST counts:       {-71.0: 51, -64.0: 350, -62.0: 955, -68.0: 87, -82.0: 16, -66.0: 211, -77.0: 22, -80.0: 16, -67.0: 145, -73.0: 41, -79.0: 18, -69.0: 65}
  Tx pow counts:    {23.0: 1977}
Node 4:
  CST counts:       {-70.0: 42, -63.0: 200, -81.0: 20, -65.0: 136, -68.0: 68, -62.0: 261, -78.0: 27, -75.0: 39, -79.0: 21, -73.0: 40}
  Tx pow counts:    {23.0: 854}
Node 5:
  CST counts:       {-70.0: 38, -64.0: 368, -65.0: 339, -62.0: 443, -79.0: 21, -78.0: 20, -80.0: 17, -81.0: 19, -69.0: 51, -75.0: 25}
  Tx pow counts:    {23.0: 1341}
Node 6:
  CST counts:       {-74.0: 31, -73.0: 36, -68.0: 48, -75.0: 39, -65.0: 196, -78.0: 20, -67.0: 112, -64.0: 167, -62.0: 150, -76.0: 37, -71.0: 31, -81.0: 18, -70.0: 38, -79.0: 15}
  Tx pow counts:    {23.0: 938}
Node 7:
  CST counts:       {-70.0: 112, -76.0: 21, -78.0: 21, -62.0: 792, -71.0: 51, -74.0: 22, -79.0: 18, -65.0: 403, -81.0: 17}
  Tx pow counts:    {23.0: 1457}
Node 8:
  CST counts:       {-67.0: 121, -63.0: 92, -76.0: 39, -80.0: 34, -66.0: 82, -70.0: 41, -62.0: 70, -64.0: 72, -72.0: 53}
  Tx pow counts:    {23.0: 604}
Node 9:
  CST counts:       {-62.0: 158, -63.0: 226, -80.0: 42, -68.0: 772, -78.0: 53, -71.0: 217, -69.0: 382}
  Tx pow counts:    {23.0: 1850}
Node 10:
  CST counts:       {-62.0: 132, -75.0: 103, -63.0: 216, -78.0: 51, -69.0: 127, -70.0: 141, -76.0: 88}
  Tx pow counts:    {23.0: 858}
Node 11:
  CST counts:       {-69.0: 55, -82.0: 32, -78.0: 50, -80.0: 32, -68.0: 52, -71.0: 68, -62.0: 64, -63.0: 42, -73.0: 59}
  Tx pow counts:    {23.0: 454}
Node 12:
  CST counts:       {-74.0: 23, -64.0: 227, -70.0: 56, -62.0: 1241, -82.0: 16, -75.0: 18, -63.0: 451, -79.0: 17, -78.0: 22, -71.0: 41}
  Tx pow counts:    {23.0: 2112}
Node 13:
  CST counts:       {-72.0: 38, -62.0: 160, -64.0: 220, -78.0: 21, -80.0: 21, -82.0: 18, -67.0: 104, -75.0: 31, -71.0: 52, -76.0: 30, -65.0: 128}
  Tx pow counts:    {23.0: 823}
Node 14:
  CST counts:       {-71.0: 68, -82.0: 24, -78.0: 28, -79.0: 23, -69.0: 82, -74.0: 48, -62.0: 128, -64.0: 276, -75.0: 47}
  Tx pow counts:    {23.0: 724}
Node 15:
  CST counts:       {-72.0: 29, -68.0: 89, -82.0: 17, -62.0: 573, -74.0: 27, -66.0: 408, -78.0: 19, -80.0: 18, -70.0: 84, -69.0: 71, -81.0: 17, -77.0: 25}
  Tx pow counts:    {23.0: 1377}
Node 16:
  CST counts:       {-73.0: 40, -67.0: 90, -64.0: 94, -62.0: 75, -69.0: 67, -82.0: 19, -74.0: 26, -65.0: 72, -78.0: 25, -76.0: 32, -71.0: 65, -79.0: 20}
  Tx pow counts:    {23.0: 625}
Node 17:
  CST counts:       {-70.0: 52, -62.0: 325, -64.0: 280, -78.0: 18, -82.0: 17, -66.0: 141, -65.0: 181, -73.0: 49, -79.0: 18, -67.0: 91, -75.0: 38}
  Tx pow counts:    {23.0: 1210}
Node 18:
  CST counts:       {-68.0: 80, -76.0: 41, -69.0: 51, -64.0: 103, -62.0: 138, -72.0: 65, -81.0: 42, -75.0: 45}
  Tx pow counts:    {23.0: 565}
Node 19:
  CST counts:       {-67.0: 144, -82.0: 36, -74.0: 61, -70.0: 170, -62.0: 212, -63.0: 489, -72.0: 148, -79.0: 43, -65.0: 479}
  Tx pow counts:    {23.0: 1782}


Last 20.0 seconds of simulation:
Node 0 - Refine time: -1000000000.0, UB(s): [65] Mbps
Node    CST    Tx pow                    Mean                     Std    Played (s)    Played (count)
   0  -64.0        23    0.769677965302738798    0.041239304942116126         15.11             587.0
   0  -63.0        23    0.637288711302123945    0.162221421130762544          1.18              37.0
   0  -81.0        23    0.288748323533167928    1.000000000000000000          0.00               0.0
   0  -80.0        23    0.245340442820731863    1.000000000000000000          0.00               0.0
   0  -78.0        23    0.348668042542110868    1.000000000000000000          0.00               0.0
   0  -74.0        23    0.404733419803359307    1.000000000000000000          0.00               0.0
   0  -69.0        23    0.555815766086850904    1.000000000000000000          0.00               0.0
   0  -62.0        23    0.736835176181844687    0.085125653075874858          3.69             137.0
                                                                              19.99             761.0    Tot

Node 1 - Refine time: -1000000000.0, UB(s): [65] Mbps
Node    CST    Tx pow                    Mean                     Std    Played (s)    Played (count)
   1  -64.0        23    0.217963860548002181    0.267261241912424397          3.51              13.0
   1  -81.0        23    0.041742384517196703    0.353553390593273786          3.50               7.0
   1  -77.0        23    0.094116326962090241    0.377964473009227198          3.00               6.0
   1  -72.0        23    0.074576752526287080    0.500000000000000000          1.50               3.0
   1  -71.0        23    0.108439371764551082    0.577350269189625731          1.00               2.0
   1  -69.0        23    0.172476766158200789    0.377964473009227198          1.32               6.0
   1  -66.0        23    0.176793307447030451    0.353553390593273786          1.93               7.0
   1  -65.0        23    0.172733482330231253    0.353553390593273786          1.96               7.0
   1  -62.0        23    0.228606230667623866    0.333333333333333315          2.11               8.0
                                                                              19.81              59.0    Tot

Node 2 - Refine time: -1000000000.0, UB(s): [65] Mbps
Node    CST    Tx pow                    Mean                     Std    Played (s)    Played (count)
   2  -82.0        23    0.005546164705882353    0.707106781186547573          0.50               1.0
   2  -81.0        23    0.009269503168839168    0.707106781186547573          0.50               1.0
   2  -80.0        23    0.018139720906563562    0.500000000000000000          1.50               3.0
   2  -79.0        23    0.028606880973142072    0.707106781186547573          0.50               1.0
   2  -76.0        23    0.030962346964335710    0.707106781186547573          0.50               1.0
   2  -75.0        23    0.105377141005173758    0.577350269189625731          0.59               2.0
   2  -70.0        23    0.177258490470696889    0.408248290463863017          2.50               5.0
   2  -69.0        23    0.228489925727075438    0.353553390593273786          3.06               7.0
   2  -62.0        23    0.507510989993882333    0.100503781525921210         10.17              98.0
                                                                              19.82             119.0    Tot

Node 3 - Refine time: -1000000000.0, UB(s): [65] Mbps
Node    CST    Tx pow                    Mean                     Std    Played (s)    Played (count)
   3  -64.0        23    0.683518065847237843    0.130188910980823858          1.62              58.0
   3  -82.0        23    0.019288983587687287    0.707106781186547573          0.50               1.0
   3  -80.0        23    0.020187164547642376    1.000000000000000000          0.00               0.0
   3  -79.0        23    0.068895482301529809    0.577350269189625731          1.00               2.0
   3  -77.0        23    0.109039304755048291    0.577350269189625731          1.00               2.0
   3  -73.0        23    0.303708262916712213    0.707106781186547573          0.35               1.0
   3  -71.0        23    0.380417809474240864    1.000000000000000000          0.00               0.0
   3  -69.0        23    0.435343796943612305    0.577350269189625731          0.14               2.0
   3  -68.0        23    0.504734197161637366    0.258198889747161098          0.50              14.0
   3  -67.0        23    0.597702961217113637    0.301511344577763629          0.87              10.0
   3  -66.0        23    0.647700428667853267    0.147441956154897136          1.63              45.0
   3  -62.0        23    0.752521814451983073    0.046778026972498797         12.39             456.0
                                                                              20.00             591.0    Tot

Node 4 - Refine time: -1000000000.0, UB(s): [65] Mbps
Node    CST    Tx pow                    Mean                     Std    Played (s)    Played (count)
   4  -63.0        23    0.464445158416684045    0.171498585142508847          3.50              33.0
   4  -81.0        23    0.034897333200731212    0.707106781186547573          0.50               1.0
   4  -79.0        23    0.043836373868309575    1.000000000000000000          0.00               0.0
   4  -78.0        23    0.117076791785937481    0.500000000000000000          1.50               3.0
   4  -75.0        23    0.222073137655255715    0.500000000000000000          1.33               3.0
   4  -73.0        23    0.242089616067646368    0.377964473009227198          1.92               6.0
   4  -70.0        23    0.250662981906549565    0.500000000000000000          1.04               3.0
   4  -68.0        23    0.331106235792150871    0.353553390593273786          1.99               7.0
   4  -65.0        23    0.409294563247500687    0.250000000000000000          2.69              15.0
   4  -62.0        23    0.502324373879065700    0.144337567297406433          5.65              47.0
                                                                              20.13             118.0    Tot

Node 5 - Refine time: -1000000000.0, UB(s): [65] Mbps
Node    CST    Tx pow                    Mean                     Std    Played (s)    Played (count)
   5  -64.0        23    0.594045012564895281    0.092847669088525930          4.87             115.0
   5  -81.0        23    0.009092630003658609    0.447213595499957928          2.00               4.0
   5  -80.0        23    0.018154437728387221    0.707106781186547573          0.50               1.0
   5  -79.0        23    0.083610575379837473    1.000000000000000000          0.00               0.0
   5  -78.0        23    0.051399484543224017    1.000000000000000000          0.00               0.0
   5  -75.0        23    0.171593927102121097    0.707106781186547573          0.50               1.0
   5  -70.0        23    0.219399347450943694    0.447213595499957928          1.41               4.0
   5  -69.0        23    0.304388360215211484    0.577350269189625731          0.75               2.0
   5  -65.0        23    0.582791489481496949    0.114707866935280886          3.08              75.0
   5  -62.0        23    0.612972542778751128    0.078086880944303036          6.94             163.0
                                                                              20.05             365.0    Tot

Node 6 - Refine time: -1000000000.0, UB(s): [65] Mbps
Node    CST    Tx pow                    Mean                     Std    Played (s)    Played (count)
   6  -64.0        23    0.504277257050155803    0.171498585142508847          1.75              33.0
   6  -81.0        23    0.036750662426940466    0.707106781186547573          0.50               1.0
   6  -79.0        23    0.055994931507547759    0.577350269189625731          1.00               2.0
   6  -78.0        23    0.117884417426613625    0.707106781186547573          0.50               1.0
   6  -76.0        23    0.218229628627156336    0.577350269189625731          1.00               2.0
   6  -75.0        23    0.249637832848942087    0.500000000000000000          1.37               3.0
   6  -74.0        23    0.211544186151436220    0.447213595499957928          2.00               4.0
   6  -73.0        23    0.274573232558780800    0.353553390593273786          2.23               7.0
   6  -71.0        23    0.230346136445637173    0.707106781186547573          0.37               1.0
   6  -70.0        23    0.251407183887280450    0.408248290463863017          1.84               5.0
   6  -68.0        23    0.338411723632191908    0.353553390593273786          1.92               7.0
   6  -67.0        23    0.455382853802759724    0.235702260395515839          1.56              17.0
   6  -65.0        23    0.497847038267249742    0.166666666666666657          2.61              35.0
   6  -62.0        23    0.477185434699107291    0.208514414057074771          0.89              22.0
                                                                              19.53             140.0    Tot

Node 7 - Refine time: -1000000000.0, UB(s): [65] Mbps
Node    CST    Tx pow                    Mean                     Std    Played (s)    Played (count)
   7  -81.0        23    0.018068797515688878    0.577350269189625731          1.00               2.0
   7  -79.0        23    0.022835175236820091    0.707106781186547573          0.50               1.0
   7  -78.0        23    0.023906223319545322    0.707106781186547573          0.50               1.0
   7  -76.0        23    0.070229592969480503    0.707106781186547573          0.50               1.0
   7  -74.0        23    0.107071821587165009    0.577350269189625731          0.69               2.0
   7  -71.0        23    0.314099735151420756    0.500000000000000000          0.58               3.0
   7  -70.0        23    0.449695321375538359    0.333333333333333315          0.75               8.0
   7  -65.0        23    0.585691853785024752    0.093250480824031381          4.63             114.0
   7  -62.0        23    0.638768391285896131    0.055215763037423274         11.30             327.0
                                                                              20.45             459.0    Tot

Node 8 - Refine time: -1000000000.0, UB(s): [65] Mbps
Node    CST    Tx pow                    Mean                     Std    Played (s)    Played (count)
   8  -64.0        23    0.241985419042403394    0.288675134594812866          2.27              11.0
   8  -63.0        23    0.246000428405647148    0.229415733870561772          2.55              18.0
   8  -80.0        23    0.033545393961475357    0.333333333333333315          3.76               8.0
   8  -76.0        23    0.094314674570832591    0.408248290463863017          1.41               5.0
   8  -72.0        23    0.151744271893255567    0.447213595499957928          1.42               4.0
   8  -70.0        23    0.116500613492297317    0.577350269189625731          0.12               2.0
   8  -67.0        23    0.276536719836236677    0.267261241912424397          3.27              13.0
   8  -66.0        23    0.235531920861098282    0.223606797749978964          3.59              19.0
   8  -62.0        23    0.244333464599399808    0.316227766016837941          1.74               9.0
                                                                              20.14              89.0    Tot

Node 9 - Refine time: -1000000000.0, UB(s): [65] Mbps
Node    CST    Tx pow                    Mean                     Std    Played (s)    Played (count)
   9  -63.0        23    0.513789343478062599    0.131306432859722544          2.49              57.0
   9  -80.0        23    0.253506812117321290    0.707106781186547573          0.18               1.0
   9  -78.0        23    0.283499888004714151    0.447213595499957928          0.37               4.0
   9  -71.0        23    0.474650721521574781    0.301511344577763629          1.50              10.0
   9  -69.0        23    0.556418150994288152    0.109108945117996181          4.32              83.0
   9  -68.0        23    0.593445894619552550    0.077382323253413682          8.33             166.0
   9  -62.0        23    0.482891633702399015    0.154303349962091912          2.61              41.0
                                                                              19.80             362.0    Tot

Node 10 - Refine time: -1000000000.0, UB(s): [65] Mbps
Node    CST    Tx pow                    Mean                     Std    Played (s)    Played (count)
  10  -63.0        23    0.356246278263564031    0.179605302026774910          6.15              30.0
  10  -78.0        23    0.159174682865918904    1.000000000000000000          0.00               0.0
  10  -76.0        23    0.254079629521005990    0.277350098112614574          2.94              12.0
  10  -75.0        23    0.281584426032589152    0.267261241912424397          2.72              13.0
  10  -70.0        23    0.287220107892267928    0.258198889747161098          2.39              14.0
  10  -69.0        23    0.299586665064426327    0.250000000000000000          4.75              15.0
  10  -62.0        23    0.323036635304031872    0.235702260395515839          1.08              17.0
                                                                              20.02             101.0    Tot

Node 11 - Refine time: -1000000000.0, UB(s): [65] Mbps
Node    CST    Tx pow                    Mean                     Std    Played (s)    Played (count)
  11  -63.0        23    0.112506286126070304    0.377964473009227198          1.52               6.0
  11  -82.0        23    0.026854439559832105    0.447213595499957928          2.00               4.0
  11  -80.0        23    0.045910430974692912    0.447213595499957928          2.00               4.0
  11  -78.0        23    0.119932160533785109    0.408248290463863017          1.79               5.0
  11  -73.0        23    0.125431997023352421    0.353553390593273786          3.19               7.0
  11  -71.0        23    0.163403662776501923    0.301511344577763629          3.80              10.0
  11  -69.0        23    0.138342843623783129    0.277350098112614574          2.90              12.0
  11  -68.0        23    0.133616613695103553    0.377964473009227198          1.47               6.0
  11  -62.0        23    0.167690438208827203    0.353553390593273786          1.18               7.0
                                                                              19.85              61.0    Tot

Node 12 - Refine time: -1000000000.0, UB(s): [65] Mbps
Node    CST    Tx pow                    Mean                     Std    Played (s)    Played (count)
  12  -64.0        23    0.678278429326029553    0.142857142857142849          1.36              48.0
  12  -63.0        23    0.722415237972314217    0.118678165819385339          2.10              70.0
  12  -82.0        23    0.011605057049131409    0.707106781186547573          0.50               1.0
  12  -79.0        23    0.028035757071624388    0.707106781186547573          0.50               1.0
  12  -78.0        23    0.065343067841926061    0.577350269189625731          1.00               2.0
  12  -75.0        23    0.086049296133052178    0.707106781186547573          0.50               1.0
  12  -74.0        23    0.079029649636330995    0.707106781186547573          0.50               1.0
  12  -71.0        23    0.349617821564346842    0.707106781186547573          0.06               1.0
  12  -70.0        23    0.404996122300907813    1.000000000000000000          0.00               0.0
  12  -62.0        23    0.782893613859533821    0.043810795433832352         13.48             520.0
                                                                              20.00             645.0    Tot

Node 13 - Refine time: -1000000000.0, UB(s): [65] Mbps
Node    CST    Tx pow                    Mean                     Std    Played (s)    Played (count)
  13  -64.0        23    0.504663068379772373    0.169030850945703304          4.30              34.0
  13  -82.0        23    0.008444799999999999    0.500000000000000000          1.50               3.0
  13  -80.0        23    0.038276131954646866    0.577350269189625731          1.00               2.0
  13  -78.0        23    0.082203457889973158    0.577350269189625731          1.00               2.0
  13  -76.0        23    0.168602688877503820    0.500000000000000000          0.92               3.0
  13  -75.0        23    0.214986152595576935    0.707106781186547573          0.32               1.0
  13  -72.0        23    0.259717294103018748    0.447213595499957928          1.39               4.0
  13  -71.0        23    0.318133538521692627    0.316227766016837941          2.08               9.0
  13  -67.0        23    0.410596539580147413    0.316227766016837941          1.65               9.0
  13  -65.0        23    0.459624584129736780    0.242535625036332969          3.90              16.0
  13  -62.0        23    0.469887169708347485    0.229415733870561772          1.97              18.0
                                                                              20.04             101.0    Tot

Node 14 - Refine time: -1000000000.0, UB(s): [65] Mbps
Node    CST    Tx pow                    Mean                     Std    Played (s)    Played (count)
  14  -64.0        23    0.457438945549496268    0.125988157669742418          4.92              62.0
  14  -82.0        23    0.019180680974914252    0.408248290463863017          2.50               5.0
  14  -79.0        23    0.031295511558920006    0.707106781186547573          0.50               1.0
  14  -78.0        23    0.066445214742028191    0.500000000000000000          1.50               3.0
  14  -75.0        23    0.192131804004458340    0.500000000000000000          1.50               3.0
  14  -74.0        23    0.204592905334896880    0.408248290463863017          1.91               5.0
  14  -71.0        23    0.254280276497335367    0.316227766016837941          2.53               9.0
  14  -69.0        23    0.309415770352619524    0.277350098112614574          3.01              12.0
  14  -62.0        23    0.400923177513786477    0.171498585142508847          1.55              33.0
                                                                              19.93             133.0    Tot

Node 15 - Refine time: -1000000000.0, UB(s): [65] Mbps
Node    CST    Tx pow                    Mean                     Std    Played (s)    Played (count)
  15  -82.0        23    0.019570655132550761    1.000000000000000000          0.00               0.0
  15  -81.0        23    0.025708950490415498    0.707106781186547573          0.50               1.0
  15  -80.0        23    0.024355078042082388    0.707106781186547573          0.50               1.0
  15  -78.0        23    0.052927578628828922    0.577350269189625731          1.00               2.0
  15  -77.0        23    0.139687138264406124    0.500000000000000000          1.13               3.0
  15  -74.0        23    0.214010584419094568    0.500000000000000000          1.05               3.0
  15  -72.0        23    0.248566505339144567    0.408248290463863017          0.60               5.0
  15  -70.0        23    0.453500822863422082    0.277350098112614574          1.13              12.0
  15  -69.0        23    0.416050739646728118    0.408248290463863017          0.63               5.0
  15  -68.0        23    0.448186421043270611    0.223606797749978964          1.00              19.0
  15  -66.0        23    0.602947220525216765    0.086386842558136015          5.03             133.0
  15  -62.0        23    0.630132868556362080    0.072357460529242162          7.63             190.0
                                                                              20.20             374.0    Tot

Node 16 - Refine time: -1000000000.0, UB(s): [65] Mbps
Node    CST    Tx pow                    Mean                     Std    Played (s)    Played (count)
  16  -64.0        23    0.351692538354205053    0.250000000000000000          2.01              15.0
  16  -82.0        23    0.017182383129268019    0.577350269189625731          1.00               2.0
  16  -79.0        23    0.055824624565708594    0.707106781186547573          0.50               1.0
  16  -78.0        23    0.065459183768390730    0.500000000000000000          1.50               3.0
  16  -76.0        23    0.137592364855896127    0.577350269189625731          0.81               2.0
  16  -74.0        23    0.080079254702217051    0.408248290463863017          2.48               5.0
  16  -73.0        23    0.202796491141486818    0.447213595499957928          1.64               4.0
  16  -71.0        23    0.288996060562606516    0.447213595499957928          1.29               4.0
  16  -69.0        23    0.291925886469148244    0.277350098112614574          3.81              12.0
  16  -67.0        23    0.334845044959298233    0.277350098112614574          1.96              12.0
  16  -65.0        23    0.302289545062780884    0.277350098112614574          2.25              12.0
  16  -62.0        23    0.325446532611180672    0.316227766016837941          0.45               9.0
                                                                              19.70              81.0    Tot

Node 17 - Refine time: -1000000000.0, UB(s): [65] Mbps
Node    CST    Tx pow                    Mean                     Std    Played (s)    Played (count)
  17  -64.0        23    0.580875722178161857    0.114707866935280886          4.39              75.0
  17  -82.0        23    0.006331022222222222    1.000000000000000000          0.00               0.0
  17  -79.0        23    0.022582090066085872    0.707106781186547573          0.50               1.0
  17  -78.0        23    0.020858142338160524    0.707106781186547573          0.50               1.0
  17  -75.0        23    0.240272013728342060    0.500000000000000000          1.42               3.0
  17  -73.0        23    0.323965638356505603    0.333333333333333315          1.65               8.0
  17  -70.0        23    0.349080566140215265    0.408248290463863017          1.53               5.0
  17  -67.0        23    0.480366052021693246    0.242535625036332969          1.38              16.0
  17  -66.0        23    0.509304558118793826    0.204124145231931509          2.25              23.0
  17  -65.0        23    0.530328958199604683    0.182574185835055358          1.91              29.0
  17  -62.0        23    0.592121316072287684    0.113227703414459577          4.34              77.0
                                                                              19.89             238.0    Tot

Node 18 - Refine time: -1000000000.0, UB(s): [65] Mbps
Node    CST    Tx pow                    Mean                     Std    Played (s)    Played (count)
  18  -64.0        23    0.237832143933429913    0.258198889747161098          1.79              14.0
  18  -81.0        23    0.057344634380734734    0.353553390593273786          3.28               7.0
  18  -76.0        23    0.078076248365908846    0.408248290463863017          1.87               5.0
  18  -75.0        23    0.101038605210824056    0.447213595499957928          0.52               4.0
  18  -72.0        23    0.144737216142712927    0.258198889747161098          4.36              14.0
  18  -69.0        23    0.150636037349916652    0.408248290463863017          2.44               5.0
  18  -68.0        23    0.210602397884551901    0.250000000000000000          3.59              15.0
  18  -62.0        23    0.263445715361512900    0.196116135138184045          2.32              25.0
                                                                              20.17              89.0    Tot

Node 19 - Refine time: -1000000000.0, UB(s): [65] Mbps
Node    CST    Tx pow                    Mean                     Std    Played (s)    Played (count)
  19  -63.0        23    0.581620014139338726    0.085749292571254424          6.02             135.0
  19  -82.0        23    0.206621022288569739    1.000000000000000000          0.00               0.0
  19  -79.0        23    0.235503676190960576    0.707106781186547573          0.23               1.0
  19  -74.0        23    0.323616646049322443    0.447213595499957928          0.35               4.0
  19  -72.0        23    0.486110501089864977    0.196116135138184045          1.89              25.0
  19  -70.0        23    0.500461381441173248    0.192450089729875262          1.50              26.0
  19  -67.0        23    0.476292924799308848    0.213200716355610442          1.38              21.0
  19  -65.0        23    0.592167013352551952    0.076923076923076927          6.52             168.0
  19  -62.0        23    0.511956447085163635    0.156173761888606072          2.11              40.0
                                                                              20.01             420.0    Tot

Mean throughputs: [49.6078  1.6411  6.2330 37.9997  5.8875 21.3999  5.9930 28.6571  3.9680
 20.2511  3.3648  1.0595 42.2347  4.7810  4.8081 22.5268  1.7115 13.7228
  3.7379 25.2843]
Aggregate throughput: 304.8694
Min-Max: 48.5483
JFI: 0.5106 [0.0500, 1]
Node 0:
  CST counts:       {-64.0: 587, -63.0: 38, -62.0: 137}
  Tx pow counts:    {23.0: 762}
Node 1:
  CST counts:       {-69.0: 6, -64.0: 13, -81.0: 7, -62.0: 8, -66.0: 7, -65.0: 7, -77.0: 6, -72.0: 3, -71.0: 3}
  Tx pow counts:    {23.0: 60}
Node 2:
  CST counts:       {-62.0: 99, -69.0: 7, -75.0: 2, -76.0: 1, -80.0: 3, -70.0: 5, -79.0: 1, -82.0: 1, -81.0: 1}
  Tx pow counts:    {23.0: 120}
Node 3:
  CST counts:       {-66.0: 45, -62.0: 457, -73.0: 1, -64.0: 58, -67.0: 10, -68.0: 14, -69.0: 2, -77.0: 2, -79.0: 2, -82.0: 1}
  Tx pow counts:    {23.0: 592}
Node 4:
  CST counts:       {-75.0: 3, -68.0: 7, -78.0: 3, -63.0: 33, -62.0: 48, -65.0: 15, -73.0: 6, -70.0: 3, -81.0: 1}
  Tx pow counts:    {23.0: 119}
Node 5:
  CST counts:       {-70.0: 4, -64.0: 115, -65.0: 75, -62.0: 164, -81.0: 4, -80.0: 1, -75.0: 1, -69.0: 2}
  Tx pow counts:    {23.0: 366}
Node 6:
  CST counts:       {-68.0: 8, -64.0: 33, -65.0: 35, -67.0: 17, -70.0: 5, -78.0: 1, -76.0: 2, -73.0: 7, -79.0: 2, -62.0: 22, -74.0: 4, -75.0: 3, -71.0: 1, -81.0: 1}
  Tx pow counts:    {23.0: 141}
Node 7:
  CST counts:       {-74.0: 2, -62.0: 327, -65.0: 115, -70.0: 8, -78.0: 1, -79.0: 1, -76.0: 1, -81.0: 2, -71.0: 3}
  Tx pow counts:    {23.0: 460}
Node 8:
  CST counts:       {-80.0: 8, -72.0: 4, -64.0: 11, -66.0: 20, -63.0: 18, -76.0: 5, -62.0: 9, -67.0: 13, -70.0: 2}
  Tx pow counts:    {23.0: 90}
Node 9:
  CST counts:       {-68.0: 166, -62.0: 41, -69.0: 84, -71.0: 10, -63.0: 57, -80.0: 1, -78.0: 4}
  Tx pow counts:    {23.0: 363}
Node 10:
  CST counts:       {-63.0: 30, -76.0: 12, -70.0: 14, -62.0: 17, -75.0: 13, -69.0: 16}
  Tx pow counts:    {23.0: 102}
Node 11:
  CST counts:       {-82.0: 4, -80.0: 4, -63.0: 6, -73.0: 7, -68.0: 7, -69.0: 12, -62.0: 7, -71.0: 10, -78.0: 5}
  Tx pow counts:    {23.0: 62}
Node 12:
  CST counts:       {-62.0: 521, -63.0: 70, -64.0: 48, -74.0: 1, -71.0: 1, -78.0: 2, -75.0: 1, -82.0: 1, -79.0: 1}
  Tx pow counts:    {23.0: 646}
Node 13:
  CST counts:       {-67.0: 9, -62.0: 18, -64.0: 35, -75.0: 1, -65.0: 16, -71.0: 9, -72.0: 4, -76.0: 3, -80.0: 2, -82.0: 3, -78.0: 2}
  Tx pow counts:    {23.0: 102}
Node 14:
  CST counts:       {-64.0: 62, -62.0: 33, -71.0: 9, -79.0: 1, -69.0: 13, -82.0: 5, -74.0: 5, -78.0: 3, -75.0: 3}
  Tx pow counts:    {23.0: 134}
Node 15:
  CST counts:       {-72.0: 5, -66.0: 133, -62.0: 191, -70.0: 12, -68.0: 19, -69.0: 5, -77.0: 3, -74.0: 3, -78.0: 2, -81.0: 1, -80.0: 1}
  Tx pow counts:    {23.0: 375}
Node 16:
  CST counts:       {-64.0: 15, -65.0: 12, -69.0: 12, -82.0: 2, -74.0: 5, -67.0: 12, -62.0: 9, -71.0: 5, -76.0: 2, -78.0: 3, -73.0: 4, -79.0: 1}
  Tx pow counts:    {23.0: 82}
Node 17:
  CST counts:       {-66.0: 24, -62.0: 77, -64.0: 75, -65.0: 29, -67.0: 16, -70.0: 5, -75.0: 3, -73.0: 8, -79.0: 1, -78.0: 1}
  Tx pow counts:    {23.0: 239}
Node 18:
  CST counts:       {-72.0: 14, -64.0: 14, -69.0: 5, -68.0: 15, -62.0: 26, -75.0: 4, -76.0: 5, -81.0: 7}
  Tx pow counts:    {23.0: 90}
Node 19:
  CST counts:       {-63.0: 135, -65.0: 168, -67.0: 21, -62.0: 40, -70.0: 27, -72.0: 25, -74.0: 4, -79.0: 1}
  Tx pow counts:    {23.0: 421}
