Simulation time: 100.0 s
Seed: 1
Waiting for simulation script to connect on port: tcp://localhost:50000
Please start proper ns-3 simulation script using ./waf --run "..."
Start
Progress: 0% 10% 20% 30% 40% 50% 60% 70% 80% 90% 100%
Done
Final step: 5061
Node 0 - Refine time: -1000000000.0, UB(s): [65] Mbps
Node    CST    Tx pow                    Mean                     Std    Played (s)    Played (count)
   0  -64.0        23    0.650663301489322832    0.108465228909328082         23.40                84
   0  -63.0        23    0.644023936616507475    0.113227703414459577         20.22                77
   0  -81.0        23    0.122785048718878895    0.267261241912424397          6.04                13
   0  -80.0        23    0.176357399901591716    0.250000000000000000          6.47                15
   0  -78.0        23    0.242530930996527283    0.229415733870561772          7.93                18
   0  -74.0        23    0.280321396659113986    0.229415733870561772          7.59                18
   0  -69.0        23    0.412580638464459970    0.185695338177051861         10.47                28
   0  -62.0        23    0.576184328741492391    0.124034734589208454         17.79                64
                                                                              99.91               317    Tot

Node 1 - Refine time: -1000000000.0, UB(s): [65] Mbps
Node    CST    Tx pow                    Mean                     Std    Played (s)    Played (count)
   1  -64.0        23    0.106999864085311758    0.192450089729875262         11.63                26
   1  -81.0        23    0.041568831363487047    0.204124145231931509         10.62                23
   1  -77.0        23    0.059896320000000003    0.200000000000000011         11.50                24
   1  -72.0        23    0.031218554710282419    0.223606797749978964          9.17                19
   1  -71.0        23    0.020281018181818187    0.213200716355610442         10.50                21
   1  -69.0        23    0.097745177200142697    0.204124145231931509         10.11                23
   1  -66.0        23    0.103368366623062133    0.200000000000000011         10.86                24
   1  -65.0        23    0.152369057577657174    0.182574185835055358         12.45                29
   1  -62.0        23    0.160770714633258344    0.174077655955697852         13.00                32
                                                                              99.85               221    Tot

Node 2 - Refine time: -1000000000.0, UB(s): [65] Mbps
Node    CST    Tx pow                    Mean                     Std    Played (s)    Played (count)
   2  -82.0        23    0.002621600000000000    0.250000000000000000          7.50                15
   2  -81.0        23    0.002969600000000000    0.267261241912424397          6.50                13
   2  -80.0        23    0.005469013333333333    0.258198889747161098          7.00                14
   2  -79.0        23    0.008364373333333334    0.258198889747161098          7.00                14
   2  -76.0        23    0.066171813177637470    0.235702260395515839          7.69                17
   2  -75.0        23    0.036777353846153847    0.277350098112614574          6.00                12
   2  -70.0        23    0.099896529597334083    0.250000000000000000          6.85                15
   2  -69.0        23    0.160615498101479570    0.235702260395515839          8.09                17
   2  -62.0        23    0.489835161727120549    0.086386842558136015         43.03               133
                                                                              99.65               250    Tot

Node 3 - Refine time: -1000000000.0, UB(s): [65] Mbps
Node    CST    Tx pow                    Mean                     Std    Played (s)    Played (count)
   3  -64.0        23    0.536628653986080173    0.154303349962091912         13.20                41
   3  -82.0        23    0.007558981818181818    0.301511344577763629          5.00                10
   3  -80.0        23    0.002567466666666667    0.288675134594812866          5.50                11
   3  -79.0        23    0.016167822222222225    0.333333333333333315          4.00                 8
   3  -77.0        23    0.057700977777777780    0.333333333333333315          4.00                 8
   3  -73.0        23    0.151773333349225298    0.267261241912424397          5.62                13
   3  -71.0        23    0.110266444425640181    0.277350098112614574          5.83                12
   3  -69.0        23    0.241403280791601699    0.235702260395515839          7.77                17
   3  -68.0        23    0.382741397806859285    0.196116135138184045          9.16                25
   3  -67.0        23    0.401866307728849848    0.204124145231931509          8.77                23
   3  -66.0        23    0.481505937518489913    0.174077655955697852         11.53                32
   3  -62.0        23    0.639069557451265924    0.116247638743819284         19.25                73
                                                                              99.61               273    Tot

Node 4 - Refine time: -1000000000.0, UB(s): [65] Mbps
Node    CST    Tx pow                    Mean                     Std    Played (s)    Played (count)
   4  -63.0        23    0.294476711615212550    0.154303349962091912         15.75                41
   4  -81.0        23    0.037977365641549375    0.242535625036332969          7.01                16
   4  -79.0        23    0.021503085714285716    0.267261241912424397          6.50                13
   4  -78.0        23    0.078588064971169894    0.229415733870561772          7.72                18
   4  -75.0        23    0.058649600000000010    0.223606797749978964          9.50                19
   4  -73.0        23    0.083126964705882364    0.242535625036332969          8.00                16
   4  -70.0        23    0.071023573241000518    0.218217890235992362          9.53                20
   4  -68.0        23    0.154161083806262506    0.188982236504613599         11.58                27
   4  -65.0        23    0.271407936270278927    0.158113883008418971         13.01                39
   4  -62.0        23    0.270711615700361230    0.182574185835055358         11.25                29
                                                                              99.85               238    Tot

Node 5 - Refine time: -1000000000.0, UB(s): [65] Mbps
Node    CST    Tx pow                    Mean                     Std    Played (s)    Played (count)
   5  -64.0        23    0.526901572634671078    0.112508790092602395         24.35                78
   5  -81.0        23    0.011432960000000001    0.316227766016837941          4.50                 9
   5  -80.0        23    0.011548444444444445    0.333333333333333315          4.00                 8
   5  -79.0        23    0.022033371428571428    0.267261241912424397          6.50                13
   5  -78.0        23    0.017874707692307690    0.277350098112614574          6.00                12
   5  -75.0        23    0.045951522464536737    0.277350098112614574          5.47                12
   5  -70.0        23    0.112671573333333358    0.258198889747161098          7.00                14
   5  -69.0        23    0.141371912356675261    0.235702260395515839          7.72                17
   5  -65.0        23    0.513227277096784174    0.131306432859722544         18.12                57
   5  -62.0        23    0.533871935321608815    0.141421356237309503         16.16                49
                                                                              99.81               269    Tot

Node 6 - Refine time: -1000000000.0, UB(s): [65] Mbps
Node    CST    Tx pow                    Mean                     Std    Played (s)    Played (count)
   6  -64.0        23    0.276282825775771013    0.200000000000000011          8.70                24
   6  -81.0        23    0.007995076923076926    0.277350098112614574          6.00                12
   6  -79.0        23    0.008820419546049122    0.277350098112614574          5.63                12
   6  -78.0        23    0.010393599999999999    0.277350098112614574          6.00                12
   6  -76.0        23    0.047599261538461543    0.277350098112614574          6.00                12
   6  -75.0        23    0.040080306418582422    0.288675134594812866          5.27                11
   6  -74.0        23    0.050916372741323920    0.267261241912424397          6.25                13
   6  -73.0        23    0.105125822980905517    0.250000000000000000          7.08                15
   6  -71.0        23    0.113480365992833024    0.242535625036332969          7.62                16
   6  -70.0        23    0.079146293075871746    0.258198889747161098          6.81                14
   6  -68.0        23    0.191212869879282349    0.204124145231931509          9.68                23
   6  -67.0        23    0.219095793034681074    0.200000000000000011          9.83                24
   6  -65.0        23    0.267856299580992052    0.185695338177051861          8.84                28
   6  -62.0        23    0.265402695675036160    0.208514414057074771          6.17                22
                                                                              99.88               238    Tot

Node 7 - Refine time: -1000000000.0, UB(s): [65] Mbps
Node    CST    Tx pow                    Mean                     Std    Played (s)    Played (count)
   7  -81.0        23    0.005174865643173370    0.277350098112614574          5.70                12
   7  -79.0        23    0.015590399999999999    0.288675134594812866          5.50                11
   7  -78.0        23    0.021689210230235609    0.277350098112614574          5.72                12
   7  -76.0        23    0.054312139120871114    0.258198889747161098          6.52                14
   7  -74.0        23    0.060318137692899544    0.235702260395515839          8.14                17
   7  -71.0        23    0.177695036795414013    0.235702260395515839          7.56                17
   7  -70.0        23    0.192484115448778442    0.208514414057074771          9.97                22
   7  -65.0        23    0.492758681580405311    0.121267812518166485         20.79                67
   7  -62.0        23    0.549863154268412591    0.102597835208515412         30.04                94
                                                                              99.95               266    Tot

Node 8 - Refine time: -1000000000.0, UB(s): [65] Mbps
Node    CST    Tx pow                    Mean                     Std    Played (s)    Played (count)
   8  -64.0        23    0.180933091910014471    0.174077655955697852         12.20                32
   8  -63.0        23    0.169517467624672791    0.169030850945703304         12.95                34
   8  -80.0        23    0.029881232609965065    0.218217890235992362          9.43                20
   8  -76.0        23    0.030250883413591969    0.229415733870561772          8.34                18
   8  -72.0        23    0.051091968000000015    0.200000000000000011         12.00                24
   8  -70.0        23    0.056882895005829943    0.208514414057074771         10.47                22
   8  -67.0        23    0.122953376034337147    0.196116135138184045         11.56                25
   8  -66.0        23    0.122980674301800957    0.188982236504613599         12.32                27
   8  -62.0        23    0.140902005102312267    0.185695338177051861         10.36                28
                                                                              99.64               230    Tot

Node 9 - Refine time: -1000000000.0, UB(s): [65] Mbps
Node    CST    Tx pow                    Mean                     Std    Played (s)    Played (count)
   9  -63.0        23    0.427382814242388887    0.125988157669742418         19.53                62
   9  -80.0        23    0.152470092989040767    0.196116135138184045         11.01                25
   9  -78.0        23    0.112447447482299359    0.229415733870561772          8.35                18
   9  -71.0        23    0.296332878991329096    0.158113883008418971         14.75                39
   9  -69.0        23    0.338550818420791766    0.174077655955697852         10.74                32
   9  -68.0        23    0.416883538218582372    0.112508790092602395         26.40                78
   9  -62.0        23    0.249564286742969987    0.179605302026774910          9.19                30
                                                                              99.97               284    Tot

Node 10 - Refine time: -1000000000.0, UB(s): [65] Mbps
Node    CST    Tx pow                    Mean                     Std    Played (s)    Played (count)
  10  -63.0        23    0.237277060788605054    0.160128153805087131         15.68                38
  10  -78.0        23    0.060829374060555962    0.208514414057074771         10.06                22
  10  -76.0        23    0.092355635674153391    0.204124145231931509         10.09                23
  10  -75.0        23    0.237883590093077496    0.158113883008418971         14.90                39
  10  -70.0        23    0.201669480656597316    0.154303349962091912         17.54                41
  10  -69.0        23    0.180677452625150448    0.166666666666666657         15.26                35
  10  -62.0        23    0.284588334495199047    0.142857142857142849         16.09                48
                                                                              99.62               246    Tot

Node 11 - Refine time: -1000000000.0, UB(s): [65] Mbps
Node    CST    Tx pow                    Mean                     Std    Played (s)    Played (count)
  11  -63.0        23    0.051628459104271968    0.200000000000000011          9.51                24
  11  -82.0        23    0.008255487999999998    0.200000000000000011         12.00                24
  11  -80.0        23    0.006699170481803666    0.204124145231931509         11.50                23
  11  -78.0        23    0.044006521859075443    0.208514414057074771          9.62                22
  11  -73.0        23    0.055181182140111293    0.188982236504613599         12.21                27
  11  -71.0        23    0.064554942386560996    0.200000000000000011         11.26                24
  11  -69.0        23    0.046705992941310281    0.196116135138184045         12.43                25
  11  -68.0        23    0.068387489760805817    0.200000000000000011         10.31                24
  11  -62.0        23    0.096855302157888776    0.179605302026774910         10.86                30
                                                                              99.71               223    Tot

Node 12 - Refine time: -1000000000.0, UB(s): [65] Mbps
Node    CST    Tx pow                    Mean                     Std    Played (s)    Played (count)
  12  -64.0        23    0.564753235114241248    0.111111111111111105         24.50                80
  12  -63.0        23    0.540572009786310148    0.149071198499985985         14.41                44
  12  -82.0        23    0.001299200000000000    0.353553390593273786          3.50                 7
  12  -79.0        23    0.005669236363636363    0.301511344577763629          5.00                10
  12  -78.0        23    0.010393600000000001    0.288675134594812866          5.50                11
  12  -75.0        23    0.036805907692307703    0.277350098112614574          6.00                12
  12  -74.0        23    0.033612399428659463    0.288675134594812866          5.08                11
  12  -71.0        23    0.181420960500458250    0.250000000000000000          6.97                15
  12  -70.0        23    0.339533489718465975    0.185695338177051861         10.66                28
  12  -62.0        23    0.565131346445195359    0.125000000000000000         18.23                63
                                                                              99.85               281    Tot

Node 13 - Refine time: -1000000000.0, UB(s): [65] Mbps
Node    CST    Tx pow                    Mean                     Std    Played (s)    Played (count)
  13  -64.0        23    0.173570943021418289    0.229415733870561772          7.68                18
  13  -82.0        23    0.002633640014987753    0.242535625036332969          7.90                16
  13  -80.0        23    0.007424000000000000    0.267261241912424397          6.50                13
  13  -78.0        23    0.013128757894736848    0.229415733870561772          9.00                18
  13  -76.0        23    0.035822409784028515    0.229415733870561772          7.76                18
  13  -75.0        23    0.023667548142383584    0.250000000000000000          7.35                15
  13  -72.0        23    0.074081635069215598    0.242535625036332969          7.22                16
  13  -71.0        23    0.075572507209178463    0.213200716355610442          9.70                21
  13  -67.0        23    0.125880105982995039    0.218217890235992362          9.63                20
  13  -65.0        23    0.216501595434699184    0.174077655955697852         12.66                32
  13  -62.0        23    0.266196922300252159    0.160128153805087131         14.13                38
                                                                              99.54               225    Tot

Node 14 - Refine time: -1000000000.0, UB(s): [65] Mbps
Node    CST    Tx pow                    Mean                     Std    Played (s)    Played (count)
  14  -64.0        23    0.375782798644703209    0.136082763487954339         18.09                53
  14  -82.0        23    0.009810285714285716    0.267261241912424397          6.50                13
  14  -79.0        23    0.027935894829100166    0.250000000000000000          7.06                15
  14  -78.0        23    0.017817600000000003    0.250000000000000000          7.50                15
  14  -75.0        23    0.034253926748170842    0.218217890235992362          9.53                20
  14  -74.0        23    0.063417669560119794    0.250000000000000000          6.69                15
  14  -71.0        23    0.141719614756701945    0.196116135138184045         11.35                25
  14  -69.0        23    0.230084079166083783    0.192450089729875262         10.87                26
  14  -62.0        23    0.416880327224624092    0.113960576459637947         22.37                76
                                                                              99.97               258    Tot

Node 15 - Refine time: -1000000000.0, UB(s): [65] Mbps
Node    CST    Tx pow                    Mean                     Std    Played (s)    Played (count)
  15  -82.0        23    0.011304727272727272    0.301511344577763629          5.00                10
  15  -81.0        23    0.010764060051339055    0.267261241912424397          6.14                13
  15  -80.0        23    0.024178040700108122    0.250000000000000000          7.05                15
  15  -78.0        23    0.018993066666666666    0.288675134594812866          5.50                11
  15  -77.0        23    0.066756989599019961    0.267261241912424397          6.03                13
  15  -74.0        23    0.098737781649685247    0.250000000000000000          6.87                15
  15  -72.0        23    0.210221122936938509    0.229415733870561772          7.82                18
  15  -70.0        23    0.241478103714188014    0.204124145231931509          9.34                23
  15  -69.0        23    0.235802788735951840    0.208514414057074771          8.56                22
  15  -68.0        23    0.303380842070544554    0.196116135138184045          9.17                25
  15  -66.0        23    0.394005154351630249    0.142857142857142849         16.21                48
  15  -62.0        23    0.396775265612770933    0.162221421130762544         12.31                37
                                                                              99.99               250    Tot

Node 16 - Refine time: -1000000000.0, UB(s): [65] Mbps
Node    CST    Tx pow                    Mean                     Std    Played (s)    Played (count)
  16  -64.0        23    0.093249265310997045    0.223606797749978964          7.80                19
  16  -82.0        23    0.004643694965281683    0.258198889747161098          6.96                14
  16  -79.0        23    0.013924737853185329    0.223606797749978964          9.03                19
  16  -78.0        23    0.005539446153846154    0.277350098112614574          6.00                12
  16  -76.0        23    0.025161558020228649    0.229415733870561772          8.83                18
  16  -74.0        23    0.038721177067339442    0.223606797749978964          9.46                19
  16  -73.0        23    0.020396463157894739    0.229415733870561772          9.00                18
  16  -71.0        23    0.061425781721583812    0.213200716355610442          9.45                21
  16  -69.0        23    0.066465808194941883    0.223606797749978964          8.10                19
  16  -67.0        23    0.114099250529304197    0.235702260395515839          8.02                17
  16  -65.0        23    0.084007703584798352    0.213200716355610442          9.14                21
  16  -62.0        23    0.153409659493807943    0.185695338177051861          7.79                28
                                                                              99.60               225    Tot

Node 17 - Refine time: -1000000000.0, UB(s): [65] Mbps
Node    CST    Tx pow                    Mean                     Std    Played (s)    Played (count)
  17  -64.0        23    0.392844842272638717    0.164398987305357291         12.80                36
  17  -82.0        23    0.011904811442060566    0.267261241912424397          6.29                13
  17  -79.0        23    0.018903942162709329    0.301511344577763629          4.80                10
  17  -78.0        23    0.002398523076923076    0.277350098112614574          6.00                12
  17  -75.0        23    0.077046176243404929    0.229415733870561772          8.65                18
  17  -73.0        23    0.175236064277625753    0.213200716355610442          8.93                21
  17  -70.0        23    0.193837883114313353    0.229415733870561772          7.15                18
  17  -67.0        23    0.230269858997893317    0.200000000000000011          9.92                24
  17  -66.0        23    0.191857454477362604    0.223606797749978964          7.67                19
  17  -65.0        23    0.341527322118383325    0.162221421130762544         13.22                37
  17  -62.0        23    0.378516341439002313    0.150755672288881815         14.37                43
                                                                              99.79               251    Tot

Node 18 - Refine time: -1000000000.0, UB(s): [65] Mbps
Node    CST    Tx pow                    Mean                     Std    Played (s)    Played (count)
  18  -64.0        23    0.203947283593810313    0.152498570332604666         12.75                42
  18  -81.0        23    0.030655644668197514    0.208514414057074771         10.92                22
  18  -76.0        23    0.040058378010894485    0.223606797749978964          9.37                19
  18  -75.0        23    0.047503079438185297    0.213200716355610442          9.99                21
  18  -72.0        23    0.089096975543022247    0.192450089729875262         12.27                26
  18  -69.0        23    0.069630433612102721    0.196116135138184045         11.58                25
  18  -68.0        23    0.125749361496408030    0.192450089729875262         11.07                26
  18  -62.0        23    0.219448951771267164    0.133630620956212198         21.92                55
                                                                              99.86               236    Tot

Node 19 - Refine time: -1000000000.0, UB(s): [65] Mbps
Node    CST    Tx pow                    Mean                     Std    Played (s)    Played (count)
  19  -63.0        23    0.466446602427943946    0.132453235706504385         18.14                56
  19  -82.0        23    0.123560351205802235    0.242535625036332969          7.44                16
  19  -79.0        23    0.175055651172149135    0.229415733870561772          8.36                18
  19  -74.0        23    0.191604617062880594    0.242535625036332969          6.90                16
  19  -72.0        23    0.341696266355903611    0.166666666666666657         12.03                35
  19  -70.0        23    0.372224905449271670    0.174077655955697852         11.22                32
  19  -67.0        23    0.337558243856742657    0.174077655955697852         12.37                32
  19  -65.0        23    0.461172979724968068    0.149071198499985985         13.15                44
  19  -62.0        23    0.347066704858283281    0.176776695296636893         10.36                31
                                                                              99.99               280    Tot

Mean throughputs: [29.5061  5.0009 13.6284 21.9007  8.6451 19.7358  8.3143 18.7833  5.8065
 18.5324 11.4089  2.9573 21.9936  6.4903 12.1520 13.1898  3.4806 13.3005
  6.5832 20.0042]
Aggregate throughput: 261.4137
Min-Max: 26.5487
JFI: 0.6460 [0.0500, 1]
Node 0:
  CST counts:       {-69.0: 28, -81.0: 13, -74.0: 18, -64.0: 85, -62.0: 64, -63.0: 77, -78.0: 18, -80.0: 15}
  Tx pow counts:    {23.0: 318}
Node 1:
  CST counts:       {-66.0: 24, -81.0: 23, -72.0: 19, -77.0: 24, -65.0: 30, -69.0: 23, -62.0: 32, -64.0: 26, -71.0: 21}
  Tx pow counts:    {23.0: 222}
Node 2:
  CST counts:       {-70.0: 15, -81.0: 13, -79.0: 14, -80.0: 14, -69.0: 17, -75.0: 12, -62.0: 134, -82.0: 15, -76.0: 17}
  Tx pow counts:    {23.0: 251}
Node 3:
  CST counts:       {-71.0: 12, -67.0: 23, -64.0: 41, -62.0: 73, -68.0: 25, -82.0: 10, -73.0: 13, -66.0: 32, -79.0: 8, -77.0: 8, -69.0: 18, -80.0: 11}
  Tx pow counts:    {23.0: 274}
Node 4:
  CST counts:       {-70.0: 20, -63.0: 42, -81.0: 16, -65.0: 39, -68.0: 27, -62.0: 29, -78.0: 18, -75.0: 19, -79.0: 13, -73.0: 16}
  Tx pow counts:    {23.0: 239}
Node 5:
  CST counts:       {-70.0: 14, -64.0: 78, -81.0: 9, -65.0: 58, -69.0: 17, -62.0: 49, -79.0: 13, -80.0: 8, -78.0: 12, -75.0: 12}
  Tx pow counts:    {23.0: 270}
Node 6:
  CST counts:       {-74.0: 13, -73.0: 15, -68.0: 23, -75.0: 11, -65.0: 28, -78.0: 12, -67.0: 24, -64.0: 24, -62.0: 22, -76.0: 12, -71.0: 16, -81.0: 13, -70.0: 14, -79.0: 12}
  Tx pow counts:    {23.0: 239}
Node 7:
  CST counts:       {-70.0: 22, -79.0: 12, -76.0: 14, -78.0: 12, -65.0: 67, -71.0: 17, -62.0: 94, -81.0: 12, -74.0: 17}
  Tx pow counts:    {23.0: 267}
Node 8:
  CST counts:       {-67.0: 25, -63.0: 34, -76.0: 18, -80.0: 20, -66.0: 27, -70.0: 22, -62.0: 28, -64.0: 33, -72.0: 24}
  Tx pow counts:    {23.0: 231}
Node 9:
  CST counts:       {-62.0: 30, -71.0: 40, -63.0: 62, -80.0: 25, -68.0: 78, -69.0: 32, -78.0: 18}
  Tx pow counts:    {23.0: 285}
Node 10:
  CST counts:       {-62.0: 48, -75.0: 40, -63.0: 38, -78.0: 22, -69.0: 35, -76.0: 23, -70.0: 41}
  Tx pow counts:    {23.0: 247}
Node 11:
  CST counts:       {-69.0: 25, -82.0: 24, -78.0: 22, -80.0: 23, -68.0: 24, -71.0: 25, -62.0: 30, -63.0: 24, -73.0: 27}
  Tx pow counts:    {23.0: 224}
Node 12:
  CST counts:       {-74.0: 11, -64.0: 81, -63.0: 44, -70.0: 28, -71.0: 15, -62.0: 63, -79.0: 10, -82.0: 7, -75.0: 12, -78.0: 11}
  Tx pow counts:    {23.0: 282}
Node 13:
  CST counts:       {-72.0: 16, -62.0: 38, -64.0: 19, -75.0: 15, -78.0: 18, -80.0: 13, -82.0: 16, -71.0: 21, -67.0: 20, -76.0: 18, -65.0: 32}
  Tx pow counts:    {23.0: 226}
Node 14:
  CST counts:       {-71.0: 25, -82.0: 13, -78.0: 15, -79.0: 15, -69.0: 26, -74.0: 15, -62.0: 76, -64.0: 53, -75.0: 21}
  Tx pow counts:    {23.0: 259}
Node 15:
  CST counts:       {-72.0: 18, -68.0: 26, -82.0: 10, -62.0: 37, -69.0: 22, -81.0: 13, -74.0: 15, -66.0: 48, -78.0: 11, -77.0: 13, -70.0: 23, -80.0: 15}
  Tx pow counts:    {23.0: 251}
Node 16:
  CST counts:       {-73.0: 18, -67.0: 18, -64.0: 19, -62.0: 28, -69.0: 19, -82.0: 14, -74.0: 19, -65.0: 21, -78.0: 12, -79.0: 19, -76.0: 18, -71.0: 21}
  Tx pow counts:    {23.0: 226}
Node 17:
  CST counts:       {-70.0: 18, -62.0: 43, -64.0: 36, -73.0: 21, -78.0: 12, -79.0: 10, -82.0: 13, -67.0: 24, -66.0: 19, -75.0: 18, -65.0: 38}
  Tx pow counts:    {23.0: 252}
Node 18:
  CST counts:       {-68.0: 26, -76.0: 19, -69.0: 25, -64.0: 42, -62.0: 56, -72.0: 26, -81.0: 22, -75.0: 21}
  Tx pow counts:    {23.0: 237}
Node 19:
  CST counts:       {-67.0: 32, -82.0: 16, -74.0: 16, -79.0: 18, -65.0: 45, -70.0: 32, -62.0: 31, -63.0: 56, -72.0: 35}
  Tx pow counts:    {23.0: 281}


Last 20.0 seconds of simulation:
Node 0 - Refine time: -1000000000.0, UB(s): [65] Mbps
Node    CST    Tx pow                    Mean                     Std    Played (s)    Played (count)
   0  -64.0        23    0.612332564174217442    0.200000000000000011          6.70              24.0
   0  -63.0        23    0.620932727405977380    0.208514414057074771          5.74              22.0
   0  -81.0        23    0.126035952914936772    0.500000000000000000          1.50               3.0
   0  -80.0        23    0.194589599868788959    0.447213595499957928          2.00               4.0
   0  -78.0        23    0.245033849385223268    0.707106781186547573          0.50               1.0
   0  -74.0        23    0.280321396659113986    1.000000000000000000          0.00               0.0
   0  -69.0        23    0.422953931556957541    0.408248290463863017          1.71               5.0
   0  -62.0        23    0.562584567928671619    0.353553390593273786          1.97               7.0
                                                                              20.12              66.0    Tot

Node 1 - Refine time: -1000000000.0, UB(s): [65] Mbps
Node    CST    Tx pow                    Mean                     Std    Played (s)    Played (count)
   1  -64.0        23    0.119456873168009681    0.353553390593273786          3.22               7.0
   1  -81.0        23    0.043530092986842336    0.500000000000000000          1.50               3.0
   1  -77.0        23    0.072791679999999997    0.408248290463863017          2.50               5.0
   1  -72.0        23    0.033826393387853024    0.447213595499957928          2.00               4.0
   1  -71.0        23    0.024411858823529416    0.408248290463863017          2.50               5.0
   1  -69.0        23    0.093802461794354336    0.353553390593273786          3.25               7.0
   1  -66.0        23    0.089637209895393477    0.500000000000000000          1.01               3.0
   1  -65.0        23    0.146665595621632894    0.408248290463863017          1.92               5.0
   1  -62.0        23    0.163690567884288735    0.408248290463863017          2.36               5.0
                                                                              20.26              44.0    Tot

Node 2 - Refine time: -1000000000.0, UB(s): [65] Mbps
Node    CST    Tx pow                    Mean                     Std    Played (s)    Played (count)
   2  -82.0        23    0.000897066666666666    0.447213595499957928          2.00               4.0
   2  -81.0        23    0.003198030769230769    0.707106781186547573          0.50               1.0
   2  -80.0        23    0.006310400000000000    0.577350269189625731          1.00               2.0
   2  -79.0        23    0.009589333333333333    0.500000000000000000          1.50               3.0
   2  -76.0        23    0.011293689824842152    0.577350269189625731          0.50               2.0
   2  -75.0        23    0.033779200000000002    0.707106781186547573          0.50               1.0
   2  -70.0        23    0.102364008809997908    0.500000000000000000          1.15               3.0
   2  -69.0        23    0.160615498101479570    1.000000000000000000          0.00               0.0
   2  -62.0        23    0.525806657309014436    0.164398987305357291         12.87              36.0
                                                                              20.02              52.0    Tot

Node 3 - Refine time: -1000000000.0, UB(s): [65] Mbps
Node    CST    Tx pow                    Mean                     Std    Played (s)    Played (count)
   3  -64.0        23    0.512480172221054575    0.235702260395515839          5.45              17.0
   3  -82.0        23    0.008083911111111111    0.577350269189625731          1.00               2.0
   3  -80.0        23    0.002800872727272727    0.707106781186547573          0.50               1.0
   3  -79.0        23    0.018188800000000001    0.707106781186547573          0.50               1.0
   3  -77.0        23    0.057700977777777780    1.000000000000000000          0.00               0.0
   3  -73.0        23    0.146658543606858011    0.707106781186547573          0.50               1.0
   3  -71.0        23    0.116856914794443531    0.707106781186547573          0.50               1.0
   3  -69.0        23    0.242829826720519476    0.707106781186547573          0.50               1.0
   3  -68.0        23    0.426789545346884458    0.500000000000000000          1.50               3.0
   3  -67.0        23    0.393072179240783637    0.408248290463863017          2.18               5.0
   3  -66.0        23    0.470900623662449003    0.353553390593273786          2.63               7.0
   3  -62.0        23    0.639064608414700142    0.235702260395515839          4.36              17.0
                                                                              19.63              56.0    Tot

Node 4 - Refine time: -1000000000.0, UB(s): [65] Mbps
Node    CST    Tx pow                    Mean                     Std    Played (s)    Played (count)
   4  -63.0        23    0.324858385147690332    0.316227766016837941          3.64               9.0
   4  -81.0        23    0.043041014393755961    0.577350269189625731          1.00               2.0
   4  -79.0        23    0.026422690909090909    0.500000000000000000          1.50               3.0
   4  -78.0        23    0.082954068580679330    0.707106781186547573          0.50               1.0
   4  -75.0        23    0.064867200000000014    0.447213595499957928          2.00               4.0
   4  -73.0        23    0.086834285714285725    0.500000000000000000          1.50               3.0
   4  -70.0        23    0.076140461062412415    0.447213595499957928          2.00               4.0
   4  -68.0        23    0.154735409455853484    0.408248290463863017          1.61               5.0
   4  -65.0        23    0.285192560613253654    0.316227766016837941          3.26               9.0
   4  -62.0        23    0.245873590696424782    0.333333333333333315          3.28               8.0
                                                                              20.29              48.0    Tot

Node 5 - Refine time: -1000000000.0, UB(s): [65] Mbps
Node    CST    Tx pow                    Mean                     Std    Played (s)    Played (count)
   5  -64.0        23    0.528001188071186456    0.229415733870561772          6.07              18.0
   5  -81.0        23    0.011432960000000001    1.000000000000000000          0.00               0.0
   5  -80.0        23    0.011548444444444445    1.000000000000000000          0.00               0.0
   5  -79.0        23    0.024004266666666666    0.577350269189625731          1.00               2.0
   5  -78.0        23    0.020719709090909089    0.577350269189625731          1.00               2.0
   5  -75.0        23    0.047338899203897757    0.500000000000000000          1.50               3.0
   5  -70.0        23    0.111068342857142871    0.707106781186547573          0.50               1.0
   5  -69.0        23    0.154496201401259664    0.577350269189625731          1.00               2.0
   5  -65.0        23    0.479069527051389554    0.235702260395515839          4.79              17.0
   5  -62.0        23    0.447981618643967017    0.250000000000000000          4.21              15.0
                                                                              20.08              60.0    Tot

Node 6 - Refine time: -1000000000.0, UB(s): [65] Mbps
Node    CST    Tx pow                    Mean                     Std    Played (s)    Played (count)
   6  -64.0        23    0.302177386399478776    0.353553390593273786          2.74               7.0
   6  -81.0        23    0.009448727272727274    0.577350269189625731          1.00               2.0
   6  -79.0        23    0.009555454508219883    0.707106781186547573          0.50               1.0
   6  -78.0        23    0.012283345454545453    0.577350269189625731          1.00               2.0
   6  -76.0        23    0.053182836363636368    0.577350269189625731          1.00               2.0
   6  -75.0        23    0.043871697446998786    0.500000000000000000          1.50               3.0
   6  -74.0        23    0.057536000000000004    0.500000000000000000          1.25               3.0
   6  -73.0        23    0.137074430641207362    0.447213595499957928          2.00               4.0
   6  -71.0        23    0.114095778718079091    0.577350269189625731          0.83               2.0
   6  -70.0        23    0.055749933011506346    0.500000000000000000          1.50               3.0
   6  -68.0        23    0.211688308433465561    0.500000000000000000          1.50               3.0
   6  -67.0        23    0.245506925436140333    0.408248290463863017          1.81               5.0
   6  -65.0        23    0.258399820270402703    0.408248290463863017          1.95               5.0
   6  -62.0        23    0.267196991294102959    0.447213595499957928          1.46               4.0
                                                                              20.03              46.0    Tot

Node 7 - Refine time: -1000000000.0, UB(s): [65] Mbps
Node    CST    Tx pow                    Mean                     Std    Played (s)    Played (count)
   7  -81.0        23    0.005606104446771151    0.707106781186547573          0.50               1.0
   7  -79.0        23    0.015117963636363635    0.707106781186547573          0.50               1.0
   7  -78.0        23    0.023496644416088577    0.707106781186547573          0.50               1.0
   7  -76.0        23    0.052329935164824246    0.447213595499957928          2.00               4.0
   7  -74.0        23    0.059586545792481869    0.707106781186547573          0.50               1.0
   7  -71.0        23    0.187536297783379546    0.707106781186547573          0.50               1.0
   7  -70.0        23    0.221164014184550228    0.408248290463863017          2.50               5.0
   7  -65.0        23    0.508644747780719109    0.235702260395515839          5.74              17.0
   7  -62.0        23    0.545421410391823680    0.208514414057074771          7.24              22.0
                                                                              19.99              53.0    Tot

Node 8 - Refine time: -1000000000.0, UB(s): [65] Mbps
Node    CST    Tx pow                    Mean                     Std    Played (s)    Played (count)
   8  -64.0        23    0.193341633269459051    0.288675134594812866          4.54              11.0
   8  -63.0        23    0.168615739759232386    0.377964473009227198          1.85               6.0
   8  -80.0        23    0.036300722635839201    0.447213595499957928          2.00               4.0
   8  -76.0        23    0.034623724053640462    0.500000000000000000          1.50               3.0
   8  -72.0        23    0.059338971428571440    0.447213595499957928          2.00               4.0
   8  -70.0        23    0.059668985536104273    0.377964473009227198          2.87               6.0
   8  -67.0        23    0.120967894109562976    0.577350269189625731          0.86               2.0
   8  -66.0        23    0.137078664367409869    0.408248290463863017          2.50               5.0
   8  -62.0        23    0.138708852096943114    0.447213595499957928          1.79               4.0
                                                                              19.92              45.0    Tot

Node 9 - Refine time: -1000000000.0, UB(s): [65] Mbps
Node    CST    Tx pow                    Mean                     Std    Played (s)    Played (count)
   9  -63.0        23    0.415413932498048089    0.288675134594812866          3.46              11.0
   9  -80.0        23    0.165867864397286569    0.377964473009227198          2.53               6.0
   9  -78.0        23    0.105810201849238908    0.447213595499957928          1.92               4.0
   9  -71.0        23    0.294826226310869965    0.277350098112614574          5.18              12.0
   9  -69.0        23    0.309603744366851896    0.408248290463863017          1.49               5.0
   9  -68.0        23    0.421629898008849924    0.250000000000000000          4.86              15.0
   9  -62.0        23    0.267249467683716380    0.500000000000000000          0.96               3.0
                                                                              20.40              56.0    Tot

Node 10 - Refine time: -1000000000.0, UB(s): [65] Mbps
Node    CST    Tx pow                    Mean                     Std    Played (s)    Played (count)
  10  -63.0        23    0.254818522653319390    0.353553390593273786          3.41               7.0
  10  -78.0        23    0.073628018683398688    0.408248290463863017          2.46               5.0
  10  -76.0        23    0.095298401169522831    0.500000000000000000          1.19               3.0
  10  -75.0        23    0.218479451047197348    0.258198889747161098          5.48              14.0
  10  -70.0        23    0.220129183626380953    0.353553390593273786          3.19               7.0
  10  -69.0        23    0.172613731375050899    0.408248290463863017          2.15               5.0
  10  -62.0        23    0.278101303636543506    0.377964473009227198          1.91               6.0
                                                                              19.79              47.0    Tot

Node 11 - Refine time: -1000000000.0, UB(s): [65] Mbps
Node    CST    Tx pow                    Mean                     Std    Played (s)    Played (count)
  11  -63.0        23    0.051357973880339969    0.408248290463863017          2.50               5.0
  11  -82.0        23    0.009827961904761904    0.447213595499957928          2.00               4.0
  11  -80.0        23    0.009127152941176470    0.353553390593273786          3.50               7.0
  11  -78.0        23    0.044995543252049360    0.447213595499957928          1.79               4.0
  11  -73.0        23    0.044669448205802070    0.408248290463863017          2.32               5.0
  11  -71.0        23    0.065388046709242198    0.377964473009227198          2.68               6.0
  11  -69.0        23    0.047149383324959458    0.500000000000000000          1.50               3.0
  11  -68.0        23    0.063024804393036080    0.408248290463863017          2.17               5.0
  11  -62.0        23    0.108051133338690139    0.447213595499957928          1.56               4.0
                                                                              20.01              43.0    Tot

Node 12 - Refine time: -1000000000.0, UB(s): [65] Mbps
Node    CST    Tx pow                    Mean                     Std    Played (s)    Played (count)
  12  -64.0        23    0.569743440528609812    0.223606797749978964          6.13              19.0
  12  -63.0        23    0.486458811356633214    0.258198889747161098          4.25              14.0
  12  -82.0        23    0.001484800000000000    0.707106781186547573          0.50               1.0
  12  -79.0        23    0.005669236363636363    1.000000000000000000          0.00               0.0
  12  -78.0        23    0.012472320000000000    0.577350269189625731          1.00               2.0
  12  -75.0        23    0.043925333333333344    0.447213595499957928          2.00               4.0
  12  -74.0        23    0.036177439314391345    0.577350269189625731          1.00               2.0
  12  -71.0        23    0.181420960500458250    1.000000000000000000          0.00               0.0
  12  -70.0        23    0.351659685779839748    0.707106781186547573          0.50               1.0
  12  -62.0        23    0.550475658691594094    0.250000000000000000          4.48              15.0
                                                                              19.87              58.0    Tot

Node 13 - Refine time: -1000000000.0, UB(s): [65] Mbps
Node    CST    Tx pow                    Mean                     Std    Played (s)    Played (count)
  13  -64.0        23    0.183584656055712225    0.500000000000000000          1.28               3.0
  13  -82.0        23    0.001237333333333333    0.577350269189625731          0.90               2.0
  13  -80.0        23    0.007558981818181818    0.500000000000000000          1.50               3.0
  13  -78.0        23    0.015590400000000008    0.500000000000000000          1.50               3.0
  13  -76.0        23    0.034818737954842145    0.707106781186547573          0.19               1.0
  13  -75.0        23    0.028092197523178111    0.447213595499957928          2.00               4.0
  13  -72.0        23    0.068445896505706150    0.707106781186547573          0.44               1.0
  13  -71.0        23    0.087672197412620390    0.377964473009227198          3.00               6.0
  13  -67.0        23    0.130095391282144784    0.707106781186547573          0.50               1.0
  13  -65.0        23    0.246870672125442725    0.353553390593273786          3.33               7.0
  13  -62.0        23    0.283454988944653763    0.277350098112614574          4.93              12.0
                                                                              19.57              43.0    Tot

Node 14 - Refine time: -1000000000.0, UB(s): [65] Mbps
Node    CST    Tx pow                    Mean                     Std    Played (s)    Played (count)
  14  -64.0        23    0.361306143685339975    0.223606797749978964          6.58              19.0
  14  -82.0        23    0.010564923076923079    0.707106781186547573          0.50               1.0
  14  -79.0        23    0.030413655174277129    0.500000000000000000          1.50               3.0
  14  -78.0        23    0.022890666666666670    0.447213595499957928          2.00               4.0
  14  -75.0        23    0.037859603247978303    0.577350269189625731          1.00               2.0
  14  -74.0        23    0.068458424073993579    0.500000000000000000          1.50               3.0
  14  -71.0        23    0.158397199290184781    0.500000000000000000          1.50               3.0
  14  -69.0        23    0.214335968527107706    0.500000000000000000          1.47               3.0
  14  -62.0        23    0.414336223591585173    0.250000000000000000          4.14              15.0
                                                                              20.18              53.0    Tot

Node 15 - Refine time: -1000000000.0, UB(s): [65] Mbps
Node    CST    Tx pow                    Mean                     Std    Played (s)    Played (count)
  15  -82.0        23    0.010356480000000000    0.707106781186547573          0.50               1.0
  15  -81.0        23    0.014030324071874678    0.447213595499957928          2.00               4.0
  15  -80.0        23    0.031371254266810832    0.447213595499957928          2.00               4.0
  15  -78.0        23    0.020712960000000002    0.577350269189625731          1.00               2.0
  15  -77.0        23    0.066756989599019961    1.000000000000000000          0.00               0.0
  15  -74.0        23    0.115926869722689535    0.500000000000000000          1.50               3.0
  15  -72.0        23    0.219590385322323972    0.707106781186547573          0.50               1.0
  15  -70.0        23    0.263812451047388818    0.500000000000000000          1.14               3.0
  15  -69.0        23    0.239712212136366454    0.500000000000000000          1.18               3.0
  15  -68.0        23    0.306374247473437999    0.377964473009227198          2.26               6.0
  15  -66.0        23    0.426771521090214212    0.277350098112614574          4.15              12.0
  15  -62.0        23    0.426892455622044753    0.301511344577763629          3.87              10.0
                                                                              20.09              49.0    Tot

Node 16 - Refine time: -1000000000.0, UB(s): [65] Mbps
Node    CST    Tx pow                    Mean                     Std    Played (s)    Played (count)
  16  -64.0        23    0.092380175489816085    0.500000000000000000          1.34               3.0
  16  -82.0        23    0.004558601883017327    0.577350269189625731          1.00               2.0
  16  -79.0        23    0.018513739790264751    0.377964473009227198          3.00               6.0
  16  -78.0        23    0.005970133333333333    0.707106781186547573          0.50               1.0
  16  -76.0        23    0.025656950149021519    0.500000000000000000          1.50               3.0
  16  -74.0        23    0.043023530074821598    0.577350269189625731          1.00               2.0
  16  -73.0        23    0.021181600000000002    0.500000000000000000          1.50               3.0
  16  -71.0        23    0.068373733215269114    0.447213595499957928          2.00               4.0
  16  -69.0        23    0.078202730926589165    0.408248290463863017          2.50               5.0
  16  -67.0        23    0.098984474284796564    0.577350269189625731          0.53               2.0
  16  -65.0        23    0.099308348858659842    0.408248290463863017          2.30               5.0
  16  -62.0        23    0.161903211152980953    0.301511344577763629          2.70              10.0
                                                                              19.87              46.0    Tot

Node 17 - Refine time: -1000000000.0, UB(s): [65] Mbps
Node    CST    Tx pow                    Mean                     Std    Played (s)    Played (count)
  17  -64.0        23    0.388155847457545222    0.267261241912424397          4.64              13.0
  17  -82.0        23    0.013022813349070661    0.577350269189625731          1.00               2.0
  17  -79.0        23    0.018903942162709329    1.000000000000000000          0.00               0.0
  17  -78.0        23    0.002398523076923076    1.000000000000000000          0.00               0.0
  17  -75.0        23    0.081326519368038530    0.707106781186547573          0.50               1.0
  17  -73.0        23    0.173627873589926957    0.353553390593273786          3.07               7.0
  17  -70.0        23    0.195837484365536302    0.577350269189625731          0.91               2.0
  17  -67.0        23    0.242048498807015899    0.447213595499957928          2.00               4.0
  17  -66.0        23    0.197780065409468658    0.577350269189625731          0.74               2.0
  17  -65.0        23    0.357080575341612083    0.333333333333333315          2.64               8.0
  17  -62.0        23    0.369108430082499883    0.277350098112614574          4.41              12.0
                                                                              19.91              51.0    Tot

Node 18 - Refine time: -1000000000.0, UB(s): [65] Mbps
Node    CST    Tx pow                    Mean                     Std    Played (s)    Played (count)
  18  -64.0        23    0.207733163495532419    0.316227766016837941          2.00               9.0
  18  -81.0        23    0.032655064598344358    0.447213595499957928          2.00               4.0
  18  -76.0        23    0.042076611764705882    0.500000000000000000          1.37               3.0
  18  -75.0        23    0.047892155138951391    0.500000000000000000          1.50               3.0
  18  -72.0        23    0.095430691561136885    0.333333333333333315          4.00               8.0
  18  -69.0        23    0.079774974948317673    0.408248290463863017          2.50               5.0
  18  -68.0        23    0.129930670201342080    0.408248290463863017          2.03               5.0
  18  -62.0        23    0.232607841220534434    0.301511344577763629          4.58              10.0
                                                                              19.98              47.0    Tot

Node 19 - Refine time: -1000000000.0, UB(s): [65] Mbps
Node    CST    Tx pow                    Mean                     Std    Played (s)    Played (count)
  19  -63.0        23    0.466481859899358309    0.250000000000000000          5.45              15.0
  19  -82.0        23    0.124810073156164880    0.707106781186547573          0.50               1.0
  19  -79.0        23    0.182612678151388874    0.447213595499957928          2.00               4.0
  19  -74.0        23    0.174092692147783584    0.500000000000000000          1.50               3.0
  19  -72.0        23    0.344648018155146951    0.377964473009227198          1.76               6.0
  19  -70.0        23    0.363494862415152331    0.447213595499957928          1.30               4.0
  19  -67.0        23    0.339567049250931730    0.353553390593273786          2.34               7.0
  19  -65.0        23    0.446531049138358727    0.258198889747161098          4.70              14.0
  19  -62.0        23    0.333696042765659229    0.577350269189625731          0.65               2.0
                                                                              20.19              56.0    Tot

Mean throughputs: [34.8561  4.5021 14.8876 25.9843  7.1558 27.6654  6.8241 21.1965  5.0006
 19.0592 10.7432  2.4768 27.2112  5.5403 13.6559 11.6025  2.5353 15.4612
  5.2455 23.1500]
Aggregate throughput: 284.7537
Min-Max: 32.3793
JFI: 0.6000 [0.0500, 1]
Node 0:
  CST counts:       {-64.0: 25, -63.0: 22, -69.0: 5, -62.0: 7, -81.0: 3, -80.0: 4, -78.0: 1}
  Tx pow counts:    {23.0: 67}
Node 1:
  CST counts:       {-69.0: 7, -71.0: 5, -64.0: 7, -66.0: 3, -62.0: 5, -77.0: 5, -72.0: 4, -81.0: 3, -65.0: 6}
  Tx pow counts:    {23.0: 45}
Node 2:
  CST counts:       {-62.0: 37, -75.0: 1, -82.0: 4, -76.0: 2, -79.0: 3, -81.0: 1, -70.0: 3, -80.0: 2}
  Tx pow counts:    {23.0: 53}
Node 3:
  CST counts:       {-66.0: 7, -62.0: 17, -64.0: 17, -67.0: 5, -68.0: 3, -80.0: 1, -82.0: 2, -73.0: 1, -69.0: 2, -71.0: 1, -79.0: 1}
  Tx pow counts:    {23.0: 57}
Node 4:
  CST counts:       {-63.0: 10, -70.0: 4, -65.0: 9, -62.0: 8, -75.0: 4, -81.0: 2, -79.0: 3, -73.0: 3, -68.0: 5, -78.0: 1}
  Tx pow counts:    {23.0: 49}
Node 5:
  CST counts:       {-69.0: 2, -65.0: 18, -62.0: 15, -64.0: 18, -78.0: 2, -79.0: 2, -75.0: 3, -70.0: 1}
  Tx pow counts:    {23.0: 61}
Node 6:
  CST counts:       {-68.0: 3, -73.0: 4, -74.0: 3, -65.0: 5, -62.0: 4, -75.0: 3, -78.0: 2, -67.0: 5, -64.0: 7, -70.0: 3, -71.0: 2, -76.0: 2, -81.0: 3, -79.0: 1}
  Tx pow counts:    {23.0: 47}
Node 7:
  CST counts:       {-65.0: 17, -81.0: 1, -62.0: 22, -74.0: 1, -76.0: 4, -79.0: 2, -71.0: 1, -70.0: 5, -78.0: 1}
  Tx pow counts:    {23.0: 54}
Node 8:
  CST counts:       {-76.0: 3, -64.0: 12, -70.0: 6, -62.0: 4, -63.0: 6, -67.0: 2, -72.0: 4, -80.0: 4, -66.0: 5}
  Tx pow counts:    {23.0: 46}
Node 9:
  CST counts:       {-68.0: 15, -71.0: 13, -80.0: 6, -78.0: 4, -62.0: 3, -69.0: 5, -63.0: 11}
  Tx pow counts:    {23.0: 57}
Node 10:
  CST counts:       {-78.0: 5, -70.0: 7, -63.0: 7, -75.0: 15, -69.0: 5, -62.0: 6, -76.0: 3}
  Tx pow counts:    {23.0: 48}
Node 11:
  CST counts:       {-71.0: 7, -73.0: 5, -69.0: 3, -62.0: 4, -80.0: 7, -78.0: 4, -63.0: 5, -82.0: 4, -68.0: 5}
  Tx pow counts:    {23.0: 44}
Node 12:
  CST counts:       {-78.0: 2, -62.0: 15, -64.0: 20, -70.0: 1, -75.0: 4, -63.0: 14, -74.0: 2, -82.0: 1}
  Tx pow counts:    {23.0: 59}
Node 13:
  CST counts:       {-62.0: 12, -78.0: 3, -80.0: 3, -64.0: 4, -71.0: 6, -75.0: 4, -65.0: 7, -76.0: 1, -82.0: 2, -67.0: 1, -72.0: 1}
  Tx pow counts:    {23.0: 44}
Node 14:
  CST counts:       {-64.0: 19, -62.0: 15, -74.0: 3, -75.0: 3, -78.0: 4, -82.0: 1, -69.0: 3, -79.0: 3, -71.0: 3}
  Tx pow counts:    {23.0: 54}
Node 15:
  CST counts:       {-70.0: 3, -62.0: 10, -66.0: 12, -80.0: 4, -68.0: 7, -69.0: 3, -74.0: 3, -82.0: 1, -81.0: 4, -72.0: 1, -78.0: 2}
  Tx pow counts:    {23.0: 50}
Node 16:
  CST counts:       {-73.0: 3, -62.0: 10, -67.0: 3, -69.0: 5, -71.0: 4, -79.0: 6, -76.0: 3, -65.0: 5, -78.0: 1, -64.0: 3, -82.0: 2, -74.0: 2}
  Tx pow counts:    {23.0: 47}
Node 17:
  CST counts:       {-62.0: 12, -73.0: 7, -64.0: 13, -82.0: 2, -65.0: 9, -67.0: 4, -66.0: 2, -70.0: 2, -75.0: 1}
  Tx pow counts:    {23.0: 52}
Node 18:
  CST counts:       {-62.0: 11, -76.0: 3, -75.0: 3, -68.0: 5, -81.0: 4, -64.0: 9, -72.0: 8, -69.0: 5}
  Tx pow counts:    {23.0: 48}
Node 19:
  CST counts:       {-63.0: 15, -65.0: 15, -72.0: 6, -79.0: 4, -67.0: 7, -74.0: 3, -70.0: 4, -62.0: 2, -82.0: 1}
  Tx pow counts:    {23.0: 57}
