Simulation time: 100.0 s
Seed: 1
Waiting for simulation script to connect on port: tcp://localhost:50000
Please start proper ns-3 simulation script using ./waf --run "..."
Start
Progress: 0% 10% 20% 30% 40% 50% 60% 70% 80% 90% 100%
Done
Final step: 4735
Node 0 - Refine time: -1000000000.0, UB(s): [65] Mbps
Node    CST    Tx pow                    Mean                     Std    Played (s)    Played (count)
   0    -82        23    0.085072290909090936    0.301511344577763629          5.00                10
   0    -77        23    0.318654072981129299    0.267261241912424397          5.07                13
   0    -72        23    0.569814725851560899    0.166666666666666657         13.50                35
   0    -67        23    0.754242981937668922    0.088388347648318447         44.71               127
   0    -62        23    0.723098601907535166    0.105999788000636003         31.47                88
                                                                              99.75               273    Tot

Node 1 - Refine time: -1000000000.0, UB(s): [65] Mbps
Node    CST    Tx pow                    Mean                     Std    Played (s)    Played (count)
   1    -82        23    0.007052800000000001    0.179605302026774910         15.00                30
   1    -77        23    0.008585189743589745    0.160128153805087131         19.00                38
   1    -72        23    0.003860479999999999    0.169030850945703304         17.00                34
   1    -67        23    0.049000688146898008    0.141421356237309503         23.21                49
   1    -62        23    0.088435411772310804    0.133630620956212198         25.68                55
                                                                              99.89               206    Tot

Node 2 - Refine time: -1000000000.0, UB(s): [65] Mbps
Node    CST    Tx pow                    Mean                     Std    Played (s)    Played (count)
   2    -82        23    0.003637760000000001    0.223606797749978964          9.50                19
   2    -77        23    0.005716480000000001    0.223606797749978964          9.50                19
   2    -72        23    0.043810938323604970    0.204124145231931509         11.06                23
   2    -67        23    0.182785514560629636    0.128036879932895975         26.33                60
   2    -62        23    0.259873860241977173    0.097590007294853329         43.57               104
                                                                              99.96               225    Tot

Node 3 - Refine time: -1000000000.0, UB(s): [65] Mbps
Node    CST    Tx pow                    Mean                     Std    Played (s)    Played (count)
   3    -82        23    0.031248290909090912    0.301511344577763629          5.00                10
   3    -77        23    0.069111001772403799    0.277350098112614574          5.53                12
   3    -72        23    0.087594437118296328    0.288675134594812866          4.95                11
   3    -67        23    0.366306496848907537    0.188982236504613599         11.83                27
   3    -62        23    0.753658902102701589    0.070359754473029182         72.54               201
                                                                              99.85               261    Tot

Node 4 - Refine time: -1000000000.0, UB(s): [65] Mbps
Node    CST    Tx pow                    Mean                     Std    Played (s)    Played (count)
   4    -82        23    0.005843818982049724    0.204124145231931509         11.29                23
   4    -77        23    0.015117963636363642    0.174077655955697852         16.00                32
   4    -72        23    0.010700800000000000    0.185695338177051861         13.62                28
   4    -67        23    0.087859176215593984    0.144337567297406433         22.97                47
   4    -62        23    0.170953964476554809    0.109764259989690346         36.12                82
                                                                              99.99               212    Tot

Node 5 - Refine time: -1000000000.0, UB(s): [65] Mbps
Node    CST    Tx pow                    Mean                     Std    Played (s)    Played (count)
   5    -82        23    0.013270399999999996    0.288675134594812866          5.50                11
   5    -77        23    0.024128000000000004    0.267261241912424397          6.50                13
   5    -72        23    0.067255211766816578    0.235702260395515839          8.10                17
   5    -67        23    0.268136961344368929    0.171498585142508847         12.88                33
   5    -62        23    0.543283974098691225    0.072357460529242162         66.93               190
                                                                              99.91               264    Tot

Node 6 - Refine time: -1000000000.0, UB(s): [65] Mbps
Node    CST    Tx pow                    Mean                     Std    Played (s)    Played (count)
   6    -82        23    0.009035964711414431    0.204124145231931509         11.21                23
   6    -77        23    0.014620121000976462    0.196116135138184045         12.13                25
   6    -72        23    0.034902866647037144    0.185695338177051861         13.74                28
   6    -67        23    0.141692200248454775    0.140028008402800969         22.17                50
   6    -62        23    0.259407667981096657    0.097590007294853329         40.36               104
                                                                              99.61               230    Tot

Node 7 - Refine time: -1000000000.0, UB(s): [65] Mbps
Node    CST    Tx pow                    Mean                     Std    Played (s)    Played (count)
   7    -82        23    0.013442742857142859    0.267261241912424397          6.50                13
   7    -77        23    0.047597055553583997    0.250000000000000000          7.06                15
   7    -72        23    0.129461542291360421    0.200000000000000011         10.69                24
   7    -67        23    0.326920086643835817    0.136082763487954339         23.56                53
   7    -62        23    0.491932826795841049    0.080321932890249886         51.81               154
                                                                              99.62               259    Tot

Node 8 - Refine time: -1000000000.0, UB(s): [65] Mbps
Node    CST    Tx pow                    Mean                     Std    Played (s)    Played (count)
   8    -82        23    0.019581480604886525    0.188982236504613599         13.28                27
   8    -77        23    0.059366702958168760    0.158113883008418971         18.92                39
   8    -72        23    0.052301707228858588    0.162221421130762544         18.46                37
   8    -67        23    0.111313277157671781    0.133630620956212198         24.13                55
   8    -62        23    0.156006067015898919    0.128036879932895975         25.14                60
                                                                              99.93               218    Tot

Node 9 - Refine time: -1000000000.0, UB(s): [65] Mbps
Node    CST    Tx pow                    Mean                     Std    Played (s)    Played (count)
   9    -82        23    0.117634937669167133    0.223606797749978964          9.18                19
   9    -77        23    0.220670981337565464    0.176776695296636893         12.55                31
   9    -72        23    0.239023840147591649    0.164398987305357291         14.90                36
   9    -67        23    0.431235480875626298    0.097590007294853329         37.68               104
   9    -62        23    0.373032706867368780    0.116247638743819284         25.58                73
                                                                              99.89               263    Tot

Node 10 - Refine time: -1000000000.0, UB(s): [65] Mbps
Node    CST    Tx pow                    Mean                     Std    Played (s)    Played (count)
  10    -82        23    0.064216057544327632    0.174077655955697852         14.89                32
  10    -77        23    0.040324173587095599    0.171498585142508847         15.60                33
  10    -72        23    0.084421159911013705    0.158113883008418971         18.59                39
  10    -67        23    0.120257461253510403    0.124034734589208454         29.36                64
  10    -62        23    0.119014680585535534    0.136082763487954339         21.39                53
                                                                              99.83               221    Tot

Node 11 - Refine time: -1000000000.0, UB(s): [65] Mbps
Node    CST    Tx pow                    Mean                     Std    Played (s)    Played (count)
  11    -82        23    0.003520775757575758    0.174077655955697852         16.00                32
  11    -77        23    0.025194966070318604    0.149071198499985985         21.80                44
  11    -72        23    0.019052580442556470    0.160128153805087131         18.62                38
  11    -67        23    0.035079853878219429    0.141421356237309503         22.64                49
  11    -62        23    0.035642510208557368    0.147441956154897136         20.55                45
                                                                              99.62               208    Tot

Node 12 - Refine time: -1000000000.0, UB(s): [65] Mbps
Node    CST    Tx pow                    Mean                     Std    Played (s)    Played (count)
  12    -82        23    0.010430720000000001    0.316227766016837941          4.50                 9
  12    -77        23    0.018708480000000003    0.316227766016837941          4.50                 9
  12    -72        23    0.133324360065927378    0.277350098112614574          5.24                12
  12    -67        23    0.550117905737316004    0.136082763487954339         21.19                53
  12    -62        23    0.761898299153447534    0.072932495748947279         64.23               187
                                                                              99.66               270    Tot

Node 13 - Refine time: -1000000000.0, UB(s): [65] Mbps
Node    CST    Tx pow                    Mean                     Std    Played (s)    Played (count)
  13    -82        23    0.002309688888888889    0.192450089729875262         13.00                26
  13    -77        23    0.007232775757575760    0.174077655955697852         16.00                32
  13    -72        23    0.018222531181264892    0.171498585142508847         16.47                33
  13    -67        23    0.070138456788750123    0.136082763487954339         24.92                53
  13    -62        23    0.130125578575715439    0.125000000000000000         29.13                63
                                                                              99.52               207    Tot

Node 14 - Refine time: -1000000000.0, UB(s): [65] Mbps
Node    CST    Tx pow                    Mean                     Std    Played (s)    Played (count)
  14    -82        23    0.007744581818181820    0.213200716355610442         10.50                21
  14    -77        23    0.007587328000000000    0.200000000000000011         12.00                24
  14    -72        23    0.027492684294000012    0.185695338177051861         14.00                28
  14    -67        23    0.134729751538563924    0.133630620956212198         25.61                55
  14    -62        23    0.230433357524424676    0.095346258924559224         37.72               109
                                                                              99.83               237    Tot

Node 15 - Refine time: -1000000000.0, UB(s): [65] Mbps
Node    CST    Tx pow                    Mean                     Std    Played (s)    Played (count)
  15    -82        23    0.009782211764705881    0.242535625036332969          8.00                16
  15    -77        23    0.034828996579904827    0.235702260395515839          7.98                17
  15    -72        23    0.165116909841996895    0.185695338177051861         12.62                28
  15    -67        23    0.345495484605830461    0.109108945117996181         31.33                83
  15    -62        23    0.426805857788862819    0.096673648904566353         39.72               106
                                                                              99.65               250    Tot

Node 16 - Refine time: -1000000000.0, UB(s): [65] Mbps
Node    CST    Tx pow                    Mean                     Std    Played (s)    Played (count)
  16    -82        23    0.008136302702702701    0.164398987305357291         18.00                36
  16    -77        23    0.009133246511627906    0.152498570332604666         21.00                42
  16    -72        23    0.022145248780487813    0.156173761888606072         20.00                40
  16    -67        23    0.030665597384682948    0.141421356237309503         22.66                49
  16    -62        23    0.050858106987384140    0.142857142857142849         18.22                48
                                                                              99.88               215    Tot

Node 17 - Refine time: -1000000000.0, UB(s): [65] Mbps
Node    CST    Tx pow                    Mean                     Std    Played (s)    Played (count)
  17    -82        23    0.004941599999999999    0.250000000000000000          7.50                15
  17    -77        23    0.043338632190697716    0.213200716355610442         10.05                21
  17    -72        23    0.191556279751322417    0.154303349962091912         18.01                41
  17    -67        23    0.225218574170595515    0.141421356237309503         19.95                49
  17    -62        23    0.364830724239384840    0.092057461789832332         44.10               117
                                                                              99.62               243    Tot

Node 18 - Refine time: -1000000000.0, UB(s): [65] Mbps
Node    CST    Tx pow                    Mean                     Std    Played (s)    Played (count)
  18    -82        23    0.035378666909156344    0.192450089729875262         12.49                26
  18    -77        23    0.041899062309029365    0.169030850945703304         16.84                34
  18    -72        23    0.054017332847090385    0.176776695296636893         14.56                31
  18    -67        23    0.123676332417902241    0.134839972492648424         23.85                54
  18    -62        23    0.222695338853436814    0.111803398874989482         32.04                79
                                                                              99.78               224    Tot

Node 19 - Refine time: -1000000000.0, UB(s): [65] Mbps
Node    CST    Tx pow                    Mean                     Std    Played (s)    Played (count)
  19    -82        23    0.125729255103816023    0.229415733870561772          7.94                18
  19    -77        23    0.180687224389252304    0.182574185835055358         12.67                29
  19    -72        23    0.342840295099341885    0.124034734589208454         27.32                64
  19    -67        23    0.315960206649485764    0.122169444356305223         26.54                66
  19    -62        23    0.358079354991312382    0.117041147196130554         25.12                72
                                                                              99.59               249    Tot

Mean throughputs: [42.2986  2.2525  8.7058 38.9115  4.9544 24.4143  8.4845 20.7323  4.9111
 20.1523  5.0060  1.5499 39.7795  3.2754  7.9763 17.5301  1.5368 14.4504
  6.7945 18.1011]
Aggregate throughput: 291.8174
Min-Max: 40.7617
JFI: 0.5335 [0.0500, 1]
Node 0:
  CST counts:       {-62: 89, -67: 127, -72: 35, -77: 13, -82: 10}
  Tx pow counts:    {23: 274}
Node 1:
  CST counts:       {-62: 56, -67: 49, -72: 34, -77: 38, -82: 30}
  Tx pow counts:    {23: 207}
Node 2:
  CST counts:       {-62: 105, -67: 60, -72: 23, -77: 19, -82: 19}
  Tx pow counts:    {23: 226}
Node 3:
  CST counts:       {-62: 202, -67: 27, -72: 11, -77: 12, -82: 10}
  Tx pow counts:    {23: 262}
Node 4:
  CST counts:       {-62: 83, -67: 47, -72: 28, -77: 32, -82: 23}
  Tx pow counts:    {23: 213}
Node 5:
  CST counts:       {-62: 191, -67: 33, -72: 17, -77: 13, -82: 11}
  Tx pow counts:    {23: 265}
Node 6:
  CST counts:       {-62: 104, -67: 51, -72: 28, -77: 25, -82: 23}
  Tx pow counts:    {23: 231}
Node 7:
  CST counts:       {-62: 154, -67: 54, -72: 24, -77: 15, -82: 13}
  Tx pow counts:    {23: 260}
Node 8:
  CST counts:       {-62: 60, -67: 55, -72: 37, -77: 39, -82: 28}
  Tx pow counts:    {23: 219}
Node 9:
  CST counts:       {-62: 73, -67: 105, -72: 36, -77: 31, -82: 19}
  Tx pow counts:    {23: 264}
Node 10:
  CST counts:       {-62: 54, -67: 64, -72: 39, -77: 33, -82: 32}
  Tx pow counts:    {23: 222}
Node 11:
  CST counts:       {-62: 45, -67: 49, -72: 38, -77: 45, -82: 32}
  Tx pow counts:    {23: 209}
Node 12:
  CST counts:       {-62: 188, -67: 53, -72: 12, -77: 9, -82: 9}
  Tx pow counts:    {23: 271}
Node 13:
  CST counts:       {-62: 63, -67: 53, -72: 33, -77: 33, -82: 26}
  Tx pow counts:    {23: 208}
Node 14:
  CST counts:       {-62: 109, -67: 56, -72: 28, -77: 24, -82: 21}
  Tx pow counts:    {23: 238}
Node 15:
  CST counts:       {-62: 106, -67: 83, -72: 29, -77: 17, -82: 16}
  Tx pow counts:    {23: 251}
Node 16:
  CST counts:       {-62: 48, -67: 49, -72: 41, -77: 42, -82: 36}
  Tx pow counts:    {23: 216}
Node 17:
  CST counts:       {-62: 118, -67: 49, -72: 41, -77: 21, -82: 15}
  Tx pow counts:    {23: 244}
Node 18:
  CST counts:       {-62: 80, -67: 54, -72: 31, -77: 34, -82: 26}
  Tx pow counts:    {23: 225}
Node 19:
  CST counts:       {-62: 72, -67: 66, -72: 65, -77: 29, -82: 18}
  Tx pow counts:    {23: 250}


Last 20.0 seconds of simulation:
Node 0 - Refine time: -1000000000.0, UB(s): [65] Mbps
Node    CST    Tx pow                    Mean                     Std    Played (s)    Played (count)
   0    -82        23    0.085072290909090936    1.000000000000000000          0.00               0.0
   0    -77        23    0.321579217056600863    0.707106781186547573          0.50               1.0
   0    -72        23    0.544801283770334543    0.408248290463863017          2.11               5.0
   0    -67        23    0.730588127946753652    0.188982236504613599          9.67              27.0
   0    -62        23    0.678708069562167449    0.208514414057074771          7.63              22.0
                                                                              19.91              55.0    Tot

Node 1 - Refine time: -1000000000.0, UB(s): [65] Mbps
Node    CST    Tx pow                    Mean                     Std    Played (s)    Played (count)
   1    -82        23    0.008676800000000000    0.353553390593273786          3.50               7.0
   1    -77        23    0.009847717647058826    0.408248290463863017          2.50               5.0
   1    -72        23    0.004825599999999999    0.353553390593273786          3.50               7.0
   1    -67        23    0.049942989828971857    0.258198889747161098          6.56              14.0
   1    -62        23    0.099470380401029290    0.333333333333333315          4.00               8.0
                                                                              20.06              41.0    Tot

Node 2 - Refine time: -1000000000.0, UB(s): [65] Mbps
Node    CST    Tx pow                    Mean                     Std    Played (s)    Played (count)
   2    -82        23    0.004041955555555556    0.577350269189625731          1.00               2.0
   2    -77        23    0.006351644444444447    0.577350269189625731          1.00               2.0
   2    -72        23    0.049956165988325960    0.447213595499957928          2.00               4.0
   2    -67        23    0.210937303294354256    0.267261241912424397          5.96              13.0
   2    -62        23    0.304246892488210907    0.208514414057074771         10.18              22.0
                                                                              20.14              43.0    Tot

Node 3 - Refine time: -1000000000.0, UB(s): [65] Mbps
Node    CST    Tx pow                    Mean                     Std    Played (s)    Played (count)
   3    -82        23    0.031248290909090912    1.000000000000000000          0.00               0.0
   3    -77        23    0.074870251920104117    0.707106781186547573          0.50               1.0
   3    -72        23    0.087594437118296328    1.000000000000000000          0.00               0.0
   3    -67        23    0.364475478213681869    0.707106781186547573          0.50               1.0
   3    -62        23    0.734874902626867832    0.137360563948689035         18.87              52.0
                                                                              19.87              54.0    Tot

Node 4 - Refine time: -1000000000.0, UB(s): [65] Mbps
Node    CST    Tx pow                    Mean                     Std    Played (s)    Played (count)
   4    -82        23    0.007012582778459670    0.447213595499957928          2.00               4.0
   4    -77        23    0.017322666666666667    0.377964473009227198          3.00               6.0
   4    -72        23    0.012653078260869565    0.377964473009227198          3.00               6.0
   4    -67        23    0.099976812542485916    0.301511344577763629          4.91              10.0
   4    -62        23    0.194321885595316685    0.242535625036332969          7.31              16.0
                                                                              20.22              42.0    Tot

Node 5 - Refine time: -1000000000.0, UB(s): [65] Mbps
Node    CST    Tx pow                    Mean                     Std    Played (s)    Played (count)
   5    -82        23    0.013270399999999996    1.000000000000000000          0.00               0.0
   5    -77        23    0.026220218181818186    0.500000000000000000          1.50               3.0
   5    -72        23    0.071211400694276381    0.707106781186547573          0.50               1.0
   5    -67        23    0.267622731797049762    0.500000000000000000          1.50               3.0
   5    -62        23    0.550838953588847713    0.140028008402800969         16.89              50.0
                                                                              20.39              57.0    Tot

Node 6 - Refine time: -1000000000.0, UB(s): [65] Mbps
Node    CST    Tx pow                    Mean                     Std    Played (s)    Played (count)
   6    -82        23    0.010843157653697319    0.447213595499957928          2.00               4.0
   6    -77        23    0.015838464417724501    0.577350269189625731          1.00               2.0
   6    -72        23    0.032736669310563078    0.447213595499957928          2.00               4.0
   6    -67        23    0.141651979198865408    0.301511344577763629          4.55              10.0
   6    -62        23    0.279770054286050729    0.188982236504613599         10.38              27.0
                                                                              19.93              47.0    Tot

Node 7 - Refine time: -1000000000.0, UB(s): [65] Mbps
Node    CST    Tx pow                    Mean                     Std    Played (s)    Played (count)
   7    -82        23    0.013442742857142859    1.000000000000000000          0.00               0.0
   7    -77        23    0.046322178521561744    0.500000000000000000          1.36               3.0
   7    -72        23    0.136721788967455044    0.500000000000000000          1.50               3.0
   7    -67        23    0.331422964140981935    0.377964473009227198          3.00               6.0
   7    -62        23    0.495282999219025188    0.154303349962091912         14.13              41.0
                                                                              19.99              53.0    Tot

Node 8 - Refine time: -1000000000.0, UB(s): [65] Mbps
Node    CST    Tx pow                    Mean                     Std    Played (s)    Played (count)
   8    -82        23    0.019787402475514030    0.408248290463863017          2.50               5.0
   8    -77        23    0.063877851428571442    0.408248290463863017          2.42               5.0
   8    -72        23    0.052667226505958370    0.408248290463863017          2.50               5.0
   8    -67        23    0.111340665335917743    0.235702260395515839          7.77              17.0
   8    -62        23    0.154536404574053071    0.288675134594812866          5.09              11.0
                                                                              20.28              43.0    Tot

Node 9 - Refine time: -1000000000.0, UB(s): [65] Mbps
Node    CST    Tx pow                    Mean                     Std    Played (s)    Played (count)
   9    -82        23    0.117634937669167133    1.000000000000000000          0.00               0.0
   9    -77        23    0.225060183187101193    0.408248290463863017          2.24               5.0
   9    -72        23    0.254603139362976738    0.377964473009227198          2.71               6.0
   9    -67        23    0.456220935718003096    0.192450089729875262          9.52              26.0
   9    -62        23    0.387631621005798788    0.235702260395515839          5.49              17.0
                                                                              19.96              54.0    Tot

Node 10 - Refine time: -1000000000.0, UB(s): [65] Mbps
Node    CST    Tx pow                    Mean                     Std    Played (s)    Played (count)
  10    -82        23    0.081119519190877371    0.353553390593273786          3.50               7.0
  10    -77        23    0.045700730065375013    0.447213595499957928          2.00               4.0
  10    -72        23    0.098391011660016098    0.377964473009227198          3.00               6.0
  10    -67        23    0.149450384961521882    0.242535625036332969          7.90              16.0
  10    -62        23    0.135815344296790652    0.316227766016837941          3.68               9.0
                                                                              20.08              42.0    Tot

Node 11 - Refine time: -1000000000.0, UB(s): [65] Mbps
Node    CST    Tx pow                    Mean                     Std    Played (s)    Played (count)
  11    -82        23    0.004468676923076923    0.353553390593273786          3.50               7.0
  11    -77        23    0.027518416829108428    0.408248290463863017          2.50               5.0
  11    -72        23    0.022953532414365693    0.353553390593273786          3.50               7.0
  11    -67        23    0.044124894014608833    0.267261241912424397          6.49              13.0
  11    -62        23    0.041759080778779975    0.333333333333333315          4.00               8.0
                                                                              19.99              40.0    Tot

Node 12 - Refine time: -1000000000.0, UB(s): [65] Mbps
Node    CST    Tx pow                    Mean                     Std    Played (s)    Played (count)
  12    -82        23    0.010430720000000001    1.000000000000000000          0.00               0.0
  12    -77        23    0.018708480000000003    1.000000000000000000          0.00               0.0
  12    -72        23    0.133324360065927378    1.000000000000000000          0.00               0.0
  12    -67        23    0.542055242395812709    0.447213595499957928          1.80               4.0
  12    -62        23    0.736042501497612411    0.137360563948689035         18.11              52.0
                                                                              19.91              56.0    Tot

Node 13 - Refine time: -1000000000.0, UB(s): [65] Mbps
Node    CST    Tx pow                    Mean                     Std    Played (s)    Played (count)
  13    -82        23    0.003118080000000000    0.353553390593273786          3.50               7.0
  13    -77        23    0.008230400000000002    0.447213595499957928          2.00               4.0
  13    -72        23    0.022561942969000232    0.353553390593273786          3.50               7.0
  13    -67        23    0.090340406502256262    0.267261241912424397          6.50              13.0
  13    -62        23    0.144438642260917072    0.316227766016837941          4.37               9.0
                                                                              19.87              40.0    Tot

Node 14 - Refine time: -1000000000.0, UB(s): [65] Mbps
Node    CST    Tx pow                    Mean                     Std    Played (s)    Played (count)
  14    -82        23    0.008519040000000002    0.577350269189625731          1.00               2.0
  14    -77        23    0.009032533333333334    0.447213595499957928          2.00               4.0
  14    -72        23    0.031472593521916677    0.408248290463863017          2.50               5.0
  14    -67        23    0.152042464203902161    0.277350098112614574          5.93              12.0
  14    -62        23    0.269682606940923053    0.188982236504613599          8.41              27.0
                                                                              19.84              50.0    Tot

Node 15 - Refine time: -1000000000.0, UB(s): [65] Mbps
Node    CST    Tx pow                    Mean                     Std    Played (s)    Played (count)
  15    -82        23    0.009782211764705881    1.000000000000000000          0.00               0.0
  15    -77        23    0.037233821152392932    0.577350269189625731          1.00               2.0
  15    -72        23    0.181572607416716436    0.447213595499957928          2.00               4.0
  15    -67        23    0.363313580005865389    0.235702260395515839          6.92              17.0
  15    -62        23    0.408824582916467227    0.182574185835055358          9.88              29.0
                                                                              19.81              52.0    Tot

Node 16 - Refine time: -1000000000.0, UB(s): [65] Mbps
Node    CST    Tx pow                    Mean                     Std    Played (s)    Played (count)
  16    -82        23    0.010034773333333332    0.353553390593273786          3.50               7.0
  16    -77        23    0.010909155555555557    0.353553390593273786          3.50               7.0
  16    -72        23    0.026580169696969708    0.333333333333333315          4.00               8.0
  16    -67        23    0.037925186319159809    0.277350098112614574          5.63              12.0
  16    -62        23    0.054449384622118388    0.316227766016837941          3.59               9.0
                                                                              20.22              43.0    Tot

Node 17 - Refine time: -1000000000.0, UB(s): [65] Mbps
Node    CST    Tx pow                    Mean                     Std    Played (s)    Played (count)
  17    -82        23    0.004941599999999999    1.000000000000000000          0.00               0.0
  17    -77        23    0.050181574115544733    0.500000000000000000          1.50               3.0
  17    -72        23    0.204328975701586868    0.353553390593273786          3.50               7.0
  17    -67        23    0.239014416477436598    0.353553390593273786          3.50               7.0
  17    -62        23    0.390735181334800064    0.179605302026774910         11.15              30.0
                                                                              19.65              47.0    Tot

Node 18 - Refine time: -1000000000.0, UB(s): [65] Mbps
Node    CST    Tx pow                    Mean                     Std    Played (s)    Played (count)
  18    -82        23    0.034301148110748747    0.447213595499957928          2.00               4.0
  18    -77        23    0.046815892693867586    0.408248290463863017          2.50               5.0
  18    -72        23    0.051267667276557342    0.447213595499957928          1.55               4.0
  18    -67        23    0.124637926516473665    0.258198889747161098          6.37              14.0
  18    -62        23    0.219998425850666923    0.223606797749978964          7.73              19.0
                                                                              20.15              46.0    Tot

Node 19 - Refine time: -1000000000.0, UB(s): [65] Mbps
Node    CST    Tx pow                    Mean                     Std    Played (s)    Played (count)
  19    -82        23    0.120185831848137872    0.577350269189625731          0.78               2.0
  19    -77        23    0.193694366602983475    0.447213595499957928          2.00               4.0
  19    -72        23    0.343363810967412642    0.301511344577763629          4.48              10.0
  19    -67        23    0.316720681704308837    0.258198889747161098          6.15              14.0
  19    -62        23    0.371714732949301185    0.223606797749978964          6.57              19.0
                                                                              19.98              49.0    Tot

Mean throughputs: [53.1431  0.9698  3.8932 50.2518  2.3298 28.0186  9.1274 22.7079  5.3903
 18.2359  1.2576  0.3567 53.3540  0.7837  3.9645 20.1704  0.5862 12.9814
  7.4933 18.5861]
Aggregate throughput: 313.6014
Min-Max: 52.9973
JFI: 0.4743 [0.0500, 1]
Node 0:
  CST counts:       {-67: 27, -72: 5, -77: 1, -62: 23}
  Tx pow counts:    {23: 56}
Node 1:
  CST counts:       {-67: 14, -72: 7, -77: 5, -82: 7, -62: 9}
  Tx pow counts:    {23: 42}
Node 2:
  CST counts:       {-67: 13, -72: 4, -77: 2, -82: 2, -62: 23}
  Tx pow counts:    {23: 44}
Node 3:
  CST counts:       {-67: 1, -77: 1, -62: 53}
  Tx pow counts:    {23: 55}
Node 4:
  CST counts:       {-67: 10, -72: 6, -77: 6, -82: 4, -62: 17}
  Tx pow counts:    {23: 43}
Node 5:
  CST counts:       {-67: 3, -72: 1, -77: 3, -62: 51}
  Tx pow counts:    {23: 58}
Node 6:
  CST counts:       {-67: 11, -72: 4, -77: 2, -82: 4, -62: 27}
  Tx pow counts:    {23: 48}
Node 7:
  CST counts:       {-67: 7, -72: 3, -77: 3, -62: 41}
  Tx pow counts:    {23: 54}
Node 8:
  CST counts:       {-67: 17, -72: 5, -77: 5, -82: 6, -62: 11}
  Tx pow counts:    {23: 44}
Node 9:
  CST counts:       {-67: 27, -72: 6, -77: 5, -62: 17}
  Tx pow counts:    {23: 55}
Node 10:
  CST counts:       {-67: 16, -72: 6, -77: 4, -82: 7, -62: 10}
  Tx pow counts:    {23: 43}
Node 11:
  CST counts:       {-67: 13, -72: 7, -77: 6, -82: 7, -62: 8}
  Tx pow counts:    {23: 41}
Node 12:
  CST counts:       {-67: 4, -62: 53}
  Tx pow counts:    {23: 57}
Node 13:
  CST counts:       {-67: 13, -72: 7, -77: 5, -82: 7, -62: 9}
  Tx pow counts:    {23: 41}
Node 14:
  CST counts:       {-67: 13, -72: 5, -77: 4, -82: 2, -62: 27}
  Tx pow counts:    {23: 51}
Node 15:
  CST counts:       {-67: 17, -72: 5, -77: 2, -62: 29}
  Tx pow counts:    {23: 53}
Node 16:
  CST counts:       {-67: 12, -72: 9, -77: 7, -82: 7, -62: 9}
  Tx pow counts:    {23: 44}
Node 17:
  CST counts:       {-67: 7, -72: 7, -77: 3, -62: 31}
  Tx pow counts:    {23: 48}
Node 18:
  CST counts:       {-67: 14, -72: 4, -77: 5, -82: 4, -62: 20}
  Tx pow counts:    {23: 47}
Node 19:
  CST counts:       {-67: 14, -72: 11, -77: 4, -82: 2, -62: 19}
  Tx pow counts:    {23: 50}
