Simulation time: 60 s
Waiting for simulation script to connect on port: tcp://localhost:5555
Please start proper ns-3 simulation script using ./waf --run "..."
Start
Progress: 0% 10% 20% 30% 40% 50% 60% 70% 80% 90% 100% 100%
Done
Final step: 5999
Node 0, (CST, Tx power, MCS) = (-82,  0, 7) - (mean, std): (0.073236195449458960, 0.019313082381200476)    played    26.80 s,       2680 time(s)
Node 0, (CST, Tx power, MCS) = (-68,  0, 7) - (mean, std): (0.080890526949713493, 0.017352640209845119)    played    33.20 s,       3320 time(s)
                                                                                                   played    60.00 s,       6000 time(s)

Node 1, (CST, Tx power, MCS) = (-82,  0, 7) - (mean, std): (0.062211606714628095, 0.017313584026611092)    played    33.35 s,       3335 time(s)
Node 1, (CST, Tx power, MCS) = (-68,  0, 7) - (mean, std): (0.063219564891222518, 0.019367337799588276)    played    26.65 s,       2665 time(s)
                                                                                                   played    60.00 s,       6000 time(s)

Node 2, (CST, Tx power, MCS) = (-82,  0, 7) - (mean, std): (0.069031945080091237, 0.016912752287293460)    played    34.95 s,       3495 time(s)
Node 2, (CST, Tx power, MCS) = (-68,  0, 7) - (mean, std): (0.065863559457302240, 0.019976043113781049)    played    25.05 s,       2505 time(s)
                                                                                                   played    60.00 s,       6000 time(s)

Node 3, (CST, Tx power, MCS) = (-82,  0, 7) - (mean, std): (0.067222260869564968, 0.017316179571791195)    played    33.34 s,       3334 time(s)
Node 3, (CST, Tx power, MCS) = (-68,  0, 7) - (mean, std): (0.061316895388076192, 0.019363706537195886)    played    26.66 s,       2666 time(s)
                                                                                                   played    60.00 s,       6000 time(s)

Mean throughputs: [5.0373 4.0742 4.4026 4.2003]
Aggregate throughput: 17.7144
Min-Max: 0.9631
JFI: 0.9228 [0.2500, 1]
Mean TX power: [0.0000 0.0000 0.0000 0.0000]
Mean PCS: [-74.2533 -75.7817 -76.1550 -75.7793]
Mean MCS: [7.0000 7.0000 7.0000 7.0000]

Last 20 seconds of simulation:
Mean throughputs: [4.8533 3.7211 4.1693 3.6970]
Aggregate throughput: 16.4408
Min-Max: 1.1563
JFI: 0.8977 [0.2500, 1]
Mean TX power: [0.0000 0.0000 0.0000 0.0000]
Mean PCS: [-73.1800 -75.2870 -76.3720 -76.0220]
Mean MCS: [7.0000 7.0000 7.0000 7.0000]
Simulation time: 60 s
Waiting for simulation script to connect on port: tcp://localhost:5555
Please start proper ns-3 simulation script using ./waf --run "..."
Start
Progress: 0% 10% 20% 30% 40% 50% 60% 70% 80% 90% 100% 100%
Done
Final step: 5999
Node 0, (CST, Tx power, MCS) = (-82,  0, 7) - (mean, std): (0.071336268201828520, 0.018402137716482931)    played    29.52 s,       2952 time(s)
Node 0, (CST, Tx power, MCS) = (-68,  0, 7) - (mean, std): (0.073716497212200527, 0.018110118323750111)    played    30.48 s,       3048 time(s)
                                                                                                   played    60.00 s,       6000 time(s)

Node 1, (CST, Tx power, MCS) = (-82,  0, 7) - (mean, std): (0.064231366521884201, 0.018278756253377788)    played    29.92 s,       2992 time(s)
Node 1, (CST, Tx power, MCS) = (-68,  0, 7) - (mean, std): (0.062094888667331101, 0.018230093920774314)    played    30.08 s,       3008 time(s)
                                                                                                   played    60.00 s,       6000 time(s)

Node 2, (CST, Tx power, MCS) = (-82,  0, 7) - (mean, std): (0.067532942555685704, 0.017119673934947517)    played    34.11 s,       3411 time(s)
Node 2, (CST, Tx power, MCS) = (-68,  0, 7) - (mean, std): (0.065805590733590810, 0.019649437297296481)    played    25.89 s,       2589 time(s)
                                                                                                   played    60.00 s,       6000 time(s)

Node 3, (CST, Tx power, MCS) = (-82,  0, 7) - (mean, std): (0.066000235988200470, 0.017175134664318154)    played    33.89 s,       3389 time(s)
Node 3, (CST, Tx power, MCS) = (-68,  0, 7) - (mean, std): (0.062423277182235531, 0.019566512004870810)    played    26.11 s,       2611 time(s)
                                                                                                   played    60.00 s,       6000 time(s)

Mean throughputs: [4.7170 4.1068 4.3426 4.1902]
Aggregate throughput: 17.3567
Min-Max: 0.6102
JFI: 0.9488 [0.2500, 1]
Mean TX power: [0.0000 0.0000 0.0000 0.0000]
Mean PCS: [-74.8880 -74.9813 -75.9590 -75.9077]
Mean MCS: [7.0000 7.0000 7.0000 7.0000]

Last 20 seconds of simulation:
Mean throughputs: [4.7134 3.6295 4.1072 3.8430]
Aggregate throughput: 16.2930
Min-Max: 1.0840
JFI: 0.9093 [0.2500, 1]
Mean TX power: [0.0000 0.0000 0.0000 0.0000]
Mean PCS: [-74.3630 -75.2940 -75.5670 -75.8330]
Mean MCS: [7.0000 7.0000 7.0000 7.0000]
Simulation time: 60 s
Waiting for simulation script to connect on port: tcp://localhost:5555
Please start proper ns-3 simulation script using ./waf --run "..."
Start
Progress: 0% 10% 20% 30% 40% 50% 60% 70% 80% 90% 100% 100%
Done
Final step: 5999
Node 0, (CST, Tx power, MCS) = (-82,  0, 7) - (mean, std): (0.064660420420419987, 0.019374606457303212)    played    26.63 s,       2663 time(s)
Node 0, (CST, Tx power, MCS) = (-68,  0, 7) - (mean, std): (0.067562180946674363, 0.017308396435775062)    played    33.37 s,       3337 time(s)
                                                                                                   played    60.00 s,       6000 time(s)

Node 1, (CST, Tx power, MCS) = (-82,  0, 7) - (mean, std): (0.058289764291519726, 0.016459929752461702)    played    36.90 s,       3690 time(s)
Node 1, (CST, Tx power, MCS) = (-68,  0, 7) - (mean, std): (0.054973258329727243, 0.020801757406701711)    played    23.10 s,       2310 time(s)
                                                                                                   played    60.00 s,       6000 time(s)

Node 2, (CST, Tx power, MCS) = (-82,  0, 7) - (mean, std): (0.058114725274725124, 0.018531232916527529)    played    29.11 s,       2911 time(s)
Node 2, (CST, Tx power, MCS) = (-68,  0, 7) - (mean, std): (0.060136802588996702, 0.017989569074028863)    played    30.89 s,       3089 time(s)
                                                                                                   played    60.00 s,       6000 time(s)

Node 3, (CST, Tx power, MCS) = (-82,  0, 7) - (mean, std): (0.058221035258814516, 0.019367337799588276)    played    26.65 s,       2665 time(s)
Node 3, (CST, Tx power, MCS) = (-68,  0, 7) - (mean, std): (0.062901486810551521, 0.017313584026611092)    played    33.35 s,       3335 time(s)
                                                                                                   played    60.00 s,       6000 time(s)

Mean throughputs: [4.3093 3.7071 3.8464 3.9548]
Aggregate throughput: 15.8175
Min-Max: 0.6022
JFI: 0.9466 [0.2500, 1]
Mean TX power: [0.0000 0.0000 0.0000 0.0000]
Mean PCS: [-74.2137 -76.6100 -74.7923 -74.2183]
Mean MCS: [7.0000 7.0000 7.0000 7.0000]

Last 20 seconds of simulation:
Mean throughputs: [3.8128 3.3387 3.5348 3.7815]
Aggregate throughput: 14.4678
Min-Max: 0.4741
JFI: 0.9492 [0.2500, 1]
Mean TX power: [0.0000 0.0000 0.0000 0.0000]
Mean PCS: [-74.3070 -75.7910 -74.4190 -73.9500]
Mean MCS: [7.0000 7.0000 7.0000 7.0000]
Simulation time: 60 s
Waiting for simulation script to connect on port: tcp://localhost:5555
Please start proper ns-3 simulation script using ./waf --run "..."
Start
Progress: 0% 10% 20% 30% 40% 50% 60% 70% 80% 90% 100% 100%
Done
Final step: 5999
Node 0, (CST, Tx power, MCS) = (-82,  0, 7) - (mean, std): (0.056549452210048951, 0.019436722280931712)    played    26.46 s,       2646 time(s)
Node 0, (CST, Tx power, MCS) = (-68,  0, 7) - (mean, std): (0.059801371087928226, 0.017264489368196221)    played    33.54 s,       3354 time(s)
                                                                                                   played    60.00 s,       6000 time(s)

Node 1, (CST, Tx power, MCS) = (-82,  0, 7) - (mean, std): (0.055313116279069582, 0.019687480773953943)    played    25.79 s,       2579 time(s)
Node 1, (CST, Tx power, MCS) = (-68,  0, 7) - (mean, std): (0.059335593220338760, 0.017094641498783945)    played    34.21 s,       3421 time(s)
                                                                                                   played    60.00 s,       6000 time(s)

Node 2, (CST, Tx power, MCS) = (-82,  0, 7) - (mean, std): (0.059472626464703970, 0.016905500338577024)    played    34.98 s,       3498 time(s)
Node 2, (CST, Tx power, MCS) = (-68,  0, 7) - (mean, std): (0.053455469436675826, 0.019988010789211329)    played    25.02 s,       2502 time(s)
                                                                                                   played    60.00 s,       6000 time(s)

Node 3, (CST, Tx power, MCS) = (-82,  0, 7) - (mean, std): (0.056402941390607891, 0.019079661712964921)    played    27.46 s,       2746 time(s)
Node 3, (CST, Tx power, MCS) = (-68,  0, 7) - (mean, std): (0.057362089093701836, 0.017527682734987296)    played    32.54 s,       3254 time(s)
                                                                                                   played    60.00 s,       6000 time(s)

Mean throughputs: [3.7951 3.7457 3.7038 3.7012]
Aggregate throughput: 14.9459
Min-Max: 0.0939
JFI: 0.9899 [0.2500, 1]
Mean TX power: [0.0000 0.0000 0.0000 0.0000]
Mean PCS: [-74.1740 -74.0177 -76.1620 -74.4073]
Mean MCS: [7.0000 7.0000 7.0000 7.0000]

Last 20 seconds of simulation:
Mean throughputs: [4.2646 3.5951 3.8563 3.7272]
Aggregate throughput: 15.4431
Min-Max: 0.6696
JFI: 0.9390 [0.2500, 1]
Mean TX power: [0.0000 0.0000 0.0000 0.0000]
Mean PCS: [-74.4890 -74.2230 -75.8540 -74.6220]
Mean MCS: [7.0000 7.0000 7.0000 7.0000]
Simulation time: 60 s
Waiting for simulation script to connect on port: tcp://localhost:5555
Please start proper ns-3 simulation script using ./waf --run "..."
Start
Progress: 0% 10% 20% 30% 40% 50% 60% 70% 80% 90% 100% 100%
Done
Final step: 5999
Node 0, (CST, Tx power, MCS) = (-82,  0, 7) - (mean, std): (0.049135522388059662, 0.019316685232156395)    played    26.79 s,       2679 time(s)
Node 0, (CST, Tx power, MCS) = (-68,  0, 7) - (mean, std): (0.050148874172185262, 0.017350028237193935)    played    33.21 s,       3321 time(s)
                                                                                                   played    60.00 s,       6000 time(s)

Node 1, (CST, Tx power, MCS) = (-82,  0, 7) - (mean, std): (0.042611426326129617, 0.019822394114938212)    played    25.44 s,       2544 time(s)
Node 1, (CST, Tx power, MCS) = (-68,  0, 7) - (mean, std): (0.050933965866357893, 0.017007884982457738)    played    34.56 s,       3456 time(s)
                                                                                                   played    60.00 s,       6000 time(s)

Node 2, (CST, Tx power, MCS) = (-82,  0, 7) - (mean, std): (0.044879313176558397, 0.019320290100197885)    played    26.78 s,       2678 time(s)
Node 2, (CST, Tx power, MCS) = (-68,  0, 7) - (mean, std): (0.050038832380379032, 0.017347417443674198)    played    33.22 s,       3322 time(s)
                                                                                                   played    60.00 s,       6000 time(s)

Node 3, (CST, Tx power, MCS) = (-82,  0, 7) - (mean, std): (0.047680824438719037, 0.019184707441917040)    played    27.16 s,       2716 time(s)
Node 3, (CST, Tx power, MCS) = (-68,  0, 7) - (mean, std): (0.050894514459665051, 0.017447464086340458)    played    32.84 s,       3284 time(s)
                                                                                                   played    60.00 s,       6000 time(s)

Mean throughputs: [3.2313 3.0824 3.1039 3.2147]
Aggregate throughput: 12.6322
Min-Max: 0.1490
JFI: 0.9796 [0.2500, 1]
Mean TX power: [0.0000 0.0000 0.0000 0.0000]
Mean PCS: [-74.2510 -73.9360 -74.2487 -74.3373]
Mean MCS: [7.0000 7.0000 7.0000 7.0000]

Last 20 seconds of simulation:
Mean throughputs: [3.3025 2.9810 2.8893 2.9062]
Aggregate throughput: 12.0791
Min-Max: 0.4132
JFI: 0.9476 [0.2500, 1]
Mean TX power: [0.0000 0.0000 0.0000 0.0000]
Mean PCS: [-74.1880 -73.6350 -74.0060 -74.4400]
Mean MCS: [7.0000 7.0000 7.0000 7.0000]
Simulation time: 60 s
Waiting for simulation script to connect on port: tcp://localhost:5555
Please start proper ns-3 simulation script using ./waf --run "..."
Start
Progress: 0% 10% 20% 30% 40% 50% 60% 70% 80% 90% 100% 100%
Done
Final step: 5999
Node 0, (CST, Tx power, MCS) = (-82,  0, 7) - (mean, std): (0.064431623036649135, 0.018089365132310541)    played    30.55 s,       3055 time(s)
Node 0, (CST, Tx power, MCS) = (-68,  0, 7) - (mean, std): (0.060720054310929833, 0.018423987433960502)    played    29.45 s,       2945 time(s)
                                                                                                   played    60.00 s,       6000 time(s)

Node 1, (CST, Tx power, MCS) = (-82,  0, 7) - (mean, std): (0.059510889679715052, 0.017986658846868508)    played    30.90 s,       3090 time(s)
Node 1, (CST, Tx power, MCS) = (-68,  0, 7) - (mean, std): (0.059843407763654898, 0.018534415610053194)    played    29.10 s,       2910 time(s)
                                                                                                   played    60.00 s,       6000 time(s)

Node 2, (CST, Tx power, MCS) = (-82,  0, 7) - (mean, std): (0.056152364793213047, 0.018801111554573632)    played    28.28 s,       2828 time(s)
Node 2, (CST, Tx power, MCS) = (-68,  0, 7) - (mean, std): (0.060558361172391925, 0.017752722477790937)    played    31.72 s,       3172 time(s)
                                                                                                   played    60.00 s,       6000 time(s)

Node 3, (CST, Tx power, MCS) = (-82,  0, 7) - (mean, std): (0.051027607783288638, 0.019532889334101800)    played    26.20 s,       2620 time(s)
Node 3, (CST, Tx power, MCS) = (-68,  0, 7) - (mean, std): (0.063233552203489932, 0.017197979012252743)    played    33.80 s,       3380 time(s)
                                                                                                   played    60.00 s,       6000 time(s)

Mean throughputs: [4.0710 3.8800 3.8026 3.7650]
Aggregate throughput: 15.5185
Min-Max: 0.3060
JFI: 0.9705 [0.2500, 1]
Mean TX power: [0.0000 0.0000 0.0000 0.0000]
Mean PCS: [-75.1283 -75.2100 -74.5987 -74.1133]
Mean MCS: [7.0000 7.0000 7.0000 7.0000]

Last 20 seconds of simulation:
Mean throughputs: [3.6506 3.2181 4.1488 4.3816]
Aggregate throughput: 15.3991
Min-Max: 1.1636
JFI: 0.8953 [0.2500, 1]
Mean TX power: [0.0000 0.0000 0.0000 0.0000]
Mean PCS: [-75.9800 -75.3920 -74.5660 -73.0960]
Mean MCS: [7.0000 7.0000 7.0000 7.0000]
Simulation time: 60 s
Waiting for simulation script to connect on port: tcp://localhost:5555
Please start proper ns-3 simulation script using ./waf --run "..."
Start
Progress: 0% 10% 20% 30% 40% 50% 60% 70% 80% 90% 100% 100%
Done
Final step: 5999
Node 0, (CST, Tx power, MCS) = (-82,  0, 7) - (mean, std): (0.055327230411171317, 0.019695116019838796)    played    25.77 s,       2577 time(s)
Node 0, (CST, Tx power, MCS) = (-68,  0, 7) - (mean, std): (0.063697009345794267, 0.017089648175616579)    played    34.23 s,       3423 time(s)
                                                                                                   played    60.00 s,       6000 time(s)

Node 1, (CST, Tx power, MCS) = (-82,  0, 7) - (mean, std): (0.050145398457583493, 0.019163559494160484)    played    27.22 s,       2722 time(s)
Node 1, (CST, Tx power, MCS) = (-68,  0, 7) - (mean, std): (0.053432875876791540, 0.017463419703837031)    played    32.78 s,       3278 time(s)
                                                                                                   played    60.00 s,       6000 time(s)

Node 2, (CST, Tx power, MCS) = (-82,  0, 7) - (mean, std): (0.055761956521738966, 0.018430244519362142)    played    29.43 s,       2943 time(s)
Node 2, (CST, Tx power, MCS) = (-68,  0, 7) - (mean, std): (0.057907442773054082, 0.018083448741266828)    played    30.57 s,       3057 time(s)
                                                                                                   played    60.00 s,       6000 time(s)

Node 3, (CST, Tx power, MCS) = (-82,  0, 7) - (mean, std): (0.049933255091473817, 0.018579146207522112)    played    28.96 s,       2896 time(s)
Node 3, (CST, Tx power, MCS) = (-68,  0, 7) - (mean, std): (0.052069616747181850, 0.017946063401938852)    played    31.04 s,       3104 time(s)
                                                                                                   played    60.00 s,       6000 time(s)

Mean throughputs: [3.9079 3.3773 3.6968 3.3186]
Aggregate throughput: 14.3007
Min-Max: 0.5893
JFI: 0.9371 [0.2500, 1]
Mean TX power: [0.0000 0.0000 0.0000 0.0000]
Mean PCS: [-74.0130 -74.3513 -74.8670 -74.7573]
Mean MCS: [7.0000 7.0000 7.0000 7.0000]

Last 20 seconds of simulation:
Mean throughputs: [3.6457 3.3218 3.3182 3.0214]
Aggregate throughput: 13.3072
Min-Max: 0.6243
JFI: 0.9378 [0.2500, 1]
Mean TX power: [0.0000 0.0000 0.0000 0.0000]
Mean PCS: [-73.5440 -74.2790 -74.8390 -74.7130]
Mean MCS: [7.0000 7.0000 7.0000 7.0000]
Simulation time: 60 s
Waiting for simulation script to connect on port: tcp://localhost:5555
Please start proper ns-3 simulation script using ./waf --run "..."
Start
Progress: 0% 10% 20% 30% 40% 50% 60% 70% 80% 90% 100% 100%
Done
Final step: 5999
Node 0, (CST, Tx power, MCS) = (-82,  0, 7) - (mean, std): (0.066478969525604406, 0.017724813763036796)    played    31.82 s,       3182 time(s)
Node 0, (CST, Tx power, MCS) = (-68,  0, 7) - (mean, std): (0.064890869102518262, 0.018834429162764503)    played    28.18 s,       2818 time(s)
                                                                                                   played    60.00 s,       6000 time(s)

Node 1, (CST, Tx power, MCS) = (-82,  0, 7) - (mean, std): (0.059489650398061526, 0.018604852406198254)    played    28.88 s,       2888 time(s)
Node 1, (CST, Tx power, MCS) = (-68,  0, 7) - (mean, std): (0.061630170253774208, 0.017922989058224634)    played    31.12 s,       3112 time(s)
                                                                                                   played    60.00 s,       6000 time(s)

Node 2, (CST, Tx power, MCS) = (-82,  0, 7) - (mean, std): (0.071200968523002145, 0.017397225015980525)    played    33.03 s,       3303 time(s)
Node 2, (CST, Tx power, MCS) = (-68,  0, 7) - (mean, std): (0.072238161601185943, 0.019252140716412975)    played    26.97 s,       2697 time(s)
                                                                                                   played    60.00 s,       6000 time(s)

Node 3, (CST, Tx power, MCS) = (-82,  0, 7) - (mean, std): (0.066947304015296014, 0.017851451337362548)    played    31.37 s,       3137 time(s)
Node 3, (CST, Tx power, MCS) = (-68,  0, 7) - (mean, std): (0.063093631284915977, 0.018685877318798397)    played    28.63 s,       2863 time(s)
                                                                                                   played    60.00 s,       6000 time(s)

Mean throughputs: [4.2741 3.9403 4.6599 4.2335]
Aggregate throughput: 17.1078
Min-Max: 0.7196
JFI: 0.9435 [0.2500, 1]
Mean TX power: [0.0000 0.0000 0.0000 0.0000]
Mean PCS: [-75.4247 -74.7387 -75.7070 -75.3197]
Mean MCS: [7.0000 7.0000 7.0000 7.0000]

Last 20 seconds of simulation:
Mean throughputs: [4.0125 4.0101 4.0366 3.5100]
Aggregate throughput: 15.5692
Min-Max: 0.5266
JFI: 0.9463 [0.2500, 1]
Mean TX power: [0.0000 0.0000 0.0000 0.0000]
Mean PCS: [-75.4550 -74.3420 -74.8390 -75.6510]
Mean MCS: [7.0000 7.0000 7.0000 7.0000]
Simulation time: 60 s
Waiting for simulation script to connect on port: tcp://localhost:5555
Please start proper ns-3 simulation script using ./waf --run "..."
Start
Progress: 0% 10% 20% 30% 40% 50% 60% 70% 80% 90% 100% 100%
Done
Final step: 5999
Node 0, (CST, Tx power, MCS) = (-82,  0, 7) - (mean, std): (0.048207233384853075, 0.019657028349268784)    played    25.87 s,       2587 time(s)
Node 0, (CST, Tx power, MCS) = (-68,  0, 7) - (mean, std): (0.056941253661394083, 0.017114658650253710)    played    34.13 s,       3413 time(s)
                                                                                                   played    60.00 s,       6000 time(s)

Node 1, (CST, Tx power, MCS) = (-82,  0, 7) - (mean, std): (0.056767938834023340, 0.017848607617497854)    played    31.38 s,       3138 time(s)
Node 1, (CST, Tx power, MCS) = (-68,  0, 7) - (mean, std): (0.054065805099545797, 0.018689140372576664)    played    28.62 s,       2862 time(s)
                                                                                                   played    60.00 s,       6000 time(s)

Node 2, (CST, Tx power, MCS) = (-82,  0, 7) - (mean, std): (0.047429516814843316, 0.019660827175925041)    played    25.86 s,       2586 time(s)
Node 2, (CST, Tx power, MCS) = (-68,  0, 7) - (mean, std): (0.052397352855051114, 0.017112152660248292)    played    34.14 s,       3414 time(s)
                                                                                                   played    60.00 s,       6000 time(s)

Node 3, (CST, Tx power, MCS) = (-82,  0, 7) - (mean, std): (0.049815315985130074, 0.019280747181992474)    played    26.89 s,       2689 time(s)
Node 3, (CST, Tx power, MCS) = (-68,  0, 7) - (mean, std): (0.052418550724637518, 0.017376201171422898)    played    33.11 s,       3311 time(s)
                                                                                                   played    60.00 s,       6000 time(s)

Mean throughputs: [3.4575 3.6073 3.2677 3.3325]
Aggregate throughput: 13.6651
Min-Max: 0.3396
JFI: 0.9634 [0.2500, 1]
Mean TX power: [0.0000 0.0000 0.0000 0.0000]
Mean PCS: [-74.0363 -75.3220 -74.0340 -74.2743]
Mean MCS: [7.0000 7.0000 7.0000 7.0000]

Last 20 seconds of simulation:
Mean throughputs: [3.2211 3.0413 3.2012 2.9840]
Aggregate throughput: 12.4476
Min-Max: 0.2371
JFI: 0.9684 [0.2500, 1]
Mean TX power: [0.0000 0.0000 0.0000 0.0000]
Mean PCS: [-73.5230 -75.6510 -74.0900 -74.1950]
Mean MCS: [7.0000 7.0000 7.0000 7.0000]
Simulation time: 60 s
Waiting for simulation script to connect on port: tcp://localhost:5555
Please start proper ns-3 simulation script using ./waf --run "..."
Start
Progress: 0% 10% 20% 30% 40% 50% 60% 70% 80% 90% 100% 100%
Done
Final step: 5999
Node 0, (CST, Tx power, MCS) = (-82,  0, 7) - (mean, std): (0.050968515406162325, 0.018712029714127994)    played    28.55 s,       2855 time(s)
Node 0, (CST, Tx power, MCS) = (-68,  0, 7) - (mean, std): (0.052346751430387702, 0.017828739558016730)    played    31.45 s,       3145 time(s)
                                                                                                   played    60.00 s,       6000 time(s)

Node 1, (CST, Tx power, MCS) = (-82,  0, 7) - (mean, std): (0.054048030255278726, 0.017752722477790937)    played    31.72 s,       3172 time(s)
Node 1, (CST, Tx power, MCS) = (-68,  0, 7) - (mean, std): (0.052045415341109791, 0.018801111554573632)    played    28.28 s,       2828 time(s)
                                                                                                   played    60.00 s,       6000 time(s)

Node 2, (CST, Tx power, MCS) = (-82,  0, 7) - (mean, std): (0.055130791993037311, 0.020860513166591616)    played    22.97 s,       2297 time(s)
Node 2, (CST, Tx power, MCS) = (-68,  0, 7) - (mean, std): (0.060896241900647630, 0.016431019497519374)    played    37.03 s,       3703 time(s)
                                                                                                   played    60.00 s,       6000 time(s)

Node 3, (CST, Tx power, MCS) = (-82,  0, 7) - (mean, std): (0.051570928065598085, 0.019305882723026267)    played    26.82 s,       2682 time(s)
Node 3, (CST, Tx power, MCS) = (-68,  0, 7) - (mean, std): (0.056971762579089917, 0.017357867696094095)    played    33.18 s,       3318 time(s)
                                                                                                   played    60.00 s,       6000 time(s)

Mean throughputs: [3.3610 3.4529 3.8160 3.5474]
Aggregate throughput: 14.1774
Min-Max: 0.4550
JFI: 0.9542 [0.2500, 1]
Mean TX power: [0.0000 0.0000 0.0000 0.0000]
Mean PCS: [-74.6617 -75.4013 -73.3597 -74.2580]
Mean MCS: [7.0000 7.0000 7.0000 7.0000]

Last 20 seconds of simulation:
Mean throughputs: [3.5625 3.5722 3.5504 3.6482]
Aggregate throughput: 14.3332
Min-Max: 0.0977
JFI: 0.9894 [0.2500, 1]
Mean TX power: [0.0000 0.0000 0.0000 0.0000]
Mean PCS: [-74.3980 -75.6230 -74.0130 -74.1040]
Mean MCS: [7.0000 7.0000 7.0000 7.0000]
Simulation time: 60 s
Waiting for simulation script to connect on port: tcp://localhost:5555
Please start proper ns-3 simulation script using ./waf --run "..."
Start
Progress: 0% 10% 20% 30% 40% 50% 60% 70% 80% 90% 100% 100%
Done
Final step: 5999
Node 0, (CST, Tx power, MCS) = (-82,  0, 7) - (mean, std): (0.044356145748987788, 0.020121090914638342)    played    24.69 s,       2469 time(s)
Node 0, (CST, Tx power, MCS) = (-68,  0, 7) - (mean, std): (0.052705775764439189, 0.016826339703401614)    played    35.31 s,       3531 time(s)
                                                                                                   played    60.00 s,       6000 time(s)

Node 1, (CST, Tx power, MCS) = (-82,  0, 7) - (mean, std): (0.050367208692394090, 0.019356450135765441)    played    26.68 s,       2668 time(s)
Node 1, (CST, Tx power, MCS) = (-68,  0, 7) - (mean, std): (0.054170921092109074, 0.017321374166049876)    played    33.32 s,       3332 time(s)
                                                                                                   played    60.00 s,       6000 time(s)

Node 2, (CST, Tx power, MCS) = (-82,  0, 7) - (mean, std): (0.057376100453435504, 0.018676098402828818)    played    28.66 s,       2866 time(s)
Node 2, (CST, Tx power, MCS) = (-68,  0, 7) - (mean, std): (0.057302149920255015, 0.017859990659227328)    played    31.34 s,       3134 time(s)
                                                                                                   played    60.00 s,       6000 time(s)

Node 3, (CST, Tx power, MCS) = (-82,  0, 7) - (mean, std): (0.056372228243544639, 0.017854296416882940)    played    31.36 s,       3136 time(s)
Node 3, (CST, Tx power, MCS) = (-68,  0, 7) - (mean, std): (0.052784251308900396, 0.018682615973574360)    played    28.64 s,       2864 time(s)
                                                                                                   played    60.00 s,       6000 time(s)

Mean throughputs: [3.2036 3.4123 3.7282 3.5541]
Aggregate throughput: 13.8981
Min-Max: 0.5246
JFI: 0.9476 [0.2500, 1]
Mean TX power: [0.0000 0.0000 0.0000 0.0000]
Mean PCS: [-73.7610 -74.2253 -74.6873 -75.3173]
Mean MCS: [7.0000 7.0000 7.0000 7.0000]

Last 20 seconds of simulation:
Mean throughputs: [3.3918 3.5975 3.6777 2.9509]
Aggregate throughput: 13.6178
Min-Max: 0.7269
JFI: 0.9235 [0.2500, 1]
Mean TX power: [0.0000 0.0000 0.0000 0.0000]
Mean PCS: [-73.3480 -73.9220 -75.2240 -75.5250]
Mean MCS: [7.0000 7.0000 7.0000 7.0000]
Simulation time: 60 s
Waiting for simulation script to connect on port: tcp://localhost:5555
Please start proper ns-3 simulation script using ./waf --run "..."
Start
Progress: 0% 10% 20% 30% 40% 50% 60% 70% 80% 90% 100% 100%
Done
Final step: 5999
Node 0, (CST, Tx power, MCS) = (-82,  0, 7) - (mean, std): (0.049138876743309336, 0.019414730885301035)    played    26.52 s,       2652 time(s)
Node 0, (CST, Tx power, MCS) = (-68,  0, 7) - (mean, std): (0.054793287548521807, 0.017279947800812524)    played    33.48 s,       3348 time(s)
                                                                                                   played    60.00 s,       6000 time(s)

Node 1, (CST, Tx power, MCS) = (-82,  0, 7) - (mean, std): (0.056065219462402144, 0.018445915166287581)    played    29.38 s,       2938 time(s)
Node 1, (CST, Tx power, MCS) = (-68,  0, 7) - (mean, std): (0.062109043421482005, 0.018068683123763255)    played    30.62 s,       3062 time(s)
                                                                                                   played    60.00 s,       6000 time(s)

Node 2, (CST, Tx power, MCS) = (-82,  0, 7) - (mean, std): (0.052411428571428442, 0.017546560158589911)    played    32.47 s,       3247 time(s)
Node 2, (CST, Tx power, MCS) = (-68,  0, 7) - (mean, std): (0.049931387073347801, 0.019055398349167647)    played    27.53 s,       2753 time(s)
                                                                                                   played    60.00 s,       6000 time(s)

Node 3, (CST, Tx power, MCS) = (-82,  0, 7) - (mean, std): (0.048110166059133104, 0.020125165247152441)    played    24.68 s,       2468 time(s)
Node 3, (CST, Tx power, MCS) = (-68,  0, 7) - (mean, std): (0.054403441834135140, 0.016823958224413904)    played    35.32 s,       3532 time(s)
                                                                                                   played    60.00 s,       6000 time(s)

Mean throughputs: [3.4002 3.8460 3.3339 3.3691]
Aggregate throughput: 13.9492
Min-Max: 0.5121
JFI: 0.9436 [0.2500, 1]
Mean TX power: [0.0000 0.0000 0.0000 0.0000]
Mean PCS: [-74.1880 -74.8553 -75.5763 -73.7587]
Mean MCS: [7.0000 7.0000 7.0000 7.0000]

Last 20 seconds of simulation:
Mean throughputs: [3.3634 3.1264 2.6782 2.8489]
Aggregate throughput: 12.0170
Min-Max: 0.6852
JFI: 0.9198 [0.2500, 1]
Mean TX power: [0.0000 0.0000 0.0000 0.0000]
Mean PCS: [-73.7260 -74.2020 -75.6930 -73.3690]
Mean MCS: [7.0000 7.0000 7.0000 7.0000]
Simulation time: 60 s
Waiting for simulation script to connect on port: tcp://localhost:5555
Please start proper ns-3 simulation script using ./waf --run "..."
Start
Progress: 0% 10% 20% 30% 40% 50% 60% 70% 80% 90% 100% 100%
Done
Final step: 5999
Node 0, (CST, Tx power, MCS) = (-82,  0, 7) - (mean, std): (0.050954978557504665, 0.019744962591969745)    played    25.64 s,       2564 time(s)
Node 0, (CST, Tx power, MCS) = (-68,  0, 7) - (mean, std): (0.056506208903113010, 0.017057297884317549)    played    34.36 s,       3436 time(s)
                                                                                                   played    60.00 s,       6000 time(s)

Node 1, (CST, Tx power, MCS) = (-82,  0, 7) - (mean, std): (0.050896433811802019, 0.017859990659227328)    played    31.34 s,       3134 time(s)
Node 1, (CST, Tx power, MCS) = (-68,  0, 7) - (mean, std): (0.046830498779211541, 0.018676098402828818)    played    28.66 s,       2866 time(s)
                                                                                                   played    60.00 s,       6000 time(s)

Node 2, (CST, Tx power, MCS) = (-82,  0, 7) - (mean, std): (0.047412930310663265, 0.020489394360894086)    played    23.81 s,       2381 time(s)
Node 2, (CST, Tx power, MCS) = (-68,  0, 7) - (mean, std): (0.051932110497237324, 0.016620562382863340)    played    36.19 s,       3619 time(s)
                                                                                                   played    60.00 s,       6000 time(s)

Node 3, (CST, Tx power, MCS) = (-82,  0, 7) - (mean, std): (0.056017094017093906, 0.018871283902409931)    played    28.07 s,       2807 time(s)
Node 3, (CST, Tx power, MCS) = (-68,  0, 7) - (mean, std): (0.054488766437069409, 0.017694265686843822)    played    31.93 s,       3193 time(s)
                                                                                                   played    60.00 s,       6000 time(s)

Mean throughputs: [3.5199 3.1831 3.2601 3.5894]
Aggregate throughput: 13.5525
Min-Max: 0.4064
JFI: 0.9521 [0.2500, 1]
Mean TX power: [0.0000 0.0000 0.0000 0.0000]
Mean PCS: [-73.9827 -75.3127 -73.5557 -74.5497]
Mean MCS: [7.0000 7.0000 7.0000 7.0000]

Last 20 seconds of simulation:
Mean throughputs: [3.8050 3.6011 3.3158 3.4159]
Aggregate throughput: 14.1378
Min-Max: 0.4892
JFI: 0.9498 [0.2500, 1]
Mean TX power: [0.0000 0.0000 0.0000 0.0000]
Mean PCS: [-73.8940 -75.7210 -73.9080 -74.7830]
Mean MCS: [7.0000 7.0000 7.0000 7.0000]
Simulation time: 60 s
Waiting for simulation script to connect on port: tcp://localhost:5555
Please start proper ns-3 simulation script using ./waf --run "..."
Start
Progress: 0% 10% 20% 30% 40% 50% 60% 70% 80% 90% 100% 100%
Done
Final step: 5999
Node 0, (CST, Tx power, MCS) = (-82,  0, 7) - (mean, std): (0.045756623963828090, 0.019411072904885092)    played    26.53 s,       2653 time(s)
Node 0, (CST, Tx power, MCS) = (-68,  0, 7) - (mean, std): (0.053030155316606778, 0.017282528245507089)    played    33.47 s,       3347 time(s)
                                                                                                   played    60.00 s,       6000 time(s)

Node 1, (CST, Tx power, MCS) = (-82,  0, 7) - (mean, std): (0.048681204013377860, 0.020446520502738267)    played    23.91 s,       2391 time(s)
Node 1, (CST, Tx power, MCS) = (-68,  0, 7) - (mean, std): (0.051710936288088580, 0.016643566632465155)    played    36.09 s,       3609 time(s)
                                                                                                   played    60.00 s,       6000 time(s)

Node 2, (CST, Tx power, MCS) = (-82,  0, 7) - (mean, std): (0.054919444811632440, 0.018178813667514959)    played    30.25 s,       3025 time(s)
Node 2, (CST, Tx power, MCS) = (-68,  0, 7) - (mean, std): (0.053584516129032173, 0.018330889377669163)    played    29.75 s,       2975 time(s)
                                                                                                   played    60.00 s,       6000 time(s)

Node 3, (CST, Tx power, MCS) = (-82,  0, 7) - (mean, std): (0.048090054965188561, 0.019142481328851560)    played    27.28 s,       2728 time(s)
Node 3, (CST, Tx power, MCS) = (-68,  0, 7) - (mean, std): (0.051137818515123605, 0.017479419175542688)    played    32.72 s,       3272 time(s)
                                                                                                   played    60.00 s,       6000 time(s)

Mean throughputs: [3.2390 3.2838 3.5279 3.2350]
Aggregate throughput: 13.2857
Min-Max: 0.2930
JFI: 0.9649 [0.2500, 1]
Mean TX power: [0.0000 0.0000 0.0000 0.0000]
Mean PCS: [-74.1903 -73.5790 -75.0583 -74.3653]
Mean MCS: [7.0000 7.0000 7.0000 7.0000]

Last 20 seconds of simulation:
Mean throughputs: [3.6777 3.1994 3.5619 3.1403]
Aggregate throughput: 13.5792
Min-Max: 0.5375
JFI: 0.9366 [0.2500, 1]
Mean TX power: [0.0000 0.0000 0.0000 0.0000]
Mean PCS: [-73.9290 -73.9570 -75.3990 -74.6010]
Mean MCS: [7.0000 7.0000 7.0000 7.0000]
Simulation time: 60 s
Waiting for simulation script to connect on port: tcp://localhost:5555
Please start proper ns-3 simulation script using ./waf --run "..."
Start
Progress: 0% 10% 20% 30% 40% 50% 60% 70% 80% 90% 100% 100%
Done
Final step: 5999
Node 0, (CST, Tx power, MCS) = (-82,  0, 7) - (mean, std): (0.050656941852117665, 0.018945647121890376)    played    27.85 s,       2785 time(s)
Node 0, (CST, Tx power, MCS) = (-68,  0, 7) - (mean, std): (0.051230447761193905, 0.017633640396464957)    played    32.15 s,       3215 time(s)
                                                                                                   played    60.00 s,       6000 time(s)

Node 1, (CST, Tx power, MCS) = (-82,  0, 7) - (mean, std): (0.048045591727307609, 0.019570258584513545)    played    26.10 s,       2610 time(s)
Node 1, (CST, Tx power, MCS) = (-68,  0, 7) - (mean, std): (0.054607230905337388, 0.017172602018921460)    played    33.90 s,       3390 time(s)
                                                                                                   played    60.00 s,       6000 time(s)

Node 2, (CST, Tx power, MCS) = (-82,  0, 7) - (mean, std): (0.058592623138602383, 0.019540346058684974)    played    26.18 s,       2618 time(s)
Node 2, (CST, Tx power, MCS) = (-68,  0, 7) - (mean, std): (0.061879467927874458, 0.017192894613320565)    played    33.82 s,       3382 time(s)
                                                                                                   played    60.00 s,       6000 time(s)

Node 3, (CST, Tx power, MCS) = (-82,  0, 7) - (mean, std): (0.053001816347123865, 0.018340135728510711)    played    29.72 s,       2972 time(s)
Node 3, (CST, Tx power, MCS) = (-68,  0, 7) - (mean, std): (0.055434902608121478, 0.018169809053571493)    played    30.28 s,       3028 time(s)
                                                                                                   played    60.00 s,       6000 time(s)

Mean throughputs: [3.3138 3.3651 3.9303 3.5261]
Aggregate throughput: 14.1352
Min-Max: 0.6165
JFI: 0.9359 [0.2500, 1]
Mean TX power: [0.0000 0.0000 0.0000 0.0000]
Mean PCS: [-74.4983 -74.0900 -74.1087 -74.9347]
Mean MCS: [7.0000 7.0000 7.0000 7.0000]

Last 20 seconds of simulation:
Mean throughputs: [3.2271 3.8080 4.1675 3.3646]
Aggregate throughput: 14.5673
Min-Max: 0.9404
JFI: 0.9074 [0.2500, 1]
Mean TX power: [0.0000 0.0000 0.0000 0.0000]
Mean PCS: [-74.8530 -73.7400 -74.5520 -74.7200]
Mean MCS: [7.0000 7.0000 7.0000 7.0000]
Simulation time: 60 s
Waiting for simulation script to connect on port: tcp://localhost:5555
Please start proper ns-3 simulation script using ./waf --run "..."
Start
Progress: 0% 10% 20% 30% 40% 50% 60% 70% 80% 90% 100% 100%
Done
Final step: 5999
Node 0, (CST, Tx power, MCS) = (-82,  0, 7) - (mean, std): (0.055170941438102139, 0.019252140716412975)    played    26.97 s,       2697 time(s)
Node 0, (CST, Tx power, MCS) = (-68,  0, 7) - (mean, std): (0.062977046004842260, 0.017397225015980525)    played    33.03 s,       3303 time(s)
                                                                                                   played    60.00 s,       6000 time(s)

Node 1, (CST, Tx power, MCS) = (-82,  0, 7) - (mean, std): (0.057334138972809527, 0.017381449986274954)    played    33.09 s,       3309 time(s)
Node 1, (CST, Tx power, MCS) = (-68,  0, 7) - (mean, std): (0.056010936106983551, 0.019273583612292491)    played    26.91 s,       2691 time(s)
                                                                                                   played    60.00 s,       6000 time(s)

Node 2, (CST, Tx power, MCS) = (-82,  0, 7) - (mean, std): (0.055142915750915643, 0.019138975058773818)    played    27.29 s,       2729 time(s)
Node 2, (CST, Tx power, MCS) = (-68,  0, 7) - (mean, std): (0.057256919315403249, 0.017482090031876639)    played    32.71 s,       3271 time(s)
                                                                                                   played    60.00 s,       6000 time(s)

Node 3, (CST, Tx power, MCS) = (-82,  0, 7) - (mean, std): (0.058092799999999972, 0.018898223650461361)    played    27.99 s,       2799 time(s)
Node 3, (CST, Tx power, MCS) = (-68,  0, 7) - (mean, std): (0.059940337289194047, 0.017672147846090079)    played    32.01 s,       3201 time(s)
                                                                                                   played    60.00 s,       6000 time(s)

Mean throughputs: [3.8667 3.6894 3.6604 3.8414]
Aggregate throughput: 15.0579
Min-Max: 0.2063
JFI: 0.9765 [0.2500, 1]
Mean TX power: [0.0000 0.0000 0.0000 0.0000]
Mean PCS: [-74.2930 -75.7210 -74.3677 -74.5310]
Mean MCS: [7.0000 7.0000 7.0000 7.0000]

Last 20 seconds of simulation:
Mean throughputs: [4.3147 3.7664 3.7386 3.3749]
Aggregate throughput: 15.1946
Min-Max: 0.9398
JFI: 0.9188 [0.2500, 1]
Mean TX power: [0.0000 0.0000 0.0000 0.0000]
Mean PCS: [-73.9290 -75.7000 -74.5030 -75.0770]
Mean MCS: [7.0000 7.0000 7.0000 7.0000]
Simulation time: 60 s
Waiting for simulation script to connect on port: tcp://localhost:5555
Please start proper ns-3 simulation script using ./waf --run "..."
Start
Progress: 0% 10% 20% 30% 40% 50% 60% 70% 80% 90% 100% 100%
Done
Final step: 5999
Node 0, (CST, Tx power, MCS) = (-82,  0, 7) - (mean, std): (0.048415581308411143, 0.019334729780913270)    played    26.74 s,       2674 time(s)
Node 0, (CST, Tx power, MCS) = (-68,  0, 7) - (mean, std): (0.051272906522392449, 0.017336986043185738)    played    33.26 s,       3326 time(s)
                                                                                                   played    60.00 s,       6000 time(s)

Node 1, (CST, Tx power, MCS) = (-82,  0, 7) - (mean, std): (0.045852236105127092, 0.020756896976210089)    played    23.20 s,       2320 time(s)
Node 1, (CST, Tx power, MCS) = (-68,  0, 7) - (mean, std): (0.051711860907361955, 0.016482272547804957)    played    36.80 s,       3680 time(s)
                                                                                                   played    60.00 s,       6000 time(s)

Node 2, (CST, Tx power, MCS) = (-82,  0, 7) - (mean, std): (0.043145634892718825, 0.018754762556128429)    played    28.42 s,       2842 time(s)
Node 2, (CST, Tx power, MCS) = (-68,  0, 7) - (mean, std): (0.043741437163659296, 0.017792017089454125)    played    31.58 s,       3158 time(s)
                                                                                                   played    60.00 s,       6000 time(s)

Node 3, (CST, Tx power, MCS) = (-82,  0, 7) - (mean, std): (0.049806142322097353, 0.019352824992904590)    played    26.69 s,       2669 time(s)
Node 3, (CST, Tx power, MCS) = (-68,  0, 7) - (mean, std): (0.051819831932773008, 0.017323973216880926)    played    33.31 s,       3331 time(s)
                                                                                                   played    60.00 s,       6000 time(s)

Mean throughputs: [3.2510 3.2151 2.8258 3.3112]
Aggregate throughput: 12.6031
Min-Max: 0.4854
JFI: 0.9429 [0.2500, 1]
Mean TX power: [0.0000 0.0000 0.0000 0.0000]
Mean PCS: [-74.2393 -73.4133 -74.6313 -74.2277]
Mean MCS: [7.0000 7.0000 7.0000 7.0000]

Last 20 seconds of simulation:
Mean throughputs: [3.5148 3.4708 2.7801 3.5788]
Aggregate throughput: 13.3446
Min-Max: 0.7986
JFI: 0.9117 [0.2500, 1]
Mean TX power: [0.0000 0.0000 0.0000 0.0000]
Mean PCS: [-74.2090 -73.4390 -74.9160 -74.3140]
Mean MCS: [7.0000 7.0000 7.0000 7.0000]
Simulation time: 60 s
Waiting for simulation script to connect on port: tcp://localhost:5555
Please start proper ns-3 simulation script using ./waf --run "..."
Start
Progress: 0% 10% 20% 30% 40% 50% 60% 70% 80% 90% 100% 100%
Done
Final step: 5999
Node 0, (CST, Tx power, MCS) = (-82,  0, 7) - (mean, std): (0.061429085826110959, 0.016720163885161510)    played    35.76 s,       3576 time(s)
Node 0, (CST, Tx power, MCS) = (-68,  0, 7) - (mean, std): (0.054914639175257608, 0.020306923302672381)    played    24.24 s,       2424 time(s)
                                                                                                   played    60.00 s,       6000 time(s)

Node 1, (CST, Tx power, MCS) = (-82,  0, 7) - (mean, std): (0.055692356857523197, 0.018245259129220669)    played    30.03 s,       3003 time(s)
Node 1, (CST, Tx power, MCS) = (-68,  0, 7) - (mean, std): (0.057209126084055845, 0.018263507434294623)    played    29.97 s,       2997 time(s)
                                                                                                   played    60.00 s,       6000 time(s)

Node 2, (CST, Tx power, MCS) = (-82,  0, 7) - (mean, std): (0.061535319148935966, 0.019153011712702294)    played    27.25 s,       2725 time(s)
Node 2, (CST, Tx power, MCS) = (-68,  0, 7) - (mean, std): (0.064631404151404143, 0.017471413945365305)    played    32.75 s,       3275 time(s)
                                                                                                   played    60.00 s,       6000 time(s)

Node 3, (CST, Tx power, MCS) = (-82,  0, 7) - (mean, std): (0.054200579710144831, 0.019529164171612674)    played    26.21 s,       2621 time(s)
Node 3, (CST, Tx power, MCS) = (-68,  0, 7) - (mean, std): (0.063883739644970211, 0.017200522903844537)    played    33.79 s,       3379 time(s)
                                                                                                   played    60.00 s,       6000 time(s)

Mean throughputs: [3.8231 3.6705 4.1110 3.8788]
Aggregate throughput: 15.4833
Min-Max: 0.4405
JFI: 0.9607 [0.2500, 1]
Mean TX power: [0.0000 0.0000 0.0000 0.0000]
Mean PCS: [-76.3440 -75.0070 -74.3583 -74.1157]
Mean MCS: [7.0000 7.0000 7.0000 7.0000]

Last 20 seconds of simulation:
Mean throughputs: [2.8730 3.3248 3.5722 3.8448]
Aggregate throughput: 13.6148
Min-Max: 0.9718
JFI: 0.9050 [0.2500, 1]
Mean TX power: [0.0000 0.0000 0.0000 0.0000]
Mean PCS: [-76.6730 -74.6290 -73.9010 -73.0890]
Mean MCS: [7.0000 7.0000 7.0000 7.0000]
Simulation time: 60 s
Waiting for simulation script to connect on port: tcp://localhost:5555
Please start proper ns-3 simulation script using ./waf --run "..."
Start
Progress: 0% 10% 20% 30% 40% 50% 60% 70% 80% 90% 100% 100%
Done
Final step: 5999
Node 0, (CST, Tx power, MCS) = (-82,  0, 7) - (mean, std): (0.047468430577222998, 0.017663875013688813)    played    32.04 s,       3204 time(s)
Node 0, (CST, Tx power, MCS) = (-68,  0, 7) - (mean, std): (0.045036367536646291, 0.018908355841512122)    played    27.96 s,       2796 time(s)
                                                                                                   played    60.00 s,       6000 time(s)

Node 1, (CST, Tx power, MCS) = (-82,  0, 7) - (mean, std): (0.046004459016393426, 0.020244408254472900)    played    24.39 s,       2439 time(s)
Node 1, (CST, Tx power, MCS) = (-68,  0, 7) - (mean, std): (0.049677439640651154, 0.016755332185712266)    played    35.61 s,       3561 time(s)
                                                                                                   played    60.00 s,       6000 time(s)

Node 2, (CST, Tx power, MCS) = (-82,  0, 7) - (mean, std): (0.054939309286262353, 0.019589023819033338)    played    26.05 s,       2605 time(s)
Node 2, (CST, Tx power, MCS) = (-68,  0, 7) - (mean, std): (0.058997408716136290, 0.017159955576364506)    played    33.95 s,       3395 time(s)
                                                                                                   played    60.00 s,       6000 time(s)

Node 3, (CST, Tx power, MCS) = (-82,  0, 7) - (mean, std): (0.051018181818181768, 0.019795189561622396)    played    25.51 s,       2551 time(s)
Node 3, (CST, Tx power, MCS) = (-68,  0, 7) - (mean, std): (0.055416394202898407, 0.017025130615174973)    played    34.49 s,       3449 time(s)
                                                                                                   played    60.00 s,       6000 time(s)

Mean throughputs: [3.0128 3.1330 3.7215 3.4817]
Aggregate throughput: 13.3490
Min-Max: 0.7088
JFI: 0.9224 [0.2500, 1]
Mean TX power: [0.0000 0.0000 0.0000 0.0000]
Mean PCS: [-75.4760 -73.6910 -74.0783 -73.9523]
Mean MCS: [7.0000 7.0000 7.0000 7.0000]

Last 20 seconds of simulation:
Mean throughputs: [3.0715 3.3254 3.5758 3.1746]
Aggregate throughput: 13.1473
Min-Max: 0.5043
JFI: 0.9454 [0.2500, 1]
Mean TX power: [0.0000 0.0000 0.0000 0.0000]
Mean PCS: [-75.6650 -73.6490 -74.3350 -73.9010]
Mean MCS: [7.0000 7.0000 7.0000 7.0000]
Simulation time: 60 s
Waiting for simulation script to connect on port: tcp://localhost:5555
Please start proper ns-3 simulation script using ./waf --run "..."
Start
Progress: 0% 10% 20% 30% 40% 50% 60% 70% 80% 90% 100% 100%
Done
Final step: 5999
Node 0, (CST, Tx power, MCS) = (-82,  0, 7) - (mean, std): (0.051470125636672248, 0.018427115179918692)    played    29.44 s,       2944 time(s)
Node 0, (CST, Tx power, MCS) = (-68,  0, 7) - (mean, std): (0.052128282630029270, 0.018086406211029225)    played    30.56 s,       3056 time(s)
                                                                                                   played    60.00 s,       6000 time(s)

Node 1, (CST, Tx power, MCS) = (-82,  0, 7) - (mean, std): (0.051922914979756860, 0.018367958959266125)    played    29.63 s,       2963 time(s)
Node 1, (CST, Tx power, MCS) = (-68,  0, 7) - (mean, std): (0.056871310072416054, 0.018142875285741499)    played    30.37 s,       3037 time(s)
                                                                                                   played    60.00 s,       6000 time(s)

Node 2, (CST, Tx power, MCS) = (-82,  0, 7) - (mean, std): (0.049043741785852302, 0.019660827175925041)    played    25.86 s,       2586 time(s)
Node 2, (CST, Tx power, MCS) = (-68,  0, 7) - (mean, std): (0.053560409956076048, 0.017112152660248292)    played    34.14 s,       3414 time(s)
                                                                                                   played    60.00 s,       6000 time(s)

Node 3, (CST, Tx power, MCS) = (-82,  0, 7) - (mean, std): (0.053063923809523676, 0.019518001458970664)    played    26.24 s,       2624 time(s)
Node 3, (CST, Tx power, MCS) = (-68,  0, 7) - (mean, std): (0.060461522061000687, 0.017208161357142596)    played    33.76 s,       3376 time(s)
                                                                                                   played    60.00 s,       6000 time(s)

Mean throughputs: [3.3685 3.5390 3.3560 3.7209]
Aggregate throughput: 13.9844
Min-Max: 0.3649
JFI: 0.9592 [0.2500, 1]
Mean TX power: [0.0000 0.0000 0.0000 0.0000]
Mean PCS: [-74.8693 -74.9137 -74.0340 -74.1227]
Mean MCS: [7.0000 7.0000 7.0000 7.0000]

Last 20 seconds of simulation:
Mean throughputs: [2.9846 3.1047 3.2621 3.4841]
Aggregate throughput: 12.8355
Min-Max: 0.4994
JFI: 0.9450 [0.2500, 1]
Mean TX power: [0.0000 0.0000 0.0000 0.0000]
Mean PCS: [-75.1330 -74.5310 -74.1530 -73.8450]
Mean MCS: [7.0000 7.0000 7.0000 7.0000]
