Simulation time: 100.0 s
Seed: 1
Waiting for simulation script to connect on port: tcp://localhost:50000
Please start proper ns-3 simulation script using ./waf --run "..."
Start
Progress: 0% 10% 20% 30% 40% 50% 60% 70% 80% 90% 100%
Done
Final step: 26674
Node 0 - Refine time: -1000000000.0, UB(s): [65] Mbps
Node    CST    Tx pow                    Mean                     Std    Played (s)    Played (count)
   0    -82        23    0.179347908275801493    0.200000000000000011          3.95                24
   0    -77        23    0.329045729856010327    0.156173761888606072          2.91                40
   0    -72        23    0.665531152099969825    0.084515425472851652          5.66               139
   0    -67        23    0.840381195929343461    0.025751310131230238         39.55              1507
   0    -62        23    0.850716026281213011    0.023236970617008655         47.92              1851
                                                                              99.98              3561    Tot

Node 1 - Refine time: -1000000000.0, UB(s): [65] Mbps
Node    CST    Tx pow                    Mean                     Std    Played (s)    Played (count)
   1    -82        23    0.027699452393317059    0.162221421130762544         16.08                37
   1    -77        23    0.028102241210990534    0.150755672288881815         18.63                43
   1    -72        23    0.024305092534997085    0.150755672288881815         18.23                43
   1    -67        23    0.109956506328003870    0.106600358177805221         25.53                87
   1    -62        23    0.120304964640278983    0.109764259989690346         21.21                82
                                                                              99.69               292    Tot

Node 2 - Refine time: -1000000000.0, UB(s): [65] Mbps
Node    CST    Tx pow                    Mean                     Std    Played (s)    Played (count)
   2    -82        23    0.014798733829705681    0.218217890235992362          9.42                20
   2    -77        23    0.019111402992820103    0.223606797749978964          8.66                19
   2    -72        23    0.133084879091974723    0.179605302026774910          8.84                30
   2    -67        23    0.380813142017087325    0.064018439966447988         34.81               243
   2    -62        23    0.427006685322806723    0.053300179088902611         38.24               351
                                                                              99.97               663    Tot

Node 3 - Refine time: -1000000000.0, UB(s): [65] Mbps
Node    CST    Tx pow                    Mean                     Std    Played (s)    Played (count)
   3    -82        23    0.013946482471966341    0.250000000000000000          6.91                15
   3    -77        23    0.069193785299552640    0.213200716355610442          7.34                21
   3    -72        23    0.316568170062911380    0.150755672288881815          5.56                43
   3    -67        23    0.471761434781755029    0.106600358177805221          5.21                87
   3    -62        23    0.843210090464679207    0.018455336763139055         74.97              2935
                                                                              99.99              3101    Tot

Node 4 - Refine time: -1000000000.0, UB(s): [65] Mbps
Node    CST    Tx pow                    Mean                     Std    Played (s)    Played (count)
   4    -82        23    0.025871439268112292    0.182574185835055358         13.17                29
   4    -77        23    0.059515409459996400    0.156173761888606072         16.60                40
   4    -72        23    0.148218156517362976    0.131306432859722544         15.81                57
   4    -67        23    0.244198617446567234    0.081110710565381272         28.17               151
   4    -62        23    0.299640014163523594    0.075592894601845442         25.81               174
                                                                              99.56               451    Tot

Node 5 - Refine time: -1000000000.0, UB(s): [65] Mbps
Node    CST    Tx pow                    Mean                     Std    Played (s)    Played (count)
   5    -82        23    0.048322627423103622    0.196116135138184045         10.78                25
   5    -77        23    0.051854282677109224    0.208514414057074771          8.62                22
   5    -72        23    0.121965834994558237    0.171498585142508847          9.06                33
   5    -67        23    0.467557016596077180    0.057448498962142609         22.06               302
   5    -62        23    0.592081650018614458    0.028606478384531155         49.46              1221
                                                                              99.98              1603    Tot

Node 6 - Refine time: -1000000000.0, UB(s): [65] Mbps
Node    CST    Tx pow                    Mean                     Std    Played (s)    Played (count)
   6    -82        23    0.005612697673674199    0.179605302026774910         14.55                30
   6    -77        23    0.043800147113293504    0.162221421130762544         15.05                37
   6    -72        23    0.118708298873313953    0.127000127000190505         16.67                61
   6    -67        23    0.323209243517109668    0.057353933467640443         25.53               303
   6    -62        23    0.387411430324073991    0.038836781869030869         28.08               662
                                                                              99.87              1093    Tot

Node 7 - Refine time: -1000000000.0, UB(s): [65] Mbps
Node    CST    Tx pow                    Mean                     Std    Played (s)    Played (count)
   7    -82        23    0.001807582608695652    0.208514414057074771         11.00                22
   7    -77        23    0.053573293873434048    0.204124145231931509          9.27                23
   7    -72        23    0.182782629693276022    0.150755672288881815          9.55                43
   7    -67        23    0.495017593677982037    0.054964970992931274         18.97               330
   7    -62        23    0.577849770859643175    0.028855492841238062         51.21              1200
                                                                             100.00              1618    Tot

Node 8 - Refine time: -1000000000.0, UB(s): [65] Mbps
Node    CST    Tx pow                    Mean                     Std    Played (s)    Played (count)
   8    -82        23    0.038399140981435327    0.142857142857142849         20.99                48
   8    -77        23    0.060118534300291224    0.129099444873580549         20.54                59
   8    -72        23    0.075952831715711155    0.128036879932895975         20.33                60
   8    -67        23    0.175152969473805653    0.090166963466743230         24.00               122
   8    -62        23    0.236280372781383169    0.083918135829668908         14.09               141
                                                                              99.95               430    Tot

Node 9 - Refine time: -1000000000.0, UB(s): [65] Mbps
Node    CST    Tx pow                    Mean                     Std    Played (s)    Played (count)
   9    -82        23    0.244292614827302412    0.160128153805087131          3.57                38
   9    -77        23    0.444091084718036710    0.087370405666103795          8.40               130
   9    -72        23    0.383187610160783954    0.111111111111111105          6.96                80
   9    -67        23    0.642939545001405044    0.025794107751137895         57.02              1502
   9    -62        23    0.613427330846571750    0.040225899335456484         24.01               617
                                                                              99.97              2367    Tot

Node 10 - Refine time: -1000000000.0, UB(s): [65] Mbps
Node    CST    Tx pow                    Mean                     Std    Played (s)    Played (count)
  10    -82        23    0.091552899222505590    0.164398987305357291         10.28                36
  10    -77        23    0.156842396561963610    0.128036879932895975         13.71                60
  10    -72        23    0.256806901718024894    0.083624201000709081         27.10               142
  10    -67        23    0.290385111257619455    0.066372331159997203         38.18               226
  10    -62        23    0.300854522963892423    0.071428571428571425         10.69               195
                                                                              99.97               659    Tot

Node 11 - Refine time: -1000000000.0, UB(s): [65] Mbps
Node    CST    Tx pow                    Mean                     Std    Played (s)    Played (count)
  11    -82        23    0.012671538101221472    0.169030850945703304         15.34                34
  11    -77        23    0.071716561027119277    0.113960576459637947         25.44                76
  11    -72        23    0.089310950753402132    0.111803398874989482         25.66                79
  11    -67        23    0.083082845721385717    0.110431526074846548         18.49                81
  11    -62        23    0.084163642725606919    0.114707866935280886         14.79                75
                                                                              99.72               345    Tot

Node 12 - Refine time: -1000000000.0, UB(s): [65] Mbps
Node    CST    Tx pow                    Mean                     Std    Played (s)    Played (count)
  12    -82        23    0.007821349105037786    0.258198889747161098          6.97                14
  12    -77        23    0.037312228486470540    0.229415733870561772          7.72                18
  12    -72        23    0.323867351058222397    0.164398987305357291          4.15                36
  12    -67        23    0.733746438806631818    0.050767308256680951         13.54               387
  12    -62        23    0.864027346006071451    0.019195307704688438         67.61              2713
                                                                              99.99              3168    Tot

Node 13 - Refine time: -1000000000.0, UB(s): [65] Mbps
Node    CST    Tx pow                    Mean                     Std    Played (s)    Played (count)
  13    -82        23    0.007151058773934221    0.196116135138184045         12.18                25
  13    -77        23    0.081424362219503124    0.149071198499985985         18.21                44
  13    -72        23    0.077559761166946364    0.162221421130762544         12.45                37
  13    -67        23    0.212336832600885178    0.094491118252306799         24.62               111
  13    -62        23    0.284878285036662959    0.072168783648703216         32.36               191
                                                                              99.81               408    Tot

Node 14 - Refine time: -1000000000.0, UB(s): [65] Mbps
Node    CST    Tx pow                    Mean                     Std    Played (s)    Played (count)
  14    -82        23    0.008448862500895325    0.185695338177051861         13.48                28
  14    -77        23    0.007929903740882920    0.182574185835055358         14.06                29
  14    -72        23    0.111769356416871871    0.134839972492648424         16.62                54
  14    -67        23    0.274927628951498804    0.071066905451870152         32.60               197
  14    -62        23    0.350834173696404350    0.040689422938557970         23.23               603
                                                                              99.99               911    Tot

Node 15 - Refine time: -1000000000.0, UB(s): [65] Mbps
Node    CST    Tx pow                    Mean                     Std    Played (s)    Played (count)
  15    -82        23    0.025166318279876792    0.218217890235992362          9.30                20
  15    -77        23    0.050037899139041074    0.204124145231931509          9.10                23
  15    -72        23    0.270529922141940493    0.140028008402800969          6.55                50
  15    -67        23    0.555653013426191666    0.047245559126153400         20.38               447
  15    -62        23    0.642589885980981657    0.026090902514277467         54.62              1468
                                                                              99.95              2008    Tot

Node 16 - Refine time: -1000000000.0, UB(s): [65] Mbps
Node    CST    Tx pow                    Mean                     Std    Played (s)    Played (count)
  16    -82        23    0.004936580703351397    0.156173761888606072         19.28                40
  16    -77        23    0.020377944923816553    0.137360563948689035         23.39                52
  16    -72        23    0.087206382286325282    0.118678165819385339         23.85                70
  16    -67        23    0.131008038500359331    0.094491118252306799         25.31               111
  16    -62        23    0.168057137676353163    0.087705801930702917          7.68               129
                                                                              99.52               402    Tot

Node 17 - Refine time: -1000000000.0, UB(s): [65] Mbps
Node    CST    Tx pow                    Mean                     Std    Played (s)    Played (count)
  17    -82        23    0.004923284210526317    0.229415733870561772          9.00                18
  17    -77        23    0.078588308829682707    0.200000000000000011          8.11                24
  17    -72        23    0.309062273908526974    0.113227703414459577         12.11                77
  17    -67        23    0.479852267574936986    0.056980288229818973         25.88               307
  17    -62        23    0.574008113758584515    0.030570892025787152         44.86              1069
                                                                              99.96              1495    Tot

Node 18 - Refine time: -1000000000.0, UB(s): [65] Mbps
Node    CST    Tx pow                    Mean                     Std    Played (s)    Played (count)
  18    -82        23    0.063954423554193784    0.140028008402800969         19.26                50
  18    -77        23    0.058086346963329892    0.144337567297406433         18.25                47
  18    -72        23    0.157594048418012583    0.112508790092602395         19.98                78
  18    -67        23    0.177462819831001012    0.100000000000000006         17.40                99
  18    -62        23    0.303027072389376595    0.054882129994845173         25.09               331
                                                                              99.99               605    Tot

Node 19 - Refine time: -1000000000.0, UB(s): [65] Mbps
Node    CST    Tx pow                    Mean                     Std    Played (s)    Played (count)
  19    -82        23    0.197825780602814888    0.152498570332604666          7.15                42
  19    -77        23    0.284240446617427700    0.115470053837925163         10.52                74
  19    -72        23    0.477068699064436386    0.057928444636349226         20.06               297
  19    -67        23    0.504440598720812927    0.044811071494822080         32.53               497
  19    -62        23    0.552042552507179041    0.041344911529736149         29.71               584
                                                                              99.98              1494    Tot

Mean throughputs: [46.4618  1.5501  6.8161 39.9304  3.8816 18.8182  8.7428 19.5030  3.4899
 25.5234  5.2826  1.4296 41.3543  3.1083  5.6679 24.1853  1.5521 17.2403
  5.3285 16.8689]
Aggregate throughput: 296.7352
Min-Max: 45.0321
JFI: 0.5162 [0.0500, 1]
Node 0:
  CST counts:       {-62: 1851, -72: 139, -82: 24, -67: 1508, -77: 40}
  Tx pow counts:    {23: 3562}
Node 1:
  CST counts:       {-62: 83, -67: 87, -72: 43, -77: 43, -82: 37}
  Tx pow counts:    {23: 293}
Node 2:
  CST counts:       {-62: 351, -67: 243, -72: 30, -77: 19, -82: 21}
  Tx pow counts:    {23: 664}
Node 3:
  CST counts:       {-62: 2936, -72: 43, -82: 15, -67: 87, -77: 21}
  Tx pow counts:    {23: 3102}
Node 4:
  CST counts:       {-62: 175, -67: 151, -72: 57, -77: 40, -82: 29}
  Tx pow counts:    {23: 452}
Node 5:
  CST counts:       {-62: 1222, -67: 302, -72: 33, -77: 22, -82: 25}
  Tx pow counts:    {23: 1604}
Node 6:
  CST counts:       {-62: 662, -67: 304, -72: 61, -77: 37, -82: 30}
  Tx pow counts:    {23: 1094}
Node 7:
  CST counts:       {-62: 1200, -67: 331, -72: 43, -77: 23, -82: 22}
  Tx pow counts:    {23: 1619}
Node 8:
  CST counts:       {-62: 142, -67: 122, -72: 60, -77: 59, -82: 48}
  Tx pow counts:    {23: 431}
Node 9:
  CST counts:       {-62: 617, -72: 80, -82: 38, -67: 1503, -77: 130}
  Tx pow counts:    {23: 2368}
Node 10:
  CST counts:       {-62: 195, -67: 227, -72: 142, -77: 60, -82: 36}
  Tx pow counts:    {23: 660}
Node 11:
  CST counts:       {-62: 75, -67: 81, -72: 79, -77: 76, -82: 35}
  Tx pow counts:    {23: 346}
Node 12:
  CST counts:       {-62: 2714, -72: 36, -82: 14, -67: 387, -77: 18}
  Tx pow counts:    {23: 3169}
Node 13:
  CST counts:       {-62: 191, -67: 112, -72: 37, -77: 44, -82: 25}
  Tx pow counts:    {23: 409}
Node 14:
  CST counts:       {-62: 604, -67: 197, -72: 54, -77: 29, -82: 28}
  Tx pow counts:    {23: 912}
Node 15:
  CST counts:       {-62: 1469, -67: 447, -72: 50, -77: 23, -82: 20}
  Tx pow counts:    {23: 2009}
Node 16:
  CST counts:       {-62: 129, -67: 111, -72: 71, -77: 52, -82: 40}
  Tx pow counts:    {23: 403}
Node 17:
  CST counts:       {-62: 1070, -67: 307, -72: 77, -77: 24, -82: 18}
  Tx pow counts:    {23: 1496}
Node 18:
  CST counts:       {-62: 332, -67: 99, -72: 78, -77: 47, -82: 50}
  Tx pow counts:    {23: 606}
Node 19:
  CST counts:       {-62: 584, -67: 497, -72: 298, -77: 74, -82: 42}
  Tx pow counts:    {23: 1495}


Last 20.0 seconds of simulation:
Node 0 - Refine time: -1000000000.0, UB(s): [65] Mbps
Node    CST    Tx pow                    Mean                     Std    Played (s)    Played (count)
   0    -82        23    0.179347908275801493    1.000000000000000000          0.00               0.0
   0    -77        23    0.333229884456441305    0.707106781186547573          0.10               1.0
   0    -72        23    0.646232288374782415    0.250000000000000000          0.42              15.0
   0    -67        23    0.823782465060104108    0.055555555555555552          7.48             323.0
   0    -62        23    0.833280035396130048    0.044108109139123088         11.98             513.0
                                                                              19.99             852.0    Tot

Node 1 - Refine time: -1000000000.0, UB(s): [65] Mbps
Node    CST    Tx pow                    Mean                     Std    Played (s)    Played (count)
   1    -82        23    0.033954167449872522    0.353553390593273786          3.50               7.0
   1    -77        23    0.031705092648297017    0.408248290463863017          2.50               5.0
   1    -72        23    0.030554973472567765    0.316227766016837941          4.50               9.0
   1    -67        23    0.122936584443217325    0.301511344577763629          4.30              10.0
   1    -62        23    0.138338855881925626    0.288675134594812866          4.96              11.0
                                                                              19.76              42.0    Tot

Node 2 - Refine time: -1000000000.0, UB(s): [65] Mbps
Node    CST    Tx pow                    Mean                     Std    Played (s)    Played (count)
   2    -82        23    0.014798733829705681    1.000000000000000000          0.00               0.0
   2    -77        23    0.020117266308231688    0.707106781186547573          0.50               1.0
   2    -72        23    0.137521041728373900    0.707106781186547573          0.50               1.0
   2    -67        23    0.409087358996730432    0.204124145231931509          8.61              23.0
   2    -62        23    0.463193674185029269    0.158113883008418971         10.49              39.0
                                                                              20.10              64.0    Tot

Node 3 - Refine time: -1000000000.0, UB(s): [65] Mbps
Node    CST    Tx pow                    Mean                     Std    Played (s)    Played (count)
   3    -82        23    0.013946482471966341    1.000000000000000000          0.00               0.0
   3    -77        23    0.072488727456674187    0.707106781186547573          0.50               1.0
   3    -72        23    0.316568170062911380    1.000000000000000000          0.00               0.0
   3    -67        23    0.471761434781755029    1.000000000000000000          0.00               0.0
   3    -62        23    0.829190165707968996    0.035049981861639080         19.52             813.0
                                                                              20.02             814.0    Tot

Node 4 - Refine time: -1000000000.0, UB(s): [65] Mbps
Node    CST    Tx pow                    Mean                     Std    Played (s)    Played (count)
   4    -82        23    0.027719399215834599    0.577350269189625731          1.00               2.0
   4    -77        23    0.066596923580746592    0.408248290463863017          2.24               5.0
   4    -72        23    0.157325272865154658    0.377964473009227198          2.51               6.0
   4    -67        23    0.268698143688827717    0.235702260395515839          6.44              17.0
   4    -62        23    0.317916629515330285    0.196116135138184045          7.41              25.0
                                                                              19.61              55.0    Tot

Node 5 - Refine time: -1000000000.0, UB(s): [65] Mbps
Node    CST    Tx pow                    Mean                     Std    Played (s)    Played (count)
   5    -82        23    0.054625578826117134    0.500000000000000000          1.50               3.0
   5    -77        23    0.056792785789214865    0.577350269189625731          1.00               2.0
   5    -72        23    0.129588699681718128    0.577350269189625731          1.00               2.0
   5    -67        23    0.481372321890672139    0.258198889747161098          2.28              14.0
   5    -62        23    0.599913664350387066    0.054392829322042119         14.23             337.0
                                                                              20.01             358.0    Tot

Node 6 - Refine time: -1000000000.0, UB(s): [65] Mbps
Node    CST    Tx pow                    Mean                     Std    Played (s)    Played (count)
   6    -82        23    0.006444208440144450    0.447213595499957928          2.00               4.0
   6    -77        23    0.047554445437290087    0.500000000000000000          1.50               3.0
   6    -72        23    0.137464053809882386    0.301511344577763629          4.59              10.0
   6    -67        23    0.337241426995344706    0.142857142857142849          5.60              48.0
   6    -62        23    0.384674955902412852    0.079305158571814416          6.24             158.0
                                                                              19.93             223.0    Tot

Node 7 - Refine time: -1000000000.0, UB(s): [65] Mbps
Node    CST    Tx pow                    Mean                     Std    Played (s)    Played (count)
   7    -82        23    0.002188126315789473    0.447213595499957928          2.00               4.0
   7    -77        23    0.057026284225564418    0.577350269189625731          1.00               2.0
   7    -72        23    0.189068431268166970    0.577350269189625731          0.75               2.0
   7    -67        23    0.487837238641578630    0.154303349962091912          2.46              41.0
   7    -62        23    0.563357106954787024    0.054554472558998091         13.82             335.0
                                                                              20.03             384.0    Tot

Node 8 - Refine time: -1000000000.0, UB(s): [65] Mbps
Node    CST    Tx pow                    Mean                     Std    Played (s)    Played (count)
   8    -82        23    0.046090422979822993    0.267261241912424397          6.02              13.0
   8    -77        23    0.065233849922709544    0.301511344577763629          3.93              10.0
   8    -72        23    0.078369560587948986    0.301511344577763629          3.03              10.0
   8    -67        23    0.170193665063870903    0.218217890235992362          4.57              20.0
   8    -62        23    0.228824446236601337    0.176776695296636893          2.71              31.0
                                                                              20.26              84.0    Tot

Node 9 - Refine time: -1000000000.0, UB(s): [65] Mbps
Node    CST    Tx pow                    Mean                     Std    Played (s)    Played (count)
   9    -82        23    0.244292614827302412    1.000000000000000000          0.00               0.0
   9    -77        23    0.461048425565158237    0.333333333333333315          0.87               8.0
   9    -72        23    0.386887880286009456    0.500000000000000000          0.21               3.0
   9    -67        23    0.655780551602584194    0.055300126360933101         13.95             326.0
   9    -62        23    0.617557654817640245    0.088388347648318447          4.93             127.0
                                                                              19.97             464.0    Tot

Node 10 - Refine time: -1000000000.0, UB(s): [65] Mbps
Node    CST    Tx pow                    Mean                     Std    Played (s)    Played (count)
  10    -82        23    0.094096035312019641    0.707106781186547573          0.50               1.0
  10    -77        23    0.167848880531224209    0.447213595499957928          2.00               4.0
  10    -72        23    0.281816369223875041    0.267261241912424397          5.80              13.0
  10    -67        23    0.320436715900236813    0.200000000000000011         10.33              24.0
  10    -62        23    0.328374473105893738    0.196116135138184045          1.45              25.0
                                                                              20.08              67.0    Tot

Node 11 - Refine time: -1000000000.0, UB(s): [65] Mbps
Node    CST    Tx pow                    Mean                     Std    Played (s)    Played (count)
  11    -82        23    0.013859494798210985    0.500000000000000000          1.50               3.0
  11    -77        23    0.077929839297871464    0.301511344577763629          4.21              10.0
  11    -72        23    0.100317428360345087    0.288675134594812866          4.59              11.0
  11    -67        23    0.099621246618695453    0.250000000000000000          6.80              15.0
  11    -62        23    0.091370563774794938    0.333333333333333315          2.84               8.0
                                                                              19.94              47.0    Tot

Node 12 - Refine time: -1000000000.0, UB(s): [65] Mbps
Node    CST    Tx pow                    Mean                     Std    Played (s)    Played (count)
  12    -82        23    0.007821349105037786    1.000000000000000000          0.00               0.0
  12    -77        23    0.038807707846830013    0.707106781186547573          0.50               1.0
  12    -72        23    0.323867351058222397    1.000000000000000000          0.00               0.0
  12    -67        23    0.731884675298853371    0.301511344577763629          0.26              10.0
  12    -62        23    0.851287074344317385    0.034815531191139566         19.23             824.0
                                                                              19.99             835.0    Tot

Node 13 - Refine time: -1000000000.0, UB(s): [65] Mbps
Node    CST    Tx pow                    Mean                     Std    Played (s)    Played (count)
  13    -82        23    0.008451251278285896    0.447213595499957928          2.00               4.0
  13    -77        23    0.096150071049411590    0.353553390593273786          3.50               7.0
  13    -72        23    0.085909111192176257    0.447213595499957928          1.89               4.0
  13    -67        23    0.229453770084370817    0.301511344577763629          3.89              10.0
  13    -62        23    0.320372996616090144    0.196116135138184045          8.92              25.0
                                                                              20.20              50.0    Tot

Node 14 - Refine time: -1000000000.0, UB(s): [65] Mbps
Node    CST    Tx pow                    Mean                     Std    Played (s)    Played (count)
  14    -82        23    0.009399784501038577    0.447213595499957928          2.00               4.0
  14    -77        23    0.008811004156536580    0.500000000000000000          1.50               3.0
  14    -72        23    0.129983618816885305    0.333333333333333315          3.91               8.0
  14    -67        23    0.306521983611800886    0.204124145231931509          9.75              23.0
  14    -62        23    0.386084094492673002    0.114707866935280886          3.30              75.0
                                                                              20.45             113.0    Tot

Node 15 - Refine time: -1000000000.0, UB(s): [65] Mbps
Node    CST    Tx pow                    Mean                     Std    Played (s)    Played (count)
  15    -82        23    0.026424634193870634    0.707106781186547573          0.50               1.0
  15    -77        23    0.054114362697135716    0.577350269189625731          1.00               2.0
  15    -72        23    0.273634975985959483    0.577350269189625731          0.26               2.0
  15    -67        23    0.560065123849522450    0.171498585142508847          1.70              33.0
  15    -62        23    0.639196742338698276    0.046829290579084699         16.53             455.0
                                                                              19.99             493.0    Tot

Node 16 - Refine time: -1000000000.0, UB(s): [65] Mbps
Node    CST    Tx pow                    Mean                     Std    Played (s)    Played (count)
  16    -82        23    0.006697166961246907    0.288675134594812866          5.45              11.0
  16    -77        23    0.025715025737197077    0.288675134594812866          5.50              11.0
  16    -72        23    0.096593780348892100    0.353553390593273786          3.06               7.0
  16    -67        23    0.143416796104005928    0.301511344577763629          4.69              10.0
  16    -62        23    0.185792873416017634    0.258198889747161098          0.82              14.0
                                                                              19.52              53.0    Tot

Node 17 - Refine time: -1000000000.0, UB(s): [65] Mbps
Node    CST    Tx pow                    Mean                     Std    Played (s)    Played (count)
  17    -82        23    0.005502494117647061    0.577350269189625731          1.00               2.0
  17    -77        23    0.089304896397366704    0.500000000000000000          1.50               3.0
  17    -72        23    0.325933835566551755    0.408248290463863017          1.62               5.0
  17    -67        23    0.495146726771878098    0.182574185835055358          4.54              29.0
  17    -62        23    0.584279645540406234    0.062622429108514954         11.31             254.0
                                                                              19.96             293.0    Tot

Node 18 - Refine time: -1000000000.0, UB(s): [65] Mbps
Node    CST    Tx pow                    Mean                     Std    Played (s)    Played (count)
  18    -82        23    0.073656554574179162    0.353553390593273786          3.50               7.0
  18    -77        23    0.061597093943875955    0.447213595499957928          1.79               4.0
  18    -72        23    0.149209066752651387    0.267261241912424397          3.35              13.0
  18    -67        23    0.176377801380293908    0.242535625036332969          3.52              16.0
  18    -62        23    0.315313192510119911    0.104828483672191830          7.85              90.0
                                                                              20.00             130.0    Tot

Node 19 - Refine time: -1000000000.0, UB(s): [65] Mbps
Node    CST    Tx pow                    Mean                     Std    Played (s)    Played (count)
  19    -82        23    0.197286564785693591    0.577350269189625731          0.15               2.0
  19    -77        23    0.295238828186442537    0.353553390593273786          1.72               7.0
  19    -72        23    0.482550930959367685    0.160128153805087131          3.17              38.0
  19    -67        23    0.504344234591835194    0.110431526074846548          5.62              81.0
  19    -62        23    0.540566098930626127    0.074535599249992993          9.36             179.0
                                                                              20.02             307.0    Tot

Mean throughputs: [56.6884  0.1557  2.0152 53.7174  1.4864 21.4963  8.4285 23.8382  3.3507
 23.7116  0.8018  0.3818 55.2605  0.8678  1.1751 30.2266  0.1527 16.4814
  5.7769 16.8374]
Aggregate throughput: 322.8503
Min-Max: 56.5357
JFI: 0.4609 [0.0500, 1]
Node 0:
  CST counts:       {-62: 513, -67: 324, -72: 15, -77: 1}
  Tx pow counts:    {23: 853}
Node 1:
  CST counts:       {-67: 10, -72: 9, -77: 5, -82: 7, -62: 12}
  Tx pow counts:    {23: 43}
Node 2:
  CST counts:       {-62: 39, -67: 23, -72: 1, -77: 1, -82: 1}
  Tx pow counts:    {23: 65}
Node 3:
  CST counts:       {-62: 814, -77: 1}
  Tx pow counts:    {23: 815}
Node 4:
  CST counts:       {-67: 17, -72: 6, -77: 5, -82: 2, -62: 26}
  Tx pow counts:    {23: 56}
Node 5:
  CST counts:       {-62: 338, -67: 14, -72: 2, -77: 2, -82: 3}
  Tx pow counts:    {23: 359}
Node 6:
  CST counts:       {-62: 158, -67: 49, -72: 10, -77: 3, -82: 4}
  Tx pow counts:    {23: 224}
Node 7:
  CST counts:       {-62: 335, -67: 42, -72: 2, -77: 2, -82: 4}
  Tx pow counts:    {23: 385}
Node 8:
  CST counts:       {-62: 32, -67: 20, -72: 10, -77: 10, -82: 13}
  Tx pow counts:    {23: 85}
Node 9:
  CST counts:       {-62: 127, -67: 327, -72: 3, -77: 8}
  Tx pow counts:    {23: 465}
Node 10:
  CST counts:       {-62: 25, -67: 25, -72: 13, -77: 4, -82: 1}
  Tx pow counts:    {23: 68}
Node 11:
  CST counts:       {-67: 15, -72: 11, -77: 10, -82: 4, -62: 8}
  Tx pow counts:    {23: 48}
Node 12:
  CST counts:       {-62: 825, -67: 10, -77: 1}
  Tx pow counts:    {23: 836}
Node 13:
  CST counts:       {-67: 11, -72: 4, -77: 7, -82: 4, -62: 25}
  Tx pow counts:    {23: 51}
Node 14:
  CST counts:       {-62: 76, -67: 23, -72: 8, -77: 3, -82: 4}
  Tx pow counts:    {23: 114}
Node 15:
  CST counts:       {-62: 456, -67: 33, -72: 2, -77: 2, -82: 1}
  Tx pow counts:    {23: 494}
Node 16:
  CST counts:       {-67: 10, -72: 8, -77: 11, -82: 11, -62: 14}
  Tx pow counts:    {23: 54}
Node 17:
  CST counts:       {-62: 255, -67: 29, -72: 5, -77: 3, -82: 2}
  Tx pow counts:    {23: 294}
Node 18:
  CST counts:       {-62: 91, -67: 16, -72: 13, -77: 4, -82: 7}
  Tx pow counts:    {23: 131}
Node 19:
  CST counts:       {-62: 179, -67: 81, -72: 39, -77: 7, -82: 2}
  Tx pow counts:    {23: 308}
