Simulation time: 100.0 s
Seed: 1
Waiting for simulation script to connect on port: tcp://localhost:50000
Please start proper ns-3 simulation script using ./waf --run "..."
Start
Progress: 0% 10% 20% 30% 40% 50% 60% 70% 80% 90% 100%
Done
Final step: 104805
Node 0 - Refine time: -1000000000.0, UB(s): [65] Mbps
Node    CST    Tx pow                    Mean                     Std    Played (s)    Played (count)
   0    -82        23    0.358655910985996529    0.142857142857142849          1.68                48
   0    -77        23    0.394696825472808877    0.131306432859722544          1.06                57
   0    -72        23    0.670173613619628572    0.059339082909692670          3.51               283
   0    -67        23    0.762534692587576557    0.035488672049383808          6.02               793
   0    -62        23    0.900083445305990160    0.008243095949647115         87.73             14716
                                                                             100.00             15897    Tot

Node 1 - Refine time: -1000000000.0, UB(s): [65] Mbps
Node    CST    Tx pow                    Mean                     Std    Played (s)    Played (count)
   1    -82        23    0.129048234508082893    0.121267812518166485         18.60                67
   1    -77        23    0.113868892041140826    0.114707866935280886         22.60                75
   1    -72        23    0.107302058193276262    0.118678165819385339         21.08                70
   1    -67        23    0.178891701996863994    0.094072086838359728         18.36               112
   1    -62        23    0.214856573797285288    0.085749292571254424         18.98               135
                                                                              99.61               459    Tot

Node 2 - Refine time: -1000000000.0, UB(s): [65] Mbps
Node    CST    Tx pow                    Mean                     Std    Played (s)    Played (count)
   2    -82        23    0.041215439655279455    0.218217890235992362          7.15                20
   2    -77        23    0.026385081285195393    0.223606797749978964          6.03                19
   2    -72        23    0.318244619996233546    0.140028008402800969          4.60                50
   2    -67        23    0.560859084414491282    0.047457899787624949         25.12               443
   2    -62        23    0.612923265536548190    0.025837119466440090         57.05              1497
                                                                              99.95              2029    Tot

Node 3 - Refine time: -1000000000.0, UB(s): [65] Mbps
Node    CST    Tx pow                    Mean                     Std    Played (s)    Played (count)
   3    -82        23    0.134078660913839631    0.200000000000000011          8.93                24
   3    -77        23    0.180916961729590348    0.176776695296636893          6.08                31
   3    -72        23    0.478163072379363119    0.100000000000000006          2.92                99
   3    -67        23    0.588238717613313367    0.066519010523773930          2.93               225
   3    -62        23    0.896045107324248580    0.008787834808466609         79.14             12948
                                                                             100.00             13327    Tot

Node 4 - Refine time: -1000000000.0, UB(s): [65] Mbps
Node    CST    Tx pow                    Mean                     Std    Played (s)    Played (count)
   4    -82        23    0.021777176380578644    0.208514414057074771          7.89                22
   4    -77        23    0.104986943118335410    0.182574185835055358          6.35                29
   4    -72        23    0.325660682959686365    0.102597835208515412          9.34                94
   4    -67        23    0.440958531388474073    0.055215763037423274         19.36               327
   4    -62        23    0.504532392140081720    0.031638599858416633         56.99               998
                                                                              99.93              1470    Tot

Node 5 - Refine time: -1000000000.0, UB(s): [65] Mbps
Node    CST    Tx pow                    Mean                     Std    Played (s)    Played (count)
   5    -82        23    0.018334873744774757    0.204124145231931509          6.64                23
   5    -77        23    0.170433075956341440    0.145864991497894558          8.84                46
   5    -72        23    0.315769558637917669    0.097590007294853329         12.33               104
   5    -67        23    0.511094446829262417    0.036155076303109358         24.13               764
   5    -62        23    0.576405174234541073    0.016743584773354764         48.00              3566
                                                                              99.96              4503    Tot

Node 6 - Refine time: -1000000000.0, UB(s): [65] Mbps
Node    CST    Tx pow                    Mean                     Std    Played (s)    Played (count)
   6    -82        23    0.015881059091762389    0.174077655955697852         12.20                32
   6    -77        23    0.171777697579827415    0.123091490979332738         14.70                65
   6    -72        23    0.227417033898317050    0.111111111111111105          8.55                80
   6    -67        23    0.451500170000255274    0.032376195411908809         17.74               953
   6    -62        23    0.489548464980331777    0.014532489181701181         46.37              4734
                                                                              99.56              5864    Tot

Node 7 - Refine time: -1000000000.0, UB(s): [65] Mbps
Node    CST    Tx pow                    Mean                     Std    Played (s)    Played (count)
   7    -82        23    0.033144286486113589    0.208514414057074771          7.83                22
   7    -77        23    0.054678587125209656    0.200000000000000011          6.44                24
   7    -72        23    0.457095497144061447    0.084515425472851652          7.63               139
   7    -67        23    0.652267130488882962    0.024685714930565622         22.72              1640
   7    -62        23    0.685103025887741968    0.014150628549503207         55.38              4993
                                                                             100.00              6818    Tot

Node 8 - Refine time: -1000000000.0, UB(s): [65] Mbps
Node    CST    Tx pow                    Mean                     Std    Played (s)    Played (count)
   8    -82        23    0.058319469189740118    0.136082763487954339         13.71                53
   8    -77        23    0.111829432898896686    0.111803398874989482         16.39                79
   8    -72        23    0.218684847211511574    0.067573737839948592         34.01               218
   8    -67        23    0.264620576229171456    0.053682812709501891         19.82               346
   8    -62        23    0.300291883886259603    0.046274481338274755         15.71               466
                                                                              99.64              1162    Tot

Node 9 - Refine time: -1000000000.0, UB(s): [65] Mbps
Node    CST    Tx pow                    Mean                     Std    Played (s)    Played (count)
   9    -82        23    0.305904686192968789    0.123091490979332738          1.57                65
   9    -77        23    0.523442742464948374    0.060745673923078697          6.18               270
   9    -72        23    0.573853522705876418    0.044676705160877024         11.54               500
   9    -67        23    0.710146213876747923    0.011460988720255175         72.89              7612
   9    -62        23    0.652457294857094472    0.035737084494593160          7.81               782
                                                                             100.00              9229    Tot

Node 10 - Refine time: -1000000000.0, UB(s): [65] Mbps
Node    CST    Tx pow                    Mean                     Std    Played (s)    Played (count)
  10    -82        23    0.215493643422530134    0.124034734589208454          8.41                64
  10    -77        23    0.275017695034470877    0.103142124625879336          8.57                93
  10    -72        23    0.423362407484564829    0.038404768632128425         46.34               677
  10    -67        23    0.413771743222255850    0.043437224276306939         33.77               529
  10    -62        23    0.373312904871513862    0.069171446386607466          2.74               208
                                                                              99.84              1571    Tot

Node 11 - Refine time: -1000000000.0, UB(s): [65] Mbps
Node    CST    Tx pow                    Mean                     Std    Played (s)    Played (count)
  11    -82        23    0.018174837167703541    0.133630620956212198         20.82                55
  11    -77        23    0.094134029427025673    0.096673648904566353         24.22               106
  11    -72        23    0.105094782290411318    0.094915799575249898         24.58               110
  11    -67        23    0.114104067420443087    0.090535746042518531         17.64               121
  11    -62        23    0.136490022044104070    0.089442719099991588         12.34               124
                                                                              99.61               516    Tot

Node 12 - Refine time: -1000000000.0, UB(s): [65] Mbps
Node    CST    Tx pow                    Mean                     Std    Played (s)    Played (count)
  12    -82        23    0.063893489069516265    0.223606797749978964          6.57                19
  12    -77        23    0.106215603404153078    0.204124145231931509          4.94                23
  12    -72        23    0.474503103346903266    0.109108945117996181          2.62                83
  12    -67        23    0.727988554983631353    0.043033148291193521          5.45               539
  12    -62        23    0.904661581945050641    0.008635784665663396         80.42             13408
                                                                             100.00             14072    Tot

Node 13 - Refine time: -1000000000.0, UB(s): [65] Mbps
Node    CST    Tx pow                    Mean                     Std    Played (s)    Played (count)
  13    -82        23    0.005493081415580506    0.208514414057074771          9.45                22
  13    -77        23    0.127055786706060186    0.162221421130762544          8.34                37
  13    -72        23    0.221612910242260486    0.117851130197757920         13.19                71
  13    -67        23    0.357526954222322058    0.065232807305344226         21.17               234
  13    -62        23    0.432275518622508181    0.036637165272365588         47.71               744
                                                                              99.85              1108    Tot

Node 14 - Refine time: -1000000000.0, UB(s): [65] Mbps
Node    CST    Tx pow                    Mean                     Std    Played (s)    Played (count)
  14    -82        23    0.026060692837938458    0.192450089729875262          7.91                26
  14    -77        23    0.109533686779404366    0.162221421130762544         10.47                37
  14    -72        23    0.244523107162473496    0.101015254455221068         13.78                97
  14    -67        23    0.406731374525664213    0.035179877236514591         59.51               807
  14    -62        23    0.401727440070048847    0.039223227027636809          8.05               649
                                                                              99.73              1616    Tot

Node 15 - Refine time: -1000000000.0, UB(s): [65] Mbps
Node    CST    Tx pow                    Mean                     Std    Played (s)    Played (count)
  15    -82        23    0.117210221262048858    0.185695338177051861          7.05                28
  15    -77        23    0.165038220631522153    0.164398987305357291          4.38                36
  15    -72        23    0.454281576655727326    0.094072086838359728          3.19               112
  15    -67        23    0.635932082196931536    0.034900240637988800          9.78               820
  15    -62        23    0.783647787205678847    0.010034679570327401         75.59              9930
                                                                             100.00             10926    Tot

Node 16 - Refine time: -1000000000.0, UB(s): [65] Mbps
Node    CST    Tx pow                    Mean                     Std    Played (s)    Played (count)
  16    -82        23    0.051317018490177245    0.150755672288881815         16.97                43
  16    -77        23    0.107947743206581320    0.122169444356305223         17.97                66
  16    -72        23    0.165180166476925572    0.094915799575249898         18.67               110
  16    -67        23    0.239010245020889106    0.051434449987363969         42.34               377
  16    -62        23    0.202187645252998732    0.075592894601845442          3.64               174
                                                                              99.60               770    Tot

Node 17 - Refine time: -1000000000.0, UB(s): [65] Mbps
Node    CST    Tx pow                    Mean                     Std    Played (s)    Played (count)
  17    -82        23    0.006947823126412524    0.213200716355610442          9.45                21
  17    -77        23    0.120832207780112208    0.166666666666666657          8.36                35
  17    -72        23    0.484588513465887105    0.063887656499993992         14.91               244
  17    -67        23    0.584665822404451530    0.030164848870338084         29.18              1098
  17    -62        23    0.659428362259131928    0.016267153097966322         38.07              3778
                                                                              99.98              5176    Tot

Node 18 - Refine time: -1000000000.0, UB(s): [65] Mbps
Node    CST    Tx pow                    Mean                     Std    Played (s)    Played (count)
  18    -82        23    0.114949527578270427    0.110431526074846548         17.57                81
  18    -77        23    0.158580488242848178    0.089442719099991588         23.69               124
  18    -72        23    0.265931056015873524    0.061662641597820742         19.84               262
  18    -67        23    0.290509590078646573    0.051031036307982877         20.83               383
  18    -62        23    0.358097785511358568    0.032512804438117757         17.73               945
                                                                              99.66              1795    Tot

Node 19 - Refine time: -1000000000.0, UB(s): [65] Mbps
Node    CST    Tx pow                    Mean                     Std    Played (s)    Played (count)
  19    -82        23    0.353789544862471550    0.116247638743819284          3.52                73
  19    -77        23    0.429260232604709802    0.099014754297667429          3.05               101
  19    -72        23    0.643703114047367464    0.022507456830317185         32.52              1973
  19    -67        23    0.650655308898293705    0.018104181553118947         48.24              3050
  19    -62        23    0.642077403004588487    0.027724348650071381         12.65              1300
                                                                              99.99              6497    Tot

Mean throughputs: [52.4824  0.8041  6.0783 43.8923  4.0200 13.1408 12.5476 21.4187  2.7366
 26.2743  3.7185  0.5731 46.7382  2.7685  3.2795 34.4349  1.0395 15.2640
  4.3706 19.4991]
Aggregate throughput: 315.0807
Min-Max: 51.9093
JFI: 0.4920 [0.0500, 1]
Node 0:
  CST counts:       {-72: 283, -62: 14717, -77: 57, -67: 793, -82: 48}
  Tx pow counts:    {23: 15898}
Node 1:
  CST counts:       {-62: 135, -67: 113, -72: 70, -77: 75, -82: 67}
  Tx pow counts:    {23: 460}
Node 2:
  CST counts:       {-62: 1497, -67: 444, -72: 50, -77: 19, -82: 20}
  Tx pow counts:    {23: 2030}
Node 3:
  CST counts:       {-72: 99, -62: 12949, -77: 31, -67: 225, -82: 24}
  Tx pow counts:    {23: 13328}
Node 4:
  CST counts:       {-62: 999, -67: 327, -72: 94, -77: 29, -82: 22}
  Tx pow counts:    {23: 1471}
Node 5:
  CST counts:       {-72: 104, -67: 765, -62: 3566, -82: 23, -77: 46}
  Tx pow counts:    {23: 4504}
Node 6:
  CST counts:       {-72: 80, -67: 953, -62: 4734, -82: 33, -77: 65}
  Tx pow counts:    {23: 5865}
Node 7:
  CST counts:       {-72: 139, -67: 1641, -62: 4993, -82: 22, -77: 24}
  Tx pow counts:    {23: 6819}
Node 8:
  CST counts:       {-62: 466, -67: 347, -72: 218, -77: 79, -82: 53}
  Tx pow counts:    {23: 1163}
Node 9:
  CST counts:       {-72: 500, -62: 782, -77: 270, -67: 7613, -82: 65}
  Tx pow counts:    {23: 9230}
Node 10:
  CST counts:       {-62: 208, -67: 529, -72: 678, -77: 93, -82: 64}
  Tx pow counts:    {23: 1572}
Node 11:
  CST counts:       {-62: 124, -67: 121, -72: 110, -77: 107, -82: 55}
  Tx pow counts:    {23: 517}
Node 12:
  CST counts:       {-72: 83, -62: 13409, -77: 23, -67: 539, -82: 19}
  Tx pow counts:    {23: 14073}
Node 13:
  CST counts:       {-62: 745, -67: 234, -72: 71, -77: 37, -82: 22}
  Tx pow counts:    {23: 1109}
Node 14:
  CST counts:       {-62: 649, -67: 808, -72: 97, -77: 37, -82: 26}
  Tx pow counts:    {23: 1617}
Node 15:
  CST counts:       {-72: 112, -62: 9931, -77: 36, -67: 820, -82: 28}
  Tx pow counts:    {23: 10927}
Node 16:
  CST counts:       {-62: 174, -67: 377, -72: 110, -77: 66, -82: 44}
  Tx pow counts:    {23: 771}
Node 17:
  CST counts:       {-72: 244, -67: 1098, -62: 3779, -82: 21, -77: 35}
  Tx pow counts:    {23: 5177}
Node 18:
  CST counts:       {-62: 945, -67: 383, -72: 263, -77: 124, -82: 81}
  Tx pow counts:    {23: 1796}
Node 19:
  CST counts:       {-72: 1974, -67: 3050, -62: 1300, -82: 73, -77: 101}
  Tx pow counts:    {23: 6498}


Last 20.0 seconds of simulation:
Node 0 - Refine time: -1000000000.0, UB(s): [65] Mbps
Node    CST    Tx pow                    Mean                     Std    Played (s)    Played (count)
   0    -82        23    0.364658311761943688    0.707106781186547573          0.07               1.0
   0    -77        23    0.403421446647830084    0.577350269189625731          0.03               2.0
   0    -72        23    0.670173613619628572    1.000000000000000000          0.00               0.0
   0    -67        23    0.762534692587576557    1.000000000000000000          0.00               0.0
   0    -62        23    0.895259508745152033    0.016954023688483619         19.89            3478.0
                                                                              20.00            3481.0    Tot

Node 1 - Refine time: -1000000000.0, UB(s): [65] Mbps
Node    CST    Tx pow                    Mean                     Std    Played (s)    Played (count)
   1    -82        23    0.132728037011737632    0.500000000000000000          1.04               3.0
   1    -77        23    0.125420808625024666    0.353553390593273786          3.50               7.0
   1    -72        23    0.122878163414880878    0.316227766016837941          4.50               9.0
   1    -67        23    0.191008354548487441    0.250000000000000000          3.83              15.0
   1    -62        23    0.245959698972456148    0.218217890235992362          6.81              20.0
                                                                              19.68              54.0    Tot

Node 2 - Refine time: -1000000000.0, UB(s): [65] Mbps
Node    CST    Tx pow                    Mean                     Std    Played (s)    Played (count)
   2    -82        23    0.041215439655279455    1.000000000000000000          0.00               0.0
   2    -77        23    0.027773769773889890    0.707106781186547573          0.50               1.0
   2    -72        23    0.318244619996233546    1.000000000000000000          0.00               0.0
   2    -67        23    0.577958003296066836    0.223606797749978964          6.08              19.0
   2    -62        23    0.628047394954950322    0.087705801930702917         13.40             129.0
                                                                              19.97             149.0    Tot

Node 3 - Refine time: -1000000000.0, UB(s): [65] Mbps
Node    CST    Tx pow                    Mean                     Std    Played (s)    Played (count)
   3    -82        23    0.134078660913839631    1.000000000000000000          0.00               0.0
   3    -77        23    0.180916961729590348    1.000000000000000000          0.00               0.0
   3    -72        23    0.478163072379363119    1.000000000000000000          0.00               0.0
   3    -67        23    0.588238717613313367    1.000000000000000000          0.00               0.0
   3    -62        23    0.889837835243766029    0.017177668430602401         20.00            3388.0
                                                                              20.00            3388.0    Tot

Node 4 - Refine time: -1000000000.0, UB(s): [65] Mbps
Node    CST    Tx pow                    Mean                     Std    Played (s)    Played (count)
   4    -82        23    0.022767048034241309    0.707106781186547573          0.50               1.0
   4    -77        23    0.108607182536209046    0.707106781186547573          0.50               1.0
   4    -72        23    0.345313649816501644    0.377964473009227198          2.31               6.0
   4    -67        23    0.456902101486754753    0.242535625036332969          4.14              16.0
   4    -62        23    0.525494496383531629    0.107211253483779481         12.49              86.0
                                                                              19.94             110.0    Tot

Node 5 - Refine time: -1000000000.0, UB(s): [65] Mbps
Node    CST    Tx pow                    Mean                     Std    Played (s)    Played (count)
   5    -82        23    0.019132042168460615    0.707106781186547573          0.50               1.0
   5    -77        23    0.174138142824957542    0.707106781186547573          0.50               1.0
   5    -72        23    0.342086399834074184    0.316227766016837941          4.00               9.0
   5    -67        23    0.530775615942197132    0.125988157669742418          1.99              62.0
   5    -62        23    0.589928557405656195    0.031830350703961514         12.96             986.0
                                                                              19.96            1059.0    Tot

Node 6 - Refine time: -1000000000.0, UB(s): [65] Mbps
Node    CST    Tx pow                    Mean                     Std    Played (s)    Played (count)
   6    -82        23    0.018716962501005675    0.408248290463863017          2.50               5.0
   6    -77        23    0.192158102377434054    0.353553390593273786          3.50               7.0
   6    -72        23    0.235502241748084790    0.353553390593273786          2.22               7.0
   6    -67        23    0.496646735007872264    0.085435765771676095          3.97             136.0
   6    -62        23    0.534936525006842190    0.036226177800110920          7.40             761.0
                                                                              19.59             916.0    Tot

Node 7 - Refine time: -1000000000.0, UB(s): [65] Mbps
Node    CST    Tx pow                    Mean                     Std    Played (s)    Played (count)
   7    -82        23    0.036300885199076788    0.577350269189625731          1.00               2.0
   7    -77        23    0.062134758096829154    0.500000000000000000          1.50               3.0
   7    -72        23    0.482132501449341333    0.316227766016837941          1.54               9.0
   7    -67        23    0.666336320321030628    0.076696498884737049          3.31             169.0
   7    -62        23    0.697653288653251491    0.029630442547297988         12.92            1138.0
                                                                              20.27            1321.0    Tot

Node 8 - Refine time: -1000000000.0, UB(s): [65] Mbps
Node    CST    Tx pow                    Mean                     Std    Played (s)    Played (count)
   8    -82        23    0.066444115288544756    0.353553390593273786          2.96               7.0
   8    -77        23    0.116031611480412258    0.353553390593273786          2.97               7.0
   8    -72        23    0.225946442008627540    0.213200716355610442          4.86              21.0
   8    -67        23    0.274564766953304007    0.133630620956212198          4.26              55.0
   8    -62        23    0.308488387661344787    0.100503781525921210          4.79              98.0
                                                                              19.83             188.0    Tot

Node 9 - Refine time: -1000000000.0, UB(s): [65] Mbps
Node    CST    Tx pow                    Mean                     Std    Played (s)    Played (count)
   9    -82        23    0.315464207636499072    0.577350269189625731          0.07               2.0
   9    -77        23    0.521044983127812000    0.408248290463863017          0.03               5.0
   9    -72        23    0.571755127852541234    0.288675134594812866          0.14              11.0
   9    -67        23    0.683057809487340628    0.020956487115397715         18.26            2276.0
   9    -62        23    0.623646075030131697    0.074329414624716636          1.50             180.0
                                                                              20.00            2474.0    Tot

Node 10 - Refine time: -1000000000.0, UB(s): [65] Mbps
Node    CST    Tx pow                    Mean                     Std    Played (s)    Played (count)
  10    -82        23    0.229624374138761606    0.447213595499957928          1.54               4.0
  10    -77        23    0.287240703702669464    0.447213595499957928          1.90               4.0
  10    -72        23    0.445517366789661529    0.137360563948689035          8.86              52.0
  10    -67        23    0.429265794482901253    0.171498585142508847          7.51              33.0
  10    -62        23    0.391902780872086520    0.258198889747161098          0.23              14.0
                                                                              20.03             107.0    Tot

Node 11 - Refine time: -1000000000.0, UB(s): [65] Mbps
Node    CST    Tx pow                    Mean                     Std    Played (s)    Played (count)
  11    -82        23    0.021203976695654131    0.333333333333333315          4.00               8.0
  11    -77        23    0.101974900566569868    0.316227766016837941          2.86               9.0
  11    -72        23    0.116613533459842364    0.277350098112614574          4.69              12.0
  11    -67        23    0.128023234162189276    0.242535625036332969          5.25              16.0
  11    -62        23    0.147379885786140086    0.277350098112614574          2.84              12.0
                                                                              19.64              57.0    Tot

Node 12 - Refine time: -1000000000.0, UB(s): [65] Mbps
Node    CST    Tx pow                    Mean                     Std    Played (s)    Played (count)
  12    -82        23    0.067256304283701329    0.707106781186547573          0.50               1.0
  12    -77        23    0.106215603404153078    1.000000000000000000          0.00               0.0
  12    -72        23    0.474503103346903266    1.000000000000000000          0.00               0.0
  12    -67        23    0.727988554983631353    1.000000000000000000          0.00               0.0
  12    -62        23    0.901326413614739197    0.017139779254776524         19.50            3403.0
                                                                              20.00            3404.0    Tot

Node 13 - Refine time: -1000000000.0, UB(s): [65] Mbps
Node    CST    Tx pow                    Mean                     Std    Played (s)    Played (count)
  13    -82        23    0.006016232026588173    0.577350269189625731          0.63               2.0
  13    -77        23    0.134114441523063538    0.577350269189625731          0.98               2.0
  13    -72        23    0.244364433195986414    0.353553390593273786          3.08               7.0
  13    -67        23    0.383470218539701535    0.213200716355610442          5.78              21.0
  13    -62        23    0.448666502290371083    0.127000127000190505          9.60              61.0
                                                                              20.07              93.0    Tot

Node 14 - Refine time: -1000000000.0, UB(s): [65] Mbps
Node    CST    Tx pow                    Mean                     Std    Played (s)    Played (count)
  14    -82        23    0.028145548264973536    0.577350269189625731          1.00               2.0
  14    -77        23    0.115618891600482387    0.577350269189625731          1.00               2.0
  14    -72        23    0.263332576944202312    0.353553390593273786          3.50               7.0
  14    -67        23    0.430562255350442236    0.141421356237309503         13.66              49.0
  14    -62        23    0.426194572370445446    0.144337567297406433          0.81              47.0
                                                                              19.97             107.0    Tot

Node 15 - Refine time: -1000000000.0, UB(s): [65] Mbps
Node    CST    Tx pow                    Mean                     Std    Played (s)    Played (count)
  15    -82        23    0.117210221262048858    1.000000000000000000          0.00               0.0
  15    -77        23    0.165038220631522153    1.000000000000000000          0.00               0.0
  15    -72        23    0.454281576655727326    1.000000000000000000          0.00               0.0
  15    -67        23    0.635932082196931536    1.000000000000000000          0.00               0.0
  15    -62        23    0.797117742051227096    0.020020030050087657         20.02            2494.0
                                                                              20.02            2494.0    Tot

Node 16 - Refine time: -1000000000.0, UB(s): [65] Mbps
Node    CST    Tx pow                    Mean                     Std    Played (s)    Played (count)
  16    -82        23    0.057896123424815350    0.408248290463863017          2.50               5.0
  16    -77        23    0.116653206368402387    0.408248290463863017          2.50               5.0
  16    -72        23    0.174619033132749901    0.377964473009227198          2.51               6.0
  16    -67        23    0.261980623239694566    0.156173761888606072         11.54              40.0
  16    -62        23    0.229342913000087828    0.204124145231931509          0.74              23.0
                                                                              19.79              79.0    Tot

Node 17 - Refine time: -1000000000.0, UB(s): [65] Mbps
Node    CST    Tx pow                    Mean                     Std    Played (s)    Played (count)
  17    -82        23    0.007278671846717882    0.707106781186547573          0.50               1.0
  17    -77        23    0.120832207780112208    1.000000000000000000          0.00               0.0
  17    -72        23    0.489397967498698683    0.408248290463863017          0.60               5.0
  17    -67        23    0.587043866927706826    0.204124145231931509          0.99              23.0
  17    -62        23    0.668445259193033769    0.024182541670333721         17.89            1709.0
                                                                              19.98            1738.0    Tot

Node 18 - Refine time: -1000000000.0, UB(s): [65] Mbps
Node    CST    Tx pow                    Mean                     Std    Played (s)    Played (count)
  18    -82        23    0.123602239904803970    0.377964473009227198          2.19               6.0
  18    -77        23    0.161977486620144384    0.500000000000000000          0.70               3.0
  18    -72        23    0.269229844533433293    0.174077655955697852          5.73              32.0
  18    -67        23    0.303190752010722042    0.132453235706504385          6.81              56.0
  18    -62        23    0.361413396043200386    0.065232807305344226          4.35             234.0
                                                                              19.79             331.0    Tot

Node 19 - Refine time: -1000000000.0, UB(s): [65] Mbps
Node    CST    Tx pow                    Mean                     Std    Played (s)    Played (count)
  19    -82        23    0.364469946189314442    0.447213595499957928          1.00               4.0
  19    -77        23    0.437030326366569022    0.577350269189625731          0.35               2.0
  19    -72        23    0.667706788814073415    0.071066905451870152          5.67             197.0
  19    -67        23    0.674770745357602619    0.056980288229818973         10.46             307.0
  19    -62        23    0.653216739621586773    0.073127242412713067          2.56             186.0
                                                                              20.04             696.0    Tot

Mean throughputs: [57.9534  0.2098  1.9149 56.5300  1.1675 15.6312  5.1641 20.5691  2.1993
 37.0562  0.5436  0.1268 56.6517  0.8362  0.3419 39.1894  0.1397 25.3708
  4.0059  9.5317]
Aggregate throughput: 335.1332
Min-Max: 57.8266
JFI: 0.4482 [0.0500, 1]
Node 0:
  CST counts:       {-62: 3479, -82: 1, -77: 2}
  Tx pow counts:    {23: 3482}
Node 1:
  CST counts:       {-67: 16, -72: 9, -77: 7, -82: 3, -62: 20}
  Tx pow counts:    {23: 55}
Node 2:
  CST counts:       {-62: 129, -67: 20, -77: 1}
  Tx pow counts:    {23: 150}
Node 3:
  CST counts:       {-62: 3389}
  Tx pow counts:    {23: 3389}
Node 4:
  CST counts:       {-62: 87, -67: 16, -72: 6, -77: 1, -82: 1}
  Tx pow counts:    {23: 111}
Node 5:
  CST counts:       {-62: 986, -67: 63, -72: 9, -77: 1, -82: 1}
  Tx pow counts:    {23: 1060}
Node 6:
  CST counts:       {-62: 761, -67: 136, -72: 7, -77: 7, -82: 6}
  Tx pow counts:    {23: 917}
Node 7:
  CST counts:       {-62: 1138, -67: 170, -72: 9, -77: 3, -82: 2}
  Tx pow counts:    {23: 1322}
Node 8:
  CST counts:       {-62: 98, -67: 56, -72: 21, -77: 7, -82: 7}
  Tx pow counts:    {23: 189}
Node 9:
  CST counts:       {-62: 180, -72: 11, -82: 2, -67: 2277, -77: 5}
  Tx pow counts:    {23: 2475}
Node 10:
  CST counts:       {-62: 14, -67: 33, -72: 53, -77: 4, -82: 4}
  Tx pow counts:    {23: 108}
Node 11:
  CST counts:       {-67: 16, -72: 12, -77: 10, -82: 8, -62: 12}
  Tx pow counts:    {23: 58}
Node 12:
  CST counts:       {-62: 3404, -82: 1}
  Tx pow counts:    {23: 3405}
Node 13:
  CST counts:       {-62: 62, -67: 21, -72: 7, -77: 2, -82: 2}
  Tx pow counts:    {23: 94}
Node 14:
  CST counts:       {-62: 47, -67: 50, -72: 7, -77: 2, -82: 2}
  Tx pow counts:    {23: 108}
Node 15:
  CST counts:       {-62: 2495}
  Tx pow counts:    {23: 2495}
Node 16:
  CST counts:       {-62: 23, -67: 40, -72: 6, -77: 5, -82: 6}
  Tx pow counts:    {23: 80}
Node 17:
  CST counts:       {-62: 1710, -67: 23, -72: 5, -82: 1}
  Tx pow counts:    {23: 1739}
Node 18:
  CST counts:       {-62: 234, -67: 56, -72: 33, -77: 3, -82: 6}
  Tx pow counts:    {23: 332}
Node 19:
  CST counts:       {-62: 186, -67: 307, -72: 198, -77: 2, -82: 4}
  Tx pow counts:    {23: 697}
