Simulation time: 60 s
Waiting for simulation script to connect on port: tcp://localhost:5555
Please start proper ns-3 simulation script using ./waf --run "..."
Start
Progress: 0% 10% 20% 30% 40% 50% 60% 70% 80% 90% 100% 100%
Done
Final step: 5999
Node 0, (CST, Tx power, MCS) = (-82,  0, 7) - (mean, std): (0.397879999999999845, 0.176776695296636893)    played     0.31 s,         31 time(s)
Node 0, (CST, Tx power, MCS) = (-68,  0, 7) - (mean, std): (0.928867376884443319, 0.012942340885816991)    played    59.69 s,       5969 time(s)
                                                                                                   played    60.00 s,       6000 time(s)

Node 1, (CST, Tx power, MCS) = (-82,  0, 7) - (mean, std): (0.463999999999999801, 0.158113883008418971)    played     0.39 s,         39 time(s)
Node 1, (CST, Tx power, MCS) = (-68,  0, 7) - (mean, std): (0.927134572291198222, 0.012951021195904704)    played    59.61 s,       5961 time(s)
                                                                                                   played    60.00 s,       6000 time(s)

Node 2, (CST, Tx power, MCS) = (-82,  0, 7) - (mean, std): (0.419146666666666445, 0.166666666666666657)    played     0.35 s,         35 time(s)
Node 2, (CST, Tx power, MCS) = (-68,  0, 7) - (mean, std): (0.927175595038573275, 0.012946678858416036)    played    59.65 s,       5965 time(s)
                                                                                                   played    60.00 s,       6000 time(s)

Node 3, (CST, Tx power, MCS) = (-82,  0, 7) - (mean, std): (0.454072558139534732, 0.152498570332604666)    played     0.42 s,         42 time(s)
Node 3, (CST, Tx power, MCS) = (-68,  0, 7) - (mean, std): (0.926514327907389190, 0.012954280817885739)    played    59.58 s,       5958 time(s)
                                                                                                   played    60.00 s,       6000 time(s)

Mean throughputs: [60.2124 60.0831 60.0884 60.0234]
Aggregate throughput: 240.4074
Min-Max: 0.1890
JFI: 0.9989 [0.2500, 1]
Mean TX power: [0.0000 0.0000 0.0000 0.0000]
Mean PCS: [-68.0723 -68.0910 -68.0817 -68.0980]
Mean MCS: [7.0000 7.0000 7.0000 7.0000]

Last 20 seconds of simulation:
Mean throughputs: [60.4714 60.6433 60.5372 60.2892]
Aggregate throughput: 241.9411
Min-Max: 0.3541
JFI: 0.9979 [0.2500, 1]
Mean TX power: [0.0000 0.0000 0.0000 0.0000]
Mean PCS: [-68.0210 -68.0140 -68.0280 -68.0490]
Mean MCS: [7.0000 7.0000 7.0000 7.0000]
Simulation time: 60 s
Waiting for simulation script to connect on port: tcp://localhost:5555
Please start proper ns-3 simulation script using ./waf --run "..."
Start
Progress: 0% 10% 20% 30% 40% 50% 60% 70% 80% 90% 100% 100%
Done
Final step: 5999
Node 0, (CST, Tx power, MCS) = (-82,  0, 7) - (mean, std): (0.419695483870967556, 0.179605302026774910)    played     0.30 s,         30 time(s)
Node 0, (CST, Tx power, MCS) = (-68,  0, 7) - (mean, std): (0.930492902361433671, 0.012941257073824484)    played    59.70 s,       5970 time(s)
                                                                                                   played    60.00 s,       6000 time(s)

Node 1, (CST, Tx power, MCS) = (-82,  0, 7) - (mean, std): (0.375324444444444294, 0.166666666666666657)    played     0.35 s,         35 time(s)
Node 1, (CST, Tx power, MCS) = (-68,  0, 7) - (mean, std): (0.928351538719430880, 0.012946678858416036)    played    59.65 s,       5965 time(s)
                                                                                                   played    60.00 s,       6000 time(s)

Node 2, (CST, Tx power, MCS) = (-82,  0, 7) - (mean, std): (0.402332903225806393, 0.179605302026774910)    played     0.30 s,         30 time(s)
Node 2, (CST, Tx power, MCS) = (-68,  0, 7) - (mean, std): (0.930197608440818224, 0.012941257073824484)    played    59.70 s,       5970 time(s)
                                                                                                   played    60.00 s,       6000 time(s)

Node 3, (CST, Tx power, MCS) = (-82,  0, 7) - (mean, std): (0.421208888888888633, 0.166666666666666657)    played     0.35 s,         35 time(s)
Node 3, (CST, Tx power, MCS) = (-68,  0, 7) - (mean, std): (0.928031109621209049, 0.012946678858416036)    played    59.65 s,       5965 time(s)
                                                                                                   played    60.00 s,       6000 time(s)

Mean throughputs: [60.3307 60.1473 60.3057 60.1445]
Aggregate throughput: 240.9281
Min-Max: 0.1862
JFI: 0.9986 [0.2500, 1]
Mean TX power: [0.0000 0.0000 0.0000 0.0000]
Mean PCS: [-68.0700 -68.0817 -68.0700 -68.0817]
Mean MCS: [7.0000 7.0000 7.0000 7.0000]

Last 20 seconds of simulation:
Mean throughputs: [60.4823 60.5040 60.8176 60.5414]
Aggregate throughput: 242.3453
Min-Max: 0.3354
JFI: 0.9978 [0.2500, 1]
Mean TX power: [0.0000 0.0000 0.0000 0.0000]
Mean PCS: [-68.0210 -68.0210 -68.0140 -68.0280]
Mean MCS: [7.0000 7.0000 7.0000 7.0000]
Simulation time: 60 s
Waiting for simulation script to connect on port: tcp://localhost:5555
Please start proper ns-3 simulation script using ./waf --run "..."
Start
Progress: 0% 10% 20% 30% 40% 50% 60% 70% 80% 90% 100% 100%
Done
Final step: 5999
Node 0, (CST, Tx power, MCS) = (-82,  0, 7) - (mean, std): (0.449452972972972820, 0.164398987305357291)    played     0.36 s,         36 time(s)
Node 0, (CST, Tx power, MCS) = (-68,  0, 7) - (mean, std): (0.926357136630366784, 0.012947764033293967)    played    59.64 s,       5964 time(s)
                                                                                                   played    60.00 s,       6000 time(s)

Node 1, (CST, Tx power, MCS) = (-82,  0, 7) - (mean, std): (0.451301052631578714, 0.162221421130762544)    played     0.37 s,         37 time(s)
Node 1, (CST, Tx power, MCS) = (-68,  0, 7) - (mean, std): (0.926976150234762764, 0.012948849481091766)    played    59.63 s,       5963 time(s)
                                                                                                   played    60.00 s,       6000 time(s)

Node 2, (CST, Tx power, MCS) = (-82,  0, 7) - (mean, std): (0.430391351351351092, 0.164398987305357291)    played     0.36 s,         36 time(s)
Node 2, (CST, Tx power, MCS) = (-68,  0, 7) - (mean, std): (0.927057220452661701, 0.012947764033293967)    played    59.64 s,       5964 time(s)
                                                                                                   played    60.00 s,       6000 time(s)

Node 3, (CST, Tx power, MCS) = (-82,  0, 7) - (mean, std): (0.449324651162790689, 0.152498570332604666)    played     0.42 s,         42 time(s)
Node 3, (CST, Tx power, MCS) = (-68,  0, 7) - (mean, std): (0.927106105051205387, 0.012954280817885739)    played    59.58 s,       5958 time(s)
                                                                                                   played    60.00 s,       6000 time(s)

Mean throughputs: [60.0421 60.0777 60.0797 60.0594]
Aggregate throughput: 240.2590
Min-Max: 0.0376
JFI: 0.9997 [0.2500, 1]
Mean TX power: [0.0000 0.0000 0.0000 0.0000]
Mean PCS: [-68.0840 -68.0863 -68.0840 -68.0980]
Mean MCS: [7.0000 7.0000 7.0000 7.0000]

Last 20 seconds of simulation:
Mean throughputs: [60.4660 60.4310 60.5932 60.6976]
Aggregate throughput: 242.1878
Min-Max: 0.2666
JFI: 0.9983 [0.2500, 1]
Mean TX power: [0.0000 0.0000 0.0000 0.0000]
Mean PCS: [-68.0070 -68.0210 -68.0350 -68.0140]
Mean MCS: [7.0000 7.0000 7.0000 7.0000]
Simulation time: 60 s
Waiting for simulation script to connect on port: tcp://localhost:5555
Please start proper ns-3 simulation script using ./waf --run "..."
Start
Progress: 0% 10% 20% 30% 40% 50% 60% 70% 80% 90% 100% 100%
Done
Final step: 5999
Node 0, (CST, Tx power, MCS) = (-82,  0, 7) - (mean, std): (0.440681025641025570, 0.160128153805087131)    played     0.38 s,         38 time(s)
Node 0, (CST, Tx power, MCS) = (-68,  0, 7) - (mean, std): (0.928644293141056454, 0.012949935201923850)    played    59.62 s,       5962 time(s)
                                                                                                   played    60.00 s,       6000 time(s)

Node 1, (CST, Tx power, MCS) = (-82,  0, 7) - (mean, std): (0.332595200000000091, 0.200000000000000011)    played     0.24 s,         24 time(s)
Node 1, (CST, Tx power, MCS) = (-68,  0, 7) - (mean, std): (0.930543188890771034, 0.012934759914813772)    played    59.76 s,       5976 time(s)
                                                                                                   played    60.00 s,       6000 time(s)

Node 2, (CST, Tx power, MCS) = (-82,  0, 7) - (mean, std): (0.406198857142856973, 0.169030850945703304)    played     0.34 s,         34 time(s)
Node 2, (CST, Tx power, MCS) = (-68,  0, 7) - (mean, std): (0.927654741075937816, 0.012945593956343622)    played    59.66 s,       5966 time(s)
                                                                                                   played    60.00 s,       6000 time(s)

Node 3, (CST, Tx power, MCS) = (-82,  0, 7) - (mean, std): (0.472014545454545464, 0.150755672288881815)    played     0.43 s,         43 time(s)
Node 3, (CST, Tx power, MCS) = (-68,  0, 7) - (mean, std): (0.927214984894281002, 0.012955367905607862)    played    59.57 s,       5957 time(s)
                                                                                                   played    60.00 s,       6000 time(s)

Mean throughputs: [60.1758 60.3435 60.1199 60.0721]
Aggregate throughput: 240.7114
Min-Max: 0.2714
JFI: 0.9983 [0.2500, 1]
Mean TX power: [0.0000 0.0000 0.0000 0.0000]
Mean PCS: [-68.0887 -68.0560 -68.0793 -68.1003]
Mean MCS: [7.0000 7.0000 7.0000 7.0000]

Last 20 seconds of simulation:
Mean throughputs: [60.6614 60.5281 60.4213 60.5257]
Aggregate throughput: 242.1365
Min-Max: 0.2401
JFI: 0.9986 [0.2500, 1]
Mean TX power: [0.0000 0.0000 0.0000 0.0000]
Mean PCS: [-68.0070 -68.0140 -68.0280 -68.0350]
Mean MCS: [7.0000 7.0000 7.0000 7.0000]
Simulation time: 60 s
Waiting for simulation script to connect on port: tcp://localhost:5555
Please start proper ns-3 simulation script using ./waf --run "..."
Start
Progress: 0% 10% 20% 30% 40% 50% 60% 70% 80% 90% 100% 100%
Done
Final step: 5999
Node 0, (CST, Tx power, MCS) = (-82,  0, 7) - (mean, std): (0.474053333333333438, 0.144337567297406433)    played     0.47 s,         47 time(s)
Node 0, (CST, Tx power, MCS) = (-68,  0, 7) - (mean, std): (0.926385273765556905, 0.012959718994867602)    played    59.53 s,       5953 time(s)
                                                                                                   played    60.00 s,       6000 time(s)

Node 1, (CST, Tx power, MCS) = (-82,  0, 7) - (mean, std): (0.442862222222221935, 0.166666666666666657)    played     0.35 s,         35 time(s)
Node 1, (CST, Tx power, MCS) = (-68,  0, 7) - (mean, std): (0.929032839423421963, 0.012946678858416036)    played    59.65 s,       5965 time(s)
                                                                                                   played    60.00 s,       6000 time(s)

Node 2, (CST, Tx power, MCS) = (-82,  0, 7) - (mean, std): (0.440423783783783496, 0.164398987305357291)    played     0.36 s,         36 time(s)
Node 2, (CST, Tx power, MCS) = (-68,  0, 7) - (mean, std): (0.929561964794658691, 0.012947764033293967)    played    59.64 s,       5964 time(s)
                                                                                                   played    60.00 s,       6000 time(s)

Node 3, (CST, Tx power, MCS) = (-82,  0, 7) - (mean, std): (0.423949473684210321, 0.162221421130762544)    played     0.37 s,         37 time(s)
Node 3, (CST, Tx power, MCS) = (-68,  0, 7) - (mean, std): (0.928124480214641556, 0.012948849481091766)    played    59.63 s,       5963 time(s)
                                                                                                   played    60.00 s,       6000 time(s)

Mean throughputs: [59.9999 60.2177 60.2456 60.1406]
Aggregate throughput: 240.6038
Min-Max: 0.2457
JFI: 0.9984 [0.2500, 1]
Mean TX power: [0.0000 0.0000 0.0000 0.0000]
Mean PCS: [-68.1097 -68.0817 -68.0840 -68.0863]
Mean MCS: [7.0000 7.0000 7.0000 7.0000]

Last 20 seconds of simulation:
Mean throughputs: [60.6047 60.6825 60.4823 60.7778]
Aggregate throughput: 242.5473
Min-Max: 0.2956
JFI: 0.9982 [0.2500, 1]
Mean TX power: [0.0000 0.0000 0.0000 0.0000]
Mean PCS: [-68.0350 -68.0000 -68.0490 -68.0000]
Mean MCS: [7.0000 7.0000 7.0000 7.0000]
Simulation time: 60 s
Waiting for simulation script to connect on port: tcp://localhost:5555
Please start proper ns-3 simulation script using ./waf --run "..."
Start
Progress: 0% 10% 20% 30% 40% 50% 60% 70% 80% 90% 100% 100%
Done
Final step: 5999
Node 0, (CST, Tx power, MCS) = (-82,  0, 7) - (mean, std): (0.202097777777777821, 0.235702260395515839)    played     0.17 s,         17 time(s)
Node 0, (CST, Tx power, MCS) = (-68,  0, 7) - (mean, std): (0.931253582887721754, 0.012927192249875478)    played    59.83 s,       5983 time(s)
                                                                                                   played    60.00 s,       6000 time(s)

Node 1, (CST, Tx power, MCS) = (-82,  0, 7) - (mean, std): (0.320469333333333328, 0.182574185835055358)    played     0.29 s,         29 time(s)
Node 1, (CST, Tx power, MCS) = (-68,  0, 7) - (mean, std): (0.931232150033511230, 0.012940173534066750)    played    59.71 s,       5971 time(s)
                                                                                                   played    60.00 s,       6000 time(s)

Node 2, (CST, Tx power, MCS) = (-82,  0, 7) - (mean, std): (0.474311111111111128, 0.149071198499985985)    played     0.44 s,         44 time(s)
Node 2, (CST, Tx power, MCS) = (-68,  0, 7) - (mean, std): (0.928130857814357224, 0.012956455267052188)    played    59.56 s,       5956 time(s)
                                                                                                   played    60.00 s,       6000 time(s)

Node 3, (CST, Tx power, MCS) = (-82,  0, 7) - (mean, std): (0.491097600000000134, 0.141421356237309503)    played     0.49 s,         49 time(s)
Node 3, (CST, Tx power, MCS) = (-68,  0, 7) - (mean, std): (0.926372258064537935, 0.012961896184130316)    played    59.51 s,       5951 time(s)
                                                                                                   played    60.00 s,       6000 time(s)

Mean throughputs: [60.4095 60.3518 60.1274 59.9985]
Aggregate throughput: 240.8871
Min-Max: 0.4110
JFI: 0.9972 [0.2500, 1]
Mean TX power: [0.0000 0.0000 0.0000 0.0000]
Mean PCS: [-68.0397 -68.0677 -68.1027 -68.1143]
Mean MCS: [7.0000 7.0000 7.0000 7.0000]

Last 20 seconds of simulation:
Mean throughputs: [60.6481 60.7392 60.5335 60.3912]
Aggregate throughput: 242.3121
Min-Max: 0.3480
JFI: 0.9979 [0.2500, 1]
Mean TX power: [0.0000 0.0000 0.0000 0.0000]
Mean PCS: [-68.0000 -68.0070 -68.0280 -68.0420]
Mean MCS: [7.0000 7.0000 7.0000 7.0000]
Simulation time: 60 s
Waiting for simulation script to connect on port: tcp://localhost:5555
Please start proper ns-3 simulation script using ./waf --run "..."
Start
Progress: 0% 10% 20% 30% 40% 50% 60% 70% 80% 90% 100% 100%
Done
Final step: 5999
Node 0, (CST, Tx power, MCS) = (-82,  0, 7) - (mean, std): (0.365212903225806407, 0.179605302026774910)    played     0.30 s,         30 time(s)
Node 0, (CST, Tx power, MCS) = (-68,  0, 7) - (mean, std): (0.929759330095482506, 0.012941257073824484)    played    59.70 s,       5970 time(s)
                                                                                                   played    60.00 s,       6000 time(s)

Node 1, (CST, Tx power, MCS) = (-82,  0, 7) - (mean, std): (0.453054358974358806, 0.160128153805087131)    played     0.38 s,         38 time(s)
Node 1, (CST, Tx power, MCS) = (-68,  0, 7) - (mean, std): (0.925092899547229397, 0.012949935201923850)    played    59.62 s,       5962 time(s)
                                                                                                   played    60.00 s,       6000 time(s)

Node 2, (CST, Tx power, MCS) = (-82,  0, 7) - (mean, std): (0.492582400000000142, 0.141421356237309503)    played     0.49 s,         49 time(s)
Node 2, (CST, Tx power, MCS) = (-68,  0, 7) - (mean, std): (0.925280860215076939, 0.012961896184130316)    played    59.51 s,       5951 time(s)
                                                                                                   played    60.00 s,       6000 time(s)

Node 3, (CST, Tx power, MCS) = (-82,  0, 7) - (mean, std): (0.397948235294117492, 0.171498585142508847)    played     0.33 s,         33 time(s)
Node 3, (CST, Tx power, MCS) = (-68,  0, 7) - (mean, std): (0.928227024128708278, 0.012944509326962443)    played    59.67 s,       5967 time(s)
                                                                                                   played    60.00 s,       6000 time(s)

Mean throughputs: [60.2649 59.9516 59.9289 60.1595]
Aggregate throughput: 240.3050
Min-Max: 0.3360
JFI: 0.9977 [0.2500, 1]
Mean TX power: [0.0000 0.0000 0.0000 0.0000]
Mean PCS: [-68.0700 -68.0887 -68.1143 -68.0770]
Mean MCS: [7.0000 7.0000 7.0000 7.0000]

Last 20 seconds of simulation:
Mean throughputs: [60.7453 60.3152 60.3508 60.6210]
Aggregate throughput: 242.0322
Min-Max: 0.4301
JFI: 0.9970 [0.2500, 1]
Mean TX power: [0.0000 0.0000 0.0000 0.0000]
Mean PCS: [-68.0070 -68.0350 -68.0280 -68.0070]
Mean MCS: [7.0000 7.0000 7.0000 7.0000]
Simulation time: 60 s
Waiting for simulation script to connect on port: tcp://localhost:5555
Please start proper ns-3 simulation script using ./waf --run "..."
Start
Progress: 0% 10% 20% 30% 40% 50% 60% 70% 80% 90% 100% 100%
Done
Final step: 5999
Node 0, (CST, Tx power, MCS) = (-82,  0, 7) - (mean, std): (0.473872340425531946, 0.145864991497894558)    played     0.46 s,         46 time(s)
Node 0, (CST, Tx power, MCS) = (-68,  0, 7) - (mean, std): (0.926108157850565883, 0.012958630811567069)    played    59.54 s,       5954 time(s)
                                                                                                   played    60.00 s,       6000 time(s)

Node 1, (CST, Tx power, MCS) = (-82,  0, 7) - (mean, std): (0.438301538461538243, 0.160128153805087131)    played     0.38 s,         38 time(s)
Node 1, (CST, Tx power, MCS) = (-68,  0, 7) - (mean, std): (0.927268556095947383, 0.012949935201923850)    played    59.62 s,       5962 time(s)
                                                                                                   played    60.00 s,       6000 time(s)

Node 2, (CST, Tx power, MCS) = (-82,  0, 7) - (mean, std): (0.421362162162161991, 0.164398987305357291)    played     0.36 s,         36 time(s)
Node 2, (CST, Tx power, MCS) = (-68,  0, 7) - (mean, std): (0.928264476110667203, 0.012947764033293967)    played    59.64 s,       5964 time(s)
                                                                                                   played    60.00 s,       6000 time(s)

Node 3, (CST, Tx power, MCS) = (-82,  0, 7) - (mean, std): (0.416103225806451482, 0.179605302026774910)    played     0.30 s,         30 time(s)
Node 3, (CST, Tx power, MCS) = (-68,  0, 7) - (mean, std): (0.931770437112731553, 0.012941257073824484)    played    59.70 s,       5970 time(s)
                                                                                                   played    60.00 s,       6000 time(s)

Mean throughputs: [59.9868 60.0860 60.1541 60.4121]
Aggregate throughput: 240.6390
Min-Max: 0.4253
JFI: 0.9974 [0.2500, 1]
Mean TX power: [0.0000 0.0000 0.0000 0.0000]
Mean PCS: [-68.1073 -68.0887 -68.0840 -68.0700]
Mean MCS: [7.0000 7.0000 7.0000 7.0000]

Last 20 seconds of simulation:
Mean throughputs: [60.6198 60.5203 60.5601 60.6101]
Aggregate throughput: 242.3103
Min-Max: 0.0995
JFI: 0.9993 [0.2500, 1]
Mean TX power: [0.0000 0.0000 0.0000 0.0000]
Mean PCS: [-68.0210 -68.0280 -68.0140 -68.0140]
Mean MCS: [7.0000 7.0000 7.0000 7.0000]
Simulation time: 60 s
Waiting for simulation script to connect on port: tcp://localhost:5555
Please start proper ns-3 simulation script using ./waf --run "..."
Start
Progress: 0% 10% 20% 30% 40% 50% 60% 70% 80% 90% 100% 100%
Done
Final step: 5999
Node 0, (CST, Tx power, MCS) = (-82,  0, 7) - (mean, std): (0.454719999999999902, 0.158113883008418971)    played     0.39 s,         39 time(s)
Node 0, (CST, Tx power, MCS) = (-68,  0, 7) - (mean, std): (0.928217913451883092, 0.012951021195904704)    played    59.61 s,       5961 time(s)
                                                                                                   played    60.00 s,       6000 time(s)

Node 1, (CST, Tx power, MCS) = (-82,  0, 7) - (mean, std): (0.475451914893617156, 0.145864991497894558)    played     0.46 s,         46 time(s)
Node 1, (CST, Tx power, MCS) = (-68,  0, 7) - (mean, std): (0.926737732997503172, 0.012958630811567069)    played    59.54 s,       5954 time(s)
                                                                                                   played    60.00 s,       6000 time(s)

Node 2, (CST, Tx power, MCS) = (-82,  0, 7) - (mean, std): (0.428735999999999784, 0.158113883008418971)    played     0.39 s,         39 time(s)
Node 2, (CST, Tx power, MCS) = (-68,  0, 7) - (mean, std): (0.928012452197270687, 0.012951021195904704)    played    59.61 s,       5961 time(s)
                                                                                                   played    60.00 s,       6000 time(s)

Node 3, (CST, Tx power, MCS) = (-82,  0, 7) - (mean, std): (0.457371428571428429, 0.154303349962091912)    played     0.41 s,         41 time(s)
Node 3, (CST, Tx power, MCS) = (-68,  0, 7) - (mean, std): (0.927813154362436276, 0.012953194003770995)    played    59.59 s,       5959 time(s)
                                                                                                   played    60.00 s,       6000 time(s)

Mean throughputs: [60.1491 60.0283 60.1246 60.1139]
Aggregate throughput: 240.4158
Min-Max: 0.1208
JFI: 0.9992 [0.2500, 1]
Mean TX power: [0.0000 0.0000 0.0000 0.0000]
Mean PCS: [-68.0910 -68.1073 -68.0910 -68.0957]
Mean MCS: [7.0000 7.0000 7.0000 7.0000]

Last 20 seconds of simulation:
Mean throughputs: [60.7030 60.7748 60.5534 60.4817]
Aggregate throughput: 242.5129
Min-Max: 0.2932
JFI: 0.9981 [0.2500, 1]
Mean TX power: [0.0000 0.0000 0.0000 0.0000]
Mean PCS: [-68.0000 -68.0070 -68.0210 -68.0210]
Mean MCS: [7.0000 7.0000 7.0000 7.0000]
Simulation time: 60 s
Waiting for simulation script to connect on port: tcp://localhost:5555
Please start proper ns-3 simulation script using ./waf --run "..."
Start
Progress: 0% 10% 20% 30% 40% 50% 60% 70% 80% 90% 100% 100%
Done
Final step: 5999
Node 0, (CST, Tx power, MCS) = (-82,  0, 7) - (mean, std): (0.437191111111110919, 0.166666666666666657)    played     0.35 s,         35 time(s)
Node 0, (CST, Tx power, MCS) = (-68,  0, 7) - (mean, std): (0.929312826014100368, 0.012946678858416036)    played    59.65 s,       5965 time(s)
                                                                                                   played    60.00 s,       6000 time(s)

Node 1, (CST, Tx power, MCS) = (-82,  0, 7) - (mean, std): (0.426404102564102383, 0.160128153805087131)    played     0.38 s,         38 time(s)
Node 1, (CST, Tx power, MCS) = (-68,  0, 7) - (mean, std): (0.927224980714425495, 0.012949935201923850)    played    59.62 s,       5962 time(s)
                                                                                                   played    60.00 s,       6000 time(s)

Node 2, (CST, Tx power, MCS) = (-82,  0, 7) - (mean, std): (0.418443636363636129, 0.174077655955697852)    played     0.32 s,         32 time(s)
Node 2, (CST, Tx power, MCS) = (-68,  0, 7) - (mean, std): (0.929069633104393944, 0.012943424970158282)    played    59.68 s,       5968 time(s)
                                                                                                   played    60.00 s,       6000 time(s)

Node 3, (CST, Tx power, MCS) = (-82,  0, 7) - (mean, std): (0.466855384615384450, 0.160128153805087131)    played     0.38 s,         38 time(s)
Node 3, (CST, Tx power, MCS) = (-68,  0, 7) - (mean, std): (0.927551796075822166, 0.012949935201923850)    played    59.62 s,       5962 time(s)
                                                                                                   played    60.00 s,       6000 time(s)

Mean throughputs: [60.2335 60.0781 60.2271 60.1163]
Aggregate throughput: 240.6551
Min-Max: 0.1554
JFI: 0.9989 [0.2500, 1]
Mean TX power: [0.0000 0.0000 0.0000 0.0000]
Mean PCS: [-68.0817 -68.0887 -68.0747 -68.0887]
Mean MCS: [7.0000 7.0000 7.0000 7.0000]

Last 20 seconds of simulation:
Mean throughputs: [60.6379 60.6264 60.6952 60.4051]
Aggregate throughput: 242.3646
Min-Max: 0.2901
JFI: 0.9982 [0.2500, 1]
Mean TX power: [0.0000 0.0000 0.0000 0.0000]
Mean PCS: [-68.0140 -68.0420 -68.0070 -68.0350]
Mean MCS: [7.0000 7.0000 7.0000 7.0000]
Simulation time: 60 s
Waiting for simulation script to connect on port: tcp://localhost:5555
Please start proper ns-3 simulation script using ./waf --run "..."
Start
Progress: 0% 10% 20% 30% 40% 50% 60% 70% 80% 90% 100% 100%
Done
Final step: 5999
Node 0, (CST, Tx power, MCS) = (-82,  0, 7) - (mean, std): (0.376419999999999866, 0.176776695296636893)    played     0.31 s,         31 time(s)
Node 0, (CST, Tx power, MCS) = (-68,  0, 7) - (mean, std): (0.930714050251277736, 0.012942340885816991)    played    59.69 s,       5969 time(s)
                                                                                                   played    60.00 s,       6000 time(s)

Node 1, (CST, Tx power, MCS) = (-82,  0, 7) - (mean, std): (0.421724444444444180, 0.166666666666666657)    played     0.35 s,         35 time(s)
Node 1, (CST, Tx power, MCS) = (-68,  0, 7) - (mean, std): (0.928077774052988302, 0.012946678858416036)    played    59.65 s,       5965 time(s)
                                                                                                   played    60.00 s,       6000 time(s)

Node 2, (CST, Tx power, MCS) = (-82,  0, 7) - (mean, std): (0.457039999999999835, 0.158113883008418971)    played     0.39 s,         39 time(s)
Node 2, (CST, Tx power, MCS) = (-68,  0, 7) - (mean, std): (0.928202348205320993, 0.012951021195904704)    played    59.61 s,       5961 time(s)
                                                                                                   played    60.00 s,       6000 time(s)

Node 3, (CST, Tx power, MCS) = (-82,  0, 7) - (mean, std): (0.430591999999999808, 0.169030850945703304)    played     0.34 s,         34 time(s)
Node 3, (CST, Tx power, MCS) = (-68,  0, 7) - (mean, std): (0.929290832914380971, 0.012945593956343622)    played    59.66 s,       5966 time(s)
                                                                                                   played    60.00 s,       6000 time(s)

Mean throughputs: [60.3244 60.1477 60.1491 60.2349]
Aggregate throughput: 240.8562
Min-Max: 0.1767
JFI: 0.9988 [0.2500, 1]
Mean TX power: [0.0000 0.0000 0.0000 0.0000]
Mean PCS: [-68.0723 -68.0817 -68.0910 -68.0793]
Mean MCS: [7.0000 7.0000 7.0000 7.0000]

Last 20 seconds of simulation:
Mean throughputs: [60.6445 60.5559 60.5619 60.7205]
Aggregate throughput: 242.4828
Min-Max: 0.1647
JFI: 0.9989 [0.2500, 1]
Mean TX power: [0.0000 0.0000 0.0000 0.0000]
Mean PCS: [-68.0140 -68.0140 -68.0420 -68.0000]
Mean MCS: [7.0000 7.0000 7.0000 7.0000]
Simulation time: 60 s
Waiting for simulation script to connect on port: tcp://localhost:5555
Please start proper ns-3 simulation script using ./waf --run "..."
Start
Progress: 0% 10% 20% 30% 40% 50% 60% 70% 80% 90% 100% 100%
Done
Final step: 5999
Node 0, (CST, Tx power, MCS) = (-82,  0, 7) - (mean, std): (0.475057021276595826, 0.145864991497894558)    played     0.46 s,         46 time(s)
Node 0, (CST, Tx power, MCS) = (-68,  0, 7) - (mean, std): (0.928666975650735194, 0.012958630811567069)    played    59.54 s,       5954 time(s)
                                                                                                   played    60.00 s,       6000 time(s)

Node 1, (CST, Tx power, MCS) = (-82,  0, 7) - (mean, std): (0.398494117647058665, 0.171498585142508847)    played     0.33 s,         33 time(s)
Node 1, (CST, Tx power, MCS) = (-68,  0, 7) - (mean, std): (0.926852439678304330, 0.012944509326962443)    played    59.67 s,       5967 time(s)
                                                                                                   played    60.00 s,       6000 time(s)

Node 2, (CST, Tx power, MCS) = (-82,  0, 7) - (mean, std): (0.473469387755102111, 0.142857142857142849)    played     0.48 s,         48 time(s)
Node 2, (CST, Tx power, MCS) = (-68,  0, 7) - (mean, std): (0.926332000671953315, 0.012960807452350299)    played    59.52 s,       5952 time(s)
                                                                                                   played    60.00 s,       6000 time(s)

Node 3, (CST, Tx power, MCS) = (-82,  0, 7) - (mean, std): (0.408319999999999794, 0.158113883008418971)    played     0.39 s,         39 time(s)
Node 3, (CST, Tx power, MCS) = (-68,  0, 7) - (mean, std): (0.926885528346216292, 0.012951021195904704)    played    59.61 s,       5961 time(s)
                                                                                                   played    60.00 s,       6000 time(s)

Mean throughputs: [60.1525 60.0709 59.9913 60.0429]
Aggregate throughput: 240.2576
Min-Max: 0.1613
JFI: 0.9990 [0.2500, 1]
Mean TX power: [0.0000 0.0000 0.0000 0.0000]
Mean PCS: [-68.1073 -68.0770 -68.1120 -68.0910]
Mean MCS: [7.0000 7.0000 7.0000 7.0000]

Last 20 seconds of simulation:
Mean throughputs: [60.6735 60.6294 60.5148 60.4557]
Aggregate throughput: 242.2735
Min-Max: 0.2178
JFI: 0.9986 [0.2500, 1]
Mean TX power: [0.0000 0.0000 0.0000 0.0000]
Mean PCS: [-68.0350 -68.0070 -68.0210 -68.0140]
Mean MCS: [7.0000 7.0000 7.0000 7.0000]
Simulation time: 60 s
Waiting for simulation script to connect on port: tcp://localhost:5555
Please start proper ns-3 simulation script using ./waf --run "..."
Start
Progress: 0% 10% 20% 30% 40% 50% 60% 70% 80% 90% 100% 100%
Done
Final step: 5999
Node 0, (CST, Tx power, MCS) = (-82,  0, 7) - (mean, std): (0.407316756756756437, 0.164398987305357291)    played     0.36 s,         36 time(s)
Node 0, (CST, Tx power, MCS) = (-68,  0, 7) - (mean, std): (0.928180466051991782, 0.012947764033293967)    played    59.64 s,       5964 time(s)
                                                                                                   played    60.00 s,       6000 time(s)

Node 1, (CST, Tx power, MCS) = (-82,  0, 7) - (mean, std): (0.438222222222221958, 0.166666666666666657)    played     0.35 s,         35 time(s)
Node 1, (CST, Tx power, MCS) = (-68,  0, 7) - (mean, std): (0.927013825008400350, 0.012946678858416036)    played    59.65 s,       5965 time(s)
                                                                                                   played    60.00 s,       6000 time(s)

Node 2, (CST, Tx power, MCS) = (-82,  0, 7) - (mean, std): (0.428426666666666345, 0.166666666666666657)    played     0.35 s,         35 time(s)
Node 2, (CST, Tx power, MCS) = (-68,  0, 7) - (mean, std): (0.928681300704010781, 0.012946678858416036)    played    59.65 s,       5965 time(s)
                                                                                                   played    60.00 s,       6000 time(s)

Node 3, (CST, Tx power, MCS) = (-82,  0, 7) - (mean, std): (0.374381714285714151, 0.169030850945703304)    played     0.34 s,         34 time(s)
Node 3, (CST, Tx power, MCS) = (-68,  0, 7) - (mean, std): (0.927894245014266095, 0.012945593956343622)    played    59.66 s,       5966 time(s)
                                                                                                   played    60.00 s,       6000 time(s)

Mean throughputs: [60.1431 60.0854 60.1893 60.1234]
Aggregate throughput: 240.5411
Min-Max: 0.1040
JFI: 0.9994 [0.2500, 1]
Mean TX power: [0.0000 0.0000 0.0000 0.0000]
Mean PCS: [-68.0840 -68.0817 -68.0817 -68.0793]
Mean MCS: [7.0000 7.0000 7.0000 7.0000]

Last 20 seconds of simulation:
Mean throughputs: [60.3857 60.3954 60.5178 60.5504]
Aggregate throughput: 241.8494
Min-Max: 0.1647
JFI: 0.9988 [0.2500, 1]
Mean TX power: [0.0000 0.0000 0.0000 0.0000]
Mean PCS: [-68.0350 -68.0210 -68.0140 -68.0070]
Mean MCS: [7.0000 7.0000 7.0000 7.0000]
Simulation time: 60 s
Waiting for simulation script to connect on port: tcp://localhost:5555
Please start proper ns-3 simulation script using ./waf --run "..."
Start
Progress: 0% 10% 20% 30% 40% 50% 60% 70% 80% 90% 100% 100%
Done
Final step: 5999
Node 0, (CST, Tx power, MCS) = (-82,  0, 7) - (mean, std): (0.495438367346938857, 0.142857142857142849)    played     0.48 s,         48 time(s)
Node 0, (CST, Tx power, MCS) = (-68,  0, 7) - (mean, std): (0.925406027213189764, 0.012960807452350299)    played    59.52 s,       5952 time(s)
                                                                                                   played    60.00 s,       6000 time(s)

Node 1, (CST, Tx power, MCS) = (-82,  0, 7) - (mean, std): (0.460378536585365705, 0.156173761888606072)    played     0.40 s,         40 time(s)
Node 1, (CST, Tx power, MCS) = (-68,  0, 7) - (mean, std): (0.927626371414213557, 0.012952107463148878)    played    59.60 s,       5960 time(s)
                                                                                                   played    60.00 s,       6000 time(s)

Node 2, (CST, Tx power, MCS) = (-82,  0, 7) - (mean, std): (0.469744761904761887, 0.154303349962091912)    played     0.41 s,         41 time(s)
Node 2, (CST, Tx power, MCS) = (-68,  0, 7) - (mean, std): (0.926885154362438457, 0.012953194003770995)    played    59.59 s,       5959 time(s)
                                                                                                   played    60.00 s,       6000 time(s)

Node 3, (CST, Tx power, MCS) = (-82,  0, 7) - (mean, std): (0.500049230769231023, 0.138675049056307287)    played     0.51 s,         51 time(s)
Node 3, (CST, Tx power, MCS) = (-68,  0, 7) - (mean, std): (0.926293727731115291, 0.012964074471043288)    played    59.49 s,       5949 time(s)
                                                                                                   played    60.00 s,       6000 time(s)

Mean throughputs: [59.9432 60.1083 60.0596 59.9890]
Aggregate throughput: 240.1001
Min-Max: 0.1651
JFI: 0.9989 [0.2500, 1]
Mean TX power: [0.0000 0.0000 0.0000 0.0000]
Mean PCS: [-68.1120 -68.0933 -68.0957 -68.1190]
Mean MCS: [7.0000 7.0000 7.0000 7.0000]

Last 20 seconds of simulation:
Mean throughputs: [60.7060 60.6747 60.8056 60.5667]
Aggregate throughput: 242.7530
Min-Max: 0.2389
JFI: 0.9986 [0.2500, 1]
Mean TX power: [0.0000 0.0000 0.0000 0.0000]
Mean PCS: [-68.0140 -68.0140 -68.0000 -68.0210]
Mean MCS: [7.0000 7.0000 7.0000 7.0000]
Simulation time: 60 s
Waiting for simulation script to connect on port: tcp://localhost:5555
Please start proper ns-3 simulation script using ./waf --run "..."
Start
Progress: 0% 10% 20% 30% 40% 50% 60% 70% 80% 90% 100% 100%
Done
Final step: 5999
Node 0, (CST, Tx power, MCS) = (-82,  0, 7) - (mean, std): (0.451777560975609616, 0.156173761888606072)    played     0.40 s,         40 time(s)
Node 0, (CST, Tx power, MCS) = (-68,  0, 7) - (mean, std): (0.928893595034411601, 0.012952107463148878)    played    59.60 s,       5960 time(s)
                                                                                                   played    60.00 s,       6000 time(s)

Node 1, (CST, Tx power, MCS) = (-82,  0, 7) - (mean, std): (0.455647999999999886, 0.158113883008418971)    played     0.39 s,         39 time(s)
Node 1, (CST, Tx power, MCS) = (-68,  0, 7) - (mean, std): (0.927066085206326385, 0.012951021195904704)    played    59.61 s,       5961 time(s)
                                                                                                   played    60.00 s,       6000 time(s)

Node 2, (CST, Tx power, MCS) = (-82,  0, 7) - (mean, std): (0.486813333333333487, 0.144337567297406433)    played     0.47 s,         47 time(s)
Node 2, (CST, Tx power, MCS) = (-68,  0, 7) - (mean, std): (0.926802982868679459, 0.012959718994867602)    played    59.53 s,       5953 time(s)
                                                                                                   played    60.00 s,       6000 time(s)

Node 3, (CST, Tx power, MCS) = (-82,  0, 7) - (mean, std): (0.457209756097560871, 0.156173761888606072)    played     0.40 s,         40 time(s)
Node 3, (CST, Tx power, MCS) = (-68,  0, 7) - (mean, std): (0.928709894313054729, 0.012952107463148878)    played    59.60 s,       5960 time(s)
                                                                                                   played    60.00 s,       6000 time(s)

Mean throughputs: [60.1863 60.0751 60.0335 60.1768]
Aggregate throughput: 240.4717
Min-Max: 0.1528
JFI: 0.9989 [0.2500, 1]
Mean TX power: [0.0000 0.0000 0.0000 0.0000]
Mean PCS: [-68.0933 -68.0910 -68.1097 -68.0933]
Mean MCS: [7.0000 7.0000 7.0000 7.0000]

Last 20 seconds of simulation:
Mean throughputs: [60.7247 60.4521 60.6421 60.7048]
Aggregate throughput: 242.5238
Min-Max: 0.2726
JFI: 0.9982 [0.2500, 1]
Mean TX power: [0.0000 0.0000 0.0000 0.0000]
Mean PCS: [-68.0140 -68.0420 -68.0070 -68.0140]
Mean MCS: [7.0000 7.0000 7.0000 7.0000]
Simulation time: 60 s
Waiting for simulation script to connect on port: tcp://localhost:5555
Please start proper ns-3 simulation script using ./waf --run "..."
Start
Progress: 0% 10% 20% 30% 40% 50% 60% 70% 80% 90% 100% 100%
Done
Final step: 5999
Node 0, (CST, Tx power, MCS) = (-82,  0, 7) - (mean, std): (0.471769302325581452, 0.152498570332604666)    played     0.42 s,         42 time(s)
Node 0, (CST, Tx power, MCS) = (-68,  0, 7) - (mean, std): (0.925464702131251538, 0.012954280817885739)    played    59.58 s,       5958 time(s)
                                                                                                   played    60.00 s,       6000 time(s)

Node 1, (CST, Tx power, MCS) = (-82,  0, 7) - (mean, std): (0.427355897435897247, 0.160128153805087131)    played     0.38 s,         38 time(s)
Node 1, (CST, Tx power, MCS) = (-68,  0, 7) - (mean, std): (0.930097843367453159, 0.012949935201923850)    played    59.62 s,       5962 time(s)
                                                                                                   played    60.00 s,       6000 time(s)

Node 2, (CST, Tx power, MCS) = (-82,  0, 7) - (mean, std): (0.451471999999999762, 0.158113883008418971)    played     0.39 s,         39 time(s)
Node 2, (CST, Tx power, MCS) = (-68,  0, 7) - (mean, std): (0.926129057363322850, 0.012951021195904704)    played    59.61 s,       5961 time(s)
                                                                                                   played    60.00 s,       6000 time(s)

Node 3, (CST, Tx power, MCS) = (-82,  0, 7) - (mean, std): (0.467711999999999850, 0.158113883008418971)    played     0.39 s,         39 time(s)
Node 3, (CST, Tx power, MCS) = (-68,  0, 7) - (mean, std): (0.926599127809480505, 0.012951021195904704)    played    59.61 s,       5961 time(s)
                                                                                                   played    60.00 s,       6000 time(s)

Mean throughputs: [59.9639 60.2641 60.0128 60.0502]
Aggregate throughput: 240.2910
Min-Max: 0.3002
JFI: 0.9981 [0.2500, 1]
Mean TX power: [0.0000 0.0000 0.0000 0.0000]
Mean PCS: [-68.0980 -68.0887 -68.0910 -68.0910]
Mean MCS: [7.0000 7.0000 7.0000 7.0000]

Last 20 seconds of simulation:
Mean throughputs: [60.4985 60.6735 60.4479 60.5534]
Aggregate throughput: 242.1733
Min-Max: 0.2256
JFI: 0.9986 [0.2500, 1]
Mean TX power: [0.0000 0.0000 0.0000 0.0000]
Mean PCS: [-68.0140 -68.0210 -68.0350 -68.0280]
Mean MCS: [7.0000 7.0000 7.0000 7.0000]
Simulation time: 60 s
Waiting for simulation script to connect on port: tcp://localhost:5555
Please start proper ns-3 simulation script using ./waf --run "..."
Start
Progress: 0% 10% 20% 30% 40% 50% 60% 70% 80% 90% 100% 100%
Done
Final step: 5999
Node 0, (CST, Tx power, MCS) = (-82,  0, 7) - (mean, std): (0.477146666666666774, 0.144337567297406433)    played     0.47 s,         47 time(s)
Node 0, (CST, Tx power, MCS) = (-68,  0, 7) - (mean, std): (0.927778676520009338, 0.012959718994867602)    played    59.53 s,       5953 time(s)
                                                                                                   played    60.00 s,       6000 time(s)

Node 1, (CST, Tx power, MCS) = (-82,  0, 7) - (mean, std): (0.403952941176470404, 0.171498585142508847)    played     0.33 s,         33 time(s)
Node 1, (CST, Tx power, MCS) = (-68,  0, 7) - (mean, std): (0.928429168900825608, 0.012944509326962443)    played    59.67 s,       5967 time(s)
                                                                                                   played    60.00 s,       6000 time(s)

Node 2, (CST, Tx power, MCS) = (-82,  0, 7) - (mean, std): (0.324800000000000033, 0.188982236504613599)    played     0.27 s,         27 time(s)
Node 2, (CST, Tx power, MCS) = (-68,  0, 7) - (mean, std): (0.929351456310700597, 0.012938007270799865)    played    59.73 s,       5973 time(s)
                                                                                                   played    60.00 s,       6000 time(s)

Node 3, (CST, Tx power, MCS) = (-82,  0, 7) - (mean, std): (0.470495999999999914, 0.158113883008418971)    played     0.39 s,         39 time(s)
Node 3, (CST, Tx power, MCS) = (-68,  0, 7) - (mean, std): (0.926882415296902851, 0.012951021195904704)    played    59.61 s,       5961 time(s)
                                                                                                   played    60.00 s,       6000 time(s)

Mean throughputs: [60.0914 60.1748 60.2446 60.0697]
Aggregate throughput: 240.5805
Min-Max: 0.1749
JFI: 0.9988 [0.2500, 1]
Mean TX power: [0.0000 0.0000 0.0000 0.0000]
Mean PCS: [-68.1097 -68.0770 -68.0630 -68.0910]
Mean MCS: [7.0000 7.0000 7.0000 7.0000]

Last 20 seconds of simulation:
Mean throughputs: [60.6867 60.5685 60.5939 60.3616]
Aggregate throughput: 242.2107
Min-Max: 0.3251
JFI: 0.9980 [0.2500, 1]
Mean TX power: [0.0000 0.0000 0.0000 0.0000]
Mean PCS: [-68.0210 -68.0000 -68.0140 -68.0350]
Mean MCS: [7.0000 7.0000 7.0000 7.0000]
Simulation time: 60 s
Waiting for simulation script to connect on port: tcp://localhost:5555
Please start proper ns-3 simulation script using ./waf --run "..."
Start
Progress: 0% 10% 20% 30% 40% 50% 60% 70% 80% 90% 100% 100%
Done
Final step: 5999
Node 0, (CST, Tx power, MCS) = (-82,  0, 7) - (mean, std): (0.381571764705882277, 0.171498585142508847)    played     0.33 s,         33 time(s)
Node 0, (CST, Tx power, MCS) = (-68,  0, 7) - (mean, std): (0.929841072386080936, 0.012944509326962443)    played    59.67 s,       5967 time(s)
                                                                                                   played    60.00 s,       6000 time(s)

Node 1, (CST, Tx power, MCS) = (-82,  0, 7) - (mean, std): (0.382079999999999975, 0.185695338177051861)    played     0.28 s,         28 time(s)
Node 1, (CST, Tx power, MCS) = (-68,  0, 7) - (mean, std): (0.928385307215826461, 0.012939090266429837)    played    59.72 s,       5972 time(s)
                                                                                                   played    60.00 s,       6000 time(s)

Node 2, (CST, Tx power, MCS) = (-82,  0, 7) - (mean, std): (0.431163076923076705, 0.160128153805087131)    played     0.38 s,         38 time(s)
Node 2, (CST, Tx power, MCS) = (-68,  0, 7) - (mean, std): (0.928560254905270832, 0.012949935201923850)    played    59.62 s,       5962 time(s)
                                                                                                   played    60.00 s,       6000 time(s)

Node 3, (CST, Tx power, MCS) = (-82,  0, 7) - (mean, std): (0.482156521739130484, 0.147441956154897136)    played     0.45 s,         45 time(s)
Node 3, (CST, Tx power, MCS) = (-68,  0, 7) - (mean, std): (0.930084728005394101, 0.012957542902333606)    played    59.55 s,       5955 time(s)
                                                                                                   played    60.00 s,       6000 time(s)

Mean throughputs: [60.2579 60.1935 60.1664 60.2524]
Aggregate throughput: 240.8702
Min-Max: 0.0915
JFI: 0.9994 [0.2500, 1]
Mean TX power: [0.0000 0.0000 0.0000 0.0000]
Mean PCS: [-68.0770 -68.0653 -68.0887 -68.1050]
Mean MCS: [7.0000 7.0000 7.0000 7.0000]

Last 20 seconds of simulation:
Mean throughputs: [60.6680 60.3212 60.6005 60.8339]
Aggregate throughput: 242.4237
Min-Max: 0.5127
JFI: 0.9970 [0.2500, 1]
Mean TX power: [0.0000 0.0000 0.0000 0.0000]
Mean PCS: [-68.0070 -68.0350 -68.0070 -68.0070]
Mean MCS: [7.0000 7.0000 7.0000 7.0000]
Simulation time: 60 s
Waiting for simulation script to connect on port: tcp://localhost:5555
Please start proper ns-3 simulation script using ./waf --run "..."
Start
Progress: 0% 10% 20% 30% 40% 50% 60% 70% 80% 90% 100% 100%
Done
Final step: 5999
Node 0, (CST, Tx power, MCS) = (-82,  0, 7) - (mean, std): (0.492613333333333403, 0.144337567297406433)    played     0.47 s,         47 time(s)
Node 0, (CST, Tx power, MCS) = (-68,  0, 7) - (mean, std): (0.926463204568379162, 0.012959718994867602)    played    59.53 s,       5953 time(s)
                                                                                                   played    60.00 s,       6000 time(s)

Node 1, (CST, Tx power, MCS) = (-82,  0, 7) - (mean, std): (0.468074146341463326, 0.156173761888606072)    played     0.40 s,         40 time(s)
Node 1, (CST, Tx power, MCS) = (-68,  0, 7) - (mean, std): (0.927648166415051656, 0.012952107463148878)    played    59.60 s,       5960 time(s)
                                                                                                   played    60.00 s,       6000 time(s)

Node 2, (CST, Tx power, MCS) = (-82,  0, 7) - (mean, std): (0.467331282051281938, 0.160128153805087131)    played     0.38 s,         38 time(s)
Node 2, (CST, Tx power, MCS) = (-68,  0, 7) - (mean, std): (0.927536233439565483, 0.012949935201923850)    played    59.62 s,       5962 time(s)
                                                                                                   played    60.00 s,       6000 time(s)

Node 3, (CST, Tx power, MCS) = (-82,  0, 7) - (mean, std): (0.315520000000000078, 0.188982236504613599)    played     0.27 s,         27 time(s)
Node 3, (CST, Tx power, MCS) = (-68,  0, 7) - (mean, std): (0.929214757281575432, 0.012938007270799865)    played    59.73 s,       5973 time(s)
                                                                                                   played    60.00 s,       6000 time(s)

Mean throughputs: [60.0146 60.1131 60.1155 60.2329]
Aggregate throughput: 240.4761
Min-Max: 0.2184
JFI: 0.9987 [0.2500, 1]
Mean TX power: [0.0000 0.0000 0.0000 0.0000]
Mean PCS: [-68.1097 -68.0933 -68.0887 -68.0630]
Mean MCS: [7.0000 7.0000 7.0000 7.0000]

Last 20 seconds of simulation:
Mean throughputs: [60.7320 60.6162 60.6916 60.7772]
Aggregate throughput: 242.8170
Min-Max: 0.1611
JFI: 0.9990 [0.2500, 1]
Mean TX power: [0.0000 0.0000 0.0000 0.0000]
Mean PCS: [-68.0070 -68.0140 -68.0140 -68.0000]
Mean MCS: [7.0000 7.0000 7.0000 7.0000]
Simulation time: 60 s
Waiting for simulation script to connect on port: tcp://localhost:5555
Please start proper ns-3 simulation script using ./waf --run "..."
Start
Progress: 0% 10% 20% 30% 40% 50% 60% 70% 80% 90% 100% 100%
Done
Final step: 5999
Node 0, (CST, Tx power, MCS) = (-82,  0, 7) - (mean, std): (0.454719999999999902, 0.158113883008418971)    played     0.39 s,         39 time(s)
Node 0, (CST, Tx power, MCS) = (-68,  0, 7) - (mean, std): (0.928824958067785089, 0.012951021195904704)    played    59.61 s,       5961 time(s)
                                                                                                   played    60.00 s,       6000 time(s)

Node 1, (CST, Tx power, MCS) = (-82,  0, 7) - (mean, std): (0.421577142857142539, 0.169030850945703304)    played     0.34 s,         34 time(s)
Node 1, (CST, Tx power, MCS) = (-68,  0, 7) - (mean, std): (0.928457234791372432, 0.012945593956343622)    played    59.66 s,       5966 time(s)
                                                                                                   played    60.00 s,       6000 time(s)

Node 2, (CST, Tx power, MCS) = (-82,  0, 7) - (mean, std): (0.482991627906976750, 0.152498570332604666)    played     0.42 s,         42 time(s)
Node 2, (CST, Tx power, MCS) = (-68,  0, 7) - (mean, std): (0.927956395368370601, 0.012954280817885739)    played    59.58 s,       5958 time(s)
                                                                                                   played    60.00 s,       6000 time(s)

Node 3, (CST, Tx power, MCS) = (-82,  0, 7) - (mean, std): (0.403547428571428390, 0.169030850945703304)    played     0.34 s,         34 time(s)
Node 3, (CST, Tx power, MCS) = (-68,  0, 7) - (mean, std): (0.930031117814666741, 0.012945593956343622)    played    59.66 s,       5966 time(s)
                                                                                                   played    60.00 s,       6000 time(s)

Mean throughputs: [60.1883 60.1776 60.1300 60.2725]
Aggregate throughput: 240.7685
Min-Max: 0.1426
JFI: 0.9991 [0.2500, 1]
Mean TX power: [0.0000 0.0000 0.0000 0.0000]
Mean PCS: [-68.0910 -68.0793 -68.0980 -68.0793]
Mean MCS: [7.0000 7.0000 7.0000 7.0000]

Last 20 seconds of simulation:
Mean throughputs: [60.6469 60.7380 60.7447 60.6367]
Aggregate throughput: 242.7663
Min-Max: 0.1080
JFI: 0.9992 [0.2500, 1]
Mean TX power: [0.0000 0.0000 0.0000 0.0000]
Mean PCS: [-68.0350 -68.0210 -68.0000 -68.0280]
Mean MCS: [7.0000 7.0000 7.0000 7.0000]
