Simulation time: 100 s
Waiting for simulation script to connect on port: tcp://localhost:50002
Please start proper ns-3 simulation script using ./waf --run "..."
Start
Progress: 0% 10% 20% 30% 40% 50% 60% 70% 80% 90% 100%
Done
Final step: 72320
Node    CST    Tx pow                    Mean                     Std    Played (s)    Played (count)
   0  -62.0         0    0.937869870968307540    0.007436640159140579        100.00             18081
                                                                             100.00             18081    Tot

Node    CST    Tx pow                    Mean                     Std    Played (s)    Played (count)
   1  -62.0         0    0.937966626654818780    0.007436845804219336        100.00             18080
                                                                             100.00             18080    Tot

Node    CST    Tx pow                    Mean                     Std    Played (s)    Played (count)
   2  -62.0         0    0.939030375769769554    0.007437051466359120        100.00             18079
                                                                             100.00             18079    Tot

Node    CST    Tx pow                    Mean                     Std    Played (s)    Played (count)
   3  -62.0         0    0.938464236231582150    0.007436845804219336        100.00             18080
                                                                             100.00             18080    Tot

Mean throughputs: [60.9581 60.9648 61.0347 60.9983]
Aggregate throughput: 243.9559
Min-Max: 0.0767
JFI: 0.9995 [0.2500, 1]
Node 0:
  CST counts:       {-62.0: 18082}
  Tx pow counts:    {0.0: 18082}
Node 1:
  CST counts:       {-62.0: 18081}
  Tx pow counts:    {0.0: 18081}
Node 2:
  CST counts:       {-62.0: 18080}
  Tx pow counts:    {0.0: 18080}
Node 3:
  CST counts:       {-62.0: 18081}
  Tx pow counts:    {0.0: 18081}


Last 20 seconds of simulation:
Node    CST    Tx pow                    Mean                     Std    Played (s)    Played (count)
   0  -62.0         0    0.938127338439895708    0.016632052575997140         20.00            3614.0
                                                                              20.00            3614.0    Tot

Node    CST    Tx pow                    Mean                     Std    Played (s)    Played (count)
   1  -62.0         0    0.938252904883627670    0.016632052575997140         20.00            3614.0
                                                                              20.00            3614.0    Tot

Node    CST    Tx pow                    Mean                     Std    Played (s)    Played (count)
   2  -62.0         0    0.939003561141458221    0.016632052575997140         20.00            3614.0
                                                                              20.00            3614.0    Tot

Node    CST    Tx pow                    Mean                     Std    Played (s)    Played (count)
   3  -62.0         0    0.938478223484832119    0.016632052575997140         20.00            3614.0
                                                                              20.00            3614.0    Tot

Mean throughputs: [60.8936 60.8878 61.0459 60.9922]
Aggregate throughput: 243.8195
Min-Max: 0.1582
JFI: 0.9989 [0.2500, 1]
Node 0:
  CST counts:       {-62.0: 3615}
  Tx pow counts:    {0.0: 3615}
Node 1:
  CST counts:       {-62.0: 3615}
  Tx pow counts:    {0.0: 3615}
Node 2:
  CST counts:       {-62.0: 3615}
  Tx pow counts:    {0.0: 3615}
Node 3:
  CST counts:       {-62.0: 3615}
  Tx pow counts:    {0.0: 3615}
Simulation time: 100 s
Waiting for simulation script to connect on port: tcp://localhost:50002
Please start proper ns-3 simulation script using ./waf --run "..."
Start
Progress: 0% 10% 20% 30% 40% 50% 60% 70% 80% 90% 100%
Done
Final step: 72329
Node    CST    Tx pow                    Mean                     Std    Played (s)    Played (count)
   0  -62.0         0    0.939165394176704860    0.007436228920156708        100.00             18083
                                                                             100.00             18083    Tot

Node    CST    Tx pow                    Mean                     Std    Played (s)    Played (count)
   1  -62.0         0    0.939091392123388102    0.007436640159140579        100.00             18081
                                                                             100.00             18081    Tot

Node    CST    Tx pow                    Mean                     Std    Played (s)    Played (count)
   2  -62.0         0    0.939106887222733722    0.007436640159140579        100.00             18081
                                                                             100.00             18081    Tot

Node    CST    Tx pow                    Mean                     Std    Played (s)    Played (count)
   3  -62.0         0    0.939196864133585940    0.007436023326246879        100.00             18084
                                                                             100.00             18084    Tot

Mean throughputs: [61.0440 61.0393 61.0397 61.0454]
Aggregate throughput: 244.1684
Min-Max: 0.0061
JFI: 1.0000 [0.2500, 1]
Node 0:
  CST counts:       {-62.0: 18084}
  Tx pow counts:    {0.0: 18084}
Node 1:
  CST counts:       {-62.0: 18082}
  Tx pow counts:    {0.0: 18082}
Node 2:
  CST counts:       {-62.0: 18082}
  Tx pow counts:    {0.0: 18082}
Node 3:
  CST counts:       {-62.0: 18085}
  Tx pow counts:    {0.0: 18085}


Last 20 seconds of simulation:
Node    CST    Tx pow                    Mean                     Std    Played (s)    Played (count)
   0  -62.0         0    0.939075337881555172    0.016629752630943483         20.00            3615.0
                                                                              20.00            3615.0    Tot

Node    CST    Tx pow                    Mean                     Std    Played (s)    Played (count)
   1  -62.0         0    0.939054086695227608    0.016632052575997140         20.00            3614.0
                                                                              20.00            3614.0    Tot

Node    CST    Tx pow                    Mean                     Std    Played (s)    Played (count)
   2  -62.0         0    0.939063469602542611    0.016632052575997140         20.00            3614.0
                                                                              20.00            3614.0    Tot

Node    CST    Tx pow                    Mean                     Std    Played (s)    Played (count)
   3  -62.0         0    0.939102102986746456    0.016627453639762119         20.00            3616.0
                                                                              20.00            3616.0    Tot

Mean throughputs: [61.0609 61.0464 61.0469 61.0758]
Aggregate throughput: 244.2300
Min-Max: 0.0294
JFI: 0.9998 [0.2500, 1]
Node 0:
  CST counts:       {-62.0: 3616}
  Tx pow counts:    {0.0: 3616}
Node 1:
  CST counts:       {-62.0: 3615}
  Tx pow counts:    {0.0: 3615}
Node 2:
  CST counts:       {-62.0: 3615}
  Tx pow counts:    {0.0: 3615}
Node 3:
  CST counts:       {-62.0: 3617}
  Tx pow counts:    {0.0: 3617}
Simulation time: 100 s
Waiting for simulation script to connect on port: tcp://localhost:50002
Please start proper ns-3 simulation script using ./waf --run "..."
Start
Progress: 0% 10% 20% 30% 40% 50% 60% 70% 80% 90% 100%
Done
Final step: 55453
Node    CST    Tx pow                    Mean                     Std    Played (s)    Played (count)
   0  -63.0         0    0.522215868462345134    0.010320802312560140         98.96              9387
   0  -62.0         0    0.263631456219007132    0.085749292571254424          1.03               135
                                                                              99.99              9522    Tot

Node    CST    Tx pow                    Mean                     Std    Played (s)    Played (count)
   1  -62.0         0    0.939043023486118122    0.007436845804219336        100.00             18080
                                                                             100.00             18080    Tot

Node    CST    Tx pow                    Mean                     Std    Played (s)    Played (count)
   2  -63.0         0    0.534439959955396060    0.010292337119907728         98.05              9439
   2  -62.0         0    0.380763716016549458    0.055048188256318027          1.95               329
                                                                             100.00              9768    Tot

Node    CST    Tx pow                    Mean                     Std    Played (s)    Played (count)
   3  -62.0         0    0.939138971229048325    0.007436228920156708        100.00             18083
                                                                             100.00             18083    Tot

Mean throughputs: [27.7750 61.0352 28.5953 61.0426]
Aggregate throughput: 178.4481
Min-Max: 33.2676
JFI: 0.7308 [0.2500, 1]
Node 0:
  CST counts:       {-62.0: 135, -63.0: 9388}
  Tx pow counts:    {0.0: 9523}
Node 1:
  CST counts:       {-62.0: 18081}
  Tx pow counts:    {0.0: 18081}
Node 2:
  CST counts:       {-62.0: 329, -63.0: 9440}
  Tx pow counts:    {0.0: 9769}
Node 3:
  CST counts:       {-62.0: 18084}
  Tx pow counts:    {0.0: 18084}


Last 20 seconds of simulation:
Node    CST    Tx pow                    Mean                     Std    Played (s)    Played (count)
   0  -63.0         0    0.520736959834110169    0.023174488732966077         19.95            1861.0
   0  -62.0         0    0.265568435898841992    0.333333333333333315          0.04               8.0
                                                                              20.00            1869.0    Tot

Node    CST    Tx pow                    Mean                     Std    Played (s)    Played (count)
   1  -62.0         0    0.938981654806595567    0.016632052575997140         20.00            3614.0
                                                                              20.00            3614.0    Tot

Node    CST    Tx pow                    Mean                     Std    Played (s)    Played (count)
   2  -63.0         0    0.530711253906748559    0.022709684225171736         19.97            1938.0
   2  -62.0         0    0.381949230437029108    0.377964473009227198          0.03               6.0
                                                                              20.01            1944.0    Tot

Node    CST    Tx pow                    Mean                     Std    Played (s)    Played (count)
   3  -62.0         0    0.939068582298282606    0.016629752630943483         20.00            3615.0
                                                                              20.00            3615.0    Tot

Mean throughputs: [28.1533 61.0472 29.3960 61.0599]
Aggregate throughput: 179.6564
Min-Max: 32.9067
JFI: 0.7356 [0.2500, 1]
Node 0:
  CST counts:       {-63.0: 1862, -62.0: 8}
  Tx pow counts:    {0.0: 1870}
Node 1:
  CST counts:       {-62.0: 3615}
  Tx pow counts:    {0.0: 3615}
Node 2:
  CST counts:       {-63.0: 1939, -62.0: 6}
  Tx pow counts:    {0.0: 1945}
Node 3:
  CST counts:       {-62.0: 3616}
  Tx pow counts:    {0.0: 3616}
Simulation time: 100 s
Waiting for simulation script to connect on port: tcp://localhost:50002
Please start proper ns-3 simulation script using ./waf --run "..."
Start
Progress: 0% 10% 20% 30% 40% 50% 60% 70% 80% 90% 100%
Done
Final step: 55575
Node    CST    Tx pow                    Mean                     Std    Played (s)    Played (count)
   0  -62.0         0    0.939131174801650204    0.007436640159140579        100.00             18081
                                                                             100.00             18081    Tot

Node    CST    Tx pow                    Mean                     Std    Played (s)    Played (count)
   1  -79.0         0    0.559783202536992652    0.012502930717870758         97.45              6396
   1  -62.0         0    0.469982954619300231    0.049629166698546515          2.55               405
                                                                              99.99              6801    Tot

Node    CST    Tx pow                    Mean                     Std    Played (s)    Played (count)
   2  -62.0         0    0.939070811240643732    0.007436640159140579        100.00             18081
                                                                             100.00             18081    Tot

Node    CST    Tx pow                    Mean                     Std    Played (s)    Played (count)
   3  -80.0         0    0.725083617142704306    0.030919620705155314         10.85              1045
   3  -79.0         0    0.784453288996394327    0.009538962770502549         85.69             10989
   3  -62.0         0    0.689151902592965215    0.041558581746169138          3.44               578
                                                                              99.99             12612    Tot

Mean throughputs: [61.0423 22.2935 61.0382 42.0828]
Aggregate throughput: 186.4568
Min-Max: 38.7487
JFI: 0.7441 [0.2500, 1]
Node 0:
  CST counts:       {-62.0: 18082}
  Tx pow counts:    {0.0: 18082}
Node 1:
  CST counts:       {-62.0: 405, -79.0: 6397}
  Tx pow counts:    {0.0: 6802}
Node 2:
  CST counts:       {-62.0: 18082}
  Tx pow counts:    {0.0: 18082}
Node 3:
  CST counts:       {-62.0: 578, -80.0: 1045, -79.0: 10990}
  Tx pow counts:    {0.0: 12613}


Last 20 seconds of simulation:
Node    CST    Tx pow                    Mean                     Std    Played (s)    Played (count)
   0  -62.0         0    0.939084077495454750    0.016632052575997140         20.00            3614.0
                                                                              20.00            3614.0    Tot

Node    CST    Tx pow                    Mean                     Std    Played (s)    Played (count)
   1  -79.0         0    0.567266166116527248    0.028712406871010714         19.60            1212.0
   1  -62.0         0    0.480832825391944496    0.115470053837925163          0.41              74.0
                                                                              20.01            1286.0    Tot

Node    CST    Tx pow                    Mean                     Std    Played (s)    Played (count)
   2  -62.0         0    0.939013457482356984    0.016632052575997140         20.00            3614.0
                                                                              20.00            3614.0    Tot

Node    CST    Tx pow                    Mean                     Std    Played (s)    Played (count)
   3  -80.0         0    0.722613868607610232    0.093250480824031381          1.04             114.0
   3  -79.0         0    0.783337976419422599    0.020198929081169423         18.78            2450.0
   3  -62.0         0    0.691438800292851097    0.174077655955697852          0.18              32.0
                                                                              19.99            2596.0    Tot

Mean throughputs: [61.0492 21.0332 61.0512 43.6840]
Aggregate throughput: 186.8176
Min-Max: 40.0180
JFI: 0.7398 [0.2500, 1]
Node 0:
  CST counts:       {-62.0: 3615}
  Tx pow counts:    {0.0: 3615}
Node 1:
  CST counts:       {-79.0: 1213, -62.0: 74}
  Tx pow counts:    {0.0: 1287}
Node 2:
  CST counts:       {-62.0: 3615}
  Tx pow counts:    {0.0: 3615}
Node 3:
  CST counts:       {-79.0: 2451, -62.0: 32, -80.0: 114}
  Tx pow counts:    {0.0: 2597}
Simulation time: 100 s
Waiting for simulation script to connect on port: tcp://localhost:50002
Please start proper ns-3 simulation script using ./waf --run "..."
Start
Progress: 0% 10% 20% 30% 40% 50% 60% 70% 80% 90% 100%
Done
Final step: 72325
Node    CST    Tx pow                    Mean                     Std    Played (s)    Played (count)
   0  -62.0         0    0.939142150408804888    0.007436228920156708        100.00             18083
                                                                             100.00             18083    Tot

Node    CST    Tx pow                    Mean                     Std    Played (s)    Played (count)
   1  -62.0         0    0.939185732831395503    0.007436434531120489        100.00             18082
                                                                             100.00             18082    Tot

Node    CST    Tx pow                    Mean                     Std    Played (s)    Played (count)
   2  -62.0         0    0.939054805525083913    0.007436845804219336        100.00             18080
                                                                             100.00             18080    Tot

Node    CST    Tx pow                    Mean                     Std    Played (s)    Played (count)
   3  -62.0         0    0.939039271991413460    0.007436845804219336        100.00             18080
                                                                             100.00             18080    Tot

Mean throughputs: [61.0420 61.0450 61.0363 61.0352]
Aggregate throughput: 244.1586
Min-Max: 0.0098
JFI: 0.9999 [0.2500, 1]
Node 0:
  CST counts:       {-62.0: 18084}
  Tx pow counts:    {0.0: 18084}
Node 1:
  CST counts:       {-62.0: 18083}
  Tx pow counts:    {0.0: 18083}
Node 2:
  CST counts:       {-62.0: 18081}
  Tx pow counts:    {0.0: 18081}
Node 3:
  CST counts:       {-62.0: 18081}
  Tx pow counts:    {0.0: 18081}


Last 20 seconds of simulation:
Node    CST    Tx pow                    Mean                     Std    Played (s)    Played (count)
   0  -62.0         0    0.939080928367939549    0.016629752630943483         20.00            3615.0
                                                                              20.00            3615.0    Tot

Node    CST    Tx pow                    Mean                     Std    Played (s)    Played (count)
   1  -62.0         0    0.939127021066251566    0.016629752630943483         20.00            3615.0
                                                                              20.00            3615.0    Tot

Node    CST    Tx pow                    Mean                     Std    Played (s)    Played (count)
   2  -62.0         0    0.939017540017544783    0.016632052575997140         20.00            3614.0
                                                                              20.00            3614.0    Tot

Node    CST    Tx pow                    Mean                     Std    Played (s)    Played (count)
   3  -62.0         0    0.938973253890971193    0.016632052575997140         20.00            3614.0
                                                                              20.00            3614.0    Tot

Mean throughputs: [61.0654 61.0673 61.0428 61.0497]
Aggregate throughput: 244.2253
Min-Max: 0.0244
JFI: 0.9998 [0.2500, 1]
Node 0:
  CST counts:       {-62.0: 3616}
  Tx pow counts:    {0.0: 3616}
Node 1:
  CST counts:       {-62.0: 3616}
  Tx pow counts:    {0.0: 3616}
Node 2:
  CST counts:       {-62.0: 3615}
  Tx pow counts:    {0.0: 3615}
Node 3:
  CST counts:       {-62.0: 3615}
  Tx pow counts:    {0.0: 3615}
Simulation time: 100 s
Waiting for simulation script to connect on port: tcp://localhost:50002
Please start proper ns-3 simulation script using ./waf --run "..."
Start
Progress: 0% 10% 20% 30% 40% 50% 60% 70% 80% 90% 100%
Done
Final step: 72324
Node    CST    Tx pow                    Mean                     Std    Played (s)    Played (count)
   0  -62.0         0    0.939044903983197732    0.007436845804219336         99.99             18080
                                                                              99.99             18080    Tot

Node    CST    Tx pow                    Mean                     Std    Played (s)    Played (count)
   1  -62.0         0    0.939076693172141930    0.007436434531120489        100.00             18082
                                                                             100.00             18082    Tot

Node    CST    Tx pow                    Mean                     Std    Played (s)    Played (count)
   2  -62.0         0    0.939212463398125919    0.007436228920156708        100.00             18083
                                                                             100.00             18083    Tot

Node    CST    Tx pow                    Mean                     Std    Played (s)    Played (count)
   3  -62.0         0    0.938999718029567831    0.007437051466359120        100.00             18079
                                                                             100.00             18079    Tot

Mean throughputs: [61.0365 61.0386 61.0459 61.0327]
Aggregate throughput: 244.1537
Min-Max: 0.0133
JFI: 0.9999 [0.2500, 1]
Node 0:
  CST counts:       {-62.0: 18081}
  Tx pow counts:    {0.0: 18081}
Node 1:
  CST counts:       {-62.0: 18083}
  Tx pow counts:    {0.0: 18083}
Node 2:
  CST counts:       {-62.0: 18084}
  Tx pow counts:    {0.0: 18084}
Node 3:
  CST counts:       {-62.0: 18080}
  Tx pow counts:    {0.0: 18080}


Last 20 seconds of simulation:
Node    CST    Tx pow                    Mean                     Std    Played (s)    Played (count)
   0  -62.0         0    0.939016078134660592    0.016634353475582883         20.00            3613.0
                                                                              20.00            3613.0    Tot

Node    CST    Tx pow                    Mean                     Std    Played (s)    Played (count)
   1  -62.0         0    0.939002343920537386    0.016632052575997140         20.00            3614.0
                                                                              20.00            3614.0    Tot

Node    CST    Tx pow                    Mean                     Std    Played (s)    Played (count)
   2  -62.0         0    0.939182126048065280    0.016629752630943483         20.00            3615.0
                                                                              20.00            3615.0    Tot

Node    CST    Tx pow                    Mean                     Std    Played (s)    Played (count)
   3  -62.0         0    0.938960552969305917    0.016634353475582883         20.00            3613.0
                                                                              20.00            3613.0    Tot

Mean throughputs: [61.0378 61.0522 61.0603 61.0368]
Aggregate throughput: 244.1869
Min-Max: 0.0235
JFI: 0.9998 [0.2500, 1]
Node 0:
  CST counts:       {-62.0: 3614}
  Tx pow counts:    {0.0: 3614}
Node 1:
  CST counts:       {-62.0: 3615}
  Tx pow counts:    {0.0: 3615}
Node 2:
  CST counts:       {-62.0: 3616}
  Tx pow counts:    {0.0: 3616}
Node 3:
  CST counts:       {-62.0: 3614}
  Tx pow counts:    {0.0: 3614}
Simulation time: 100 s
Waiting for simulation script to connect on port: tcp://localhost:50002
Please start proper ns-3 simulation script using ./waf --run "..."
Start
Progress: 0% 10% 20% 30% 40% 50% 60% 70% 80% 90% 100%
Done
Final step: 55722
Node    CST    Tx pow                    Mean                     Std    Played (s)    Played (count)
   0  -62.0         0    0.939116550698125052    0.007436640159140579         99.99             18081
                                                                              99.99             18081    Tot

Node    CST    Tx pow                    Mean                     Std    Played (s)    Played (count)
   1  -72.0         0    0.593453121110660620    0.016312540845124110         41.05              3757
   1  -73.0         0    0.603570197648202633    0.013566885117887268         57.74              5432
   1  -62.0         0    0.426123012001720591    0.070186240634359645          1.20               202
                                                                             100.00              9391    Tot

Node    CST    Tx pow                    Mean                     Std    Played (s)    Played (count)
   2  -62.0         0    0.939182705212418312    0.007436023326246879        100.00             18084
                                                                             100.00             18084    Tot

Node    CST    Tx pow                    Mean                     Std    Played (s)    Played (count)
   3  -72.0         0    0.638986886762103357    0.010127393670836666         97.32              9749
   3  -62.0         0    0.509516135813659066    0.048911598804451846          2.68               417
                                                                             100.00             10166    Tot

Mean throughputs: [61.0405 31.2547 61.0455 33.6930]
Aggregate throughput: 187.0337
Min-Max: 29.7908
JFI: 0.7657 [0.2500, 1]
Node 0:
  CST counts:       {-62.0: 18082}
  Tx pow counts:    {0.0: 18082}
Node 1:
  CST counts:       {-72.0: 3758, -73.0: 5432, -62.0: 202}
  Tx pow counts:    {0.0: 9392}
Node 2:
  CST counts:       {-62.0: 18085}
  Tx pow counts:    {0.0: 18085}
Node 3:
  CST counts:       {-72.0: 9750, -62.0: 417}
  Tx pow counts:    {0.0: 10167}


Last 20 seconds of simulation:
Node    CST    Tx pow                    Mean                     Std    Played (s)    Played (count)
   0  -62.0         0    0.939060197728281087    0.016632052575997140         20.00            3614.0
                                                                              20.00            3614.0    Tot

Node    CST    Tx pow                    Mean                     Std    Played (s)    Played (count)
   1  -72.0         0    0.596096596443779880    0.039405520311955031          7.09             643.0
   1  -73.0         0    0.602229372712025812    0.028501713717057404         12.87            1230.0
   1  -62.0         0    0.423957362281279060    0.301511344577763629          0.06              10.0
                                                                              20.01            1883.0    Tot

Node    CST    Tx pow                    Mean                     Std    Played (s)    Played (count)
   2  -62.0         0    0.939136763232148675    0.016629752630943483         20.00            3615.0
                                                                              20.00            3615.0    Tot

Node    CST    Tx pow                    Mean                     Std    Played (s)    Played (count)
   3  -72.0         0    0.640551078070479507    0.022530295452966646         19.93            1969.0
   3  -62.0         0    0.515439241424134331    0.258198889747161098          0.08              14.0
                                                                              20.00            1983.0    Tot

Mean throughputs: [61.0549 31.6166 61.0622 33.3376]
Aggregate throughput: 187.0712
Min-Max: 29.4456
JFI: 0.7658 [0.2500, 1]
Node 0:
  CST counts:       {-62.0: 3615}
  Tx pow counts:    {0.0: 3615}
Node 1:
  CST counts:       {-73.0: 1230, -72.0: 644, -62.0: 10}
  Tx pow counts:    {0.0: 1884}
Node 2:
  CST counts:       {-62.0: 3616}
  Tx pow counts:    {0.0: 3616}
Node 3:
  CST counts:       {-72.0: 1970, -62.0: 14}
  Tx pow counts:    {0.0: 1984}
Simulation time: 100 s
Waiting for simulation script to connect on port: tcp://localhost:50002
Please start proper ns-3 simulation script using ./waf --run "..."
Start
Progress: 0% 10% 20% 30% 40% 50% 60% 70% 80% 90% 100%
Done
Final step: 72327
Node    CST    Tx pow                    Mean                     Std    Played (s)    Played (count)
   0  -62.0         0    0.939141317957389754    0.007436434531120489        100.00             18082
                                                                             100.00             18082    Tot

Node    CST    Tx pow                    Mean                     Std    Played (s)    Played (count)
   1  -62.0         0    0.939149029950594572    0.007436434531120489        100.00             18082
                                                                             100.00             18082    Tot

Node    CST    Tx pow                    Mean                     Std    Played (s)    Played (count)
   2  -62.0         0    0.939105719956161655    0.007436434531120489        100.00             18082
                                                                             100.00             18082    Tot

Node    CST    Tx pow                    Mean                     Std    Played (s)    Played (count)
   3  -62.0         0    0.939030048884752944    0.007436640159140579        100.00             18081
                                                                             100.00             18081    Tot

Mean throughputs: [61.0425 61.0427 61.0399 61.0347]
Aggregate throughput: 244.1597
Min-Max: 0.0080
JFI: 0.9999 [0.2500, 1]
Node 0:
  CST counts:       {-62.0: 18083}
  Tx pow counts:    {0.0: 18083}
Node 1:
  CST counts:       {-62.0: 18083}
  Tx pow counts:    {0.0: 18083}
Node 2:
  CST counts:       {-62.0: 18083}
  Tx pow counts:    {0.0: 18083}
Node 3:
  CST counts:       {-62.0: 18082}
  Tx pow counts:    {0.0: 18082}


Last 20 seconds of simulation:
Node    CST    Tx pow                    Mean                     Std    Played (s)    Played (count)
   0  -62.0         0    0.939095213515970251    0.016629752630943483         20.00            3615.0
                                                                              20.00            3615.0    Tot

Node    CST    Tx pow                    Mean                     Std    Played (s)    Played (count)
   1  -62.0         0    0.939123901130679006    0.016632052575997140         20.00            3614.0
                                                                              20.00            3614.0    Tot

Node    CST    Tx pow                    Mean                     Std    Played (s)    Played (count)
   2  -62.0         0    0.939035125775157020    0.016629752630943483         20.00            3615.0
                                                                              20.00            3615.0    Tot

Node    CST    Tx pow                    Mean                     Std    Played (s)    Played (count)
   3  -62.0         0    0.938998521965808575    0.016632052575997140         20.00            3614.0
                                                                              20.00            3614.0    Tot

Mean throughputs: [61.0617 61.0470 61.0590 61.0432]
Aggregate throughput: 244.2109
Min-Max: 0.0184
JFI: 0.9999 [0.2500, 1]
Node 0:
  CST counts:       {-62.0: 3616}
  Tx pow counts:    {0.0: 3616}
Node 1:
  CST counts:       {-62.0: 3615}
  Tx pow counts:    {0.0: 3615}
Node 2:
  CST counts:       {-62.0: 3616}
  Tx pow counts:    {0.0: 3616}
Node 3:
  CST counts:       {-62.0: 3615}
  Tx pow counts:    {0.0: 3615}
Simulation time: 100 s
Waiting for simulation script to connect on port: tcp://localhost:50002
Please start proper ns-3 simulation script using ./waf --run "..."
Start
Progress: 0% 10% 20% 30% 40% 50% 60% 70% 80% 90% 100%
Done
Final step: 56022
Node    CST    Tx pow                    Mean                     Std    Played (s)    Played (count)
   0  -62.0         0    0.939064304726008214    0.007436845804219336        100.00             18080
                                                                             100.00             18080    Tot

Node    CST    Tx pow                    Mean                     Std    Played (s)    Played (count)
   1  -62.0         0    0.939043982876724526    0.007436845804219336        100.00             18080
                                                                             100.00             18080    Tot

Node    CST    Tx pow                    Mean                     Std    Played (s)    Played (count)
   2  -72.0         0    0.501848495150597262    0.046524210519923545          3.34               461
   2  -74.0         0    0.621858089547671855    0.010496121087981845         93.79              9076
   2  -62.0         0    0.500559089542227720    0.047036043419179864          2.86               451
                                                                             100.00              9988    Tot

Node    CST    Tx pow                    Mean                     Std    Played (s)    Played (count)
   3  -74.0         0    0.615910373782145304    0.010706368114475577         91.16              8723
   3  -73.0         0    0.521874976315346517    0.038749212914606423          5.77               665
   3  -62.0         0    0.500214620004648114    0.045314325442944378          3.05               486
                                                                              99.98              9874    Tot

Mean throughputs: [61.0376 61.0357 32.3927 31.8574]
Aggregate throughput: 186.3234
Min-Max: 29.1801
JFI: 0.7631 [0.2500, 1]
Node 0:
  CST counts:       {-62.0: 18081}
  Tx pow counts:    {0.0: 18081}
Node 1:
  CST counts:       {-62.0: 18081}
  Tx pow counts:    {0.0: 18081}
Node 2:
  CST counts:       {-72.0: 461, -74.0: 9077, -62.0: 451}
  Tx pow counts:    {0.0: 9989}
Node 3:
  CST counts:       {-62.0: 486, -73.0: 665, -74.0: 8724}
  Tx pow counts:    {0.0: 9875}


Last 20 seconds of simulation:
Node    CST    Tx pow                    Mean                     Std    Played (s)    Played (count)
   0  -62.0         0    0.939054388459041989    0.016632052575997140         20.00            3614.0
                                                                              20.00            3614.0    Tot

Node    CST    Tx pow                    Mean                     Std    Played (s)    Played (count)
   1  -62.0         0    0.939033762098950509    0.016634353475582883         20.00            3613.0
                                                                              20.00            3613.0    Tot

Node    CST    Tx pow                    Mean                     Std    Played (s)    Played (count)
   2  -72.0         0    0.504704001492897847    0.277350098112614574          0.07              12.0
   2  -74.0         0    0.623488931190353202    0.022893427324781505         19.87            1907.0
   2  -62.0         0    0.502528199516852681    0.267261241912424397          0.08              13.0
                                                                              20.02            1932.0    Tot

Node    CST    Tx pow                    Mean                     Std    Played (s)    Played (count)
   3  -74.0         0    0.615019124845245457    0.022851547244951503         19.76            1914.0
   3  -73.0         0    0.524009873318731390    0.235702260395515839          0.13              17.0
   3  -62.0         0    0.508120716406655237    0.250000000000000000          0.10              15.0
                                                                              19.99            1946.0    Tot

Mean throughputs: [61.0469 61.0302 32.4003 32.5549]
Aggregate throughput: 187.0323
Min-Max: 28.6465
JFI: 0.7660 [0.2500, 1]
Node 0:
  CST counts:       {-62.0: 3615}
  Tx pow counts:    {0.0: 3615}
Node 1:
  CST counts:       {-62.0: 3614}
  Tx pow counts:    {0.0: 3614}
Node 2:
  CST counts:       {-74.0: 1908, -62.0: 13, -72.0: 12}
  Tx pow counts:    {0.0: 1933}
Node 3:
  CST counts:       {-74.0: 1915, -62.0: 15, -73.0: 17}
  Tx pow counts:    {0.0: 1947}
Simulation time: 100 s
Waiting for simulation script to connect on port: tcp://localhost:50002
Please start proper ns-3 simulation script using ./waf --run "..."
Start
Progress: 0% 10% 20% 30% 40% 50% 60% 70% 80% 90% 100%
Done
Final step: 55669
Node    CST    Tx pow                    Mean                     Std    Played (s)    Played (count)
   0  -62.0         0    0.939095154064332194    0.007436434531120489        100.00             18082
                                                                             100.00             18082    Tot

Node    CST    Tx pow                    Mean                     Std    Played (s)    Played (count)
   1  -75.0         0    0.631380820706087698    0.010120648819158857         98.72              9762
   1  -62.0         0    0.444991317941502040    0.068358592702466317          1.27               213
                                                                             100.00              9975    Tot

Node    CST    Tx pow                    Mean                     Std    Played (s)    Played (count)
   2  -76.0         0    0.610385810436408494    0.014281343114939598         51.15              4902
   2  -75.0         0    0.604520154254443276    0.015191674812676980         47.01              4332
   2  -62.0         0    0.461951999107982736    0.057928444636349226          1.83               297
                                                                              99.99              9531    Tot

Node    CST    Tx pow                    Mean                     Std    Played (s)    Played (count)
   3  -62.0         0    0.939036645046234963    0.007436640159140579         99.99             18081
                                                                              99.99             18081    Tot

Mean throughputs: [61.0397 33.3230 31.6865 61.0362]
Aggregate throughput: 187.0853
Min-Max: 29.3532
JFI: 0.7661 [0.2500, 1]
Node 0:
  CST counts:       {-62.0: 18083}
  Tx pow counts:    {0.0: 18083}
Node 1:
  CST counts:       {-62.0: 213, -75.0: 9763}
  Tx pow counts:    {0.0: 9976}
Node 2:
  CST counts:       {-62.0: 297, -75.0: 4333, -76.0: 4902}
  Tx pow counts:    {0.0: 9532}
Node 3:
  CST counts:       {-62.0: 18082}
  Tx pow counts:    {0.0: 18082}


Last 20 seconds of simulation:
Node    CST    Tx pow                    Mean                     Std    Played (s)    Played (count)
   0  -62.0         0    0.939078024999447147    0.016632052575997140         20.00            3614.0
                                                                              20.00            3614.0    Tot

Node    CST    Tx pow                    Mean                     Std    Played (s)    Played (count)
   1  -75.0         0    0.633001516246547435    0.022610781582306731         19.96            1955.0
   1  -62.0         0    0.441879755287730658    0.353553390593273786          0.04               7.0
                                                                              20.00            1962.0    Tot

Node    CST    Tx pow                    Mean                     Std    Played (s)    Played (count)
   2  -76.0         0    0.610216788443674885    0.028867513459481291         12.45            1199.0
   2  -75.0         0    0.604267973494706734    0.037959480900056165          7.51             693.0
   2  -62.0         0    0.471408035961260408    0.333333333333333315          0.05               8.0
                                                                              20.00            1900.0    Tot

Node    CST    Tx pow                    Mean                     Std    Played (s)    Played (count)
   3  -62.0         0    0.939038885348778329    0.016634353475582883         20.00            3613.0
                                                                              20.00            3613.0    Tot

Mean throughputs: [61.0406 33.0947 31.9885 61.0386]
Aggregate throughput: 187.1624
Min-Max: 29.0521
JFI: 0.7665 [0.2500, 1]
Node 0:
  CST counts:       {-62.0: 3615}
  Tx pow counts:    {0.0: 3615}
Node 1:
  CST counts:       {-75.0: 1956, -62.0: 7}
  Tx pow counts:    {0.0: 1963}
Node 2:
  CST counts:       {-76.0: 1199, -62.0: 8, -75.0: 694}
  Tx pow counts:    {0.0: 1901}
Node 3:
  CST counts:       {-62.0: 3614}
  Tx pow counts:    {0.0: 3614}
Simulation time: 100 s
Waiting for simulation script to connect on port: tcp://localhost:50002
Please start proper ns-3 simulation script using ./waf --run "..."
Start
Progress: 0% 10% 20% 30% 40% 50% 60% 70% 80% 90% 100%
Done
Final step: 72008
Node    CST    Tx pow                    Mean                     Std    Played (s)    Played (count)
   0  -62.0         0    0.939149865305602738    0.007436228920156708        100.00             18083
                                                                             100.00             18083    Tot

Node    CST    Tx pow                    Mean                     Std    Played (s)    Played (count)
   1  -62.0         0    0.929962443597189048    0.007486070154448126        100.00             17843
                                                                             100.00             17843    Tot

Node    CST    Tx pow                    Mean                     Std    Played (s)    Played (count)
   2  -62.0         0    0.939159968442153104    0.007436434531120489        100.00             18082
                                                                             100.00             18082    Tot

Node    CST    Tx pow                    Mean                     Std    Played (s)    Played (count)
   3  -82.0         0    0.665317153598596667    0.088735650941611371          1.10               126
   3  -62.0         0    0.939199546312414646    0.007479575920067658         98.90             17874
                                                                             100.00             18000    Tot

Mean throughputs: [61.0433 59.8420 61.0431 60.7874]
Aggregate throughput: 242.7158
Min-Max: 1.2014
JFI: 0.9919 [0.2500, 1]
Node 0:
  CST counts:       {-62.0: 18084}
  Tx pow counts:    {0.0: 18084}
Node 1:
  CST counts:       {-62.0: 17844}
  Tx pow counts:    {0.0: 17844}
Node 2:
  CST counts:       {-62.0: 18083}
  Tx pow counts:    {0.0: 18083}
Node 3:
  CST counts:       {-62.0: 17875, -82.0: 126}
  Tx pow counts:    {0.0: 18001}


Last 20 seconds of simulation:
Node    CST    Tx pow                    Mean                     Std    Played (s)    Played (count)
   0  -62.0         0    0.939114845698053702    0.016632052575997140         20.00            3614.0
                                                                              20.00            3614.0    Tot

Node    CST    Tx pow                    Mean                     Std    Played (s)    Played (count)
   1  -62.0         0    0.931662898503713865    0.016755332185712266         20.00            3561.0
                                                                              20.00            3561.0    Tot

Node    CST    Tx pow                    Mean                     Std    Played (s)    Played (count)
   2  -62.0         0    0.939065093116574157    0.016629752630943483         20.00            3615.0
                                                                              20.00            3615.0    Tot

Node    CST    Tx pow                    Mean                     Std    Played (s)    Played (count)
   3  -82.0         0    0.668791944844360109    0.447213595499957928          0.04               4.0
   3  -62.0         0    0.939134079815452938    0.016645872314630744         19.96            3608.0
                                                                              20.00            3612.0    Tot

Mean throughputs: [61.0492 59.3895 61.0629 61.0183]
Aggregate throughput: 242.5199
Min-Max: 1.6735
JFI: 0.9883 [0.2500, 1]
Node 0:
  CST counts:       {-62.0: 3615}
  Tx pow counts:    {0.0: 3615}
Node 1:
  CST counts:       {-62.0: 3562}
  Tx pow counts:    {0.0: 3562}
Node 2:
  CST counts:       {-62.0: 3616}
  Tx pow counts:    {0.0: 3616}
Node 3:
  CST counts:       {-62.0: 3609, -82.0: 4}
  Tx pow counts:    {0.0: 3613}
Simulation time: 100 s
Waiting for simulation script to connect on port: tcp://localhost:50002
Please start proper ns-3 simulation script using ./waf --run "..."
Start
Progress: 0% 10% 20% 30% 40% 50% 60% 70% 80% 90% 100%
Done
Final step: 72325
Node    CST    Tx pow                    Mean                     Std    Played (s)    Played (count)
   0  -62.0         0    0.939127172572856939    0.007436434531120489        100.00             18082
                                                                             100.00             18082    Tot

Node    CST    Tx pow                    Mean                     Std    Played (s)    Played (count)
   1  -62.0         0    0.939125533039553151    0.007436640159140579        100.00             18081
                                                                             100.00             18081    Tot

Node    CST    Tx pow                    Mean                     Std    Played (s)    Played (count)
   2  -62.0         0    0.939135531788544364    0.007436228920156708        100.00             18083
                                                                             100.00             18083    Tot

Node    CST    Tx pow                    Mean                     Std    Played (s)    Played (count)
   3  -62.0         0    0.939061047214444389    0.007437051466359120        100.00             18079
                                                                             100.00             18079    Tot

Mean throughputs: [61.0409 61.0410 61.0415 61.0365]
Aggregate throughput: 244.1599
Min-Max: 0.0051
JFI: 1.0000 [0.2500, 1]
Node 0:
  CST counts:       {-62.0: 18083}
  Tx pow counts:    {0.0: 18083}
Node 1:
  CST counts:       {-62.0: 18082}
  Tx pow counts:    {0.0: 18082}
Node 2:
  CST counts:       {-62.0: 18084}
  Tx pow counts:    {0.0: 18084}
Node 3:
  CST counts:       {-62.0: 18080}
  Tx pow counts:    {0.0: 18080}


Last 20 seconds of simulation:
Node    CST    Tx pow                    Mean                     Std    Played (s)    Played (count)
   0  -62.0         0    0.939066120963356510    0.016629752630943483         20.00            3615.0
                                                                              20.00            3615.0    Tot

Node    CST    Tx pow                    Mean                     Std    Played (s)    Played (count)
   1  -62.0         0    0.939046695830256573    0.016629752630943483         20.00            3615.0
                                                                              20.00            3615.0    Tot

Node    CST    Tx pow                    Mean                     Std    Played (s)    Played (count)
   2  -62.0         0    0.939100338831960313    0.016632052575997140         20.00            3614.0
                                                                              20.00            3614.0    Tot

Node    CST    Tx pow                    Mean                     Std    Played (s)    Played (count)
   3  -62.0         0    0.939074433086294569    0.016634353475582883         20.00            3613.0
                                                                              20.00            3613.0    Tot

Mean throughputs: [61.0580 61.0606 61.0444 61.0330]
Aggregate throughput: 244.1960
Min-Max: 0.0276
JFI: 0.9998 [0.2500, 1]
Node 0:
  CST counts:       {-62.0: 3616}
  Tx pow counts:    {0.0: 3616}
Node 1:
  CST counts:       {-62.0: 3616}
  Tx pow counts:    {0.0: 3616}
Node 2:
  CST counts:       {-62.0: 3615}
  Tx pow counts:    {0.0: 3615}
Node 3:
  CST counts:       {-62.0: 3614}
  Tx pow counts:    {0.0: 3614}
Simulation time: 100 s
Waiting for simulation script to connect on port: tcp://localhost:50002
Please start proper ns-3 simulation script using ./waf --run "..."
Start
Progress: 0% 10% 20% 30% 40% 50% 60% 70% 80% 90% 100%
Done
Final step: 72326
Node    CST    Tx pow                    Mean                     Std    Played (s)    Played (count)
   0  -62.0         0    0.939067435338349021    0.007436640159140579        100.00             18081
                                                                             100.00             18081    Tot

Node    CST    Tx pow                    Mean                     Std    Played (s)    Played (count)
   1  -62.0         0    0.939153549794625730    0.007436434531120489        100.00             18082
                                                                             100.00             18082    Tot

Node    CST    Tx pow                    Mean                     Std    Played (s)    Played (count)
   2  -62.0         0    0.939036925576254067    0.007436640159140579        100.00             18081
                                                                             100.00             18081    Tot

Node    CST    Tx pow                    Mean                     Std    Played (s)    Played (count)
   3  -62.0         0    0.939139179380536593    0.007436434531120489        100.00             18082
                                                                             100.00             18082    Tot

Mean throughputs: [61.0376 61.0428 61.0356 61.0425]
Aggregate throughput: 244.1586
Min-Max: 0.0072
JFI: 0.9999 [0.2500, 1]
Node 0:
  CST counts:       {-62.0: 18082}
  Tx pow counts:    {0.0: 18082}
Node 1:
  CST counts:       {-62.0: 18083}
  Tx pow counts:    {0.0: 18083}
Node 2:
  CST counts:       {-62.0: 18082}
  Tx pow counts:    {0.0: 18082}
Node 3:
  CST counts:       {-62.0: 18083}
  Tx pow counts:    {0.0: 18083}


Last 20 seconds of simulation:
Node    CST    Tx pow                    Mean                     Std    Played (s)    Played (count)
   0  -62.0         0    0.938996067814694801    0.016629752630943483         20.00            3615.0
                                                                              20.00            3615.0    Tot

Node    CST    Tx pow                    Mean                     Std    Played (s)    Played (count)
   1  -62.0         0    0.939138508508108538    0.016632052575997140         20.00            3614.0
                                                                              20.00            3614.0    Tot

Node    CST    Tx pow                    Mean                     Std    Played (s)    Played (count)
   2  -62.0         0    0.938996167679634453    0.016632052575997140         20.00            3614.0
                                                                              20.00            3614.0    Tot

Node    CST    Tx pow                    Mean                     Std    Played (s)    Played (count)
   3  -62.0         0    0.939110489512442914    0.016632052575997140         20.00            3614.0
                                                                              20.00            3614.0    Tot

Mean throughputs: [61.0603 61.0395 61.0402 61.0455]
Aggregate throughput: 244.1855
Min-Max: 0.0208
JFI: 0.9999 [0.2500, 1]
Node 0:
  CST counts:       {-62.0: 3616}
  Tx pow counts:    {0.0: 3616}
Node 1:
  CST counts:       {-62.0: 3615}
  Tx pow counts:    {0.0: 3615}
Node 2:
  CST counts:       {-62.0: 3615}
  Tx pow counts:    {0.0: 3615}
Node 3:
  CST counts:       {-62.0: 3615}
  Tx pow counts:    {0.0: 3615}
Simulation time: 100 s
Waiting for simulation script to connect on port: tcp://localhost:50002
Please start proper ns-3 simulation script using ./waf --run "..."
Start
Progress: 0% 10% 20% 30% 40% 50% 60% 70% 80% 90% 100%
Done
Final step: 72327
Node    CST    Tx pow                    Mean                     Std    Played (s)    Played (count)
   0  -62.0         0    0.939092818939953555    0.007436434531120489        100.00             18082
                                                                             100.00             18082    Tot

Node    CST    Tx pow                    Mean                     Std    Played (s)    Played (count)
   1  -62.0         0    0.939227761374821335    0.007436023326246879        100.00             18084
                                                                             100.00             18084    Tot

Node    CST    Tx pow                    Mean                     Std    Played (s)    Played (count)
   2  -62.0         0    0.939138694949814168    0.007436434531120489        100.00             18082
                                                                             100.00             18082    Tot

Node    CST    Tx pow                    Mean                     Std    Played (s)    Played (count)
   3  -62.0         0    0.939061982000272244    0.007437051466359120        100.00             18079
                                                                             100.00             18079    Tot

Mean throughputs: [61.0395 61.0475 61.0426 61.0368]
Aggregate throughput: 244.1665
Min-Max: 0.0107
JFI: 0.9999 [0.2500, 1]
Node 0:
  CST counts:       {-62.0: 18083}
  Tx pow counts:    {0.0: 18083}
Node 1:
  CST counts:       {-62.0: 18085}
  Tx pow counts:    {0.0: 18085}
Node 2:
  CST counts:       {-62.0: 18083}
  Tx pow counts:    {0.0: 18083}
Node 3:
  CST counts:       {-62.0: 18080}
  Tx pow counts:    {0.0: 18080}


Last 20 seconds of simulation:
Node    CST    Tx pow                    Mean                     Std    Played (s)    Played (count)
   0  -62.0         0    0.939028868495918490    0.016632052575997140         20.00            3614.0
                                                                              20.00            3614.0    Tot

Node    CST    Tx pow                    Mean                     Std    Played (s)    Played (count)
   1  -62.0         0    0.939202902861447697    0.016629752630943483         20.00            3615.0
                                                                              20.00            3615.0    Tot

Node    CST    Tx pow                    Mean                     Std    Played (s)    Played (count)
   2  -62.0         0    0.939098226230920763    0.016632052575997140         20.00            3614.0
                                                                              20.00            3614.0    Tot

Node    CST    Tx pow                    Mean                     Std    Played (s)    Played (count)
   3  -62.0         0    0.939059617665950697    0.016634353475582883         20.00            3613.0
                                                                              20.00            3613.0    Tot

Mean throughputs: [61.0464 61.0603 61.0493 61.0341]
Aggregate throughput: 244.1901
Min-Max: 0.0262
JFI: 0.9998 [0.2500, 1]
Node 0:
  CST counts:       {-62.0: 3615}
  Tx pow counts:    {0.0: 3615}
Node 1:
  CST counts:       {-62.0: 3616}
  Tx pow counts:    {0.0: 3616}
Node 2:
  CST counts:       {-62.0: 3615}
  Tx pow counts:    {0.0: 3615}
Node 3:
  CST counts:       {-62.0: 3614}
  Tx pow counts:    {0.0: 3614}
Simulation time: 100 s
Waiting for simulation script to connect on port: tcp://localhost:50002
Please start proper ns-3 simulation script using ./waf --run "..."
Start
Progress: 0% 10% 20% 30% 40% 50% 60% 70% 80% 90% 100%
Done
Final step: 55914
Node    CST    Tx pow                    Mean                     Std    Played (s)    Played (count)
   0  -79.0         0    0.612972581793726268    0.010566787105244287         93.90              8955
   0  -78.0         0    0.493486031535524672    0.045083481733371615          3.54               491
   0  -62.0         0    0.477813216833744892    0.051097613030759603          2.55               382
                                                                              99.99              9828    Tot

Node    CST    Tx pow                    Mean                     Std    Played (s)    Played (count)
   1  -62.0         0    0.939062056850557325    0.007436640159140579        100.00             18081
                                                                             100.00             18081    Tot

Node    CST    Tx pow                    Mean                     Std    Played (s)    Played (count)
   2  -79.0         0    0.626858670963684972    0.010278735505507558         96.82              9464
   2  -62.0         0    0.510276269537320526    0.046676002800933661          3.18               458
                                                                             100.00              9922    Tot

Node    CST    Tx pow                    Mean                     Std    Played (s)    Played (count)
   3  -62.0         0    0.939196796056209759    0.007436228920156708        100.00             18083
                                                                             100.00             18083    Tot

Mean throughputs: [31.9264 61.0368 32.8377 61.0456]
Aggregate throughput: 186.8464
Min-Max: 29.1192
JFI: 0.7652 [0.2500, 1]
Node 0:
  CST counts:       {-78.0: 491, -79.0: 8956, -62.0: 382}
  Tx pow counts:    {0.0: 9829}
Node 1:
  CST counts:       {-62.0: 18082}
  Tx pow counts:    {0.0: 18082}
Node 2:
  CST counts:       {-62.0: 458, -79.0: 9465}
  Tx pow counts:    {0.0: 9923}
Node 3:
  CST counts:       {-62.0: 18084}
  Tx pow counts:    {0.0: 18084}


Last 20 seconds of simulation:
Node    CST    Tx pow                    Mean                     Std    Played (s)    Played (count)
   0  -79.0         0    0.612947403370647015    0.022839623660917720         19.88            1916.0
   0  -78.0         0    0.491003640824042520    0.288675134594812866          0.06              11.0
   0  -62.0         0    0.483071702177258144    0.301511344577763629          0.06              10.0
                                                                              20.00            1937.0    Tot

Node    CST    Tx pow                    Mean                     Std    Played (s)    Played (count)
   1  -62.0         0    0.939006474455673090    0.016629752630943483         20.00            3615.0
                                                                              20.00            3615.0    Tot

Node    CST    Tx pow                    Mean                     Std    Played (s)    Played (count)
   2  -79.0         0    0.630098871382698267    0.022815832379813768         19.86            1920.0
   2  -62.0         0    0.520046660783568537    0.196116135138184045          0.14              25.0
                                                                              20.00            1945.0    Tot

Node    CST    Tx pow                    Mean                     Std    Played (s)    Played (count)
   3  -62.0         0    0.939118577219117623    0.016629752630943483         20.00            3615.0
                                                                              20.00            3615.0    Tot

Mean throughputs: [32.5463 61.0593 32.5880 61.0651]
Aggregate throughput: 187.2588
Min-Max: 28.5188
JFI: 0.7667 [0.2500, 1]
Node 0:
  CST counts:       {-79.0: 1917, -62.0: 10, -78.0: 11}
  Tx pow counts:    {0.0: 1938}
Node 1:
  CST counts:       {-62.0: 3616}
  Tx pow counts:    {0.0: 3616}
Node 2:
  CST counts:       {-79.0: 1921, -62.0: 25}
  Tx pow counts:    {0.0: 1946}
Node 3:
  CST counts:       {-62.0: 3616}
  Tx pow counts:    {0.0: 3616}
Simulation time: 100 s
Waiting for simulation script to connect on port: tcp://localhost:50002
Please start proper ns-3 simulation script using ./waf --run "..."
Start
Progress: 0% 10% 20% 30% 40% 50% 60% 70% 80% 90% 100%
Done
Final step: 54279
Node    CST    Tx pow                    Mean                     Std    Played (s)    Played (count)
   0  -62.0         0    0.939077912557961469    0.007436640159140579        100.00             18081
                                                                             100.00             18081    Tot

Node    CST    Tx pow                    Mean                     Std    Played (s)    Played (count)
   1  -80.0         0    0.866276262527263086    0.015209235418253770         28.20              4322
   1  -62.0         0    0.893857540209809454    0.008831937506844406         71.79             12819
                                                                             100.00             17141    Tot

Node    CST    Tx pow                    Mean                     Std    Played (s)    Played (count)
   2  -80.0         0    0.187367040817138314    0.104828483672191830         25.04                90
   2  -79.0         0    0.472136149758079493    0.023635972962353272         33.31              1789
   2  -71.0         0    0.408753769066448447    0.047140452079103168          4.66               449
   2  -72.0         0    0.464982816443797464    0.023211917272131483         33.44              1855
   2  -62.0         0    0.385187534956905941    0.044108109139123088          3.55               513
                                                                             100.00              4696    Tot

Node    CST    Tx pow                    Mean                     Std    Played (s)    Played (count)
   3  -72.0         0    0.829623664493636781    0.012646075946565945         44.15              6252
   3  -73.0         0    0.830111316990657100    0.011891287353862353         49.81              7071
   3  -62.0         0    0.773142246607536165    0.031023602427884885          6.03              1038
                                                                              99.99             14361    Tot

Mean throughputs: [61.0378 56.0216 12.9770 47.5406]
Aggregate throughput: 177.5770
Min-Max: 48.0608
JFI: 0.7028 [0.2500, 1]
Node 0:
  CST counts:       {-62.0: 18082}
  Tx pow counts:    {0.0: 18082}
Node 1:
  CST counts:       {-80.0: 4323, -62.0: 12819}
  Tx pow counts:    {0.0: 17142}
Node 2:
  CST counts:       {-80.0: 90, -72.0: 1855, -62.0: 513, -79.0: 1790, -71.0: 449}
  Tx pow counts:    {0.0: 4697}
Node 3:
  CST counts:       {-62.0: 1038, -73.0: 7072, -72.0: 6252}
  Tx pow counts:    {0.0: 14362}


Last 20 seconds of simulation:
Node    CST    Tx pow                    Mean                     Std    Played (s)    Played (count)
   0  -62.0         0    0.939035595084817043    0.016632052575997140         20.00            3614.0
                                                                              20.00            3614.0    Tot

Node    CST    Tx pow                    Mean                     Std    Played (s)    Played (count)
   1  -80.0         0    0.869670324260645722    0.056523341894422145          2.17             312.0
   1  -62.0         0    0.892682725833398916    0.017716466781757798         17.83            3185.0
                                                                              20.00            3497.0    Tot

Node    CST    Tx pow                    Mean                     Std    Played (s)    Played (count)
   2  -80.0         0    0.191371158943755920    0.577350269189625731          0.78               2.0
   2  -79.0         0    0.463693677454296682    0.042033135170919854         10.15             565.0
   2  -71.0         0    0.410898129663068545    0.107211253483779481          0.89              86.0
   2  -72.0         0    0.457611185210561988    0.047565149415449412          7.98             441.0
   2  -62.0         0    0.377747574303500366    0.171498585142508847          0.20              33.0
                                                                              20.01            1127.0    Tot

Node    CST    Tx pow                    Mean                     Std    Played (s)    Played (count)
   3  -72.0         0    0.836664811203972292    0.028071730702217298          9.45            1268.0
   3  -73.0         0    0.837811990344188406    0.027451402562301407          9.98            1326.0
   3  -62.0         0    0.782834665253933859    0.105999788000636003          0.56              88.0
                                                                              19.99            2682.0    Tot

Mean throughputs: [61.0467 56.9639 16.9162 44.4551]
Aggregate throughput: 179.3819
Min-Max: 44.1305
JFI: 0.7223 [0.2500, 1]
Node 0:
  CST counts:       {-62.0: 3615}
  Tx pow counts:    {0.0: 3615}
Node 1:
  CST counts:       {-62.0: 3185, -80.0: 313}
  Tx pow counts:    {0.0: 3498}
Node 2:
  CST counts:       {-79.0: 566, -72.0: 441, -62.0: 33, -80.0: 2, -71.0: 86}
  Tx pow counts:    {0.0: 1128}
Node 3:
  CST counts:       {-73.0: 1327, -72.0: 1268, -62.0: 88}
  Tx pow counts:    {0.0: 2683}
Simulation time: 100 s
Waiting for simulation script to connect on port: tcp://localhost:50002
Please start proper ns-3 simulation script using ./waf --run "..."
Start
Progress: 0% 10% 20% 30% 40% 50% 60% 70% 80% 90% 100%
Done
Final step: 56029
Node    CST    Tx pow                    Mean                     Std    Played (s)    Played (count)
   0  -78.0         0    0.587286562334447870    0.012923953028546729         87.70              5986
   0  -77.0         0    0.498845027037151056    0.038924947208076148          6.22               659
   0  -62.0         0    0.522416292899285595    0.033040930022754489          6.04               915
                                                                              99.96              7560    Tot

Node    CST    Tx pow                    Mean                     Std    Played (s)    Played (count)
   1  -62.0         0    0.939079597795821952    0.007436640159140579        100.00             18081
                                                                             100.00             18081    Tot

Node    CST    Tx pow                    Mean                     Std    Played (s)    Played (count)
   2  -62.0         0    0.939036763156561261    0.007436640159140579        100.00             18081
                                                                             100.00             18081    Tot

Node    CST    Tx pow                    Mean                     Std    Played (s)    Played (count)
   3  -79.0         0    0.752795075088696253    0.019305882723026267         26.37              2682
   3  -78.0         0    0.779622612017700445    0.010908297607202131         66.21              8403
   3  -62.0         0    0.720689862182566365    0.028594780785029781          7.41              1222
                                                                             100.00             12307    Tot

Mean throughputs: [23.3342 61.0382 61.0351 40.5901]
Aggregate throughput: 185.9975
Min-Max: 37.7040
JFI: 0.7468 [0.2500, 1]
Node 0:
  CST counts:       {-62.0: 915, -77.0: 659, -78.0: 5987}
  Tx pow counts:    {0.0: 7561}
Node 1:
  CST counts:       {-62.0: 18082}
  Tx pow counts:    {0.0: 18082}
Node 2:
  CST counts:       {-62.0: 18082}
  Tx pow counts:    {0.0: 18082}
Node 3:
  CST counts:       {-62.0: 1223, -79.0: 2682, -78.0: 8403}
  Tx pow counts:    {0.0: 12308}


Last 20 seconds of simulation:
Node    CST    Tx pow                    Mean                     Std    Played (s)    Played (count)
   0  -78.0         0    0.593013408148520993    0.027671226645624276         19.48            1305.0
   0  -77.0         0    0.505673920233249086    0.182574185835055358          0.22              29.0
   0  -62.0         0    0.522045836703766253    0.150755672288881815          0.28              43.0
                                                                              19.97            1377.0    Tot

Node    CST    Tx pow                    Mean                     Std    Played (s)    Played (count)
   1  -62.0         0    0.939034506672050351    0.016632052575997140         20.00            3614.0
                                                                              20.00            3614.0    Tot

Node    CST    Tx pow                    Mean                     Std    Played (s)    Played (count)
   2  -62.0         0    0.938982233420419199    0.016632052575997140         20.00            3614.0
                                                                              20.00            3614.0    Tot

Node    CST    Tx pow                    Mean                     Std    Played (s)    Played (count)
   3  -79.0         0    0.754343303734236748    0.054799662435119099          3.24             332.0
   3  -78.0         0    0.777720893684050507    0.021879166839686815         16.32            2088.0
   3  -62.0         0    0.725165736323819310    0.110431526074846548          0.46              81.0
                                                                              20.01            2501.0    Tot

Mean throughputs: [22.7057 61.0519 61.0478 41.8399]
Aggregate throughput: 186.6453
Min-Max: 38.3462
JFI: 0.7459 [0.2500, 1]
Node 0:
  CST counts:       {-78.0: 1306, -62.0: 43, -77.0: 29}
  Tx pow counts:    {0.0: 1378}
Node 1:
  CST counts:       {-62.0: 3615}
  Tx pow counts:    {0.0: 3615}
Node 2:
  CST counts:       {-62.0: 3615}
  Tx pow counts:    {0.0: 3615}
Node 3:
  CST counts:       {-79.0: 332, -62.0: 82, -78.0: 2088}
  Tx pow counts:    {0.0: 2502}
Simulation time: 100 s
Waiting for simulation script to connect on port: tcp://localhost:50002
Please start proper ns-3 simulation script using ./waf --run "..."
Start
Progress: 0% 10% 20% 30% 40% 50% 60% 70% 80% 90% 100%
Done
Final step: 55518
Node    CST    Tx pow                    Mean                     Std    Played (s)    Played (count)
   0  -70.0         0    0.504216546928487608    0.014501894433698684         51.16              4754
   0  -69.0         0    0.507810110843138207    0.015092727811824552         47.48              4389
   0  -62.0         0    0.326036775967426640    0.069006555934235422          1.35               209
                                                                              99.99              9352    Tot

Node    CST    Tx pow                    Mean                     Std    Played (s)    Played (count)
   1  -69.0         0    0.570093394417980792    0.010169725247735944         98.02              9668
   1  -67.0         0    0.377893242894308146    0.069843029576957816          1.22               204
   1  -62.0         0    0.351368377858309544    0.086386842558136015          0.76               133
                                                                             100.00             10005    Tot

Node    CST    Tx pow                    Mean                     Std    Played (s)    Played (count)
   2  -62.0         0    0.939019345312466669    0.007436845804219336        100.00             18080
                                                                             100.00             18080    Tot

Node    CST    Tx pow                    Mean                     Std    Played (s)    Played (count)
   3  -62.0         0    0.939113966919001175    0.007436640159140579        100.00             18081
                                                                             100.00             18081    Tot

Mean throughputs: [26.9689 30.2832 61.0346 61.0401]
Aggregate throughput: 179.3267
Min-Max: 34.0712
JFI: 0.7340 [0.2500, 1]
Node 0:
  CST counts:       {-70.0: 4754, -69.0: 4390, -62.0: 209}
  Tx pow counts:    {0.0: 9353}
Node 1:
  CST counts:       {-62.0: 133, -69.0: 9669, -67.0: 204}
  Tx pow counts:    {0.0: 10006}
Node 2:
  CST counts:       {-62.0: 18081}
  Tx pow counts:    {0.0: 18081}
Node 3:
  CST counts:       {-62.0: 18082}
  Tx pow counts:    {0.0: 18082}


Last 20 seconds of simulation:
Node    CST    Tx pow                    Mean                     Std    Played (s)    Played (count)
   0  -70.0         0    0.501475743370028315    0.034879005320757786          8.81             821.0
   0  -69.0         0    0.502057246425984260    0.031143732993214979         11.11            1030.0
   0  -62.0         0    0.329694464906860885    0.288675134594812866          0.06              11.0
                                                                              19.99            1862.0    Tot

Node    CST    Tx pow                    Mean                     Std    Played (s)    Played (count)
   1  -69.0         0    0.570088203436037610    0.022639736366332933         19.94            1950.0
   1  -67.0         0    0.379362224353035571    0.408248290463863017          0.03               5.0
   1  -62.0         0    0.348633209449213777    0.353553390593273786          0.04               7.0
                                                                              20.01            1962.0    Tot

Node    CST    Tx pow                    Mean                     Std    Played (s)    Played (count)
   2  -62.0         0    0.939019211235471274    0.016634353475582883         20.00            3613.0
                                                                              20.00            3613.0    Tot

Node    CST    Tx pow                    Mean                     Std    Played (s)    Played (count)
   3  -62.0         0    0.939090288069141410    0.016632052575997140         20.00            3614.0
                                                                              20.00            3614.0    Tot

Mean throughputs: [27.8519 30.4954 61.0290 61.0491]
Aggregate throughput: 180.4253
Min-Max: 33.1972
JFI: 0.7386 [0.2500, 1]
Node 0:
  CST counts:       {-69.0: 1031, -70.0: 821, -62.0: 11}
  Tx pow counts:    {0.0: 1863}
Node 1:
  CST counts:       {-69.0: 1951, -62.0: 7, -67.0: 5}
  Tx pow counts:    {0.0: 1963}
Node 2:
  CST counts:       {-62.0: 3614}
  Tx pow counts:    {0.0: 3614}
Node 3:
  CST counts:       {-62.0: 3615}
  Tx pow counts:    {0.0: 3615}
Simulation time: 100 s
Waiting for simulation script to connect on port: tcp://localhost:50002
Please start proper ns-3 simulation script using ./waf --run "..."
Start
Progress: 0% 10% 20% 30% 40% 50% 60% 70% 80% 90% 100%
Done
Final step: 72327
Node    CST    Tx pow                    Mean                     Std    Played (s)    Played (count)
   0  -62.0         0    0.939169905319972353    0.007436434531120489        100.00             18082
                                                                             100.00             18082    Tot

Node    CST    Tx pow                    Mean                     Std    Played (s)    Played (count)
   1  -62.0         0    0.939124705483052380    0.007436434531120489        100.00             18082
                                                                             100.00             18082    Tot

Node    CST    Tx pow                    Mean                     Std    Played (s)    Played (count)
   2  -62.0         0    0.939131147762894081    0.007436640159140579        100.00             18081
                                                                             100.00             18081    Tot

Node    CST    Tx pow                    Mean                     Std    Played (s)    Played (count)
   3  -62.0         0    0.939115177612103169    0.007436434531120489        100.00             18082
                                                                             100.00             18082    Tot

Mean throughputs: [61.0438 61.0407 61.0411 61.0402]
Aggregate throughput: 244.1658
Min-Max: 0.0036
JFI: 1.0000 [0.2500, 1]
Node 0:
  CST counts:       {-62.0: 18083}
  Tx pow counts:    {0.0: 18083}
Node 1:
  CST counts:       {-62.0: 18083}
  Tx pow counts:    {0.0: 18083}
Node 2:
  CST counts:       {-62.0: 18082}
  Tx pow counts:    {0.0: 18082}
Node 3:
  CST counts:       {-62.0: 18083}
  Tx pow counts:    {0.0: 18083}


Last 20 seconds of simulation:
Node    CST    Tx pow                    Mean                     Std    Played (s)    Played (count)
   0  -62.0         0    0.939133542300013890    0.016632052575997140         20.00            3614.0
                                                                              20.00            3614.0    Tot

Node    CST    Tx pow                    Mean                     Std    Played (s)    Played (count)
   1  -62.0         0    0.939111627470019972    0.016632052575997140         20.00            3614.0
                                                                              20.00            3614.0    Tot

Node    CST    Tx pow                    Mean                     Std    Played (s)    Played (count)
   2  -62.0         0    0.939079303840050228    0.016632052575997140         20.00            3614.0
                                                                              20.00            3614.0    Tot

Node    CST    Tx pow                    Mean                     Std    Played (s)    Played (count)
   3  -62.0         0    0.939075515060675770    0.016632052575997140         20.00            3614.0
                                                                              20.00            3614.0    Tot

Mean throughputs: [61.0461 61.0505 61.0495 61.0432]
Aggregate throughput: 244.1893
Min-Max: 0.0073
JFI: 1.0000 [0.2500, 1]
Node 0:
  CST counts:       {-62.0: 3615}
  Tx pow counts:    {0.0: 3615}
Node 1:
  CST counts:       {-62.0: 3615}
  Tx pow counts:    {0.0: 3615}
Node 2:
  CST counts:       {-62.0: 3615}
  Tx pow counts:    {0.0: 3615}
Node 3:
  CST counts:       {-62.0: 3615}
  Tx pow counts:    {0.0: 3615}
Simulation time: 100 s
Waiting for simulation script to connect on port: tcp://localhost:50002
Please start proper ns-3 simulation script using ./waf --run "..."
Start
Progress: 0% 10% 20% 30% 40% 50% 60% 70% 80% 90% 100%
Done
Final step: 72325
Node    CST    Tx pow                    Mean                     Std    Played (s)    Played (count)
   0  -62.0         0    0.938609118357853656    0.007436845804219336        100.00             18080
                                                                             100.00             18080    Tot

Node    CST    Tx pow                    Mean                     Std    Played (s)    Played (count)
   1  -62.0         0    0.939140876968810434    0.007436228920156708        100.00             18083
                                                                             100.00             18083    Tot

Node    CST    Tx pow                    Mean                     Std    Played (s)    Played (count)
   2  -62.0         0    0.939070832389119814    0.007436640159140579        100.00             18081
                                                                             100.00             18081    Tot

Node    CST    Tx pow                    Mean                     Std    Played (s)    Played (count)
   3  -62.0         0    0.939134269967662361    0.007436640159140579        100.00             18081
                                                                             100.00             18081    Tot

Mean throughputs: [61.0079 61.0425 61.0380 61.0415]
Aggregate throughput: 244.1299
Min-Max: 0.0346
JFI: 0.9998 [0.2500, 1]
Node 0:
  CST counts:       {-62.0: 18081}
  Tx pow counts:    {0.0: 18081}
Node 1:
  CST counts:       {-62.0: 18084}
  Tx pow counts:    {0.0: 18084}
Node 2:
  CST counts:       {-62.0: 18082}
  Tx pow counts:    {0.0: 18082}
Node 3:
  CST counts:       {-62.0: 18082}
  Tx pow counts:    {0.0: 18082}


Last 20 seconds of simulation:
Node    CST    Tx pow                    Mean                     Std    Played (s)    Played (count)
   0  -62.0         0    0.938726462481722534    0.016632052575997140         20.00            3614.0
                                                                              20.00            3614.0    Tot

Node    CST    Tx pow                    Mean                     Std    Played (s)    Played (count)
   1  -62.0         0    0.939056638633471219    0.016629752630943483         20.00            3615.0
                                                                              20.00            3615.0    Tot

Node    CST    Tx pow                    Mean                     Std    Played (s)    Played (count)
   2  -62.0         0    0.939072860982791746    0.016634353475582883         20.00            3613.0
                                                                              20.00            3613.0    Tot

Node    CST    Tx pow                    Mean                     Std    Played (s)    Played (count)
   3  -62.0         0    0.939069448512594107    0.016629752630943483         20.00            3615.0
                                                                              20.00            3615.0    Tot

Mean throughputs: [60.9792 61.0600 61.0334 61.0593]
Aggregate throughput: 244.1318
Min-Max: 0.0808
JFI: 0.9995 [0.2500, 1]
Node 0:
  CST counts:       {-62.0: 3615}
  Tx pow counts:    {0.0: 3615}
Node 1:
  CST counts:       {-62.0: 3616}
  Tx pow counts:    {0.0: 3616}
Node 2:
  CST counts:       {-62.0: 3614}
  Tx pow counts:    {0.0: 3614}
Node 3:
  CST counts:       {-62.0: 3616}
  Tx pow counts:    {0.0: 3616}
