Simulation time: 60 s
Waiting for simulation script to connect on port: tcp://localhost:5555
Please start proper ns-3 simulation script using ./waf --run "..."
Start
Progress: 0% 10% 20% 30% 40% 50% 60% 70% 80% 90% 100%
Done
Final step: 12338
Node 0, (CST, Tx power, MCS) = (-82,  0, 7) - (mean, std): (0.326906750953264880, 0.019928386481802028)    played    57.65 s,       2517 time(s)
Node 0, (CST, Tx power, MCS) = (-68,  0, 7) - (mean, std): (0.184398134303194211, 0.066964953018242498)    played     2.34 s,        222 time(s)
                                                                                                           played    59.99 s,       2739 time(s)

Node 1, (CST, Tx power, MCS) = (-82,  0, 7) - (mean, std): (0.350989406454125519, 0.019000285006412661)    played    58.09 s,       2769 time(s)
Node 1, (CST, Tx power, MCS) = (-68,  0, 7) - (mean, std): (0.215728005089487834, 0.069673301429161769)    played     1.90 s,        205 time(s)
                                                                                                           played    59.99 s,       2974 time(s)

Node 2, (CST, Tx power, MCS) = (-82,  0, 7) - (mean, std): (0.362014804104150933, 0.017669388943903869)    played    58.91 s,       3202 time(s)
Node 2, (CST, Tx power, MCS) = (-68,  0, 7) - (mean, std): (0.156986031502074991, 0.094915799575249898)    played     1.09 s,        110 time(s)
                                                                                                           played    60.00 s,       3312 time(s)

Node 3, (CST, Tx power, MCS) = (-82,  0, 7) - (mean, std): (0.364690198132572030, 0.017639126052343954)    played    58.96 s,       3213 time(s)
Node 3, (CST, Tx power, MCS) = (-68,  0, 7) - (mean, std): (0.154539941719051221, 0.099503719020998915)    played     1.03 s,        100 time(s)
                                                                                                           played    59.99 s,       3313 time(s)

Mean throughputs: [10.9436 12.2249 13.9332 13.8707]
Aggregate throughput: 50.9725
Min-Max: 2.9896
JFI: 0.9110 [0.2500, 1]
Mean TX power: [0.0000 0.0000 0.0000 0.0000]
TX power counts:
[[ -82  -68]
 [2517  222]]
[[ -82  -68]
 [2769  205]]
[[ -82  -68]
 [3202  110]]
[[ -82  -68]
 [3213  100]]
Mean PCS: [-80.8653 -81.0350 -81.5350 -81.5774]
Mean MCS: [7.0000 7.0000 7.0000 7.0000]

Last 20 seconds of simulation:
Mean throughputs: [12.2514 12.2330 13.6397 12.8807]
Aggregate throughput: 51.0047
Min-Max: 1.4066
JFI: 0.9568 [0.2500, 1]
Mean TX power: [0.0000 0.0000 0.0000 0.0000]
TX power counts:
[[-82 -68]
 [959  29]]
[[-82 -68]
 [951  28]]
[[ -82  -68]
 [1099   15]]
[[ -82  -68]
 [1018   20]]
Mean PCS: [-81.5891 -81.5996 -81.8115 -81.7303]
Mean MCS: [7.0000 7.0000 7.0000 7.0000]
Simulation time: 60 s
Waiting for simulation script to connect on port: tcp://localhost:5555
Please start proper ns-3 simulation script using ./waf --run "..."
Start
Progress: 0% 10% 20% 30% 40% 50% 60% 70% 80% 90% 100%
Done
Final step: 12372
Node 0, (CST, Tx power, MCS) = (-82,  0, 7) - (mean, std): (0.361929225522143461, 0.017972128867239735)    played    58.33 s,       3095 time(s)
Node 0, (CST, Tx power, MCS) = (-68,  0, 7) - (mean, std): (0.213476108279564952, 0.075592894601845442)    played     1.66 s,        174 time(s)
                                                                                                           played    59.99 s,       3269 time(s)

Node 1, (CST, Tx power, MCS) = (-82,  0, 7) - (mean, std): (0.348256817340400315, 0.018181818181818181)    played    58.21 s,       3024 time(s)
Node 1, (CST, Tx power, MCS) = (-68,  0, 7) - (mean, std): (0.209666301068298949, 0.073127242412713067)    played     1.77 s,        186 time(s)
                                                                                                           played    59.98 s,       3210 time(s)

Node 2, (CST, Tx power, MCS) = (-82,  0, 7) - (mean, std): (0.333061710250701304, 0.020129242055711864)    played    57.41 s,       2467 time(s)
Node 2, (CST, Tx power, MCS) = (-68,  0, 7) - (mean, std): (0.210458923270844617, 0.064018439966447988)    played     2.59 s,        243 time(s)
                                                                                                           played    60.00 s,       2710 time(s)

Node 3, (CST, Tx power, MCS) = (-82,  0, 7) - (mean, std): (0.356393534924338451, 0.018193851153474074)    played    58.13 s,       3020 time(s)
Node 3, (CST, Tx power, MCS) = (-68,  0, 7) - (mean, std): (0.192400003404739228, 0.078086880944303036)    played     1.85 s,        163 time(s)
                                                                                                           played    59.98 s,       3183 time(s)

Mean throughputs: [13.2676 13.2680 10.7226 13.3000]
Aggregate throughput: 50.5582
Min-Max: 2.5774
JFI: 0.9195 [0.2500, 1]
Mean TX power: [0.0000 0.0000 0.0000 0.0000]
TX power counts:
[[ -82  -68]
 [3095  174]]
[[ -82  -68]
 [3024  186]]
[[ -82  -68]
 [2467  243]]
[[ -82  -68]
 [3020  163]]
Mean PCS: [-81.2548 -81.1888 -80.7446 -81.2831]
Mean MCS: [7.0000 7.0000 7.0000 7.0000]

Last 20 seconds of simulation:
Mean throughputs: [12.1692 13.1215 11.4605 14.5624]
Aggregate throughput: 51.3137
Min-Max: 3.1019
JFI: 0.9170 [0.2500, 1]
Mean TX power: [0.0000 0.0000 0.0000 0.0000]
TX power counts:
[[-82 -68]
 [971  23]]
[[-82 -68]
 [990  41]]
[[-82 -68]
 [914  40]]
[[ -82  -68]
 [1093   28]]
Mean PCS: [-81.6761 -81.4433 -81.4130 -81.6503]
Mean MCS: [7.0000 7.0000 7.0000 7.0000]
Simulation time: 60 s
Waiting for simulation script to connect on port: tcp://localhost:5555
Please start proper ns-3 simulation script using ./waf --run "..."
Start
Progress: 0% 10% 20% 30% 40% 50% 60% 70% 80% 90% 100%
Done
Final step: 12371
Node 0, (CST, Tx power, MCS) = (-82,  0, 7) - (mean, std): (0.362437875637884654, 0.017688728441930625)    played    58.30 s,       3195 time(s)
Node 0, (CST, Tx power, MCS) = (-68,  0, 7) - (mean, std): (0.217202316437823950, 0.074953168899586142)    played     1.67 s,        177 time(s)
                                                                                                           played    59.97 s,       3372 time(s)

Node 1, (CST, Tx power, MCS) = (-82,  0, 7) - (mean, std): (0.349193613488337939, 0.018340135728510711)    played    58.14 s,       2972 time(s)
Node 1, (CST, Tx power, MCS) = (-68,  0, 7) - (mean, std): (0.188643317396317817, 0.071428571428571425)    played     1.85 s,        195 time(s)
                                                                                                           played    60.00 s,       3167 time(s)

Node 2, (CST, Tx power, MCS) = (-82,  0, 7) - (mean, std): (0.345588213317548409, 0.018679356335414059)    played    58.63 s,       2865 time(s)
Node 2, (CST, Tx power, MCS) = (-68,  0, 7) - (mean, std): (0.158125772747511190, 0.082760588860236795)    played     1.36 s,        145 time(s)
                                                                                                           played    59.99 s,       3010 time(s)

Node 3, (CST, Tx power, MCS) = (-82,  0, 7) - (mean, std): (0.323656803590438913, 0.019691297286691931)    played    57.29 s,       2578 time(s)
Node 3, (CST, Tx power, MCS) = (-68,  0, 7) - (mean, std): (0.190721551022294128, 0.063887656499993992)    played     2.69 s,        244 time(s)
                                                                                                           played    59.98 s,       2822 time(s)

Mean throughputs: [14.0998 13.0699 12.3498 11.1940]
Aggregate throughput: 50.7134
Min-Max: 2.9058
JFI: 0.9229 [0.2500, 1]
Mean TX power: [0.0000 0.0000 0.0000 0.0000]
TX power counts:
[[ -82  -68]
 [3195  177]]
[[ -82  -68]
 [2972  195]]
[[ -82  -68]
 [2865  145]]
[[ -82  -68]
 [2578  244]]
Mean PCS: [-81.2651 -81.1380 -81.3256 -80.7895]
Mean MCS: [7.0000 7.0000 7.0000 7.0000]

Last 20 seconds of simulation:
Mean throughputs: [13.3546 12.6370 14.0606 12.1432]
Aggregate throughput: 52.1955
Min-Max: 1.9174
JFI: 0.9473 [0.2500, 1]
Mean TX power: [0.0000 0.0000 0.0000 0.0000]
TX power counts:
[[ -82  -68]
 [1016   25]]
[[-82 -68]
 [977  11]]
[[ -82  -68]
 [1086   12]]
[[-82 -68]
 [947  26]]
Mean PCS: [-81.6638 -81.8441 -81.8470 -81.6259]
Mean MCS: [7.0000 7.0000 7.0000 7.0000]
Simulation time: 60 s
Waiting for simulation script to connect on port: tcp://localhost:5555
Please start proper ns-3 simulation script using ./waf --run "..."
Start
Progress: 0% 10% 20% 30% 40% 50% 60% 70% 80% 90% 100%
Done
Final step: 12337
Node 0, (CST, Tx power, MCS) = (-82,  0, 7) - (mean, std): (0.371561952375049187, 0.018221012926975089)    played    57.96 s,       3011 time(s)
Node 0, (CST, Tx power, MCS) = (-68,  0, 7) - (mean, std): (0.218756393841224223, 0.066519010523773930)    played     2.04 s,        225 time(s)
                                                                                                           played    60.00 s,       3236 time(s)

Node 1, (CST, Tx power, MCS) = (-82,  0, 7) - (mean, std): (0.360860521767955467, 0.020133321342825528)    played    57.90 s,       2466 time(s)
Node 1, (CST, Tx power, MCS) = (-68,  0, 7) - (mean, std): (0.243846337056645907, 0.066815310478106099)    played     2.08 s,        223 time(s)
                                                                                                           played    59.98 s,       2689 time(s)

Node 2, (CST, Tx power, MCS) = (-82,  0, 7) - (mean, std): (0.391288635627847159, 0.017059779848373511)    played    58.03 s,       3435 time(s)
Node 2, (CST, Tx power, MCS) = (-68,  0, 7) - (mean, std): (0.240682524559401534, 0.068041381743977170)    played     1.96 s,        215 time(s)
                                                                                                           played    59.99 s,       3650 time(s)

Node 3, (CST, Tx power, MCS) = (-82,  0, 7) - (mean, std): (0.356287304029463903, 0.020281847857870919)    played    56.88 s,       2430 time(s)
Node 3, (CST, Tx power, MCS) = (-68,  0, 7) - (mean, std): (0.260900054063267606, 0.054799662435119099)    played     3.10 s,        332 time(s)
                                                                                                           played    59.98 s,       2762 time(s)

Mean throughputs: [13.4055 10.8963 15.4212 10.9615]
Aggregate throughput: 50.6846
Min-Max: 4.5249
JFI: 0.8707 [0.2500, 1]
Mean TX power: [0.0000 0.0000 0.0000 0.0000]
TX power counts:
[[ -82  -68]
 [3011  225]]
[[ -82  -68]
 [2466  223]]
[[ -82  -68]
 [3435  215]]
[[ -82  -68]
 [2430  332]]
Mean PCS: [-81.0266 -80.8390 -81.1753 -80.3172]
Mean MCS: [7.0000 7.0000 7.0000 7.0000]

Last 20 seconds of simulation:
Mean throughputs: [15.8187 10.6454 14.0013 11.7019]
Aggregate throughput: 52.1673
Min-Max: 5.1733
JFI: 0.8664 [0.2500, 1]
Mean TX power: [0.0000 0.0000 0.0000 0.0000]
TX power counts:
[[ -82  -68]
 [1188   19]]
[[-82 -68]
 [817  48]]
[[ -82  -68]
 [1066   15]]
[[-82 -68]
 [874  52]]
Mean PCS: [-81.7796 -81.2231 -81.8057 -81.2138]
Mean MCS: [7.0000 7.0000 7.0000 7.0000]
Simulation time: 60 s
Waiting for simulation script to connect on port: tcp://localhost:5555
Please start proper ns-3 simulation script using ./waf --run "..."
Start
Progress: 0% 10% 20% 30% 40% 50% 60% 70% 80% 90% 100%
Done
Final step: 12241
Node 0, (CST, Tx power, MCS) = (-82,  0, 7) - (mean, std): (0.334588111797865906, 0.019936305570722502)    played    58.06 s,       2515 time(s)
Node 0, (CST, Tx power, MCS) = (-68,  0, 7) - (mean, std): (0.169305587235717953, 0.074329414624716636)    played     1.93 s,        180 time(s)
                                                                                                           played    60.00 s,       2695 time(s)

Node 1, (CST, Tx power, MCS) = (-82,  0, 7) - (mean, std): (0.353317460776119752, 0.018399022669872974)    played    58.60 s,       2953 time(s)
Node 1, (CST, Tx power, MCS) = (-68,  0, 7) - (mean, std): (0.167662253033712766, 0.081378845877115941)    played     1.39 s,        150 time(s)
                                                                                                           played    60.00 s,       3103 time(s)

Node 2, (CST, Tx power, MCS) = (-82,  0, 7) - (mean, std): (0.375758934913346887, 0.017238817250844786)    played    59.04 s,       3364 time(s)
Node 2, (CST, Tx power, MCS) = (-68,  0, 7) - (mean, std): (0.138394221745037738, 0.100503781525921210)    played     0.96 s,         98 time(s)
                                                                                                           played    60.00 s,       3462 time(s)

Node 3, (CST, Tx power, MCS) = (-82,  0, 7) - (mean, std): (0.339614146819006701, 0.018731716231633878)    played    58.72 s,       2849 time(s)
Node 3, (CST, Tx power, MCS) = (-68,  0, 7) - (mean, std): (0.134849514251773717, 0.086710996952411995)    played     1.26 s,        132 time(s)
                                                                                                           played    59.97 s,       2981 time(s)

Mean throughputs: [11.0843 13.0278 14.9781 12.5024]
Aggregate throughput: 51.5926
Min-Max: 3.8938
JFI: 0.9024 [0.2500, 1]
Mean TX power: [0.0000 0.0000 0.0000 0.0000]
TX power counts:
[[ -82  -68]
 [2515  180]]
[[ -82  -68]
 [2953  150]]
[[ -82  -68]
 [3364   98]]
[[ -82  -68]
 [2849  132]]
Mean PCS: [-81.0649 -81.3232 -81.6037 -81.3801]
Mean MCS: [7.0000 7.0000 7.0000 7.0000]

Last 20 seconds of simulation:
Mean throughputs: [13.1554 10.9035 14.4039 14.1176]
Aggregate throughput: 52.5803
Min-Max: 3.5004
JFI: 0.9053 [0.2500, 1]
Mean TX power: [0.0000 0.0000 0.0000 0.0000]
TX power counts:
[[ -82  -68]
 [1008   15]]
[[-82 -68]
 [843  15]]
[[ -82  -68]
 [1078   19]]
[[ -82  -68]
 [1065   12]]
Mean PCS: [-81.7947 -81.7552 -81.7575 -81.8440]
Mean MCS: [7.0000 7.0000 7.0000 7.0000]
Simulation time: 60 s
Waiting for simulation script to connect on port: tcp://localhost:5555
Please start proper ns-3 simulation script using ./waf --run "..."
Start
Progress: 0% 10% 20% 30% 40% 50% 60% 70% 80% 90% 100%
Done
Final step: 12403
Node 0, (CST, Tx power, MCS) = (-82,  0, 7) - (mean, std): (0.352909761467487926, 0.017780763440580293)    played    57.38 s,       3162 time(s)
Node 0, (CST, Tx power, MCS) = (-68,  0, 7) - (mean, std): (0.192394872065495465, 0.063372425052447792)    played     2.57 s,        248 time(s)
                                                                                                           played    59.95 s,       3410 time(s)

Node 1, (CST, Tx power, MCS) = (-82,  0, 7) - (mean, std): (0.350951483951143894, 0.018202891576965370)    played    58.64 s,       3017 time(s)
Node 1, (CST, Tx power, MCS) = (-68,  0, 7) - (mean, std): (0.165069268139018094, 0.077615052570633294)    played     1.35 s,        165 time(s)
                                                                                                           played    59.99 s,       3182 time(s)

Node 2, (CST, Tx power, MCS) = (-82,  0, 7) - (mean, std): (0.369118387049351571, 0.017067232246187301)    played    58.65 s,       3432 time(s)
Node 2, (CST, Tx power, MCS) = (-68,  0, 7) - (mean, std): (0.191448335777846701, 0.082199493652678646)    played     1.34 s,        147 time(s)
                                                                                                           played    59.99 s,       3579 time(s)

Node 3, (CST, Tx power, MCS) = (-82,  0, 7) - (mean, std): (0.319661096144342072, 0.023318957740501974)    played    56.13 s,       1838 time(s)
Node 3, (CST, Tx power, MCS) = (-68,  0, 7) - (mean, std): (0.231860279894631205, 0.050315460542662761)    played     3.87 s,        394 time(s)
                                                                                                           played    60.00 s,       2232 time(s)

Mean throughputs: [13.9579 13.2940 15.1222  8.1542]
Aggregate throughput: 50.5282
Min-Max: 6.9680
JFI: 0.8257 [0.2500, 1]
Mean TX power: [0.0000 0.0000 0.0000 0.0000]
TX power counts:
[[ -82  -68]
 [3162  248]]
[[ -82  -68]
 [3017  165]]
[[ -82  -68]
 [3432  147]]
[[ -82  -68]
 [1838  394]]
Mean PCS: [-80.9818 -81.2740 -81.4250 -79.5287]
Mean MCS: [7.0000 7.0000 7.0000 7.0000]

Last 20 seconds of simulation:
Mean throughputs: [15.7240 13.2296 14.1591  8.8858]
Aggregate throughput: 51.9985
Min-Max: 6.8381
JFI: 0.8367 [0.2500, 1]
Mean TX power: [0.0000 0.0000 0.0000 0.0000]
TX power counts:
[[ -82  -68]
 [1207    5]]
[[-82 -68]
 [999  19]]
[[ -82  -68]
 [1068   25]]
[[-82 -68]
 [684  60]]
Mean PCS: [-81.9422 -81.7387 -81.6798 -80.8710]
Mean MCS: [7.0000 7.0000 7.0000 7.0000]
Simulation time: 60 s
Waiting for simulation script to connect on port: tcp://localhost:5555
Please start proper ns-3 simulation script using ./waf --run "..."
Start
Progress: 0% 10% 20% 30% 40% 50% 60% 70% 80% 90% 100%
Done
Final step: 12333
Node 0, (CST, Tx power, MCS) = (-82,  0, 7) - (mean, std): (0.338163789406454696, 0.019422053054479065)    played    57.81 s,       2650 time(s)
Node 0, (CST, Tx power, MCS) = (-68,  0, 7) - (mean, std): (0.204050748223627842, 0.068358592702466317)    played     1.85 s,        213 time(s)
                                                                                                           played    59.66 s,       2863 time(s)

Node 1, (CST, Tx power, MCS) = (-82,  0, 7) - (mean, std): (0.380999325720814463, 0.016866980208001866)    played    58.92 s,       3514 time(s)
Node 1, (CST, Tx power, MCS) = (-68,  0, 7) - (mean, std): (0.142326323283906431, 0.093658581158169399)    played     1.07 s,        113 time(s)
                                                                                                           played    59.99 s,       3627 time(s)

Node 2, (CST, Tx power, MCS) = (-82,  0, 7) - (mean, std): (0.346862174419202973, 0.018761362859889375)    played    58.26 s,       2840 time(s)
Node 2, (CST, Tx power, MCS) = (-68,  0, 7) - (mean, std): (0.206223411710460852, 0.080321932890249886)    played     1.71 s,        154 time(s)
                                                                                                           played    59.97 s,       2994 time(s)

Node 3, (CST, Tx power, MCS) = (-82,  0, 7) - (mean, std): (0.342131995437587211, 0.019477234678290496)    played    57.35 s,       2635 time(s)
Node 3, (CST, Tx power, MCS) = (-68,  0, 7) - (mean, std): (0.175911455537925282, 0.068199433947047347)    played     2.65 s,        214 time(s)
                                                                                                           played    60.00 s,       2849 time(s)

Mean throughputs: [11.7211 15.6013 12.3079 11.6343]
Aggregate throughput: 51.2646
Min-Max: 3.9670
JFI: 0.8872 [0.2500, 1]
Mean TX power: [0.0000 0.0000 0.0000 0.0000]
TX power counts:
[[ -82  -68]
 [2650  213]]
[[ -82  -68]
 [3514  113]]
[[ -82  -68]
 [2840  154]]
[[ -82  -68]
 [2635  214]]
Mean PCS: [-80.9584 -81.5638 -81.2799 -80.9484]
Mean MCS: [7.0000 7.0000 7.0000 7.0000]

Last 20 seconds of simulation:
Mean throughputs: [12.4129 15.1683 10.2899 14.5180]
Aggregate throughput: 52.3891
Min-Max: 4.8785
JFI: 0.8725 [0.2500, 1]
Mean TX power: [0.0000 0.0000 0.0000 0.0000]
TX power counts:
[[-82 -68]
 [936  30]]
[[ -82  -68]
 [1151   11]]
[[-82 -68]
 [791  44]]
[[ -82  -68]
 [1109   14]]
Mean PCS: [-81.5652 -81.8675 -81.2623 -81.8255]
Mean MCS: [7.0000 7.0000 7.0000 7.0000]
Simulation time: 60 s
Waiting for simulation script to connect on port: tcp://localhost:5555
Please start proper ns-3 simulation script using ./waf --run "..."
Start
Progress: 0% 10% 20% 30% 40% 50% 60% 70% 80% 90% 100%
Done
Final step: 12350
Node 0, (CST, Tx power, MCS) = (-82,  0, 7) - (mean, std): (0.354444794684015241, 0.018018749253911181)    played    58.43 s,       3079 time(s)
Node 0, (CST, Tx power, MCS) = (-68,  0, 7) - (mean, std): (0.166768234478680721, 0.077382323253413682)    played     1.56 s,        166 time(s)
                                                                                                           played    60.00 s,       3245 time(s)

Node 1, (CST, Tx power, MCS) = (-82,  0, 7) - (mean, std): (0.337290434237924541, 0.020532539058829544)    played    57.56 s,       2371 time(s)
Node 1, (CST, Tx power, MCS) = (-68,  0, 7) - (mean, std): (0.196499048610380783, 0.065938047339578698)    played     2.44 s,        229 time(s)
                                                                                                           played    60.00 s,       2600 time(s)

Node 2, (CST, Tx power, MCS) = (-82,  0, 7) - (mean, std): (0.363682188274674745, 0.017758320057144228)    played    58.75 s,       3170 time(s)
Node 2, (CST, Tx power, MCS) = (-68,  0, 7) - (mean, std): (0.182182323320004974, 0.084818892967997092)    played     1.24 s,        138 time(s)
                                                                                                           played    60.00 s,       3308 time(s)

Node 3, (CST, Tx power, MCS) = (-82,  0, 7) - (mean, std): (0.349553576269113764, 0.018053953616852973)    played    58.71 s,       3067 time(s)
Node 3, (CST, Tx power, MCS) = (-68,  0, 7) - (mean, std): (0.176111637634808194, 0.087370405666103795)    played     1.27 s,        130 time(s)
                                                                                                           played    59.98 s,       3197 time(s)

Mean throughputs: [13.3860 10.4802 13.7923 13.2193]
Aggregate throughput: 50.8778
Min-Max: 3.3122
JFI: 0.9067 [0.2500, 1]
Mean TX power: [0.0000 0.0000 0.0000 0.0000]
TX power counts:
[[ -82  -68]
 [3079  166]]
[[ -82  -68]
 [2371  229]]
[[ -82  -68]
 [3170  138]]
[[ -82  -68]
 [3067  130]]
Mean PCS: [-81.2838 -80.7669 -81.4160 -81.4307]
Mean MCS: [7.0000 7.0000 7.0000 7.0000]

Last 20 seconds of simulation:
Mean throughputs: [13.9310 11.6650 12.6518 14.1001]
Aggregate throughput: 52.3479
Min-Max: 2.4351
JFI: 0.9294 [0.2500, 1]
Mean TX power: [0.0000 0.0000 0.0000 0.0000]
TX power counts:
[[ -82  -68]
 [1073   11]]
[[-82 -68]
 [887  22]]
[[-82 -68]
 [955  23]]
[[ -82  -68]
 [1071   24]]
Mean PCS: [-81.8579 -81.6612 -81.6708 -81.6932]
Mean MCS: [7.0000 7.0000 7.0000 7.0000]
Simulation time: 60 s
Waiting for simulation script to connect on port: tcp://localhost:5555
Please start proper ns-3 simulation script using ./waf --run "..."
Start
Progress: 0% 10% 20% 30% 40% 50% 60% 70% 80% 90% 100%
Done
Final step: 12242
Node 0, (CST, Tx power, MCS) = (-82,  0, 7) - (mean, std): (0.361262537267674488, 0.019024338184511651)    played    58.60 s,       2762 time(s)
Node 0, (CST, Tx power, MCS) = (-68,  0, 7) - (mean, std): (0.177930048281374098, 0.082199493652678646)    played     1.40 s,        147 time(s)
                                                                                                           played    59.99 s,       2909 time(s)

Node 1, (CST, Tx power, MCS) = (-82,  0, 7) - (mean, std): (0.380891734609346833, 0.018386578283823053)    played    58.03 s,       2957 time(s)
Node 1, (CST, Tx power, MCS) = (-68,  0, 7) - (mean, std): (0.227344918756491182, 0.078326044998795738)    played     1.96 s,        162 time(s)
                                                                                                           played    60.00 s,       3119 time(s)

Node 2, (CST, Tx power, MCS) = (-82,  0, 7) - (mean, std): (0.366462246302930006, 0.019521720236075759)    played    57.86 s,       2623 time(s)
Node 2, (CST, Tx power, MCS) = (-68,  0, 7) - (mean, std): (0.252372909299684922, 0.064415662640083082)    played     2.13 s,        240 time(s)
                                                                                                           played    59.99 s,       2863 time(s)

Node 3, (CST, Tx power, MCS) = (-82,  0, 7) - (mean, std): (0.372759382178976972, 0.017694265686843822)    played    58.28 s,       3193 time(s)
Node 3, (CST, Tx power, MCS) = (-68,  0, 7) - (mean, std): (0.170165785644478790, 0.079305158571814416)    played     1.70 s,        158 time(s)
                                                                                                           played    59.98 s,       3351 time(s)

Mean throughputs: [12.1762 13.3560 11.8466 14.1129]
Aggregate throughput: 51.4918
Min-Max: 2.2663
JFI: 0.9340 [0.2500, 1]
Mean TX power: [0.0000 0.0000 0.0000 0.0000]
TX power counts:
[[ -82  -68]
 [2762  147]]
[[ -82  -68]
 [2957  162]]
[[ -82  -68]
 [2623  240]]
[[ -82  -68]
 [3193  158]]
Mean PCS: [-81.2925 -81.2728 -80.8264 -81.3399]
Mean MCS: [7.0000 7.0000 7.0000 7.0000]

Last 20 seconds of simulation:
Mean throughputs: [11.8242 11.9904 12.9227 15.3602]
Aggregate throughput: 52.0974
Min-Max: 3.5360
JFI: 0.9022 [0.2500, 1]
Mean TX power: [0.0000 0.0000 0.0000 0.0000]
TX power counts:
[[-82 -68]
 [912  24]]
[[-82 -68]
 [895  28]]
[[-82 -68]
 [963  54]]
[[ -82  -68]
 [1165   13]]
Mean PCS: [-81.6410 -81.5753 -81.2566 -81.8455]
Mean MCS: [7.0000 7.0000 7.0000 7.0000]
Simulation time: 60 s
Waiting for simulation script to connect on port: tcp://localhost:5555
Please start proper ns-3 simulation script using ./waf --run "..."
Start
Progress: 0% 10% 20% 30% 40% 50% 60% 70% 80% 90% 100%
Done
Final step: 12391
Node 0, (CST, Tx power, MCS) = (-82,  0, 7) - (mean, std): (0.338076609600810096, 0.019484627821345999)    played    57.80 s,       2633 time(s)
Node 0, (CST, Tx power, MCS) = (-68,  0, 7) - (mean, std): (0.198462579562790592, 0.071981575074869450)    played     2.10 s,        192 time(s)
                                                                                                           played    59.91 s,       2825 time(s)

Node 1, (CST, Tx power, MCS) = (-82,  0, 7) - (mean, std): (0.338802637577113375, 0.018854504950126014)    played    58.01 s,       2812 time(s)
Node 1, (CST, Tx power, MCS) = (-68,  0, 7) - (mean, std): (0.184066506594442014, 0.073323557510676651)    played     1.94 s,        185 time(s)
                                                                                                           played    59.96 s,       2997 time(s)

Node 2, (CST, Tx power, MCS) = (-82,  0, 7) - (mean, std): (0.357833664262935613, 0.018284866484620951)    played    57.20 s,       2990 time(s)
Node 2, (CST, Tx power, MCS) = (-68,  0, 7) - (mean, std): (0.201885013957664644, 0.066964953018242498)    played     2.80 s,        222 time(s)
                                                                                                           played    59.99 s,       3212 time(s)

Node 3, (CST, Tx power, MCS) = (-82,  0, 7) - (mean, std): (0.356071559402069138, 0.017694265686843822)    played    58.39 s,       3193 time(s)
Node 3, (CST, Tx power, MCS) = (-68,  0, 7) - (mean, std): (0.171987025164688195, 0.077849894416152296)    played     1.61 s,        164 time(s)
                                                                                                           played    60.00 s,       3357 time(s)

Mean throughputs: [11.3511 12.1921 13.3869 13.9292]
Aggregate throughput: 50.8592
Min-Max: 2.5781
JFI: 0.9266 [0.2500, 1]
Mean TX power: [0.0000 0.0000 0.0000 0.0000]
TX power counts:
[[ -82  -68]
 [2633  192]]
[[ -82  -68]
 [2812  185]]
[[ -82  -68]
 [2990  222]]
[[ -82  -68]
 [3193  164]]
Mean PCS: [-81.0485 -81.1358 -81.0324 -81.3161]
Mean MCS: [7.0000 7.0000 7.0000 7.0000]

Last 20 seconds of simulation:
Mean throughputs: [ 9.4054 14.2497 15.2845 13.7795]
Aggregate throughput: 52.7192
Min-Max: 5.8791
JFI: 0.8544 [0.2500, 1]
Mean TX power: [0.0000 0.0000 0.0000 0.0000]
TX power counts:
[[-82 -68]
 [727  23]]
[[ -82  -68]
 [1079   24]]
[[ -82  -68]
 [1131   15]]
[[ -82  -68]
 [1048   15]]
Mean PCS: [-81.5707 -81.6954 -81.8168 -81.8024]
Mean MCS: [7.0000 7.0000 7.0000 7.0000]
Simulation time: 60 s
Waiting for simulation script to connect on port: tcp://localhost:5555
Please start proper ns-3 simulation script using ./waf --run "..."
Start
Progress: 0% 10% 20% 30% 40% 50% 60% 70% 80% 90% 100%
Done
Final step: 12344
Node 0, (CST, Tx power, MCS) = (-82,  0, 7) - (mean, std): (0.360234387961261449, 0.018383471130732201)    played    57.92 s,       2958 time(s)
Node 0, (CST, Tx power, MCS) = (-68,  0, 7) - (mean, std): (0.230675840009444216, 0.068358592702466317)    played     2.08 s,        213 time(s)
                                                                                                           played    60.00 s,       3171 time(s)

Node 1, (CST, Tx power, MCS) = (-82,  0, 7) - (mean, std): (0.332749464552475782, 0.019888932104393253)    played    57.41 s,       2527 time(s)
Node 1, (CST, Tx power, MCS) = (-68,  0, 7) - (mean, std): (0.182701394185335431, 0.064415662640083082)    played     2.57 s,        240 time(s)
                                                                                                           played    59.98 s,       2767 time(s)

Node 2, (CST, Tx power, MCS) = (-82,  0, 7) - (mean, std): (0.362980507213981285, 0.017652862621712118)    played    58.83 s,       3208 time(s)
Node 2, (CST, Tx power, MCS) = (-68,  0, 7) - (mean, std): (0.176134375251743247, 0.090909090909090912)    played     1.13 s,        120 time(s)
                                                                                                           played    59.96 s,       3328 time(s)

Node 3, (CST, Tx power, MCS) = (-82,  0, 7) - (mean, std): (0.339780781925026643, 0.018512171125523655)    played    58.27 s,       2917 time(s)
Node 3, (CST, Tx power, MCS) = (-68,  0, 7) - (mean, std): (0.161121337743346582, 0.078567420131838608)    played     1.72 s,        161 time(s)
                                                                                                           played    59.99 s,       3078 time(s)

Mean throughputs: [13.0483 11.2150 14.1444 12.5560]
Aggregate throughput: 50.9638
Min-Max: 2.9294
JFI: 0.9237 [0.2500, 1]
Mean TX power: [0.0000 0.0000 0.0000 0.0000]
TX power counts:
[[ -82  -68]
 [2958  213]]
[[ -82  -68]
 [2527  240]]
[[ -82  -68]
 [3208  120]]
[[ -82  -68]
 [2917  161]]
Mean PCS: [-81.0596 -80.7857 -81.4952 -81.2677]
Mean MCS: [7.0000 7.0000 7.0000 7.0000]

Last 20 seconds of simulation:
Mean throughputs: [11.6737 14.4796 13.0602 13.1046]
Aggregate throughput: 52.3181
Min-Max: 2.8059
JFI: 0.9295 [0.2500, 1]
Mean TX power: [0.0000 0.0000 0.0000 0.0000]
TX power counts:
[[-82 -68]
 [901  43]]
[[ -82  -68]
 [1079   21]]
[[-82 -68]
 [984  24]]
[[ -82  -68]
 [1003   17]]
Mean PCS: [-81.3623 -81.7327 -81.6667 -81.7667]
Mean MCS: [7.0000 7.0000 7.0000 7.0000]
Simulation time: 60 s
Waiting for simulation script to connect on port: tcp://localhost:5555
Please start proper ns-3 simulation script using ./waf --run "..."
Start
Progress: 0% 10% 20% 30% 40% 50% 60% 70% 80% 90% 100%
Done
Final step: 12330
Node 0, (CST, Tx power, MCS) = (-82,  0, 7) - (mean, std): (0.351419061647517572, 0.019532889334101800)    played    58.20 s,       2620 time(s)
Node 0, (CST, Tx power, MCS) = (-68,  0, 7) - (mean, std): (0.183881364851524592, 0.074535599249992993)    played     1.79 s,        179 time(s)
                                                                                                           played    59.99 s,       2799 time(s)

Node 1, (CST, Tx power, MCS) = (-82,  0, 7) - (mean, std): (0.366364079220895644, 0.019298691110661622)    played    57.17 s,       2684 time(s)
Node 1, (CST, Tx power, MCS) = (-68,  0, 7) - (mean, std): (0.250985174894935992, 0.058321184351980429)    played     2.81 s,        293 time(s)
                                                                                                           played    59.97 s,       2977 time(s)

Node 2, (CST, Tx power, MCS) = (-82,  0, 7) - (mean, std): (0.363600080290095329, 0.018738292224896536)    played    58.12 s,       2847 time(s)
Node 2, (CST, Tx power, MCS) = (-68,  0, 7) - (mean, std): (0.198894578721275167, 0.067573737839948592)    played     1.87 s,        218 time(s)
                                                                                                           played    60.00 s,       3065 time(s)

Node 3, (CST, Tx power, MCS) = (-82,  0, 7) - (mean, std): (0.373128057502569832, 0.017197979012252743)    played    58.80 s,       3380 time(s)
Node 3, (CST, Tx power, MCS) = (-68,  0, 7) - (mean, std): (0.168481399686041228, 0.095346258924559224)    played     1.19 s,        109 time(s)
                                                                                                           played    59.99 s,       3489 time(s)

Mean throughputs: [11.4004 12.1208 12.5946 14.6631]
Aggregate throughput: 50.7789
Min-Max: 3.2627
JFI: 0.9128 [0.2500, 1]
Mean TX power: [0.0000 0.0000 0.0000 0.0000]
TX power counts:
[[ -82  -68]
 [2620  179]]
[[ -82  -68]
 [2684  293]]
[[ -82  -68]
 [2847  218]]
[[ -82  -68]
 [3380  109]]
Mean PCS: [-81.1047 -80.6221 -81.0042 -81.5626]
Mean MCS: [7.0000 7.0000 7.0000 7.0000]

Last 20 seconds of simulation:
Mean throughputs: [13.8711 10.5094 14.2535 13.8137]
Aggregate throughput: 52.4478
Min-Max: 3.7441
JFI: 0.8966 [0.2500, 1]
Mean TX power: [0.0000 0.0000 0.0000 0.0000]
TX power counts:
[[ -82  -68]
 [1035   23]]
[[-82 -68]
 [803  40]]
[[ -82  -68]
 [1060   29]]
[[ -82  -68]
 [1040   21]]
Mean PCS: [-81.6957 -81.3357 -81.6272 -81.7229]
Mean MCS: [7.0000 7.0000 7.0000 7.0000]
Simulation time: 60 s
Waiting for simulation script to connect on port: tcp://localhost:5555
Please start proper ns-3 simulation script using ./waf --run "..."
Start
Progress: 0% 10% 20% 30% 40% 50% 60% 70% 80% 90% 100%
Done
Final step: 12333
Node 0, (CST, Tx power, MCS) = (-82,  0, 7) - (mean, std): (0.372073650110845033, 0.018233123937236820)    played    58.04 s,       3007 time(s)
Node 0, (CST, Tx power, MCS) = (-68,  0, 7) - (mean, std): (0.196008136674150402, 0.079305158571814416)    played     1.63 s,        158 time(s)
                                                                                                           played    59.67 s,       3165 time(s)

Node 1, (CST, Tx power, MCS) = (-82,  0, 7) - (mean, std): (0.352582468158439077, 0.018921890815214913)    played    57.60 s,       2792 time(s)
Node 1, (CST, Tx power, MCS) = (-68,  0, 7) - (mean, std): (0.209321504860948693, 0.066519010523773930)    played     2.39 s,        225 time(s)
                                                                                                           played    59.99 s,       3017 time(s)

Node 2, (CST, Tx power, MCS) = (-82,  0, 7) - (mean, std): (0.353742586040660723, 0.018595200082640043)    played    57.70 s,       2891 time(s)
Node 2, (CST, Tx power, MCS) = (-68,  0, 7) - (mean, std): (0.190785483194093053, 0.070186240634359645)    played     2.30 s,        202 time(s)
                                                                                                           played    60.00 s,       3093 time(s)

Node 3, (CST, Tx power, MCS) = (-82,  0, 7) - (mean, std): (0.359828764266548140, 0.018585562766583220)    played    58.39 s,       2894 time(s)
Node 3, (CST, Tx power, MCS) = (-68,  0, 7) - (mean, std): (0.196973127423452715, 0.077849894416152296)    played     1.20 s,        164 time(s)
                                                                                                           played    59.59 s,       3058 time(s)

Mean throughputs: [13.4666 12.3328 12.7168 12.7953]
Aggregate throughput: 51.3115
Min-Max: 1.1337
JFI: 0.9692 [0.2500, 1]
Mean TX power: [0.0000 0.0000 0.0000 0.0000]
TX power counts:
[[ -82  -68]
 [3007  158]]
[[ -82  -68]
 [2792  225]]
[[ -82  -68]
 [2891  202]]
[[ -82  -68]
 [2894  164]]
Mean PCS: [-81.3011 -80.9559 -81.0857 -81.2492]
Mean MCS: [7.0000 7.0000 7.0000 7.0000]

Last 20 seconds of simulation:
Mean throughputs: [11.4843 12.9721 16.1590 12.2814]
Aggregate throughput: 52.8968
Min-Max: 4.6748
JFI: 0.8817 [0.2500, 1]
Mean TX power: [0.0000 0.0000 0.0000 0.0000]
TX power counts:
[[-82 -68]
 [843  28]]
[[ -82  -68]
 [1010   23]]
[[ -82  -68]
 [1208   15]]
[[-82 -68]
 [916  24]]
Mean PCS: [-81.5499 -81.6883 -81.8283 -81.6426]
Mean MCS: [7.0000 7.0000 7.0000 7.0000]
Simulation time: 60 s
Waiting for simulation script to connect on port: tcp://localhost:5555
Please start proper ns-3 simulation script using ./waf --run "..."
Start
Progress: 0% 10% 20% 30% 40% 50% 60% 70% 80% 90% 100%
Done
Final step: 12313
Node 0, (CST, Tx power, MCS) = (-82,  0, 7) - (mean, std): (0.327603524098289356, 0.022048693185121180)    played    56.19 s,       2056 time(s)
Node 0, (CST, Tx power, MCS) = (-68,  0, 7) - (mean, std): (0.233049842658005463, 0.052631578947368418)    played     3.80 s,        360 time(s)
                                                                                                           played    60.00 s,       2416 time(s)

Node 1, (CST, Tx power, MCS) = (-82,  0, 7) - (mean, std): (0.384586861866751561, 0.016963778593599418)    played    58.79 s,       3474 time(s)
Node 1, (CST, Tx power, MCS) = (-68,  0, 7) - (mean, std): (0.185928186955578750, 0.088045090632562384)    played     1.20 s,        128 time(s)
                                                                                                           played    59.99 s,       3602 time(s)

Node 2, (CST, Tx power, MCS) = (-82,  0, 7) - (mean, std): (0.340506174873835721, 0.019142481328851560)    played    57.48 s,       2728 time(s)
Node 2, (CST, Tx power, MCS) = (-68,  0, 7) - (mean, std): (0.203313101248806333, 0.069006555934235422)    played     2.14 s,        209 time(s)
                                                                                                           played    59.62 s,       2937 time(s)

Node 3, (CST, Tx power, MCS) = (-82,  0, 7) - (mean, std): (0.384116691791269060, 0.017617214086056331)    played    58.76 s,       3221 time(s)
Node 3, (CST, Tx power, MCS) = (-68,  0, 7) - (mean, std): (0.186467962092403655, 0.085125653075874858)    played     1.23 s,        137 time(s)
                                                                                                           played    59.99 s,       3358 time(s)

Mean throughputs: [ 9.1710 15.2877 11.8248 14.3924]
Aggregate throughput: 50.6760
Min-Max: 6.1167
JFI: 0.8415 [0.2500, 1]
Mean TX power: [0.0000 0.0000 0.0000 0.0000]
TX power counts:
[[ -82  -68]
 [2056  360]]
[[ -82  -68]
 [3474  128]]
[[ -82  -68]
 [2728  209]]
[[ -82  -68]
 [3221  137]]
Mean PCS: [-79.9139 -81.5025 -81.0037 -81.4288]
Mean MCS: [7.0000 7.0000 7.0000 7.0000]

Last 20 seconds of simulation:
Mean throughputs: [10.3965 13.8834 12.9359 14.1332]
Aggregate throughput: 51.3490
Min-Max: 3.7367
JFI: 0.8967 [0.2500, 1]
Mean TX power: [0.0000 0.0000 0.0000 0.0000]
TX power counts:
[[-82 -68]
 [803  62]]
[[ -82  -68]
 [1064   21]]
[[ -82  -68]
 [1001   50]]
[[ -82  -68]
 [1081   17]]
Mean PCS: [-80.9965 -81.7290 -81.3340 -81.7832]
Mean MCS: [7.0000 7.0000 7.0000 7.0000]
Simulation time: 60 s
Waiting for simulation script to connect on port: tcp://localhost:5555
Please start proper ns-3 simulation script using ./waf --run "..."
Start
Progress: 0% 10% 20% 30% 40% 50% 60% 70% 80% 90% 100%
Done
Final step: 12337
Node 0, (CST, Tx power, MCS) = (-82,  0, 7) - (mean, std): (0.351896960991441465, 0.018595200082640043)    played    57.92 s,       2891 time(s)
Node 0, (CST, Tx power, MCS) = (-68,  0, 7) - (mean, std): (0.195354416777742262, 0.070710678118654752)    played     2.06 s,        199 time(s)
                                                                                                           played    59.97 s,       3090 time(s)

Node 1, (CST, Tx power, MCS) = (-82,  0, 7) - (mean, std): (0.361837500206456386, 0.017851451337362548)    played    58.31 s,       3137 time(s)
Node 1, (CST, Tx power, MCS) = (-68,  0, 7) - (mean, std): (0.141825711458047510, 0.088388347648318447)    played     1.68 s,        127 time(s)
                                                                                                           played    59.99 s,       3264 time(s)

Node 2, (CST, Tx power, MCS) = (-82,  0, 7) - (mean, std): (0.347579762565821737, 0.019302285912054573)    played    57.87 s,       2683 time(s)
Node 2, (CST, Tx power, MCS) = (-68,  0, 7) - (mean, std): (0.202590618361915997, 0.068041381743977170)    played     2.12 s,        215 time(s)
                                                                                                           played    59.99 s,       2898 time(s)

Node 3, (CST, Tx power, MCS) = (-82,  0, 7) - (mean, std): (0.346475581882408845, 0.018402137716482931)    played    58.64 s,       2952 time(s)
Node 3, (CST, Tx power, MCS) = (-68,  0, 7) - (mean, std): (0.162411570385189552, 0.086386842558136015)    played     1.36 s,        133 time(s)
                                                                                                           played    60.00 s,       3085 time(s)

Mean throughputs: [12.8093 13.7737 11.8199 12.6803]
Aggregate throughput: 51.0832
Min-Max: 1.9538
JFI: 0.9485 [0.2500, 1]
Mean TX power: [0.0000 0.0000 0.0000 0.0000]
TX power counts:
[[ -82  -68]
 [2891  199]]
[[ -82  -68]
 [3137  127]]
[[ -82  -68]
 [2683  215]]
[[ -82  -68]
 [2952  133]]
Mean PCS: [-81.0984 -81.4553 -80.9614 -81.3964]
Mean MCS: [7.0000 7.0000 7.0000 7.0000]

Last 20 seconds of simulation:
Mean throughputs: [12.5184 14.9377 12.0751 12.2226]
Aggregate throughput: 51.7538
Min-Max: 2.8626
JFI: 0.9174 [0.2500, 1]
Mean TX power: [0.0000 0.0000 0.0000 0.0000]
TX power counts:
[[-82 -68]
 [958  30]]
[[ -82  -68]
 [1130    9]]
[[-82 -68]
 [937  30]]
[[-82 -68]
 [967  21]]
Mean PCS: [-81.5749 -81.8894 -81.5657 -81.7024]
Mean MCS: [7.0000 7.0000 7.0000 7.0000]
Simulation time: 60 s
Waiting for simulation script to connect on port: tcp://localhost:5555
Please start proper ns-3 simulation script using ./waf --run "..."
Start
Progress: 0% 10% 20% 30% 40% 50% 60% 70% 80% 90% 100%
Done
Final step: 12388
Node 0, (CST, Tx power, MCS) = (-82,  0, 7) - (mean, std): (0.327965370434226078, 0.018935454896394255)    played    57.79 s,       2788 time(s)
Node 0, (CST, Tx power, MCS) = (-68,  0, 7) - (mean, std): (0.191950392388138602, 0.065795169495976899)    played     2.20 s,        230 time(s)
                                                                                                           played    59.99 s,       3018 time(s)

Node 1, (CST, Tx power, MCS) = (-82,  0, 7) - (mean, std): (0.358330675688108946, 0.017600833595219072)    played    59.03 s,       3227 time(s)
Node 1, (CST, Tx power, MCS) = (-68,  0, 7) - (mean, std): (0.149471533561218950, 0.092057461789832332)    played     0.97 s,        117 time(s)
                                                                                                           played    60.00 s,       3344 time(s)

Node 2, (CST, Tx power, MCS) = (-82,  0, 7) - (mean, std): (0.329997401939027990, 0.018921890815214913)    played    58.32 s,       2792 time(s)
Node 2, (CST, Tx power, MCS) = (-68,  0, 7) - (mean, std): (0.160535006098429439, 0.077849894416152296)    played     1.66 s,        164 time(s)
                                                                                                           played    59.98 s,       2956 time(s)

Node 3, (CST, Tx power, MCS) = (-82,  0, 7) - (mean, std): (0.335748196093638485, 0.018653340506165916)    played    58.05 s,       2873 time(s)
Node 3, (CST, Tx power, MCS) = (-68,  0, 7) - (mean, std): (0.163057860945710231, 0.071066905451870152)    played     1.94 s,        197 time(s)
                                                                                                           played    59.99 s,       3070 time(s)

Mean throughputs: [12.1081 13.9955 11.9841 12.6081]
Aggregate throughput: 50.6958
Min-Max: 2.0115
JFI: 0.9408 [0.2500, 1]
Mean TX power: [0.0000 0.0000 0.0000 0.0000]
TX power counts:
[[ -82  -68]
 [2788  230]]
[[ -82  -68]
 [3227  117]]
[[ -82  -68]
 [2792  164]]
[[ -82  -68]
 [2873  197]]
Mean PCS: [-80.9331 -81.5102 -81.2233 -81.1016]
Mean MCS: [7.0000 7.0000 7.0000 7.0000]

Last 20 seconds of simulation:
Mean throughputs: [12.2195 14.6470 11.4149 13.8999]
Aggregate throughput: 52.1814
Min-Max: 3.2321
JFI: 0.9101 [0.2500, 1]
Mean TX power: [0.0000 0.0000 0.0000 0.0000]
TX power counts:
[[-82 -68]
 [949  35]]
[[ -82  -68]
 [1095   16]]
[[-82 -68]
 [897  22]]
[[ -82  -68]
 [1056   12]]
Mean PCS: [-81.5020 -81.7984 -81.6649 -81.8427]
Mean MCS: [7.0000 7.0000 7.0000 7.0000]
Simulation time: 60 s
Waiting for simulation script to connect on port: tcp://localhost:5555
Please start proper ns-3 simulation script using ./waf --run "..."
Start
Progress: 0% 10% 20% 30% 40% 50% 60% 70% 80% 90% 100%
Done
Final step: 12320
Node 0, (CST, Tx power, MCS) = (-82,  0, 7) - (mean, std): (0.328135072065002809, 0.021310387296367059)    played    56.47 s,       2201 time(s)
Node 0, (CST, Tx power, MCS) = (-68,  0, 7) - (mean, std): (0.219743545513221422, 0.053994924715603888)    played     3.52 s,        342 time(s)
                                                                                                           played    59.99 s,       2543 time(s)

Node 1, (CST, Tx power, MCS) = (-82,  0, 7) - (mean, std): (0.366374646619656297, 0.017619948616780765)    played    58.92 s,       3220 time(s)
Node 1, (CST, Tx power, MCS) = (-68,  0, 7) - (mean, std): (0.154009770319767397, 0.096225044864937631)    played     1.07 s,        107 time(s)
                                                                                                           played    59.99 s,       3327 time(s)

Node 2, (CST, Tx power, MCS) = (-82,  0, 7) - (mean, std): (0.357992327028281099, 0.018380365552345193)    played    58.20 s,       2959 time(s)
Node 2, (CST, Tx power, MCS) = (-68,  0, 7) - (mean, std): (0.172469995508429674, 0.074743509275193590)    played     1.78 s,        178 time(s)
                                                                                                           played    59.98 s,       3137 time(s)

Node 3, (CST, Tx power, MCS) = (-82,  0, 7) - (mean, std): (0.371516272202455700, 0.017710908674395363)    played    58.82 s,       3187 time(s)
Node 3, (CST, Tx power, MCS) = (-68,  0, 7) - (mean, std): (0.164646256793039458, 0.088735650941611371)    played     1.15 s,        126 time(s)
                                                                                                           played    59.97 s,       3313 time(s)

Mean throughputs: [ 9.8904 14.0883 13.1297 13.8968]
Aggregate throughput: 51.0051
Min-Max: 4.1979
JFI: 0.8830 [0.2500, 1]
Mean TX power: [0.0000 0.0000 0.0000 0.0000]
TX power counts:
[[ -82  -68]
 [2201  342]]
[[ -82  -68]
 [3220  107]]
[[ -82  -68]
 [2959  178]]
[[ -82  -68]
 [3187  126]]
Mean PCS: [-80.1172 -81.5497 -81.2056 -81.4676]
Mean MCS: [7.0000 7.0000 7.0000 7.0000]

Last 20 seconds of simulation:
Mean throughputs: [11.0506 11.5836 14.8952 14.6080]
Aggregate throughput: 52.1374
Min-Max: 3.8445
JFI: 0.8828 [0.2500, 1]
Mean TX power: [0.0000 0.0000 0.0000 0.0000]
TX power counts:
[[-82 -68]
 [853  47]]
[[-82 -68]
 [906  21]]
[[ -82  -68]
 [1100   17]]
[[ -82  -68]
 [1111   25]]
Mean PCS: [-81.2689 -81.6828 -81.7869 -81.6919]
Mean MCS: [7.0000 7.0000 7.0000 7.0000]
Simulation time: 60 s
Waiting for simulation script to connect on port: tcp://localhost:5555
Please start proper ns-3 simulation script using ./waf --run "..."
Start
Progress: 0% 10% 20% 30% 40% 50% 60% 70% 80% 90% 100%
Done
Final step: 12426
Node 0, (CST, Tx power, MCS) = (-82,  0, 7) - (mean, std): (0.372623757142117484, 0.017228580422595965)    played    58.85 s,       3368 time(s)
Node 0, (CST, Tx power, MCS) = (-68,  0, 7) - (mean, std): (0.185600741283996451, 0.088388347648318447)    played     1.15 s,        127 time(s)
                                                                                                           played    60.00 s,       3495 time(s)

Node 1, (CST, Tx power, MCS) = (-82,  0, 7) - (mean, std): (0.355461333385404088, 0.018027531034590399)    played    57.88 s,       3076 time(s)
Node 1, (CST, Tx power, MCS) = (-68,  0, 7) - (mean, std): (0.206805459313387952, 0.070888120500833596)    played     2.08 s,        198 time(s)
                                                                                                           played    59.96 s,       3274 time(s)

Node 2, (CST, Tx power, MCS) = (-82,  0, 7) - (mean, std): (0.358742203775237523, 0.018080492721836983)    played    57.89 s,       3058 time(s)
Node 2, (CST, Tx power, MCS) = (-68,  0, 7) - (mean, std): (0.227112770210721460, 0.062500000000000000)    played     2.09 s,        255 time(s)
                                                                                                           played    59.98 s,       3313 time(s)

Node 3, (CST, Tx power, MCS) = (-82,  0, 7) - (mean, std): (0.317756266390110564, 0.022479005982349899)    played    55.98 s,       1978 time(s)
Node 3, (CST, Tx power, MCS) = (-68,  0, 7) - (mean, std): (0.209724800341258566, 0.052199575097188054)    played     3.99 s,        366 time(s)
                                                                                                           played    59.97 s,       2344 time(s)

Mean throughputs: [14.5410 13.4524 13.5734  8.7934]
Aggregate throughput: 50.3601
Min-Max: 5.7476
JFI: 0.8494 [0.2500, 1]
Mean TX power: [0.0000 0.0000 0.0000 0.0000]
TX power counts:
[[ -82  -68]
 [3368  127]]
[[ -82  -68]
 [3076  198]]
[[ -82  -68]
 [3058  255]]
[[ -82  -68]
 [1978  366]]
Mean PCS: [-81.4913 -81.1533 -80.9224 -79.8140]
Mean MCS: [7.0000 7.0000 7.0000 7.0000]

Last 20 seconds of simulation:
Mean throughputs: [12.7961 13.6113 14.2976 11.7407]
Aggregate throughput: 52.4457
Min-Max: 2.5569
JFI: 0.9322 [0.2500, 1]
Mean TX power: [0.0000 0.0000 0.0000 0.0000]
TX power counts:
[[-82 -68]
 [970  26]]
[[ -82  -68]
 [1023   18]]
[[ -82  -68]
 [1085   17]]
[[-82 -68]
 [885  43]]
Mean PCS: [-81.6345 -81.7579 -81.7840 -81.3513]
Mean MCS: [7.0000 7.0000 7.0000 7.0000]
Simulation time: 60 s
Waiting for simulation script to connect on port: tcp://localhost:5555
Please start proper ns-3 simulation script using ./waf --run "..."
Start
Progress: 0% 10% 20% 30% 40% 50% 60% 70% 80% 90% 100%
Done
Final step: 12317
Node 0, (CST, Tx power, MCS) = (-82,  0, 7) - (mean, std): (0.348509397228680184, 0.018175810642192161)    played    58.69 s,       3026 time(s)
Node 0, (CST, Tx power, MCS) = (-68,  0, 7) - (mean, std): (0.144447196030265124, 0.085749292571254424)    played     1.31 s,        135 time(s)
                                                                                                           played    60.00 s,       3161 time(s)

Node 1, (CST, Tx power, MCS) = (-82,  0, 7) - (mean, std): (0.324081791422010712, 0.021295885499997998)    played    57.50 s,       2204 time(s)
Node 1, (CST, Tx power, MCS) = (-68,  0, 7) - (mean, std): (0.213260217556137804, 0.062378286155180533)    played     2.41 s,        256 time(s)
                                                                                                           played    59.92 s,       2460 time(s)

Node 2, (CST, Tx power, MCS) = (-82,  0, 7) - (mean, std): (0.371570610616244468, 0.017617214086056331)    played    58.53 s,       3221 time(s)
Node 2, (CST, Tx power, MCS) = (-68,  0, 7) - (mean, std): (0.184951063884627509, 0.081110710565381272)    played     1.46 s,        151 time(s)
                                                                                                           played    59.99 s,       3372 time(s)

Node 3, (CST, Tx power, MCS) = (-82,  0, 7) - (mean, std): (0.358293144686505416, 0.017636382584553450)    played    58.84 s,       3214 time(s)
Node 3, (CST, Tx power, MCS) = (-68,  0, 7) - (mean, std): (0.131599074595893428, 0.094915799575249898)    played     1.14 s,        110 time(s)
                                                                                                           played    59.98 s,       3324 time(s)

Mean throughputs: [13.1385  9.6798 14.3003 13.9787]
Aggregate throughput: 51.0972
Min-Max: 4.6205
JFI: 0.8743 [0.2500, 1]
Mean TX power: [0.0000 0.0000 0.0000 0.0000]
TX power counts:
[[ -82  -68]
 [3026  135]]
[[ -82  -68]
 [2204  256]]
[[ -82  -68]
 [3221  151]]
[[ -82  -68]
 [3214  110]]
Mean PCS: [-81.4021 -80.5431 -81.3731 -81.5367]
Mean MCS: [7.0000 7.0000 7.0000 7.0000]

Last 20 seconds of simulation:
Mean throughputs: [14.6987 10.7421 13.2397 13.6797]
Aggregate throughput: 52.3602
Min-Max: 3.9566
JFI: 0.9000 [0.2500, 1]
Mean TX power: [0.0000 0.0000 0.0000 0.0000]
TX power counts:
[[ -82  -68]
 [1124   10]]
[[-82 -68]
 [822  46]]
[[ -82  -68]
 [1005   12]]
[[ -82  -68]
 [1059    7]]
Mean PCS: [-81.8765 -81.2581 -81.8348 -81.9081]
Mean MCS: [7.0000 7.0000 7.0000 7.0000]
Simulation time: 60 s
Waiting for simulation script to connect on port: tcp://localhost:5555
Please start proper ns-3 simulation script using ./waf --run "..."
Start
Progress: 0% 10% 20% 30% 40% 50% 60% 70% 80% 90% 100%
Done
Final step: 12309
Node 0, (CST, Tx power, MCS) = (-82,  0, 7) - (mean, std): (0.358112951581781080, 0.018650096164806274)    played    58.08 s,       2874 time(s)
Node 0, (CST, Tx power, MCS) = (-68,  0, 7) - (mean, std): (0.198076979340990250, 0.069673301429161769)    played     1.92 s,        205 time(s)
                                                                                                           played    60.00 s,       3079 time(s)

Node 1, (CST, Tx power, MCS) = (-82,  0, 7) - (mean, std): (0.368797472132924742, 0.017747130188322274)    played    58.90 s,       3174 time(s)
Node 1, (CST, Tx power, MCS) = (-68,  0, 7) - (mean, std): (0.197356279939343404, 0.089802651013387455)    played     1.10 s,        123 time(s)
                                                                                                           played    60.00 s,       3297 time(s)

Node 2, (CST, Tx power, MCS) = (-82,  0, 7) - (mean, std): (0.344461713647146395, 0.020924348765934363)    played    57.28 s,       2283 time(s)
Node 2, (CST, Tx power, MCS) = (-68,  0, 7) - (mean, std): (0.221790359537794829, 0.059976014390406715)    played     2.72 s,        277 time(s)
                                                                                                           played    59.99 s,       2560 time(s)

Node 3, (CST, Tx power, MCS) = (-82,  0, 7) - (mean, std): (0.371330877963083283, 0.017589938618257295)    played    58.47 s,       3231 time(s)
Node 3, (CST, Tx power, MCS) = (-68,  0, 7) - (mean, std): (0.184233763594501304, 0.083624201000709081)    played     1.48 s,        142 time(s)
                                                                                                           played    59.94 s,       3373 time(s)

Mean throughputs: [12.7289 13.7499 10.2010 14.3275]
Aggregate throughput: 51.0074
Min-Max: 4.1265
JFI: 0.8898 [0.2500, 1]
Mean TX power: [0.0000 0.0000 0.0000 0.0000]
TX power counts:
[[ -82  -68]
 [2874  205]]
[[ -82  -68]
 [3174  123]]
[[ -82  -68]
 [2283  277]]
[[ -82  -68]
 [3231  142]]
Mean PCS: [-81.0679 -81.4777 -80.4852 -81.4106]
Mean MCS: [7.0000 7.0000 7.0000 7.0000]

Last 20 seconds of simulation:
Mean throughputs: [13.2337 12.9821 11.3675 14.3240]
Aggregate throughput: 51.9074
Min-Max: 2.9565
JFI: 0.9247 [0.2500, 1]
Mean TX power: [0.0000 0.0000 0.0000 0.0000]
TX power counts:
[[ -82  -68]
 [1017   16]]
[[-82 -68]
 [992  26]]
[[-82 -68]
 [884  33]]
[[ -82  -68]
 [1103   12]]
Mean PCS: [-81.7832 -81.6424 -81.4962 -81.8493]
Mean MCS: [7.0000 7.0000 7.0000 7.0000]
