Simulation time: 100.0 s
Seed: 1
Waiting for simulation script to connect on port: tcp://localhost:50000
Please start proper ns-3 simulation script using ./waf --run "..."
Start
Progress: 0% 10% 20% 30% 40% 50% 60% 70% 80% 90% 100%
Done
Final step: 10241
Node 0 - Refine time: -1000000000.0, UB(s): [65] Mbps
Node    CST    Tx pow                    Mean                     Std    Played (s)    Played (count)
   0  -64.0        23    0.686259664808672731    0.061898446059017287         21.59               260
   0  -63.0        23    0.706792260337538392    0.056704797712374272         25.94               310
   0  -81.0        23    0.234376208175821249    0.179605302026774910          9.15                30
   0  -80.0        23    0.224808996708043773    0.192450089729875262          6.49                26
   0  -78.0        23    0.336147835577734921    0.149071198499985985          7.10                44
   0  -74.0        23    0.348328130888323817    0.160128153805087131          5.58                38
   0  -69.0        23    0.545054523372107469    0.113227703414459577          8.87                77
   0  -62.0        23    0.641047993160704266    0.077382323253413682         15.27               166
                                                                              99.98               951    Tot

Node 1 - Refine time: -1000000000.0, UB(s): [65] Mbps
Node    CST    Tx pow                    Mean                     Std    Played (s)    Played (count)
   1  -64.0        23    0.173252971492790148    0.149071198499985985         11.01                44
   1  -81.0        23    0.036783716340190606    0.196116135138184045         10.65                25
   1  -77.0        23    0.062384114529692329    0.188982236504613599         11.55                27
   1  -72.0        23    0.066681170253559935    0.204124145231931509         10.12                23
   1  -71.0        23    0.051572562615363624    0.182574185835055358         12.58                29
   1  -69.0        23    0.198185085037914627    0.150755672288881815         10.37                43
   1  -66.0        23    0.149346967088498372    0.162221421130762544         10.96                37
   1  -65.0        23    0.191575417703917145    0.145864991497894558         11.49                46
   1  -62.0        23    0.224880652748415677    0.140028008402800969         11.06                50
                                                                              99.78               324    Tot

Node 2 - Refine time: -1000000000.0, UB(s): [65] Mbps
Node    CST    Tx pow                    Mean                     Std    Played (s)    Played (count)
   2  -82.0        23    0.007111410526315788    0.229415733870561772          9.00                18
   2  -81.0        23    0.012581726315789478    0.229415733870561772          9.00                18
   2  -80.0        23    0.009112384677402415    0.229415733870561772          8.69                18
   2  -79.0        23    0.012490880000000001    0.223606797749978964          9.50                19
   2  -76.0        23    0.056247721877188767    0.200000000000000011         11.14                24
   2  -75.0        23    0.053957780029056504    0.235702260395515839          7.89                17
   2  -70.0        23    0.163043654499648666    0.174077655955697852         10.90                32
   2  -69.0        23    0.242478234464616721    0.150755672288881815         11.03                43
   2  -62.0        23    0.433898837312100549    0.075164602800282879         22.46               176
                                                                              99.61               365    Tot

Node 3 - Refine time: -1000000000.0, UB(s): [65] Mbps
Node    CST    Tx pow                    Mean                     Std    Played (s)    Played (count)
   3  -64.0        23    0.619164551435419819    0.087038827977848926         11.79               131
   3  -82.0        23    0.013310171428571433    0.267261241912424397          6.50                13
   3  -80.0        23    0.015360152100103344    0.267261241912424397          6.18                13
   3  -79.0        23    0.055055671238157619    0.250000000000000000          7.04                15
   3  -77.0        23    0.085289051528420104    0.242535625036332969          6.81                16
   3  -73.0        23    0.255118501377999907    0.188982236504613599          6.45                27
   3  -71.0        23    0.189352343537076528    0.213200716355610442          6.04                21
   3  -69.0        23    0.377448004906846712    0.158113883008418971          6.18                39
   3  -68.0        23    0.441780440953112141    0.138675049056307287          6.77                51
   3  -67.0        23    0.459122891109078834    0.131306432859722544          6.89                57
   3  -66.0        23    0.555522814718005353    0.104828483672191830          9.03                90
   3  -62.0        23    0.725185922625898205    0.060412209333017691         19.95               273
                                                                              99.61               746    Tot

Node 4 - Refine time: -1000000000.0, UB(s): [65] Mbps
Node    CST    Tx pow                    Mean                     Std    Played (s)    Played (count)
   4  -63.0        23    0.355252221184702288    0.115470053837925163         11.54                74
   4  -81.0        23    0.012412952810853315    0.250000000000000000          7.48                15
   4  -79.0        23    0.030728218934783016    0.229415733870561772          8.88                18
   4  -78.0        23    0.070975336358562513    0.208514414057074771          9.41                22
   4  -75.0        23    0.168403139252171763    0.169030850945703304         11.41                34
   4  -73.0        23    0.115104923008000584    0.218217890235992362          7.47                20
   4  -70.0        23    0.174306252213925955    0.174077655955697852         10.14                32
   4  -68.0        23    0.266924608507216499    0.145864991497894558         10.34                46
   4  -65.0        23    0.349618641863672308    0.117851130197757920         13.40                71
   4  -62.0        23    0.411926079033866965    0.114707866935280886          9.66                75
                                                                              99.73               407    Tot

Node 5 - Refine time: -1000000000.0, UB(s): [65] Mbps
Node    CST    Tx pow                    Mean                     Std    Played (s)    Played (count)
   5  -64.0        23    0.539882578005148939    0.088735650941611371         12.54               126
   5  -81.0        23    0.011185493333333333    0.258198889747161098          7.00                14
   5  -80.0        23    0.012458400000000001    0.250000000000000000          7.50                15
   5  -79.0        23    0.026918302079254337    0.250000000000000000          7.14                15
   5  -78.0        23    0.043545599816400764    0.229415733870561772          8.61                18
   5  -75.0        23    0.080642923468434324    0.242535625036332969          6.69                16
   5  -70.0        23    0.204598096246915606    0.188982236504613599          8.18                27
   5  -69.0        23    0.260484937092540614    0.160128153805087131          9.11                38
   5  -65.0        23    0.551962763397300327    0.080064076902543566         15.17               155
   5  -62.0        23    0.596254039396442170    0.070359754473029182         18.00               201
                                                                              99.95               625    Tot

Node 6 - Refine time: -1000000000.0, UB(s): [65] Mbps
Node    CST    Tx pow                    Mean                     Std    Played (s)    Played (count)
   6  -64.0        23    0.370700206653794606    0.134839972492648424          6.70                54
   6  -81.0        23    0.017944976834751693    0.235702260395515839          8.23                17
   6  -79.0        23    0.028993302655890573    0.258198889747161098          6.42                14
   6  -78.0        23    0.010721129411764707    0.242535625036332969          8.00                16
   6  -76.0        23    0.074196669580734911    0.213200716355610442          8.45                21
   6  -75.0        23    0.093300212845874100    0.229415733870561772          6.98                18
   6  -74.0        23    0.154908940145005253    0.188982236504613599          9.50                27
   6  -73.0        23    0.129601908704709196    0.229415733870561772          6.06                18
   6  -71.0        23    0.159136540297311668    0.204124145231931509          6.06                23
   6  -70.0        23    0.160228875818494237    0.200000000000000011          6.66                24
   6  -68.0        23    0.172779295387184950    0.204124145231931509          6.29                23
   6  -67.0        23    0.327281533775092448    0.145864991497894558          6.84                46
   6  -65.0        23    0.432445793999389150    0.119522860933439362          8.47                69
   6  -62.0        23    0.335732224195204210    0.162221421130762544          5.23                37
                                                                              99.89               407    Tot

Node 7 - Refine time: -1000000000.0, UB(s): [65] Mbps
Node    CST    Tx pow                    Mean                     Std    Played (s)    Played (count)
   7  -81.0        23    0.010368853333333334    0.258198889747161098          7.00                14
   7  -79.0        23    0.026027421058995630    0.250000000000000000          7.50                15
   7  -78.0        23    0.021242244167012096    0.229415733870561772          8.35                18
   7  -76.0        23    0.028021119608698915    0.229415733870561772          8.56                18
   7  -74.0        23    0.053612118967227548    0.223606797749978964          8.71                19
   7  -71.0        23    0.176880754205263557    0.200000000000000011          7.02                24
   7  -70.0        23    0.238412934608883686    0.162221421130762544          9.73                37
   7  -65.0        23    0.524835869147453282    0.073720978077448568         19.21               183
   7  -62.0        23    0.581774405474602907    0.061780206321521550         23.91               261
                                                                              99.98               589    Tot

Node 8 - Refine time: -1000000000.0, UB(s): [65] Mbps
Node    CST    Tx pow                    Mean                     Std    Played (s)    Played (count)
   8  -64.0        23    0.169829567990110369    0.160128153805087131         10.98                38
   8  -63.0        23    0.192657579704096915    0.144337567297406433         10.86                47
   8  -80.0        23    0.030458006634897099    0.204124145231931509         10.70                23
   8  -76.0        23    0.058620135777688986    0.213200716355610442          9.15                21
   8  -72.0        23    0.084475053677424708    0.164398987305357291         13.77                36
   8  -70.0        23    0.125239919348926282    0.176776695296636893         11.64                31
   8  -67.0        23    0.146862858399932517    0.164398987305357291         11.35                36
   8  -66.0        23    0.182513673969366963    0.152498570332604666         10.96                42
   8  -62.0        23    0.226431784890929882    0.141421356237309503         10.43                49
                                                                              99.84               323    Tot

Node 9 - Refine time: -1000000000.0, UB(s): [65] Mbps
Node    CST    Tx pow                    Mean                     Std    Played (s)    Played (count)
   9  -63.0        23    0.555130743272710281    0.061898446059017287         26.69               260
   9  -80.0        23    0.187437988726009752    0.171498585142508847          8.67                33
   9  -78.0        23    0.217639098849332441    0.174077655955697852          7.08                32
   9  -71.0        23    0.362840290003740240    0.116247638743819284         14.07                73
   9  -69.0        23    0.546499704813578346    0.072739296745330792         19.13               188
   9  -68.0        23    0.493081757137289967    0.088045090632562384         15.22               128
   9  -62.0        23    0.430902278614943735    0.120385853085769198          8.91                68
                                                                              99.77               782    Tot

Node 10 - Refine time: -1000000000.0, UB(s): [65] Mbps
Node    CST    Tx pow                    Mean                     Std    Played (s)    Played (count)
  10  -63.0        23    0.277243131666567166    0.111111111111111105         15.25                80
  10  -78.0        23    0.124020156865193049    0.158113883008418971         13.56                39
  10  -76.0        23    0.182169476127857610    0.154303349962091912         10.51                41
  10  -75.0        23    0.248097823079317548    0.113227703414459577         18.11                77
  10  -70.0        23    0.265869253158513952    0.122169444356305223         14.44                66
  10  -69.0        23    0.222350265517555434    0.125000000000000000         15.68                63
  10  -62.0        23    0.290340590722319436    0.110431526074846548         12.43                81
                                                                              99.97               447    Tot

Node 11 - Refine time: -1000000000.0, UB(s): [65] Mbps
Node    CST    Tx pow                    Mean                     Std    Played (s)    Played (count)
  11  -63.0        23    0.112390925830837374    0.171498585142508847          8.69                33
  11  -82.0        23    0.021860493169593355    0.182574185835055358         13.81                29
  11  -80.0        23    0.035000070619597264    0.179605302026774910         13.68                30
  11  -78.0        23    0.066040260275282855    0.188982236504613599         11.37                27
  11  -73.0        23    0.091564069708309451    0.158113883008418971         12.98                39
  11  -71.0        23    0.115115031653409333    0.160128153805087131         12.83                38
  11  -69.0        23    0.103674594418764365    0.162221421130762544         10.72                37
  11  -68.0        23    0.101247913218453778    0.176776695296636893          7.94                31
  11  -62.0        23    0.086880150157407104    0.176776695296636893          7.58                31
                                                                              99.59               295    Tot

Node 12 - Refine time: -1000000000.0, UB(s): [65] Mbps
Node    CST    Tx pow                    Mean                     Std    Played (s)    Played (count)
  12  -64.0        23    0.612377529334235393    0.085749292571254424         13.20               135
  12  -63.0        23    0.625416307144517125    0.082760588860236795         13.94               145
  12  -82.0        23    0.010393600000000001    0.277350098112614574          6.00                12
  12  -79.0        23    0.020855345132367222    0.267261241912424397          6.41                13
  12  -78.0        23    0.034309681308483039    0.242535625036332969          7.88                16
  12  -75.0        23    0.046759431449379114    0.267261241912424397          6.18                13
  12  -74.0        23    0.062379214141230203    0.242535625036332969          7.40                16
  12  -71.0        23    0.347076330576192693    0.166666666666666657          6.55                35
  12  -70.0        23    0.372919067425795281    0.138675049056307287          8.85                51
  12  -62.0        23    0.701532181167639379    0.058621038176054914         23.55               290
                                                                              99.95               726    Tot

Node 13 - Refine time: -1000000000.0, UB(s): [65] Mbps
Node    CST    Tx pow                    Mean                     Std    Played (s)    Played (count)
  13  -64.0        23    0.401570190373728930    0.104257207028537385         13.42                91
  13  -82.0        23    0.006236160000000000    0.258198889747161098          7.00                14
  13  -80.0        23    0.030136818327597133    0.258198889747161098          6.55                14
  13  -78.0        23    0.030736984660186761    0.223606797749978964          9.26                19
  13  -76.0        23    0.123991389648094294    0.188982236504613599          9.41                27
  13  -75.0        23    0.111609351734386242    0.204124145231931509          8.80                23
  13  -72.0        23    0.151896067047446875    0.204124145231931509          7.47                23
  13  -71.0        23    0.214339672455018143    0.185695338177051861          7.20                28
  13  -67.0        23    0.364310842963842918    0.130188910980823858          9.81                58
  13  -65.0        23    0.301081074937317061    0.140028008402800969         10.16                50
  13  -62.0        23    0.417683919092037170    0.109108945117996181         10.89                83
                                                                              99.99               430    Tot

Node 14 - Refine time: -1000000000.0, UB(s): [65] Mbps
Node    CST    Tx pow                    Mean                     Std    Played (s)    Played (count)
  14  -64.0        23    0.385403722557561668    0.095346258924559224         15.75               109
  14  -82.0        23    0.010786635294117648    0.242535625036332969          8.00                16
  14  -79.0        23    0.040613066019987230    0.223606797749978964          8.37                19
  14  -78.0        23    0.035301364554715914    0.196116135138184045         11.81                25
  14  -75.0        23    0.066169490344761009    0.182574185835055358         12.47                29
  14  -74.0        23    0.115335256653217089    0.174077655955697852         11.81                32
  14  -71.0        23    0.182452137812744941    0.154303349962091912         11.60                41
  14  -69.0        23    0.221758683702767079    0.152498570332604666          8.56                42
  14  -62.0        23    0.371154698018198670    0.096673648904566353         11.55               106
                                                                              99.93               419    Tot

Node 15 - Refine time: -1000000000.0, UB(s): [65] Mbps
Node    CST    Tx pow                    Mean                     Std    Played (s)    Played (count)
  15  -82.0        23    0.005502494117647060    0.242535625036332969          8.00                16
  15  -81.0        23    0.011136000000000002    0.267261241912424397          6.50                13
  15  -80.0        23    0.018931200000000006    0.242535625036332969          8.00                16
  15  -78.0        23    0.015766300056182143    0.250000000000000000          7.12                15
  15  -77.0        23    0.055852830701581285    0.242535625036332969          7.26                16
  15  -74.0        23    0.180801500642577856    0.196116135138184045          7.15                25
  15  -72.0        23    0.248525877237175952    0.196116135138184045          6.16                25
  15  -70.0        23    0.348788813006885801    0.130188910980823858         11.47                58
  15  -69.0        23    0.310882786527667543    0.162221421130762544          6.98                37
  15  -68.0        23    0.411056202344664112    0.127000127000190505          8.36                61
  15  -66.0        23    0.508717148826893228    0.104828483672191830          9.34                90
  15  -62.0        23    0.531731763851708839    0.085749292571254424         13.60               135
                                                                              99.94               507    Tot

Node 16 - Refine time: -1000000000.0, UB(s): [65] Mbps
Node    CST    Tx pow                    Mean                     Std    Played (s)    Played (count)
  16  -64.0        23    0.206204804674440467    0.152498570332604666          7.36                42
  16  -82.0        23    0.035523384604989480    0.223606797749978964          9.02                19
  16  -79.0        23    0.033333004524013714    0.213200716355610442         10.08                21
  16  -78.0        23    0.035782630571093106    0.223606797749978964          8.66                19
  16  -76.0        23    0.069057206358727988    0.204124145231931509          9.55                23
  16  -74.0        23    0.107467508051304422    0.200000000000000011          8.92                24
  16  -73.0        23    0.063093198097933484    0.218217890235992362          7.96                20
  16  -71.0        23    0.174902085672120955    0.160128153805087131         10.83                38
  16  -69.0        23    0.196066435923270582    0.166666666666666657          9.29                35
  16  -67.0        23    0.180003308722159028    0.174077655955697852          7.95                32
  16  -65.0        23    0.148571648434690146    0.182574185835055358          5.95                29
  16  -62.0        23    0.222283403487583131    0.154303349962091912          4.02                41
                                                                              99.60               343    Tot

Node 17 - Refine time: -1000000000.0, UB(s): [65] Mbps
Node    CST    Tx pow                    Mean                     Std    Played (s)    Played (count)
  17  -64.0        23    0.524269671275550797    0.091669849702821132         12.80               118
  17  -82.0        23    0.006236160000000001    0.258198889747161098          7.00                14
  17  -79.0        23    0.015605085167653790    0.267261241912424397          6.50                13
  17  -78.0        23    0.022534023529411768    0.242535625036332969          8.00                16
  17  -75.0        23    0.125603154950062135    0.204124145231931509          8.71                23
  17  -73.0        23    0.261594582628746297    0.166666666666666657          8.99                35
  17  -70.0        23    0.237542910753575393    0.188982236504613599          6.65                27
  17  -67.0        23    0.447132171052564364    0.114707866935280886         12.36                75
  17  -66.0        23    0.446769039337834462    0.125988157669742418          8.84                62
  17  -65.0        23    0.461832887896765409    0.109108945117996181         10.22                83
  17  -62.0        23    0.468351567557454718    0.106600358177805221          9.54                87
                                                                              99.61               553    Tot

Node 18 - Refine time: -1000000000.0, UB(s): [65] Mbps
Node    CST    Tx pow                    Mean                     Std    Played (s)    Played (count)
  18  -64.0        23    0.253020344451675205    0.124034734589208454          9.96                64
  18  -81.0        23    0.077227291156628977    0.182574185835055358         12.58                29
  18  -76.0        23    0.034030515546361932    0.185695338177051861         12.87                28
  18  -75.0        23    0.083833474090394822    0.179605302026774910         11.96                30
  18  -72.0        23    0.095330713791250299    0.160128153805087131         14.07                38
  18  -69.0        23    0.094658147756603556    0.169030850945703304         13.46                34
  18  -68.0        23    0.138158277035533322    0.158113883008418971         11.70                39
  18  -62.0        23    0.267160663344750526    0.111111111111111105         13.07                80
                                                                              99.67               342    Tot

Node 19 - Refine time: -1000000000.0, UB(s): [65] Mbps
Node    CST    Tx pow                    Mean                     Std    Played (s)    Played (count)
  19  -63.0        23    0.517028454591756170    0.083918135829668908         15.79               141
  19  -82.0        23    0.156466655496187157    0.192450089729875262          8.39                26
  19  -79.0        23    0.206587925325145361    0.176776695296636893          9.23                31
  19  -74.0        23    0.237393161073746556    0.171498585142508847          7.83                33
  19  -72.0        23    0.363799018063994617    0.125000000000000000         10.71                63
  19  -70.0        23    0.376676348247376114    0.123091490979332738         11.26                65
  19  -67.0        23    0.389547975483656939    0.123091490979332738         10.34                65
  19  -65.0        23    0.546674275518788333    0.075164602800282879         18.53               176
  19  -62.0        23    0.400217965140443888    0.128036879932895975          7.88                60
                                                                              99.96               660    Tot

Mean throughputs: [29.2840  6.2441  7.3769 21.4635  9.2165 16.4561  8.2052 15.4650  6.0908
 20.7110  9.9738  3.4619 21.0375  9.9028  7.9159 12.3715  4.8089 14.5825
  5.8360 18.8367]
Aggregate throughput: 249.2406
Min-Max: 25.8221
JFI: 0.6468 [0.0500, 1]
Node 0:
  CST counts:       {-69.0: 77, -81.0: 30, -74.0: 38, -64.0: 260, -62.0: 166, -63.0: 311, -78.0: 44, -80.0: 26}
  Tx pow counts:    {23.0: 952}
Node 1:
  CST counts:       {-66.0: 37, -81.0: 25, -72.0: 23, -77.0: 27, -65.0: 46, -69.0: 43, -62.0: 50, -64.0: 45, -71.0: 29}
  Tx pow counts:    {23.0: 325}
Node 2:
  CST counts:       {-70.0: 32, -81.0: 18, -79.0: 20, -80.0: 18, -69.0: 43, -75.0: 17, -62.0: 176, -82.0: 18, -76.0: 24}
  Tx pow counts:    {23.0: 366}
Node 3:
  CST counts:       {-71.0: 21, -67.0: 57, -64.0: 131, -62.0: 273, -68.0: 51, -82.0: 13, -73.0: 28, -66.0: 90, -79.0: 15, -77.0: 16, -69.0: 39, -80.0: 13}
  Tx pow counts:    {23.0: 747}
Node 4:
  CST counts:       {-70.0: 32, -63.0: 74, -81.0: 15, -65.0: 72, -68.0: 46, -62.0: 75, -78.0: 22, -79.0: 18, -73.0: 20, -75.0: 34}
  Tx pow counts:    {23.0: 408}
Node 5:
  CST counts:       {-70.0: 27, -64.0: 126, -81.0: 14, -65.0: 155, -69.0: 38, -62.0: 202, -79.0: 15, -78.0: 18, -80.0: 15, -75.0: 16}
  Tx pow counts:    {23.0: 626}
Node 6:
  CST counts:       {-74.0: 27, -73.0: 18, -68.0: 23, -75.0: 19, -65.0: 69, -78.0: 16, -67.0: 46, -64.0: 54, -62.0: 37, -76.0: 21, -71.0: 23, -81.0: 17, -70.0: 24, -79.0: 14}
  Tx pow counts:    {23.0: 408}
Node 7:
  CST counts:       {-70.0: 37, -79.0: 15, -76.0: 18, -78.0: 18, -65.0: 183, -71.0: 24, -62.0: 262, -81.0: 14, -74.0: 19}
  Tx pow counts:    {23.0: 590}
Node 8:
  CST counts:       {-67.0: 36, -63.0: 47, -76.0: 21, -80.0: 23, -66.0: 42, -70.0: 31, -62.0: 49, -64.0: 39, -72.0: 36}
  Tx pow counts:    {23.0: 324}
Node 9:
  CST counts:       {-62.0: 68, -71.0: 73, -63.0: 260, -80.0: 33, -68.0: 128, -69.0: 189, -78.0: 32}
  Tx pow counts:    {23.0: 783}
Node 10:
  CST counts:       {-62.0: 81, -75.0: 77, -63.0: 80, -78.0: 39, -69.0: 63, -70.0: 66, -76.0: 42}
  Tx pow counts:    {23.0: 448}
Node 11:
  CST counts:       {-69.0: 37, -82.0: 30, -78.0: 27, -80.0: 30, -68.0: 31, -71.0: 38, -62.0: 31, -63.0: 33, -73.0: 39}
  Tx pow counts:    {23.0: 296}
Node 12:
  CST counts:       {-74.0: 16, -64.0: 136, -63.0: 145, -70.0: 51, -71.0: 35, -79.0: 13, -62.0: 290, -82.0: 12, -78.0: 16, -75.0: 13}
  Tx pow counts:    {23.0: 727}
Node 13:
  CST counts:       {-72.0: 23, -62.0: 83, -64.0: 91, -75.0: 23, -78.0: 19, -80.0: 14, -82.0: 14, -67.0: 59, -71.0: 28, -65.0: 50, -76.0: 27}
  Tx pow counts:    {23.0: 431}
Node 14:
  CST counts:       {-71.0: 41, -82.0: 17, -78.0: 25, -79.0: 19, -69.0: 42, -74.0: 32, -62.0: 106, -64.0: 109, -75.0: 29}
  Tx pow counts:    {23.0: 420}
Node 15:
  CST counts:       {-72.0: 25, -68.0: 61, -82.0: 16, -62.0: 135, -69.0: 37, -81.0: 14, -74.0: 25, -66.0: 90, -78.0: 15, -77.0: 16, -70.0: 58, -80.0: 16}
  Tx pow counts:    {23.0: 508}
Node 16:
  CST counts:       {-73.0: 20, -67.0: 32, -64.0: 42, -62.0: 41, -69.0: 35, -82.0: 19, -74.0: 24, -65.0: 29, -78.0: 20, -79.0: 21, -76.0: 23, -71.0: 38}
  Tx pow counts:    {23.0: 344}
Node 17:
  CST counts:       {-70.0: 27, -62.0: 87, -64.0: 118, -73.0: 35, -78.0: 16, -79.0: 14, -82.0: 14, -66.0: 62, -67.0: 75, -65.0: 83, -75.0: 23}
  Tx pow counts:    {23.0: 554}
Node 18:
  CST counts:       {-68.0: 39, -76.0: 28, -69.0: 34, -64.0: 65, -62.0: 80, -81.0: 29, -72.0: 38, -75.0: 30}
  Tx pow counts:    {23.0: 343}
Node 19:
  CST counts:       {-67.0: 65, -82.0: 26, -74.0: 33, -79.0: 31, -65.0: 176, -70.0: 65, -62.0: 61, -63.0: 141, -72.0: 63}
  Tx pow counts:    {23.0: 661}


Last 20.0 seconds of simulation:
Node 0 - Refine time: -1000000000.0, UB(s): [65] Mbps
Node    CST    Tx pow                    Mean                     Std    Played (s)    Played (count)
   0  -64.0        23    0.658107881205374334    0.117851130197757920          5.49              71.0
   0  -63.0        23    0.677339614412393431    0.100503781525921210          7.21              98.0
   0  -81.0        23    0.250841275292741972    0.447213595499957928          1.66               4.0
   0  -80.0        23    0.232256235042968551    0.707106781186547573          0.50               1.0
   0  -78.0        23    0.349046568605417995    0.500000000000000000          0.80               3.0
   0  -74.0        23    0.359666467267154788    0.447213595499957928          0.80               4.0
   0  -69.0        23    0.519206072308576183    0.288675134594812866          0.83              11.0
   0  -62.0        23    0.625060386803359513    0.179605302026774910          2.78              30.0
                                                                              20.08             222.0    Tot

Node 1 - Refine time: -1000000000.0, UB(s): [65] Mbps
Node    CST    Tx pow                    Mean                     Std    Played (s)    Played (count)
   1  -64.0        23    0.186431988236398255    0.316227766016837941          2.67               9.0
   1  -81.0        23    0.042526792038407077    0.447213595499957928          2.00               4.0
   1  -77.0        23    0.069316933617974377    0.447213595499957928          2.00               4.0
   1  -72.0        23    0.071325785731156277    0.577350269189625731          1.00               2.0
   1  -71.0        23    0.053693536285068282    0.408248290463863017          2.36               5.0
   1  -69.0        23    0.193496766954598692    0.301511344577763629          2.22              10.0
   1  -66.0        23    0.160363452247763938    0.408248290463863017          2.17               5.0
   1  -65.0        23    0.193534079806707893    0.301511344577763629          2.83              10.0
   1  -62.0        23    0.219767376599525055    0.277350098112614574          2.99              12.0
                                                                              20.24              61.0    Tot

Node 2 - Refine time: -1000000000.0, UB(s): [65] Mbps
Node    CST    Tx pow                    Mean                     Std    Played (s)    Played (count)
   2  -82.0        23    0.007948047058823529    0.577350269189625731          1.00               2.0
   2  -81.0        23    0.014940800000000004    0.500000000000000000          1.50               3.0
   2  -80.0        23    0.009618628270591437    0.707106781186547573          0.50               1.0
   2  -79.0        23    0.015613600000000004    0.447213595499957928          2.00               4.0
   2  -76.0        23    0.063917865769532692    0.500000000000000000          1.50               3.0
   2  -75.0        23    0.057820269368201137    0.500000000000000000          1.50               3.0
   2  -70.0        23    0.168803846257975537    0.500000000000000000          1.23               3.0
   2  -69.0        23    0.245498165374690464    0.377964473009227198          1.81               6.0
   2  -62.0        23    0.453428006812701123    0.137360563948689035          8.60              52.0
                                                                              19.64              77.0    Tot

Node 3 - Refine time: -1000000000.0, UB(s): [65] Mbps
Node    CST    Tx pow                    Mean                     Std    Played (s)    Played (count)
   3  -64.0        23    0.591962534724964184    0.176776695296636893          2.56              31.0
   3  -82.0        23    0.013534523076923080    0.707106781186547573          0.50               1.0
   3  -80.0        23    0.016541702261649756    0.707106781186547573          0.50               1.0
   3  -79.0        23    0.058726049320701461    0.707106781186547573          0.50               1.0
   3  -77.0        23    0.090619617248946363    0.707106781186547573          0.50               1.0
   3  -73.0        23    0.273023171028069722    0.500000000000000000          1.23               3.0
   3  -71.0        23    0.193314980939460895    0.577350269189625731          0.74               2.0
   3  -69.0        23    0.384209448882158244    0.707106781186547573          0.32               1.0
   3  -68.0        23    0.455159820598154907    0.447213595499957928          0.86               4.0
   3  -67.0        23    0.460766023604612440    0.353553390593273786          0.90               7.0
   3  -66.0        23    0.545936777664762340    0.218217890235992362          2.21              20.0
   3  -62.0        23    0.677673624861598212    0.086386842558136015          8.89             133.0
                                                                              19.72             205.0    Tot

Node 4 - Refine time: -1000000000.0, UB(s): [65] Mbps
Node    CST    Tx pow                    Mean                     Std    Played (s)    Played (count)
   4  -63.0        23    0.381064505072144732    0.250000000000000000          2.66              15.0
   4  -81.0        23    0.015277480382588695    0.500000000000000000          1.50               3.0
   4  -79.0        23    0.032435342208937630    0.707106781186547573          0.50               1.0
   4  -78.0        23    0.080582276812346879    0.500000000000000000          1.50               3.0
   4  -75.0        23    0.193643248215296715    0.408248290463863017          2.43               5.0
   4  -73.0        23    0.112060426431667026    0.707106781186547573          0.24               1.0
   4  -70.0        23    0.214853073963829133    0.353553390593273786          3.50               7.0
   4  -68.0        23    0.277473132517875087    0.447213595499957928          1.61               4.0
   4  -65.0        23    0.347311392174433131    0.267261241912424397          3.00              13.0
   4  -62.0        23    0.419963347805189235    0.229415733870561772          2.96              18.0
                                                                              19.89              70.0    Tot

Node 5 - Refine time: -1000000000.0, UB(s): [65] Mbps
Node    CST    Tx pow                    Mean                     Std    Played (s)    Played (count)
   5  -64.0        23    0.526303411160761625    0.169030850945703304          3.50              34.0
   5  -81.0        23    0.011984457142857143    0.707106781186547573          0.50               1.0
   5  -80.0        23    0.010517333333333333    0.707106781186547573          0.50               1.0
   5  -79.0        23    0.026918302079254337    1.000000000000000000          0.00               0.0
   5  -78.0        23    0.047030964500683205    0.577350269189625731          1.00               2.0
   5  -75.0        23    0.085033506185211466    0.707106781186547573          0.50               1.0
   5  -70.0        23    0.209254071885794146    0.577350269189625731          0.66               2.0
   5  -69.0        23    0.276032094746142320    0.447213595499957928          1.46               4.0
   5  -65.0        23    0.552924789909243763    0.144337567297406433          4.84              47.0
   5  -62.0        23    0.572936231345208880    0.113227703414459577          7.01              77.0
                                                                              19.95             169.0    Tot

Node 6 - Refine time: -1000000000.0, UB(s): [65] Mbps
Node    CST    Tx pow                    Mean                     Std    Played (s)    Played (count)
   6  -64.0        23    0.400012111968183093    0.250000000000000000          2.29              15.0
   6  -81.0        23    0.017777787236795909    0.707106781186547573          0.50               1.0
   6  -79.0        23    0.022062394779262265    0.577350269189625731          0.54               2.0
   6  -78.0        23    0.014019938461538463    0.447213595499957928          2.00               4.0
   6  -76.0        23    0.087504413497863698    0.447213595499957928          1.96               4.0
   6  -75.0        23    0.119966631719400571    0.408248290463863017          2.50               5.0
   6  -74.0        23    0.185279262179938592    0.377964473009227198          2.61               6.0
   6  -73.0        23    0.135800744313269800    0.577350269189625731          0.84               2.0
   6  -71.0        23    0.164280215962412185    0.707106781186547573          0.50               1.0
   6  -70.0        23    0.170591192871711983    0.500000000000000000          1.12               3.0
   6  -68.0        23    0.172779295387184950    1.000000000000000000          0.00               0.0
   6  -67.0        23    0.337972473291347664    0.377964473009227198          0.87               6.0
   6  -65.0        23    0.425735759173403117    0.218217890235992362          3.32              20.0
   6  -62.0        23    0.338893264748828860    0.377964473009227198          0.86               6.0
                                                                              19.90              75.0    Tot

Node 7 - Refine time: -1000000000.0, UB(s): [65] Mbps
Node    CST    Tx pow                    Mean                     Std    Played (s)    Played (count)
   7  -81.0        23    0.011109485714285714    0.707106781186547573          0.50               1.0
   7  -79.0        23    0.032005195149533081    0.500000000000000000          1.50               3.0
   7  -78.0        23    0.025521029278215319    0.447213595499957928          2.00               4.0
   7  -76.0        23    0.028021119608698915    1.000000000000000000          0.00               0.0
   7  -74.0        23    0.057259332185808393    0.577350269189625731          1.00               2.0
   7  -71.0        23    0.173871220009408245    0.500000000000000000          0.62               3.0
   7  -70.0        23    0.257021245837647738    0.377964473009227198          2.44               6.0
   7  -65.0        23    0.539474495408417076    0.152498570332604666          5.04              42.0
   7  -62.0        23    0.582925930582545049    0.113960576459637947          6.98              76.0
                                                                              20.09             137.0    Tot

Node 8 - Refine time: -1000000000.0, UB(s): [65] Mbps
Node    CST    Tx pow                    Mean                     Std    Played (s)    Played (count)
   8  -64.0        23    0.175417966897380845    0.377964473009227198          1.94               6.0
   8  -63.0        23    0.201511616577781549    0.288675134594812866          2.46              11.0
   8  -80.0        23    0.032911847961876524    0.447213595499957928          2.00               4.0
   8  -76.0        23    0.058620135777688986    1.000000000000000000          0.00               0.0
   8  -72.0        23    0.088685000607888004    0.316227766016837941          3.97               9.0
   8  -70.0        23    0.140607419007173939    0.377964473009227198          2.52               6.0
   8  -67.0        23    0.162448260549765772    0.447213595499957928          1.99               4.0
   8  -66.0        23    0.198551038286375020    0.333333333333333315          2.52               8.0
   8  -62.0        23    0.237799884957536095    0.277350098112614574          2.77              12.0
                                                                              20.17              60.0    Tot

Node 9 - Refine time: -1000000000.0, UB(s): [65] Mbps
Node    CST    Tx pow                    Mean                     Std    Played (s)    Played (count)
   9  -63.0        23    0.568275061053365227    0.138675049056307287          5.80              51.0
   9  -80.0        23    0.191284101528601674    0.408248290463863017          1.60               5.0
   9  -78.0        23    0.212769479206914136    0.577350269189625731          0.59               2.0
   9  -71.0        23    0.371459707063222067    0.577350269189625731          0.79               2.0
   9  -69.0        23    0.555210533552183749    0.128036879932895975          6.16              60.0
   9  -68.0        23    0.488220659429065895    0.188982236504613599          2.97              27.0
   9  -62.0        23    0.447763641707685178    0.258198889747161098          2.06              14.0
                                                                              19.98             161.0    Tot

Node 10 - Refine time: -1000000000.0, UB(s): [65] Mbps
Node    CST    Tx pow                    Mean                     Std    Played (s)    Played (count)
  10  -63.0        23    0.307151247117395942    0.242535625036332969          4.66              16.0
  10  -78.0        23    0.123888899218984855    0.408248290463863017          1.63               5.0
  10  -76.0        23    0.191703587829613720    0.447213595499957928          1.27               4.0
  10  -75.0        23    0.257247289106752375    0.267261241912424397          3.47              13.0
  10  -70.0        23    0.240942337924405225    0.250000000000000000          3.24              15.0
  10  -69.0        23    0.238434739374788540    0.288675134594812866          3.52              11.0
  10  -62.0        23    0.309122316643527018    0.235702260395515839          2.68              17.0
                                                                              20.46              81.0    Tot

Node 11 - Refine time: -1000000000.0, UB(s): [65] Mbps
Node    CST    Tx pow                    Mean                     Std    Played (s)    Played (count)
  11  -63.0        23    0.110365701919647383    0.500000000000000000          0.63               3.0
  11  -82.0        23    0.026232591803512024    0.408248290463863017          2.50               5.0
  11  -80.0        23    0.040534423568300608    0.377964473009227198          3.00               6.0
  11  -78.0        23    0.072314170321163329    0.447213595499957928          2.00               4.0
  11  -73.0        23    0.088429055554039931    0.301511344577763629          3.53              10.0
  11  -71.0        23    0.129589684033076302    0.333333333333333315          3.38               8.0
  11  -69.0        23    0.114107172862286596    0.353553390593273786          1.94               7.0
  11  -68.0        23    0.107372215141571706    0.377964473009227198          1.62               6.0
  11  -62.0        23    0.069877091944798617    0.353553390593273786          1.28               7.0
                                                                              19.88              56.0    Tot

Node 12 - Refine time: -1000000000.0, UB(s): [65] Mbps
Node    CST    Tx pow                    Mean                     Std    Played (s)    Played (count)
  12  -64.0        23    0.600230977462457349    0.174077655955697852          3.12              32.0
  12  -63.0        23    0.599139376794092793    0.176776695296636893          2.55              31.0
  12  -82.0        23    0.010393600000000001    1.000000000000000000          0.00               0.0
  12  -79.0        23    0.022459602450241624    0.707106781186547573          0.50               1.0
  12  -78.0        23    0.034726865482947442    0.577350269189625731          1.00               2.0
  12  -75.0        23    0.050356310791639047    0.707106781186547573          0.50               1.0
  12  -74.0        23    0.068617722693394223    0.577350269189625731          1.00               2.0
  12  -71.0        23    0.331244388512642374    0.447213595499957928          0.63               4.0
  12  -70.0        23    0.380517838652720652    0.316227766016837941          1.85               9.0
  12  -62.0        23    0.678924313072686081    0.094072086838359728          8.81             112.0
                                                                              19.96             194.0    Tot

Node 13 - Refine time: -1000000000.0, UB(s): [65] Mbps
Node    CST    Tx pow                    Mean                     Std    Played (s)    Played (count)
  13  -64.0        23    0.425828722584352670    0.250000000000000000          3.44              15.0
  13  -82.0        23    0.006681600000000000    0.707106781186547573          0.50               1.0
  13  -80.0        23    0.033973744224150532    0.577350269189625731          1.00               2.0
  13  -78.0        23    0.042398663800266800    0.377964473009227198          3.00               6.0
  13  -76.0        23    0.142939821256110017    0.447213595499957928          2.00               4.0
  13  -75.0        23    0.128752982081263484    0.447213595499957928          2.00               4.0
  13  -72.0        23    0.170608229006605938    0.500000000000000000          1.50               3.0
  13  -71.0        23    0.223747998282606581    0.577350269189625731          0.76               2.0
  13  -67.0        23    0.374168773414955080    0.316227766016837941          2.06               9.0
  13  -65.0        23    0.320330768433201352    0.277350098112614574          3.01              12.0
  13  -62.0        23    0.413391457044740451    0.377964473009227198          0.89               6.0
                                                                              20.16              64.0    Tot

Node 14 - Refine time: -1000000000.0, UB(s): [65] Mbps
Node    CST    Tx pow                    Mean                     Std    Played (s)    Played (count)
  14  -64.0        23    0.384988267897502567    0.171498585142508847          5.11              33.0
  14  -82.0        23    0.011460800000000000    0.707106781186547573          0.50               1.0
  14  -79.0        23    0.042750595810512874    0.707106781186547573          0.50               1.0
  14  -78.0        23    0.046705109390663892    0.353553390593273786          3.50               7.0
  14  -75.0        23    0.070895882512243935    0.577350269189625731          1.00               2.0
  14  -74.0        23    0.133902495341291561    0.408248290463863017          2.50               5.0
  14  -71.0        23    0.189139068964300355    0.377964473009227198          1.93               6.0
  14  -69.0        23    0.233926832087877123    0.353553390593273786          2.00               7.0
  14  -62.0        23    0.370120370375536523    0.176776695296636893          3.33              31.0
                                                                              20.37              93.0    Tot

Node 15 - Refine time: -1000000000.0, UB(s): [65] Mbps
Node    CST    Tx pow                    Mean                     Std    Played (s)    Played (count)
  15  -82.0        23    0.005543253333333334    0.577350269189625731          1.00               2.0
  15  -81.0        23    0.011136000000000002    1.000000000000000000          0.00               0.0
  15  -80.0        23    0.020114400000000004    0.707106781186547573          0.50               1.0
  15  -78.0        23    0.017276228635636732    0.577350269189625731          1.00               2.0
  15  -77.0        23    0.063299874795125458    0.577350269189625731          1.00               2.0
  15  -74.0        23    0.191921852156863304    0.500000000000000000          1.24               3.0
  15  -72.0        23    0.213580275983067835    0.577350269189625731          0.19               2.0
  15  -70.0        23    0.364270656592254494    0.333333333333333315          2.25               8.0
  15  -69.0        23    0.324460383122001206    0.333333333333333315          1.90               8.0
  15  -68.0        23    0.425150681411033016    0.267261241912424397          2.00              13.0
  15  -66.0        23    0.497966127866446895    0.179605302026774910          3.12              30.0
  15  -62.0        23    0.548148888439503823    0.138675049056307287          5.82              51.0
                                                                              20.02             122.0    Tot

Node 16 - Refine time: -1000000000.0, UB(s): [65] Mbps
Node    CST    Tx pow                    Mean                     Std    Played (s)    Played (count)
  16  -64.0        23    0.227253211874139660    0.408248290463863017          1.46               5.0
  16  -82.0        23    0.041792217182340566    0.500000000000000000          1.50               3.0
  16  -79.0        23    0.040740338862683433    0.447213595499957928          2.00               4.0
  16  -78.0        23    0.042153088213866381    0.447213595499957928          2.00               4.0
  16  -76.0        23    0.081866407630473592    0.447213595499957928          2.00               4.0
  16  -74.0        23    0.116812508751417854    0.577350269189625731          1.00               2.0
  16  -73.0        23    0.065728178002830151    0.707106781186547573          0.50               1.0
  16  -71.0        23    0.192683173488572446    0.408248290463863017          2.03               5.0
  16  -69.0        23    0.219183048013658260    0.377964473009227198          2.22               6.0
  16  -67.0        23    0.204945469059203994    0.353553390593273786          2.81               7.0
  16  -65.0        23    0.170231671415052799    0.408248290463863017          1.74               5.0
  16  -62.0        23    0.237013173672673411    0.333333333333333315          0.57               8.0
                                                                              19.83              54.0    Tot

Node 17 - Refine time: -1000000000.0, UB(s): [65] Mbps
Node    CST    Tx pow                    Mean                     Std    Played (s)    Played (count)
  17  -64.0        23    0.531635624799407958    0.154303349962091912          4.43              41.0
  17  -82.0        23    0.007195569230769232    0.577350269189625731          1.00               2.0
  17  -79.0        23    0.016805476334396389    0.707106781186547573          0.50               1.0
  17  -78.0        23    0.023942400000000003    0.707106781186547573          0.50               1.0
  17  -75.0        23    0.131099296309158675    0.577350269189625731          1.00               2.0
  17  -73.0        23    0.274221230503552293    0.408248290463863017          1.99               5.0
  17  -70.0        23    0.242243586749075424    0.447213595499957928          1.20               4.0
  17  -67.0        23    0.479334936962174551    0.250000000000000000          3.49              15.0
  17  -66.0        23    0.435698296139837071    0.258198889747161098          1.78              14.0
  17  -65.0        23    0.472364865314440052    0.267261241912424397          1.61              13.0
  17  -62.0        23    0.467401995681699378    0.218217890235992362          2.31              20.0
                                                                              19.81             118.0    Tot

Node 18 - Refine time: -1000000000.0, UB(s): [65] Mbps
Node    CST    Tx pow                    Mean                     Std    Played (s)    Played (count)
  18  -64.0        23    0.242700985786783174    0.223606797749978964          2.81              19.0
  18  -81.0        23    0.079773926239245327    0.577350269189625731          1.00               2.0
  18  -76.0        23    0.026785592046402705    0.353553390593273786          2.89               7.0
  18  -75.0        23    0.076918764474207410    0.353553390593273786          2.66               7.0
  18  -72.0        23    0.103730154005301986    0.377964473009227198          2.83               6.0
  18  -69.0        23    0.090570089182675478    0.447213595499957928          1.46               4.0
  18  -68.0        23    0.130516580351424522    0.353553390593273786          2.09               7.0
  18  -62.0        23    0.256083158586168369    0.208514414057074771          4.06              22.0
                                                                              19.80              74.0    Tot

Node 19 - Refine time: -1000000000.0, UB(s): [65] Mbps
Node    CST    Tx pow                    Mean                     Std    Played (s)    Played (count)
  19  -63.0        23    0.515316119336954648    0.158113883008418971          4.95              39.0
  19  -82.0        23    0.164826547935882167    0.577350269189625731          1.00               2.0
  19  -79.0        23    0.196371180339767526    0.408248290463863017          1.53               5.0
  19  -74.0        23    0.220396323923155391    0.447213595499957928          0.73               4.0
  19  -72.0        23    0.367137304376925211    0.447213595499957928          0.97               4.0
  19  -70.0        23    0.380679441534591712    0.353553390593273786          1.48               7.0
  19  -67.0        23    0.366698677067523793    0.250000000000000000          2.42              15.0
  19  -65.0        23    0.541778332280306696    0.130188910980823858          5.87              58.0
  19  -62.0        23    0.398965888685254344    0.316227766016837941          1.24               9.0
                                                                              20.18             143.0    Tot

Mean throughputs: [35.0411  5.3486  8.6653 32.1955  6.5540 24.4544  6.4982 19.0593  4.5404
 20.2608  7.6319  2.8774 30.2680  5.5685  7.6899 16.3176  1.8232 15.9208
  7.4064 20.6224]
Aggregate throughput: 278.7437
Min-Max: 33.2180
JFI: 0.5800 [0.0500, 1]
Node 0:
  CST counts:       {-63.0: 99, -64.0: 71, -62.0: 30, -69.0: 11, -78.0: 3, -74.0: 4, -80.0: 1, -81.0: 4}
  Tx pow counts:    {23.0: 223}
Node 1:
  CST counts:       {-81.0: 4, -65.0: 10, -66.0: 5, -69.0: 10, -64.0: 10, -62.0: 12, -77.0: 4, -71.0: 5, -72.0: 2}
  Tx pow counts:    {23.0: 62}
Node 2:
  CST counts:       {-62.0: 52, -69.0: 6, -76.0: 3, -75.0: 3, -70.0: 3, -82.0: 2, -81.0: 3, -79.0: 5, -80.0: 1}
  Tx pow counts:    {23.0: 78}
Node 3:
  CST counts:       {-67.0: 7, -66.0: 20, -64.0: 31, -62.0: 133, -73.0: 4, -71.0: 2, -68.0: 4, -82.0: 1, -79.0: 1, -77.0: 1, -69.0: 1, -80.0: 1}
  Tx pow counts:    {23.0: 206}
Node 4:
  CST counts:       {-65.0: 14, -75.0: 5, -63.0: 15, -62.0: 18, -70.0: 7, -78.0: 3, -68.0: 4, -81.0: 3, -79.0: 1, -73.0: 1}
  Tx pow counts:    {23.0: 71}
Node 5:
  CST counts:       {-65.0: 47, -62.0: 78, -64.0: 34, -69.0: 4, -70.0: 2, -78.0: 2, -80.0: 1, -81.0: 1, -75.0: 1}
  Tx pow counts:    {23.0: 170}
Node 6:
  CST counts:       {-70.0: 3, -65.0: 20, -74.0: 6, -79.0: 2, -64.0: 15, -81.0: 1, -67.0: 6, -75.0: 6, -62.0: 6, -78.0: 4, -73.0: 2, -76.0: 4, -71.0: 1}
  Tx pow counts:    {23.0: 76}
Node 7:
  CST counts:       {-65.0: 42, -62.0: 77, -78.0: 4, -81.0: 1, -79.0: 3, -70.0: 6, -74.0: 2, -71.0: 3}
  Tx pow counts:    {23.0: 138}
Node 8:
  CST counts:       {-63.0: 11, -66.0: 8, -67.0: 4, -72.0: 9, -64.0: 7, -80.0: 4, -62.0: 12, -70.0: 6}
  Tx pow counts:    {23.0: 61}
Node 9:
  CST counts:       {-69.0: 61, -63.0: 51, -80.0: 5, -62.0: 14, -68.0: 27, -78.0: 2, -71.0: 2}
  Tx pow counts:    {23.0: 162}
Node 10:
  CST counts:       {-69.0: 11, -70.0: 15, -63.0: 16, -62.0: 17, -75.0: 13, -78.0: 5, -76.0: 5}
  Tx pow counts:    {23.0: 82}
Node 11:
  CST counts:       {-78.0: 4, -69.0: 7, -71.0: 8, -63.0: 3, -80.0: 6, -73.0: 10, -82.0: 6, -62.0: 7, -68.0: 6}
  Tx pow counts:    {23.0: 57}
Node 12:
  CST counts:       {-64.0: 33, -62.0: 112, -70.0: 9, -78.0: 2, -63.0: 31, -71.0: 4, -74.0: 2, -75.0: 1, -79.0: 1}
  Tx pow counts:    {23.0: 195}
Node 13:
  CST counts:       {-67.0: 10, -65.0: 12, -62.0: 6, -78.0: 6, -75.0: 4, -71.0: 2, -76.0: 4, -64.0: 15, -72.0: 3, -82.0: 1, -80.0: 2}
  Tx pow counts:    {23.0: 65}
Node 14:
  CST counts:       {-75.0: 2, -64.0: 33, -69.0: 7, -71.0: 6, -78.0: 7, -62.0: 31, -74.0: 5, -82.0: 2, -79.0: 1}
  Tx pow counts:    {23.0: 94}
Node 15:
  CST counts:       {-69.0: 8, -62.0: 51, -66.0: 30, -78.0: 2, -68.0: 13, -70.0: 8, -74.0: 3, -77.0: 2, -82.0: 2, -72.0: 2, -80.0: 1, -81.0: 1}
  Tx pow counts:    {23.0: 123}
Node 16:
  CST counts:       {-82.0: 3, -69.0: 6, -74.0: 2, -62.0: 8, -73.0: 1, -71.0: 5, -79.0: 4, -67.0: 7, -64.0: 5, -78.0: 5, -76.0: 4, -65.0: 5}
  Tx pow counts:    {23.0: 55}
Node 17:
  CST counts:       {-64.0: 41, -65.0: 13, -66.0: 14, -67.0: 15, -73.0: 5, -62.0: 20, -75.0: 2, -70.0: 4, -78.0: 1, -79.0: 2, -82.0: 2}
  Tx pow counts:    {23.0: 119}
Node 18:
  CST counts:       {-72.0: 6, -76.0: 7, -68.0: 7, -62.0: 22, -75.0: 7, -81.0: 2, -64.0: 20, -69.0: 4}
  Tx pow counts:    {23.0: 75}
Node 19:
  CST counts:       {-72.0: 4, -65.0: 58, -79.0: 5, -74.0: 4, -62.0: 10, -63.0: 39, -67.0: 15, -82.0: 2, -70.0: 7}
  Tx pow counts:    {23.0: 144}
