Simulation time: 100.0 s
Seed: 1
Waiting for simulation script to connect on port: tcp://localhost:50000
Please start proper ns-3 simulation script using ./waf --run "..."
Start
Progress: 0% 10% 20% 30% 40% 50% 60% 70% 80% 90% 100%
Done
Final step: 4719
Node 0 - Refine time: -1000000000.0, UB(s): [65] Mbps
Node    CST    Tx pow                    Mean                     Std    Played (s)    Played (count)
   0  -64.0        23    0.649800988634863241    0.129099444873580549         19.26                59
   0  -63.0        23    0.636496651716744077    0.152498570332604666         14.85                42
   0  -81.0        23    0.097610196850807532    0.301511344577763629          4.53                10
   0  -80.0        23    0.138203552779824407    0.316227766016837941          3.65                 9
   0  -78.0        23    0.175202546810271864    0.277350098112614574          5.04                12
   0  -74.0        23    0.253349291086945594    0.258198889747161098          6.21                14
   0  -69.0        23    0.498462353567282412    0.185695338177051861         11.10                28
   0  -62.0        23    0.676845692235708229    0.100503781525921210         35.23                98
                                                                              99.87               272    Tot

Node 1 - Refine time: -1000000000.0, UB(s): [65] Mbps
Node    CST    Tx pow                    Mean                     Std    Played (s)    Played (count)
   1  -64.0        23    0.073453964064219696    0.204124145231931509          9.41                23
   1  -81.0        23    0.018447026086956524    0.208514414057074771         11.00                22
   1  -77.0        23    0.023037245167963939    0.213200716355610442         10.40                21
   1  -72.0        23    0.014992355555555559    0.235702260395515839          8.50                17
   1  -71.0        23    0.040028061714792132    0.204124145231931509         10.96                23
   1  -69.0        23    0.085816570250262278    0.208514414057074771          9.90                22
   1  -66.0        23    0.092561580727856738    0.182574185835055358         14.00                29
   1  -65.0        23    0.074960001210504321    0.208514414057074771         10.42                22
   1  -62.0        23    0.139380390969496087    0.171498585142508847         15.36                33
                                                                              99.95               212    Tot

Node 2 - Refine time: -1000000000.0, UB(s): [65] Mbps
Node    CST    Tx pow                    Mean                     Std    Played (s)    Played (count)
   2  -82.0        23    0.008559435294117648    0.242535625036332969          8.00                16
   2  -81.0        23    0.002445552941176470    0.242535625036332969          8.00                16
   2  -80.0        23    0.006929066666666666    0.258198889747161098          7.00                14
   2  -79.0        23    0.009007786666666665    0.258198889747161098          7.00                14
   2  -76.0        23    0.006946742857142858    0.218217890235992362         10.00                20
   2  -75.0        23    0.035432077016570092    0.235702260395515839          7.70                17
   2  -70.0        23    0.148892764263651001    0.196116135138184045         10.72                25
   2  -69.0        23    0.106338767758869412    0.229415733870561772          8.75                18
   2  -62.0        23    0.387385164482505762    0.107832773203438412         32.81                85
                                                                              99.98               225    Tot

Node 3 - Refine time: -1000000000.0, UB(s): [65] Mbps
Node    CST    Tx pow                    Mean                     Std    Played (s)    Played (count)
   3  -64.0        23    0.559963996321180990    0.166666666666666657         11.72                35
   3  -82.0        23    0.014188088888888888    0.333333333333333315          4.00                 8
   3  -80.0        23    0.000944872727272727    0.301511344577763629          5.00                10
   3  -79.0        23    0.024731199999999998    0.353553390593273786          3.50                 7
   3  -77.0        23    0.037379840000000011    0.316227766016837941          4.50                 9
   3  -73.0        23    0.138972203263763527    0.267261241912424397          6.18                13
   3  -71.0        23    0.098165527272727274    0.301511344577763629          5.00                10
   3  -69.0        23    0.333921222776213167    0.229415733870561772          7.45                18
   3  -68.0        23    0.359885458158489935    0.208514414057074771          7.90                22
   3  -67.0        23    0.266937216694844437    0.267261241912424397          5.82                13
   3  -66.0        23    0.570157887725309509    0.158113883008418971         14.12                39
   3  -62.0        23    0.712082645599699249    0.114707866935280886         24.73                75
                                                                              99.93               259    Tot

Node 4 - Refine time: -1000000000.0, UB(s): [65] Mbps
Node    CST    Tx pow                    Mean                     Std    Played (s)    Played (count)
   4  -63.0        23    0.205692035414903940    0.179605302026774910         12.90                30
   4  -81.0        23    0.004279717647058823    0.242535625036332969          8.00                16
   4  -79.0        23    0.008166400000000001    0.267261241912424397          6.50                13
   4  -78.0        23    0.046688711111111121    0.235702260395515839          8.50                17
   4  -75.0        23    0.066252850450634740    0.223606797749978964          8.84                19
   4  -73.0        23    0.074983273692823912    0.250000000000000000          7.29                15
   4  -70.0        23    0.059524504569532011    0.208514414057074771         10.13                22
   4  -68.0        23    0.108431705180347712    0.196116135138184045         11.98                25
   4  -65.0        23    0.201344344604545755    0.171498585142508847         13.89                33
   4  -62.0        23    0.217787525663673903    0.176776695296636893         11.94                31
                                                                              99.97               221    Tot

Node 5 - Refine time: -1000000000.0, UB(s): [65] Mbps
Node    CST    Tx pow                    Mean                     Std    Played (s)    Played (count)
   5  -64.0        23    0.515225524660280931    0.132453235706504385         20.18                56
   5  -81.0        23    0.008314880000000000    0.316227766016837941          4.50                 9
   5  -80.0        23    0.009094400000000001    0.353553390593273786          3.50                 7
   5  -79.0        23    0.021344000000000002    0.288675134594812866          5.50                11
   5  -78.0        23    0.014568413784561215    0.277350098112614574          5.82                12
   5  -75.0        23    0.043925333333333337    0.288675134594812866          5.50                11
   5  -70.0        23    0.096114252498995079    0.267261241912424397          5.88                13
   5  -69.0        23    0.109375113409345623    0.267261241912424397          5.58                13
   5  -65.0        23    0.513330802479890380    0.128036879932895975         21.35                60
   5  -62.0        23    0.564791475863313575    0.125000000000000000         21.87                63
                                                                              99.68               255    Tot

Node 6 - Refine time: -1000000000.0, UB(s): [65] Mbps
Node    CST    Tx pow                    Mean                     Std    Played (s)    Played (count)
   6  -64.0        23    0.246123667320903072    0.242535625036332969          5.84                16
   6  -81.0        23    0.011940266666666666    0.288675134594812866          5.50                11
   6  -79.0        23    0.004540061538461538    0.277350098112614574          6.00                12
   6  -78.0        23    0.007195569230769232    0.277350098112614574          6.00                12
   6  -76.0        23    0.049651029377856079    0.277350098112614574          5.31                12
   6  -75.0        23    0.072421027992055645    0.277350098112614574          5.59                12
   6  -74.0        23    0.054246707603862583    0.258198889747161098          6.96                14
   6  -73.0        23    0.053885866666666671    0.288675134594812866          5.50                11
   6  -71.0        23    0.167040491824192699    0.213200716355610442          8.99                21
   6  -70.0        23    0.106510965249183187    0.235702260395515839          8.02                17
   6  -68.0        23    0.105627022222222242    0.235702260395515839          8.50                17
   6  -67.0        23    0.254666691312841920    0.208514414057074771          9.39                22
   6  -65.0        23    0.300784892986325991    0.188982236504613599         10.08                27
   6  -62.0        23    0.275827272480515806    0.204124145231931509          8.15                23
                                                                              99.82               227    Tot

Node 7 - Refine time: -1000000000.0, UB(s): [65] Mbps
Node    CST    Tx pow                    Mean                     Std    Played (s)    Played (count)
   7  -81.0        23    0.013336685714285713    0.267261241912424397          6.50                13
   7  -79.0        23    0.006062933333333334    0.288675134594812866          5.50                11
   7  -78.0        23    0.014693333333333331    0.288675134594812866          5.50                11
   7  -76.0        23    0.027030280270361029    0.267261241912424397          6.42                13
   7  -74.0        23    0.024731200000000002    0.250000000000000000          7.50                15
   7  -71.0        23    0.159770260517316687    0.235702260395515839          7.94                17
   7  -70.0        23    0.235433897008816617    0.192450089729875262         10.34                26
   7  -65.0        23    0.423767105105585962    0.134839972492648424         19.85                54
   7  -62.0        23    0.521598410601697982    0.107211253483779481         30.33                86
                                                                              99.88               246    Tot

Node 8 - Refine time: -1000000000.0, UB(s): [65] Mbps
Node    CST    Tx pow                    Mean                     Std    Played (s)    Played (count)
   8  -64.0        23    0.111698174843651785    0.196116135138184045         11.61                25
   8  -63.0        23    0.139554132208456222    0.182574185835055358         12.67                29
   8  -80.0        23    0.064155200000000009    0.204124145231931509         11.00                23
   8  -76.0        23    0.037638678682795294    0.229415733870561772          8.75                18
   8  -72.0        23    0.060997059874698327    0.204124145231931509         11.41                23
   8  -70.0        23    0.062097007879431523    0.208514414057074771         10.60                22
   8  -67.0        23    0.121826516188759962    0.192450089729875262         11.42                26
   8  -66.0        23    0.114021507775411188    0.204124145231931509         10.39                23
   8  -62.0        23    0.143733986392821811    0.188982236504613599         11.93                27
                                                                              99.77               216    Tot

Node 9 - Refine time: -1000000000.0, UB(s): [65] Mbps
Node    CST    Tx pow                    Mean                     Std    Played (s)    Played (count)
   9  -63.0        23    0.365410910274766854    0.156173761888606072         14.79                40
   9  -80.0        23    0.111815933801583764    0.223606797749978964          8.74                19
   9  -78.0        23    0.101162831577615964    0.223606797749978964          9.35                19
   9  -71.0        23    0.286517987370859428    0.156173761888606072         16.83                40
   9  -69.0        23    0.320163297614662556    0.169030850945703304         12.36                34
   9  -68.0        23    0.381683613316385173    0.125988157669742418         22.73                62
   9  -62.0        23    0.337423155359277360    0.149071198499985985         14.88                44
                                                                              99.68               258    Tot

Node 10 - Refine time: -1000000000.0, UB(s): [65] Mbps
Node    CST    Tx pow                    Mean                     Std    Played (s)    Played (count)
  10  -63.0        23    0.187110004262614094    0.174077655955697852         12.79                32
  10  -78.0        23    0.066103097026487534    0.208514414057074771         10.92                22
  10  -76.0        23    0.088406681808691823    0.213200716355610442          9.25                21
  10  -75.0        23    0.198014382468941402    0.166666666666666657         15.40                35
  10  -70.0        23    0.169601741342836648    0.154303349962091912         17.50                41
  10  -69.0        23    0.172289723615964674    0.160128153805087131         17.39                38
  10  -62.0        23    0.183703787362777621    0.156173761888606072         16.38                40
                                                                              99.62               229    Tot

Node 11 - Refine time: -1000000000.0, UB(s): [65] Mbps
Node    CST    Tx pow                    Mean                     Std    Played (s)    Played (count)
  11  -63.0        23    0.054557478265447913    0.204124145231931509         10.23                23
  11  -82.0        23    0.000464000000000000    0.204124145231931509         11.50                23
  11  -80.0        23    0.022349992670608592    0.204124145231931509         11.14                23
  11  -78.0        23    0.039623424225335394    0.213200716355610442         10.14                21
  11  -73.0        23    0.050637177960852119    0.188982236504613599         13.16                27
  11  -71.0        23    0.061877899371740035    0.213200716355610442          9.16                21
  11  -69.0        23    0.073214542976581393    0.185695338177051861         13.08                28
  11  -68.0        23    0.064467037312427047    0.204124145231931509          9.71                23
  11  -62.0        23    0.064751899902414825    0.192450089729875262         11.69                26
                                                                              99.81               215    Tot

Node 12 - Refine time: -1000000000.0, UB(s): [65] Mbps
Node    CST    Tx pow                    Mean                     Std    Played (s)    Played (count)
  12  -64.0        23    0.624328603284015071    0.119522860933439362         25.19                69
  12  -63.0        23    0.567310300408445656    0.156173761888606072         14.77                40
  12  -82.0        23    0.010393599999999999    0.377964473009227198          3.00                 6
  12  -79.0        23    0.007814317448303423    0.316227766016837941          4.43                 9
  12  -78.0        23    0.013511680000000002    0.316227766016837941          4.50                 9
  12  -75.0        23    0.024981760000000002    0.316227766016837941          4.50                 9
  12  -74.0        23    0.036955022222222224    0.333333333333333315          4.00                 8
  12  -71.0        23    0.215320094040401727    0.258198889747161098          5.84                14
  12  -70.0        23    0.283918071027896346    0.223606797749978964          8.59                19
  12  -62.0        23    0.709260807906121560    0.115470053837925163         25.16                74
                                                                              99.98               257    Tot

Node 13 - Refine time: -1000000000.0, UB(s): [65] Mbps
Node    CST    Tx pow                    Mean                     Std    Played (s)    Played (count)
  13  -64.0        23    0.223366554791333743    0.204124145231931509         10.17                23
  13  -82.0        23    0.003897600000000001    0.250000000000000000          7.50                15
  13  -80.0        23    0.009651200000000000    0.258198889747161098          7.00                14
  13  -78.0        23    0.006036884210526316    0.229415733870561772          9.00                18
  13  -76.0        23    0.034275235494061244    0.235702260395515839          8.22                17
  13  -75.0        23    0.086339783727914343    0.242535625036332969          7.52                16
  13  -72.0        23    0.087960026820974604    0.250000000000000000          7.10                15
  13  -71.0        23    0.067681222285511627    0.218217890235992362          9.00                20
  13  -67.0        23    0.191289506189252778    0.185695338177051861         11.73                28
  13  -65.0        23    0.122246679342689540    0.218217890235992362          9.51                20
  13  -62.0        23    0.228814138394080047    0.171498585142508847         13.25                33
                                                                              99.99               219    Tot

Node 14 - Refine time: -1000000000.0, UB(s): [65] Mbps
Node    CST    Tx pow                    Mean                     Std    Played (s)    Played (count)
  14  -64.0        23    0.361848953718876931    0.131306432859722544         22.45                57
  14  -82.0        23    0.003712000000000001    0.267261241912424397          6.50                13
  14  -79.0        23    0.011307323076923077    0.277350098112614574          6.00                12
  14  -78.0        23    0.020506102452535032    0.277350098112614574          5.94                12
  14  -75.0        23    0.037061260958021237    0.223606797749978964          9.33                19
  14  -74.0        23    0.060857198266879860    0.242535625036332969          7.53                16
  14  -71.0        23    0.158785762945447856    0.204124145231931509         10.12                23
  14  -69.0        23    0.174252283269517527    0.208514414057074771          9.74                22
  14  -62.0        23    0.344569025551773434    0.125988157669742418         21.90                62
                                                                              99.52               236    Tot

Node 15 - Refine time: -1000000000.0, UB(s): [65] Mbps
Node    CST    Tx pow                    Mean                     Std    Played (s)    Played (count)
  15  -82.0        23    0.004797046153846154    0.277350098112614574          6.00                12
  15  -81.0        23    0.003464533333333333    0.288675134594812866          5.50                11
  15  -80.0        23    0.008882285714285714    0.267261241912424397          6.50                13
  15  -78.0        23    0.011021751228206440    0.316227766016837941          4.38                 9
  15  -77.0        23    0.036977271631504556    0.267261241912424397          6.46                13
  15  -74.0        23    0.081532684301673028    0.258198889747161098          6.27                14
  15  -72.0        23    0.227698778272261676    0.218217890235992362          8.25                20
  15  -70.0        23    0.252638543302903862    0.188982236504613599         11.52                27
  15  -69.0        23    0.137213415637163050    0.235702260395515839          7.32                17
  15  -68.0        23    0.323249302392692395    0.188982236504613599         10.11                27
  15  -66.0        23    0.335969537680229302    0.171498585142508847         13.54                33
  15  -62.0        23    0.396581978429257853    0.164398987305357291         13.99                36
                                                                              99.83               232    Tot

Node 16 - Refine time: -1000000000.0, UB(s): [65] Mbps
Node    CST    Tx pow                    Mean                     Std    Played (s)    Played (count)
  16  -64.0        23    0.088577159783843964    0.235702260395515839          7.82                17
  16  -82.0        23    0.003039200000000000    0.250000000000000000          7.50                15
  16  -79.0        23    0.010987520000000001    0.223606797749978964          9.50                19
  16  -78.0        23    0.003569230769230769    0.277350098112614574          6.00                12
  16  -76.0        23    0.014750315789473688    0.229415733870561772          9.00                18
  16  -74.0        23    0.031613748229229764    0.218217890235992362          9.68                20
  16  -73.0        23    0.019244270946610912    0.223606797749978964          9.31                19
  16  -71.0        23    0.088580948361835152    0.192450089729875262         10.57                26
  16  -69.0        23    0.114333807429800913    0.218217890235992362          8.46                20
  16  -67.0        23    0.100102893565320053    0.235702260395515839          7.58                17
  16  -65.0        23    0.079736431068216970    0.229415733870561772          8.12                18
  16  -62.0        23    0.069822233540353981    0.242535625036332969          6.29                16
                                                                              99.83               217    Tot

Node 17 - Refine time: -1000000000.0, UB(s): [65] Mbps
Node    CST    Tx pow                    Mean                     Std    Played (s)    Played (count)
  17  -64.0        23    0.434099231497680094    0.158113883008418971         13.88                39
  17  -82.0        23    0.010764800000000003    0.267261241912424397          6.50                13
  17  -79.0        23    0.006236159999999999    0.316227766016837941          4.50                 9
  17  -78.0        23    0.016973963636363641    0.301511344577763629          5.00                10
  17  -75.0        23    0.071705656113559738    0.258198889747161098          6.56                14
  17  -73.0        23    0.109117638015047314    0.250000000000000000          6.35                15
  17  -70.0        23    0.300316015214748044    0.204124145231931509          8.40                23
  17  -67.0        23    0.221363757655445886    0.213200716355610442          9.11                21
  17  -66.0        23    0.314731859334361652    0.192450089729875262         10.51                26
  17  -65.0        23    0.321497677477643296    0.174077655955697852         14.21                32
  17  -62.0        23    0.392999775444017319    0.150755672288881815         14.59                43
                                                                              99.61               245    Tot

Node 18 - Refine time: -1000000000.0, UB(s): [65] Mbps
Node    CST    Tx pow                    Mean                     Std    Played (s)    Played (count)
  18  -64.0        23    0.217620039560225298    0.158113883008418971         15.77                39
  18  -81.0        23    0.020239238095238095    0.218217890235992362         10.00                20
  18  -76.0        23    0.035857920000000008    0.223606797749978964          9.50                19
  18  -75.0        23    0.041834460338848044    0.218217890235992362          9.65                20
  18  -72.0        23    0.113996046621674327    0.182574185835055358         12.64                29
  18  -69.0        23    0.068993708660132894    0.218217890235992362          9.87                20
  18  -68.0        23    0.081358438754326481    0.213200716355610442          9.77                21
  18  -62.0        23    0.266502423675822775    0.131306432859722544         22.53                57
                                                                              99.72               225    Tot

Node 19 - Refine time: -1000000000.0, UB(s): [65] Mbps
Node    CST    Tx pow                    Mean                     Std    Played (s)    Played (count)
  19  -63.0        23    0.449222526523749055    0.142857142857142849         17.90                48
  19  -82.0        23    0.118255780132009422    0.242535625036332969          7.60                16
  19  -79.0        23    0.174413384617805534    0.229415733870561772          8.00                18
  19  -74.0        23    0.184426375041437246    0.250000000000000000          7.12                15
  19  -72.0        23    0.300012752673152472    0.196116135138184045         11.00                25
  19  -70.0        23    0.235631547494118632    0.204124145231931509          9.14                23
  19  -67.0        23    0.362786216704584663    0.169030850945703304         12.18                34
  19  -65.0        23    0.439495612282051029    0.164398987305357291         13.66                36
  19  -62.0        23    0.400781737753068690    0.160128153805087131         13.12                38
                                                                              99.72               253    Tot

Mean throughputs: [34.0441  4.0434  9.5200 25.8039  7.0475 22.5976  8.4373 17.0090  5.8163
 17.3753  9.0683  2.8026 28.9081  6.5730 12.0693 12.0965  2.9244 14.8263
  7.7395 20.4916]
Aggregate throughput: 269.1941
Min-Max: 31.2415
JFI: 0.6058 [0.0500, 1]
Node 0:
  CST counts:       {-69.0: 28, -81.0: 10, -74.0: 14, -64.0: 59, -62.0: 99, -78.0: 12, -63.0: 42, -80.0: 9}
  Tx pow counts:    {23.0: 273}
Node 1:
  CST counts:       {-66.0: 29, -81.0: 22, -72.0: 17, -77.0: 22, -65.0: 22, -69.0: 22, -62.0: 33, -64.0: 23, -71.0: 23}
  Tx pow counts:    {23.0: 213}
Node 2:
  CST counts:       {-70.0: 25, -81.0: 16, -79.0: 14, -80.0: 14, -69.0: 18, -75.0: 17, -62.0: 86, -82.0: 16, -76.0: 20}
  Tx pow counts:    {23.0: 226}
Node 3:
  CST counts:       {-71.0: 10, -67.0: 13, -64.0: 36, -62.0: 75, -68.0: 22, -82.0: 8, -73.0: 13, -66.0: 39, -79.0: 7, -77.0: 9, -69.0: 18, -80.0: 10}
  Tx pow counts:    {23.0: 260}
Node 4:
  CST counts:       {-70.0: 23, -63.0: 30, -81.0: 16, -65.0: 33, -68.0: 25, -62.0: 31, -78.0: 17, -75.0: 19, -79.0: 13, -73.0: 15}
  Tx pow counts:    {23.0: 222}
Node 5:
  CST counts:       {-70.0: 13, -64.0: 57, -81.0: 9, -65.0: 60, -69.0: 13, -62.0: 63, -79.0: 11, -80.0: 7, -78.0: 12, -75.0: 11}
  Tx pow counts:    {23.0: 256}
Node 6:
  CST counts:       {-74.0: 14, -73.0: 11, -68.0: 17, -75.0: 12, -65.0: 27, -78.0: 12, -67.0: 22, -64.0: 16, -62.0: 23, -76.0: 12, -71.0: 21, -81.0: 11, -70.0: 18, -79.0: 12}
  Tx pow counts:    {23.0: 228}
Node 7:
  CST counts:       {-70.0: 26, -79.0: 11, -76.0: 13, -78.0: 12, -65.0: 54, -71.0: 17, -62.0: 86, -81.0: 13, -74.0: 15}
  Tx pow counts:    {23.0: 247}
Node 8:
  CST counts:       {-67.0: 26, -63.0: 29, -76.0: 18, -80.0: 23, -66.0: 23, -70.0: 22, -62.0: 27, -64.0: 25, -72.0: 24}
  Tx pow counts:    {23.0: 217}
Node 9:
  CST counts:       {-62.0: 44, -71.0: 40, -63.0: 40, -80.0: 20, -68.0: 62, -69.0: 34, -78.0: 19}
  Tx pow counts:    {23.0: 259}
Node 10:
  CST counts:       {-62.0: 40, -75.0: 36, -63.0: 32, -78.0: 22, -69.0: 38, -70.0: 41, -76.0: 21}
  Tx pow counts:    {23.0: 230}
Node 11:
  CST counts:       {-69.0: 28, -82.0: 23, -78.0: 21, -80.0: 23, -68.0: 23, -71.0: 22, -62.0: 26, -63.0: 23, -73.0: 27}
  Tx pow counts:    {23.0: 216}
Node 12:
  CST counts:       {-74.0: 8, -64.0: 69, -63.0: 40, -70.0: 19, -71.0: 14, -62.0: 75, -79.0: 9, -78.0: 9, -82.0: 6, -75.0: 9}
  Tx pow counts:    {23.0: 258}
Node 13:
  CST counts:       {-72.0: 15, -62.0: 34, -64.0: 23, -75.0: 16, -78.0: 18, -80.0: 14, -82.0: 15, -71.0: 20, -67.0: 28, -76.0: 17, -65.0: 20}
  Tx pow counts:    {23.0: 220}
Node 14:
  CST counts:       {-71.0: 24, -82.0: 13, -78.0: 12, -79.0: 12, -69.0: 22, -74.0: 16, -62.0: 62, -64.0: 57, -75.0: 19}
  Tx pow counts:    {23.0: 237}
Node 15:
  CST counts:       {-72.0: 20, -68.0: 27, -82.0: 12, -62.0: 36, -69.0: 17, -81.0: 12, -74.0: 14, -66.0: 33, -78.0: 9, -80.0: 13, -77.0: 13, -70.0: 27}
  Tx pow counts:    {23.0: 233}
Node 16:
  CST counts:       {-73.0: 19, -67.0: 17, -64.0: 17, -62.0: 16, -69.0: 20, -82.0: 15, -74.0: 20, -65.0: 19, -78.0: 12, -79.0: 19, -76.0: 18, -71.0: 26}
  Tx pow counts:    {23.0: 218}
Node 17:
  CST counts:       {-70.0: 23, -62.0: 43, -64.0: 39, -73.0: 15, -78.0: 10, -79.0: 9, -82.0: 13, -67.0: 21, -66.0: 26, -75.0: 14, -65.0: 33}
  Tx pow counts:    {23.0: 246}
Node 18:
  CST counts:       {-68.0: 21, -76.0: 19, -69.0: 20, -64.0: 39, -62.0: 58, -72.0: 29, -81.0: 20, -75.0: 20}
  Tx pow counts:    {23.0: 226}
Node 19:
  CST counts:       {-67.0: 34, -82.0: 16, -74.0: 15, -79.0: 18, -65.0: 37, -70.0: 23, -62.0: 38, -63.0: 48, -72.0: 25}
  Tx pow counts:    {23.0: 254}


Last 20.0 seconds of simulation:
Node 0 - Refine time: -1000000000.0, UB(s): [65] Mbps
Node    CST    Tx pow                    Mean                     Std    Played (s)    Played (count)
   0  -64.0        23    0.608730409505529702    0.267261241912424397          4.06              13.0
   0  -63.0        23    0.611278897424893386    0.333333333333333315          2.18               8.0
   0  -81.0        23    0.113527129484320310    0.577350269189625731          1.00               2.0
   0  -80.0        23    0.138203552779824407    1.000000000000000000          0.00               0.0
   0  -78.0        23    0.168149425711127870    0.707106781186547573          0.50               1.0
   0  -74.0        23    0.261052069021727451    0.707106781186547573          0.50               1.0
   0  -69.0        23    0.461904002155169191    0.353553390593273786          3.12               7.0
   0  -62.0        23    0.658930621146017415    0.196116135138184045          8.76              25.0
                                                                              20.12              57.0    Tot

Node 1 - Refine time: -1000000000.0, UB(s): [65] Mbps
Node    CST    Tx pow                    Mean                     Std    Played (s)    Played (count)
   1  -64.0        23    0.080832491026755507    0.377964473009227198          2.17               6.0
   1  -81.0        23    0.018096000000000001    0.500000000000000000          1.50               3.0
   1  -77.0        23    0.028568293746776868    0.408248290463863017          2.50               5.0
   1  -72.0        23    0.016843199999999999    0.577350269189625731          1.00               2.0
   1  -71.0        23    0.048412709534474282    0.408248290463863017          2.50               5.0
   1  -69.0        23    0.092134119734752024    0.353553390593273786          3.50               7.0
   1  -66.0        23    0.102004777762911614    0.447213595499957928          2.00               4.0
   1  -65.0        23    0.087458864623242066    0.447213595499957928          2.00               4.0
   1  -62.0        23    0.153894224260559848    0.377964473009227198          2.89               6.0
                                                                              20.06              42.0    Tot

Node 2 - Refine time: -1000000000.0, UB(s): [65] Mbps
Node    CST    Tx pow                    Mean                     Std    Played (s)    Played (count)
   2  -82.0        23    0.011259733333333334    0.408248290463863017          2.50               5.0
   2  -81.0        23    0.002771626666666666    0.577350269189625731          1.00               2.0
   2  -80.0        23    0.006929066666666667    0.500000000000000000          1.50               3.0
   2  -79.0        23    0.011259733333333332    0.500000000000000000          1.50               3.0
   2  -76.0        23    0.009117600000000002    0.408248290463863017          2.50               5.0
   2  -75.0        23    0.036620213307018687    0.447213595499957928          2.00               4.0
   2  -70.0        23    0.144039130834197032    0.707106781186547573          0.50               1.0
   2  -69.0        23    0.116533286713657425    0.500000000000000000          1.50               3.0
   2  -62.0        23    0.403505782859776563    0.229415733870561772          7.08              18.0
                                                                              20.08              44.0    Tot

Node 3 - Refine time: -1000000000.0, UB(s): [65] Mbps
Node    CST    Tx pow                    Mean                     Std    Played (s)    Played (count)
   3  -64.0        23    0.521675490663066399    0.267261241912424397          4.15              13.0
   3  -82.0        23    0.015961599999999999    0.707106781186547573          0.50               1.0
   3  -80.0        23    0.001299200000000000    0.500000000000000000          1.50               3.0
   3  -79.0        23    0.024731199999999998    1.000000000000000000          0.00               0.0
   3  -77.0        23    0.037379840000000011    1.000000000000000000          0.00               0.0
   3  -73.0        23    0.148063357360976117    0.707106781186547573          0.50               1.0
   3  -71.0        23    0.098165527272727274    1.000000000000000000          0.00               0.0
   3  -69.0        23    0.336304579597113906    0.707106781186547573          0.50               1.0
   3  -68.0        23    0.367080598086238052    0.577350269189625731          0.84               2.0
   3  -67.0        23    0.309694486143985148    0.577350269189625731          1.00               2.0
   3  -66.0        23    0.577986370938851968    0.316227766016837941          3.29               9.0
   3  -62.0        23    0.680319779677197367    0.204124145231931509          7.84              23.0
                                                                              20.12              55.0    Tot

Node 4 - Refine time: -1000000000.0, UB(s): [65] Mbps
Node    CST    Tx pow                    Mean                     Std    Played (s)    Played (count)
   4  -63.0        23    0.212863999747566562    0.301511344577763629          4.19              10.0
   4  -81.0        23    0.004850346666666666    0.577350269189625731          1.00               2.0
   4  -79.0        23    0.008794584615384616    0.707106781186547573          0.50               1.0
   4  -78.0        23    0.051875200000000010    0.577350269189625731          1.00               2.0
   4  -75.0        23    0.073036856056260813    0.577350269189625731          1.00               2.0
   4  -73.0        23    0.082009684220370180    0.577350269189625731          1.00               2.0
   4  -70.0        23    0.073786047358778584    0.377964473009227198          3.00               6.0
   4  -68.0        23    0.121946880773107391    0.353553390593273786          3.50               7.0
   4  -65.0        23    0.210922375103153037    0.408248290463863017          2.29               5.0
   4  -62.0        23    0.229537073047084261    0.353553390593273786          2.71               7.0
                                                                              20.20              44.0    Tot

Node 5 - Refine time: -1000000000.0, UB(s): [65] Mbps
Node    CST    Tx pow                    Mean                     Std    Played (s)    Played (count)
   5  -64.0        23    0.503089753452514055    0.267261241912424397          4.94              13.0
   5  -81.0        23    0.008314880000000000    1.000000000000000000          0.00               0.0
   5  -80.0        23    0.009094400000000001    1.000000000000000000          0.00               0.0
   5  -79.0        23    0.023284363636363638    0.707106781186547573          0.50               1.0
   5  -78.0        23    0.014780509090909090    0.577350269189625731          0.82               2.0
   5  -75.0        23    0.051638044444444448    0.500000000000000000          1.50               3.0
   5  -70.0        23    0.100538056537379308    0.707106781186547573          0.50               1.0
   5  -69.0        23    0.112991537517756827    0.707106781186547573          0.50               1.0
   5  -65.0        23    0.499964565159925656    0.242535625036332969          5.66              16.0
   5  -62.0        23    0.541235767300147441    0.235702260395515839          5.70              17.0
                                                                              20.12              54.0    Tot

Node 6 - Refine time: -1000000000.0, UB(s): [65] Mbps
Node    CST    Tx pow                    Mean                     Std    Played (s)    Played (count)
   6  -64.0        23    0.244188810371993359    0.447213595499957928          1.87               4.0
   6  -81.0        23    0.014328320000000000    0.577350269189625731          1.00               2.0
   6  -79.0        23    0.004540061538461538    1.000000000000000000          0.00               0.0
   6  -78.0        23    0.009354240000000000    0.500000000000000000          1.50               3.0
   6  -76.0        23    0.052582215159344088    0.707106781186547573          0.50               1.0
   6  -75.0        23    0.078000136389672362    0.500000000000000000          1.50               3.0
   6  -74.0        23    0.069988072727272727    0.447213595499957928          1.96               4.0
   6  -73.0        23    0.054380800000000007    0.447213595499957928          2.00               4.0
   6  -71.0        23    0.182705181006611955    0.577350269189625731          1.00               2.0
   6  -70.0        23    0.121329531632353174    0.500000000000000000          1.50               3.0
   6  -68.0        23    0.107019815384615385    0.408248290463863017          2.50               5.0
   6  -67.0        23    0.269624851237009355    0.500000000000000000          0.90               3.0
   6  -65.0        23    0.289709680932535574    0.447213595499957928          1.52               4.0
   6  -62.0        23    0.295160453502597897    0.408248290463863017          2.17               5.0
                                                                              19.92              43.0    Tot

Node 7 - Refine time: -1000000000.0, UB(s): [65] Mbps
Node    CST    Tx pow                    Mean                     Std    Played (s)    Played (count)
   7  -81.0        23    0.013194472727272725    0.500000000000000000          1.50               3.0
   7  -79.0        23    0.005196800000000000    0.577350269189625731          1.00               2.0
   7  -78.0        23    0.014693333333333331    1.000000000000000000          0.00               0.0
   7  -76.0        23    0.026843193071368579    0.500000000000000000          1.50               3.0
   7  -74.0        23    0.024731200000000002    1.000000000000000000          0.00               0.0
   7  -71.0        23    0.176480365954113344    0.500000000000000000          1.50               3.0
   7  -70.0        23    0.254038923881268752    0.408248290463863017          2.04               5.0
   7  -65.0        23    0.437260699441367251    0.267261241912424397          4.58              13.0
   7  -62.0        23    0.524738383389891094    0.208514414057074771          7.84              22.0
                                                                              19.97              51.0    Tot

Node 8 - Refine time: -1000000000.0, UB(s): [65] Mbps
Node    CST    Tx pow                    Mean                     Std    Played (s)    Played (count)
   8  -64.0        23    0.111781945696732346    0.353553390593273786          3.49               7.0
   8  -63.0        23    0.140665106394372574    0.447213595499957928          2.00               4.0
   8  -80.0        23    0.071269760000000001    0.447213595499957928          2.00               4.0
   8  -76.0        23    0.038398429116065329    0.577350269189625731          1.00               2.0
   8  -72.0        23    0.068048702055153301    0.377964473009227198          3.00               6.0
   8  -70.0        23    0.066037468237997568    0.353553390593273786          3.47               7.0
   8  -67.0        23    0.122878777223000210    0.447213595499957928          1.58               4.0
   8  -66.0        23    0.105873767767360794    0.500000000000000000          0.87               3.0
   8  -62.0        23    0.151805441752423942    0.408248290463863017          2.39               5.0
                                                                              19.80              42.0    Tot

Node 9 - Refine time: -1000000000.0, UB(s): [65] Mbps
Node    CST    Tx pow                    Mean                     Std    Played (s)    Played (count)
   9  -63.0        23    0.359309936386516260    0.333333333333333315          2.49               8.0
   9  -80.0        23    0.124489725068778367    0.408248290463863017          2.50               5.0
   9  -78.0        23    0.100469539472019961    0.447213595499957928          2.00               4.0
   9  -71.0        23    0.314092078078601789    0.277350098112614574          4.67              12.0
   9  -69.0        23    0.301155844664795447    0.377964473009227198          2.48               6.0
   9  -68.0        23    0.380934684178286298    0.288675134594812866          4.19              11.0
   9  -62.0        23    0.341116956052594344    0.447213595499957928          1.63               4.0
                                                                              19.97              50.0    Tot

Node 10 - Refine time: -1000000000.0, UB(s): [65] Mbps
Node    CST    Tx pow                    Mean                     Std    Played (s)    Played (count)
  10  -63.0        23    0.181785562390425454    0.377964473009227198          2.20               6.0
  10  -78.0        23    0.074174579533845167    0.408248290463863017          2.50               5.0
  10  -76.0        23    0.093076781130610020    0.500000000000000000          1.13               3.0
  10  -75.0        23    0.218714717156934219    0.353553390593273786          3.09               7.0
  10  -70.0        23    0.191550196703646841    0.333333333333333315          3.61               8.0
  10  -69.0        23    0.177529688967785509    0.408248290463863017          2.42               5.0
  10  -62.0        23    0.213652583063036278    0.301511344577763629          4.93              10.0
                                                                              19.87              44.0    Tot

Node 11 - Refine time: -1000000000.0, UB(s): [65] Mbps
Node    CST    Tx pow                    Mean                     Std    Played (s)    Played (count)
  11  -63.0        23    0.054667109320191962    0.377964473009227198          2.94               6.0
  11  -82.0        23    0.000556800000000000    0.447213595499957928          2.00               4.0
  11  -80.0        23    0.027490301338589238    0.377964473009227198          3.00               6.0
  11  -78.0        23    0.043066086647868942    0.577350269189625731          1.00               2.0
  11  -73.0        23    0.056618371950175425    0.377964473009227198          3.00               6.0
  11  -71.0        23    0.038340345344636664    0.377964473009227198          2.51               6.0
  11  -69.0        23    0.081868941259765612    0.447213595499957928          1.70               4.0
  11  -68.0        23    0.068117564774912431    0.447213595499957928          2.00               4.0
  11  -62.0        23    0.060314416783150630    0.447213595499957928          1.88               4.0
                                                                              20.03              42.0    Tot

Node 12 - Refine time: -1000000000.0, UB(s): [65] Mbps
Node    CST    Tx pow                    Mean                     Std    Played (s)    Played (count)
  12  -64.0        23    0.625389711778992052    0.242535625036332969          6.26              16.0
  12  -63.0        23    0.554362618146012509    0.333333333333333315          3.51               8.0
  12  -82.0        23    0.010393599999999999    1.000000000000000000          0.00               0.0
  12  -79.0        23    0.007814317448303423    1.000000000000000000          0.00               0.0
  12  -78.0        23    0.015012977777777778    0.707106781186547573          0.50               1.0
  12  -75.0        23    0.023432000000000005    0.577350269189625731          1.00               2.0
  12  -74.0        23    0.036955022222222224    1.000000000000000000          0.00               0.0
  12  -71.0        23    0.206943300757573251    0.707106781186547573          0.50               1.0
  12  -70.0        23    0.282997211608311983    0.707106781186547573          0.50               1.0
  12  -62.0        23    0.667246719664696619    0.188982236504613599          7.99              27.0
                                                                              20.25              56.0    Tot

Node 13 - Refine time: -1000000000.0, UB(s): [65] Mbps
Node    CST    Tx pow                    Mean                     Std    Played (s)    Played (count)
  13  -64.0        23    0.240572827104842679    0.408248290463863017          2.50               5.0
  13  -82.0        23    0.004330666666666668    0.447213595499957928          2.00               4.0
  13  -80.0        23    0.012064000000000000    0.500000000000000000          1.50               3.0
  13  -78.0        23    0.006747105882352941    0.577350269189625731          1.00               2.0
  13  -76.0        23    0.037910039930818901    0.577350269189625731          1.00               2.0
  13  -75.0        23    0.065083733333333338    0.408248290463863017          2.02               5.0
  13  -72.0        23    0.087960026820974604    1.000000000000000000          0.00               0.0
  13  -71.0        23    0.072964067917681050    0.377964473009227198          2.54               6.0
  13  -67.0        23    0.205766049211089652    0.500000000000000000          1.50               3.0
  13  -65.0        23    0.135092674482145902    0.447213595499957928          2.00               4.0
  13  -62.0        23    0.257367956548269272    0.316227766016837941          4.06               9.0
                                                                              20.11              43.0    Tot

Node 14 - Refine time: -1000000000.0, UB(s): [65] Mbps
Node    CST    Tx pow                    Mean                     Std    Played (s)    Played (count)
  14  -64.0        23    0.406078734744377723    0.196116135138184045         10.25              25.0
  14  -82.0        23    0.003997538461538463    0.707106781186547573          0.50               1.0
  14  -79.0        23    0.012249599999999999    0.707106781186547573          0.50               1.0
  14  -78.0        23    0.022214944323579618    0.707106781186547573          0.50               1.0
  14  -75.0        23    0.041745483480024985    0.500000000000000000          1.50               3.0
  14  -74.0        23    0.072272705425919806    0.447213595499957928          2.00               4.0
  14  -71.0        23    0.162542361334380381    0.707106781186547573          0.50               1.0
  14  -69.0        23    0.188496805485662000    0.577350269189625731          1.00               2.0
  14  -62.0        23    0.377469820952915425    0.301511344577763629          3.18              10.0
                                                                              19.93              48.0    Tot

Node 15 - Refine time: -1000000000.0, UB(s): [65] Mbps
Node    CST    Tx pow                    Mean                     Std    Played (s)    Played (count)
  15  -82.0        23    0.005669236363636364    0.577350269189625731          1.00               2.0
  15  -81.0        23    0.003779490909090909    0.707106781186547573          0.50               1.0
  15  -80.0        23    0.011395839999999999    0.447213595499957928          2.00               4.0
  15  -78.0        23    0.009238755555555556    0.707106781186547573          0.38               1.0
  15  -77.0        23    0.039022169449312596    0.707106781186547573          0.50               1.0
  15  -74.0        23    0.084482081886545796    0.577350269189625731          1.00               2.0
  15  -72.0        23    0.218667717185874771    0.707106781186547573          0.50               1.0
  15  -70.0        23    0.283272618749150551    0.377964473009227198          3.00               6.0
  15  -69.0        23    0.149436898764595705    0.500000000000000000          1.50               3.0
  15  -68.0        23    0.334757853742141287    0.500000000000000000          0.76               3.0
  15  -66.0        23    0.339919424579231799    0.333333333333333315          3.69               8.0
  15  -62.0        23    0.393533612387134524    0.250000000000000000          5.34              15.0
                                                                              20.17              47.0    Tot

Node 16 - Refine time: -1000000000.0, UB(s): [65] Mbps
Node    CST    Tx pow                    Mean                     Std    Played (s)    Played (count)
  16  -64.0        23    0.097323816176752301    0.500000000000000000          1.41               3.0
  16  -82.0        23    0.003102171428571429    0.577350269189625731          1.00               2.0
  16  -79.0        23    0.014954057142857144    0.377964473009227198          3.00               6.0
  16  -78.0        23    0.003773866666666667    0.707106781186547573          0.50               1.0
  16  -76.0        23    0.017353600000000004    0.500000000000000000          1.50               3.0
  16  -74.0        23    0.034941511200727644    0.577350269189625731          1.00               2.0
  16  -73.0        23    0.020714538683263638    0.447213595499957928          2.00               4.0
  16  -71.0        23    0.103313709353161323    0.408248290463863017          2.08               5.0
  16  -69.0        23    0.151770005852794015    0.377964473009227198          2.78               6.0
  16  -67.0        23    0.105006155260985057    0.577350269189625731          1.00               2.0
  16  -65.0        23    0.089513407942751547    0.500000000000000000          1.32               3.0
  16  -62.0        23    0.071917179599278958    0.408248290463863017          2.42               5.0
                                                                              20.01              42.0    Tot

Node 17 - Refine time: -1000000000.0, UB(s): [65] Mbps
Node    CST    Tx pow                    Mean                     Std    Played (s)    Played (count)
  17  -64.0        23    0.434245952994404882    0.288675134594812866          3.90              11.0
  17  -82.0        23    0.012558933333333336    0.577350269189625731          1.00               2.0
  17  -79.0        23    0.006236159999999999    1.000000000000000000          0.00               0.0
  17  -78.0        23    0.016973963636363641    1.000000000000000000          0.00               0.0
  17  -75.0        23    0.073860447261362441    0.577350269189625731          0.77               2.0
  17  -73.0        23    0.102958687724334447    0.500000000000000000          1.08               3.0
  17  -70.0        23    0.285612308756883704    0.500000000000000000          0.80               3.0
  17  -67.0        23    0.223248326023322785    0.447213595499957928          2.00               4.0
  17  -66.0        23    0.325251953216206091    0.447213595499957928          1.14               4.0
  17  -65.0        23    0.334272106531759539    0.316227766016837941          4.50               9.0
  17  -62.0        23    0.436378548005273315    0.277350098112614574          4.63              12.0
                                                                              19.82              50.0    Tot

Node 18 - Refine time: -1000000000.0, UB(s): [65] Mbps
Node    CST    Tx pow                    Mean                     Std    Played (s)    Played (count)
  18  -64.0        23    0.228303377807995145    0.333333333333333315          3.39               8.0
  18  -81.0        23    0.020147911111111111    0.500000000000000000          1.50               3.0
  18  -76.0        23    0.036377600000000003    0.447213595499957928          2.00               4.0
  18  -75.0        23    0.041396977980532941    0.500000000000000000          1.25               3.0
  18  -72.0        23    0.113230623562376426    0.333333333333333315          2.84               8.0
  18  -69.0        23    0.071274526770155028    0.500000000000000000          1.50               3.0
  18  -68.0        23    0.091247297211481365    0.408248290463863017          2.50               5.0
  18  -62.0        23    0.276498700399339936    0.277350098112614574          5.08              12.0
                                                                              20.06              46.0    Tot

Node 19 - Refine time: -1000000000.0, UB(s): [65] Mbps
Node    CST    Tx pow                    Mean                     Std    Played (s)    Played (count)
  19  -63.0        23    0.416151447165232613    0.258198889747161098          4.81              14.0
  19  -82.0        23    0.109128366390260009    0.707106781186547573          0.50               1.0
  19  -79.0        23    0.172768995012700793    0.447213595499957928          1.76               4.0
  19  -74.0        23    0.178821795779912723    0.500000000000000000          1.49               3.0
  19  -72.0        23    0.294031692458308347    0.447213595499957928          1.73               4.0
  19  -70.0        23    0.264804830599849383    0.408248290463863017          1.87               5.0
  19  -67.0        23    0.350526271968039371    0.408248290463863017          1.83               5.0
  19  -65.0        23    0.392055071382917786    0.301511344577763629          4.05              10.0
  19  -62.0        23    0.410055762881832153    0.408248290463863017          1.72               5.0
                                                                              19.75              51.0    Tot

Mean throughputs: [42.1661  2.1693  7.7130 33.7600  4.9081 30.4348  6.3082 18.8810  5.0164
 15.3242  5.8102  2.3125 39.3776  4.0455 11.9190 12.9804  1.5235 17.0101
  6.7100 24.6366]
Aggregate throughput: 293.0063
Min-Max: 40.6426
JFI: 0.5384 [0.0500, 1]
Node 0:
  CST counts:       {-62.0: 26, -64.0: 13, -74.0: 1, -78.0: 1, -63.0: 8, -69.0: 7, -81.0: 2}
  Tx pow counts:    {23.0: 58}
Node 1:
  CST counts:       {-62.0: 6, -64.0: 6, -69.0: 7, -81.0: 3, -66.0: 4, -71.0: 5, -77.0: 6, -72.0: 2, -65.0: 4}
  Tx pow counts:    {23.0: 43}
Node 2:
  CST counts:       {-76.0: 5, -70.0: 1, -62.0: 19, -80.0: 3, -79.0: 3, -75.0: 4, -82.0: 5, -69.0: 3, -81.0: 2}
  Tx pow counts:    {23.0: 45}
Node 3:
  CST counts:       {-62.0: 23, -66.0: 9, -80.0: 3, -64.0: 14, -67.0: 2, -68.0: 2, -82.0: 1, -69.0: 1, -73.0: 1}
  Tx pow counts:    {23.0: 56}
Node 4:
  CST counts:       {-70.0: 7, -63.0: 10, -68.0: 7, -62.0: 7, -78.0: 2, -73.0: 2, -79.0: 1, -65.0: 5, -75.0: 2, -81.0: 2}
  Tx pow counts:    {23.0: 45}
Node 5:
  CST counts:       {-64.0: 14, -62.0: 17, -65.0: 16, -69.0: 1, -78.0: 2, -79.0: 1, -70.0: 1, -75.0: 3}
  Tx pow counts:    {23.0: 55}
Node 6:
  CST counts:       {-64.0: 4, -62.0: 5, -68.0: 5, -70.0: 4, -74.0: 4, -65.0: 4, -73.0: 4, -75.0: 3, -78.0: 3, -67.0: 3, -71.0: 2, -81.0: 2, -76.0: 1}
  Tx pow counts:    {23.0: 44}
Node 7:
  CST counts:       {-62.0: 22, -65.0: 13, -71.0: 3, -79.0: 2, -81.0: 3, -70.0: 5, -76.0: 3, -78.0: 1}
  Tx pow counts:    {23.0: 52}
Node 8:
  CST counts:       {-67.0: 4, -62.0: 5, -72.0: 7, -70.0: 7, -64.0: 7, -80.0: 4, -76.0: 2, -63.0: 4, -66.0: 3}
  Tx pow counts:    {23.0: 43}
Node 9:
  CST counts:       {-63.0: 8, -71.0: 12, -62.0: 4, -80.0: 6, -69.0: 6, -68.0: 11, -78.0: 4}
  Tx pow counts:    {23.0: 51}
Node 10:
  CST counts:       {-62.0: 10, -69.0: 5, -76.0: 3, -78.0: 5, -70.0: 8, -63.0: 6, -75.0: 8}
  Tx pow counts:    {23.0: 45}
Node 11:
  CST counts:       {-82.0: 4, -69.0: 4, -62.0: 4, -73.0: 6, -71.0: 7, -63.0: 6, -80.0: 6, -78.0: 2, -68.0: 4}
  Tx pow counts:    {23.0: 43}
Node 12:
  CST counts:       {-64.0: 16, -62.0: 28, -63.0: 8, -71.0: 1, -78.0: 1, -70.0: 1, -75.0: 2}
  Tx pow counts:    {23.0: 57}
Node 13:
  CST counts:       {-76.0: 2, -82.0: 4, -64.0: 5, -75.0: 5, -67.0: 3, -62.0: 10, -78.0: 2, -80.0: 3, -71.0: 6, -65.0: 4}
  Tx pow counts:    {23.0: 44}
Node 14:
  CST counts:       {-64.0: 25, -62.0: 10, -71.0: 2, -75.0: 3, -79.0: 1, -69.0: 2, -74.0: 4, -78.0: 1, -82.0: 1}
  Tx pow counts:    {23.0: 49}
Node 15:
  CST counts:       {-70.0: 6, -80.0: 4, -68.0: 3, -66.0: 8, -69.0: 3, -77.0: 1, -72.0: 1, -62.0: 15, -78.0: 1, -74.0: 2, -82.0: 2, -81.0: 2}
  Tx pow counts:    {23.0: 48}
Node 16:
  CST counts:       {-69.0: 6, -74.0: 2, -73.0: 4, -64.0: 3, -62.0: 5, -67.0: 2, -71.0: 5, -79.0: 6, -76.0: 3, -65.0: 4, -78.0: 1, -82.0: 2}
  Tx pow counts:    {23.0: 43}
Node 17:
  CST counts:       {-65.0: 10, -62.0: 12, -75.0: 2, -73.0: 3, -64.0: 11, -82.0: 2, -67.0: 4, -66.0: 4, -70.0: 3}
  Tx pow counts:    {23.0: 51}
Node 18:
  CST counts:       {-68.0: 5, -64.0: 8, -62.0: 13, -76.0: 4, -75.0: 3, -72.0: 8, -81.0: 3, -69.0: 3}
  Tx pow counts:    {23.0: 47}
Node 19:
  CST counts:       {-63.0: 14, -65.0: 11, -62.0: 5, -70.0: 5, -79.0: 4, -72.0: 4, -74.0: 3, -82.0: 1, -67.0: 5}
  Tx pow counts:    {23.0: 52}
