Simulation time: 100.0 s
Waiting for simulation script to connect on port: tcp://localhost:50001
Please start proper ns-3 simulation script using ./waf --run "..."
Start
Progress: 0% 10% 20% 30% 40% 50% 60% 70% 80% 90% 100% 100%
Done
Final step: 1000010
Node    CST    Tx pow                    Mean                     Std    Played (s)    Played (count)
   0    -82        23    0.359225806451612839    0.033942211665106532          0.09               867
   0    -77        23    0.271373368146214600    0.036131468676496206          0.08               765
   0    -72        23    0.000000000000000000    0.107832773203438412          0.01                85
   0    -67        23    0.587406307509264147    0.001000897707372526         99.82            998206
   0    -62        23    0.000000000000000000    0.105999788000636003          0.01                88
                                                                             100.00           1000011    Tot

Node    CST    Tx pow                    Mean                     Std    Played (s)    Played (count)
   1    -82        23    0.043538873994637933    0.009153150324227656          1.19             11935
   1    -77        23    0.033276691972217644    0.008986790140419648          1.24             12381
   1    -72        23    0.050433131445408369    0.009046903119214503          1.22             12217
   1    -67        23    0.000000000000000000    0.021546520679428586          0.22              2153
   1    -62        23    0.073378845469695669    0.001019916589328498         96.13            961325
                                                                             100.00           1000011    Tot

Node    CST    Tx pow                    Mean                     Std    Played (s)    Played (count)
   2    -82        23    0.062791502753737169    0.019834087593950483          0.25              2541
   2    -77        23    0.060120314669134763    0.015210994830072745          0.43              4321
   2    -72        23    0.097192967873321628    0.006446784654077118          2.41             24060
   2    -67        23    0.122114767311534464    0.001031178838024494         94.04            940441
   2    -62        23    0.092511710705434638    0.005908065021165637          2.86             28648
                                                                             100.00           1000011    Tot

Node    CST    Tx pow                    Mean                     Std    Played (s)    Played (count)
   3    -82        23    0.000000000000000000    0.150755672288881815          0.00                43
   3    -77        23    0.000000000000000000    0.152498570332604666          0.00                42
   3    -72        23    0.000000000000000000    0.150755672288881815          0.00                43
   3    -67        23    0.334006591957812904    0.025674808298154838          0.15              1516
   3    -62        23    0.700091733709328756    0.001000817000144289         99.84            998367
                                                                             100.00           1000011    Tot

Node    CST    Tx pow                    Mean                     Std    Played (s)    Played (count)
   4    -82        23    0.000000000000000000    0.020988774008055676          0.23              2269
   4    -77        23    0.039795880725484373    0.008766535033261112          1.30             13011
   4    -72        23    0.033778355541111395    0.010408199895645098          0.92              9230
   4    -67        23    0.054366368338944371    0.003203680451835723          9.74             97431
   4    -62        23    0.059575319080122084    0.001067173870277066         87.81            878070
                                                                             100.00           1000011    Tot

Node    CST    Tx pow                    Mean                     Std    Played (s)    Played (count)
   5    -82        23    0.020437835294117548    0.003960590171906697          6.37             63749
   5    -77        23    0.013943238731218775    0.006809815387045307          2.16             21563
   5    -72        23    0.020510715554327666    0.006282353996785937          2.53             25336
   5    -67        23    0.041094272780948654    0.009919971049598733          1.02             10161
   5    -62        23    0.448357996958560268    0.001066486639956652         87.92            879202
                                                                             100.00           1000011    Tot

Node    CST    Tx pow                    Mean                     Std    Played (s)    Played (count)
   6    -82        23    0.069846595805803005    0.011984860698077077          0.70              6961
   6    -77        23    0.071535473482942299    0.010031649623228890          0.99              9936
   6    -72        23    0.086919892907229721    0.004609616656709512          4.71             47061
   6    -67        23    0.093013742802303553    0.001548945527021974         41.68            416799
   6    -62        23    0.093383512917545222    0.001387744952639626         51.93            519254
                                                                             100.00           1000011    Tot

Node    CST    Tx pow                    Mean                     Std    Played (s)    Played (count)
   7    -82        23    0.147552526973310644    0.023829795864119575          0.18              1760
   7    -77        23    0.000000000000000000    0.062622429108514954          0.03               254
   7    -72        23    0.085755775577557675    0.040622223185119377          0.06               605
   7    -67        23    0.184477951635845988    0.013334518676566626          0.56              5623
   7    -62        23    0.303198878772248992    0.001004140575301876         99.18            991769
                                                                             100.00           1000011    Tot

Node    CST    Tx pow                    Mean                     Std    Played (s)    Played (count)
   8    -82        23    0.000000000000000000    0.051097613030759603          0.04               382
   8    -77        23    0.000000000000000000    0.051639777949432225          0.04               374
   8    -72        23    0.087194630872483400    0.028964222318174613          0.12              1191
   8    -67        23    0.059664753157290480    0.033883707378584857          0.09               870
   8    -62        23    0.179650607955297442    0.001001405457423161         99.72            997194
                                                                             100.00           1000011    Tot

Node    CST    Tx pow                    Mean                     Std    Played (s)    Played (count)
   9    -82        23    0.053491806414588811    0.007985193209377333          1.57             15682
   9    -77        23    0.087173046556853442    0.001441419073355373         48.13            481303
   9    -72        23    0.035009941371399435    0.015965805928921335          0.39              3922
   9    -67        23    0.400705403469437893    0.001424488416959665         49.28            492812
   9    -62        23    0.045124423963133660    0.012605820947258064          0.63              6292
                                                                             100.00           1000011    Tot

Node    CST    Tx pow                    Mean                     Std    Played (s)    Played (count)
  10    -82        23    0.046587180636485655    0.014970462476167401          0.45              4461
  10    -77        23    0.059826260112009907    0.011155962852044267          0.80              8034
  10    -72        23    0.083741504379496276    0.005486312949017197          3.32             33222
  10    -67        23    0.100554108204337661    0.001047348970903891         91.16            911626
  10    -62        23    0.080688087370222566    0.004841096810828098          4.27             42668
                                                                             100.00           1000011    Tot

Node    CST    Tx pow                    Mean                     Std    Played (s)    Played (count)
  11    -82        23    0.023840917760807892    0.002633613305698640         14.42            144176
  11    -77        23    0.022870960241804111    0.005763234072502848          3.01             30106
  11    -72        23    0.021807973809478836    0.003067167214672285         10.63            106297
  11    -67        23    0.021077131802422034    0.005012421132523519          3.98             39801
  11    -62        23    0.026486898792287928    0.001213006394860418         67.96            679631
                                                                             100.00           1000011    Tot

Node    CST    Tx pow                    Mean                     Std    Played (s)    Played (count)
  12    -82        23    0.000000000000000000    0.128036879932895975          0.01                60
  12    -77        23    0.101978021978021985    0.104828483672191830          0.01                90
  12    -72        23    0.441529311809686187    0.029148201866454448          0.12              1176
  12    -67        23    0.595016094016551089    0.001000684702584993         99.86            998631
  12    -62        23    0.000000000000000000    0.134839972492648424          0.01                54
                                                                             100.00           1000011    Tot

Node    CST    Tx pow                    Mean                     Std    Played (s)    Played (count)
  13    -82        23    0.013078193709418371    0.001715626808228048         33.97            339745
  13    -77        23    0.010755359827337685    0.002497558269393177         16.03            160312
  13    -72        23    0.009954096261042870    0.002697603946263389         13.74            137417
  13    -67        23    0.012306906289603079    0.002233690362669973         20.04            200425
  13    -62        23    0.011345764991086514    0.002483653913369339         16.21            162112
                                                                             100.00           1000011    Tot

Node    CST    Tx pow                    Mean                     Std    Played (s)    Played (count)
  14    -82        23    0.033894794315846737    0.003790571912135028          6.96             69596
  14    -77        23    0.030692560928927113    0.005051729345089338          3.92             39184
  14    -72        23    0.036871462816520796    0.003711705990368814          7.26             72585
  14    -67        23    0.040734375873702128    0.002158644341134456         21.46            214603
  14    -62        23    0.094341842647222229    0.001286665667185165         60.40            604043
                                                                             100.00           1000011    Tot

Node    CST    Tx pow                    Mean                     Std    Played (s)    Played (count)
  15    -82        23    0.238698162729657992    0.012807887989463999          0.61              6095
  15    -77        23    0.000000000000000000    0.084515425472851652          0.01               139
  15    -72        23    0.000000000000000000    0.083624201000709081          0.01               142
  15    -67        23    0.272656356422031398    0.005589558619205482          3.20             32006
  15    -62        23    0.322906132296174653    0.001019755363518459         96.16            961629
                                                                             100.00           1000011    Tot

Node    CST    Tx pow                    Mean                     Std    Played (s)    Played (count)
  16    -82        23    0.006611935668831679    0.003065883998691175         10.64            106386
  16    -77        23    0.005814025060452762    0.003706653930296163          7.28             72783
  16    -72        23    0.006389442731119511    0.003457373199252002          8.37             83657
  16    -67        23    0.010139018119384058    0.001320260005921510         57.37            573694
  16    -62        23    0.007833043818657841    0.002473157340265990         16.35            163491
                                                                             100.00           1000011    Tot

Node    CST    Tx pow                    Mean                     Std    Played (s)    Played (count)
  17    -82        23    0.032568205556716044    0.014453342234025408          0.48              4786
  17    -77        23    0.014688524590163926    0.016812065978477161          0.35              3537
  17    -72        23    0.022454480757650427    0.007398886847221152          1.83             18266
  17    -67        23    0.000000000000000000    0.017233696556464517          0.34              3366
  17    -62        23    0.257800471518649932    0.001015316334112551         97.01            970056
                                                                             100.00           1000011    Tot

Node    CST    Tx pow                    Mean                     Std    Played (s)    Played (count)
  18    -82        23    0.025490600194958839    0.004172175256670258          5.74             57447
  18    -77        23    0.030487917907977079    0.002626056215263560         14.50            145007
  18    -72        23    0.000000000000000000    0.013029938101426074          0.59              5889
  18    -67        23    0.043348078266670607    0.001151409905406549         75.43            754292
  18    -62        23    0.023537041496107067    0.005172467609187903          3.74             37376
                                                                             100.00           1000011    Tot

Node    CST    Tx pow                    Mean                     Std    Played (s)    Played (count)
  19    -82        23    0.043842519685039369    0.088735650941611371          0.01               126
  19    -77        23    0.172079470198675727    0.057543533764843599          0.03               301
  19    -72        23    0.000000000000000000    0.100000000000000006          0.01                99
  19    -67        23    0.030933333333333347    0.091287092917527679          0.01               119
  19    -62        23    0.377218363223881081    0.001000316650337680         99.94            999366
                                                                             100.00           1000011    Tot

Mean throughputs: [38.1463  4.6857  7.8162 45.4641  3.7984 25.7877  6.0154 19.6332 11.6545
 15.6447  6.4077  1.6435 38.6571  0.7697  4.6778 20.8452  0.5693 16.2953
  2.5650 24.5074]
Aggregate throughput: 295.5842
Min-Max: 44.8948
JFI: 0.5246 [0.0500, 1]
Node 0:
  CST counts:       {-82: 867, -77: 765, -72: 85, -67: 998206, -62: 88}
  Tx pow counts:    {23: 1000011}
Node 1:
  CST counts:       {-82: 11935, -77: 12381, -72: 12217, -67: 2153, -62: 961325}
  Tx pow counts:    {23: 1000011}
Node 2:
  CST counts:       {-82: 2541, -77: 4321, -72: 24060, -67: 940441, -62: 28648}
  Tx pow counts:    {23: 1000011}
Node 3:
  CST counts:       {-82: 43, -77: 42, -72: 43, -67: 1516, -62: 998367}
  Tx pow counts:    {23: 1000011}
Node 4:
  CST counts:       {-82: 2269, -77: 13011, -72: 9230, -67: 97431, -62: 878070}
  Tx pow counts:    {23: 1000011}
Node 5:
  CST counts:       {-82: 63749, -77: 21563, -72: 25336, -67: 10161, -62: 879202}
  Tx pow counts:    {23: 1000011}
Node 6:
  CST counts:       {-82: 6961, -77: 9936, -72: 47061, -67: 416799, -62: 519254}
  Tx pow counts:    {23: 1000011}
Node 7:
  CST counts:       {-82: 1760, -77: 254, -72: 605, -67: 5623, -62: 991769}
  Tx pow counts:    {23: 1000011}
Node 8:
  CST counts:       {-82: 382, -77: 374, -72: 1191, -67: 870, -62: 997194}
  Tx pow counts:    {23: 1000011}
Node 9:
  CST counts:       {-82: 15682, -77: 481303, -72: 3922, -67: 492812, -62: 6292}
  Tx pow counts:    {23: 1000011}
Node 10:
  CST counts:       {-82: 4461, -77: 8034, -72: 33222, -67: 911626, -62: 42668}
  Tx pow counts:    {23: 1000011}
Node 11:
  CST counts:       {-82: 144176, -77: 30106, -72: 106297, -67: 39801, -62: 679631}
  Tx pow counts:    {23: 1000011}
Node 12:
  CST counts:       {-82: 60, -77: 90, -72: 1176, -67: 998631, -62: 54}
  Tx pow counts:    {23: 1000011}
Node 13:
  CST counts:       {-82: 339745, -77: 160312, -72: 137417, -67: 200425, -62: 162112}
  Tx pow counts:    {23: 1000011}
Node 14:
  CST counts:       {-82: 69596, -77: 39184, -72: 72585, -67: 214603, -62: 604043}
  Tx pow counts:    {23: 1000011}
Node 15:
  CST counts:       {-82: 6095, -77: 139, -72: 142, -67: 32006, -62: 961629}
  Tx pow counts:    {23: 1000011}
Node 16:
  CST counts:       {-82: 106386, -77: 72783, -72: 83657, -67: 573694, -62: 163491}
  Tx pow counts:    {23: 1000011}
Node 17:
  CST counts:       {-82: 4786, -77: 3537, -72: 18266, -67: 3366, -62: 970056}
  Tx pow counts:    {23: 1000011}
Node 18:
  CST counts:       {-82: 57447, -77: 145007, -72: 5889, -67: 754292, -62: 37376}
  Tx pow counts:    {23: 1000011}
Node 19:
  CST counts:       {-82: 126, -77: 301, -72: 99, -67: 119, -62: 999366}
  Tx pow counts:    {23: 1000011}


Last 20.0 seconds of simulation:
Node    CST    Tx pow                    Mean                     Std    Played (s)    Played (count)
   0    -82        23    0.359225806451612839    1.000000000000000000          0.00               0.0
   0    -77        23    0.271373368146214600    1.000000000000000000          0.00               0.0
   0    -72        23    0.000000000000000000    1.000000000000000000          0.00               0.0
   0    -67        23    0.592925446882650919    0.002236000898479006         20.00          200011.0
   0    -62        23    0.000000000000000000    1.000000000000000000          0.00               0.0
                                                                              20.00          200011.0    Tot

Node    CST    Tx pow                    Mean                     Std    Played (s)    Played (count)
   1    -82        23    0.044048143753178365    0.084818892967997092          0.01             138.0
   1    -77        23    0.033279379694693391    0.707106781186547573          0.00               1.0
   1    -72        23    0.048558139534883672    0.043726946944662608          0.05             522.0
   1    -67        23    0.000000000000000000    0.112508790092602395          0.01              78.0
   1    -62        23    0.072546921871679174    0.002240143144344016         19.93          199272.0
                                                                              20.00          200011.0    Tot

Node    CST    Tx pow                    Mean                     Std    Played (s)    Played (count)
   2    -82        23    0.003697211155378485    0.025490637096729083          0.15            1538.0
   2    -77        23    0.060315691736304647    0.258198889747161098          0.00              14.0
   2    -72        23    0.097810866201011828    0.080845208345444328          0.02             152.0
   2    -67        23    0.115255830123006622    0.002245598309734118         19.83          198305.0
   2    -62        23    0.092518169441826253    0.577350269189625731          0.00               2.0
                                                                              20.00          200011.0    Tot

Node    CST    Tx pow                    Mean                     Std    Played (s)    Played (count)
   3    -82        23    0.000000000000000000    1.000000000000000000          0.00               0.0
   3    -77        23    0.000000000000000000    1.000000000000000000          0.00               0.0
   3    -72        23    0.000000000000000000    1.000000000000000000          0.00               0.0
   3    -67        23    0.334006591957812904    1.000000000000000000          0.00               0.0
   3    -62        23    0.707640436546472018    0.002236000898479006         20.00          200011.0
                                                                              20.00          200011.0    Tot

Node    CST    Tx pow                    Mean                     Std    Played (s)    Played (count)
   4    -82        23    0.000000000000000000    0.045548751867427698          0.05             481.0
   4    -77        23    0.045681113943910577    0.018847805889708431          0.28            2814.0
   4    -72        23    0.043817875210792522    0.021739130434782608          0.21            2115.0
   4    -67        23    0.061046614185168234    0.007393424845769264          1.83           18293.0
   4    -62        23    0.066180018040279912    0.002381566753208860         17.63          176308.0
                                                                              20.00          200011.0    Tot

Node    CST    Tx pow                    Mean                     Std    Played (s)    Played (count)
   5    -82        23    0.020437835294117548    1.000000000000000000          0.00               0.0
   5    -77        23    0.013943238731218775    1.000000000000000000          0.00               0.0
   5    -72        23    0.020510715554327666    1.000000000000000000          0.00               0.0
   5    -67        23    0.041094272780948654    1.000000000000000000          0.00               0.0
   5    -62        23    0.410513669183337648    0.002236000898479006         20.00          200011.0
                                                                              20.00          200011.0    Tot

Node    CST    Tx pow                    Mean                     Std    Played (s)    Played (count)
   6    -82        23    0.071195174909529604    0.018837770674218591          0.28            2817.0
   6    -77        23    0.076730109204368055    0.021100615513931942          0.22            2245.0
   6    -72        23    0.094232441422777452    0.008841598196121759          1.28           12791.0
   6    -67        23    0.103805649731015442    0.003491640544443608          8.20           82023.0
   6    -62        23    0.104318075968696133    0.003160129502232401         10.01          100135.0
                                                                              20.00          200011.0    Tot

Node    CST    Tx pow                    Mean                     Std    Played (s)    Played (count)
   7    -82        23    0.147552526973310644    1.000000000000000000          0.00               0.0
   7    -77        23    0.000000000000000000    0.577350269189625731          0.00               2.0
   7    -72        23    0.085755775577557675    1.000000000000000000          0.00               0.0
   7    -67        23    0.184477951635845988    1.000000000000000000          0.00               0.0
   7    -62        23    0.291817515639150260    0.002236012077896579         20.00          200009.0
                                                                              20.00          200011.0    Tot

Node    CST    Tx pow                    Mean                     Std    Played (s)    Played (count)
   8    -82        23    0.000000000000000000    0.158113883008418971          0.00              39.0
   8    -77        23    0.000000000000000000    0.142857142857142849          0.00              48.0
   8    -72        23    0.098145420207743347    0.086386842558136015          0.01             133.0
   8    -67        23    0.061793103448275877    0.179605302026774910          0.00              30.0
   8    -62        23    0.192611722098613852    0.002237399626561119         19.98          199761.0
                                                                              20.00          200011.0    Tot

Node    CST    Tx pow                    Mean                     Std    Played (s)    Played (count)
   9    -82        23    0.053491806414588811    1.000000000000000000          0.00               0.0
   9    -77        23    0.087173046556853442    1.000000000000000000          0.00               0.0
   9    -72        23    0.035009941371399435    1.000000000000000000          0.00               0.0
   9    -67        23    0.405414061379342827    0.002236000898479006         20.00          200011.0
   9    -62        23    0.045124423963133660    1.000000000000000000          0.00               0.0
                                                                              20.00          200011.0    Tot

Node    CST    Tx pow                    Mean                     Std    Played (s)    Played (count)
  10    -82        23    0.047083125707814033    0.144337567297406433          0.00              47.0
  10    -77        23    0.060110541453044841    0.160128153805087131          0.00              38.0
  10    -72        23    0.082459681640444718    0.036637165272365588          0.07             744.0
  10    -67        23    0.096596984089554624    0.002240891083754804         19.91          199139.0
  10    -62        23    0.080769483413879531    0.150755672288881815          0.00              43.0
                                                                              20.00          200011.0    Tot

Node    CST    Tx pow                    Mean                     Std    Played (s)    Played (count)
  11    -82        23    0.023847402987280587    0.005276402062001867          3.59           35918.0
  11    -77        23    0.006892640108035093    0.007400304898842879          1.83           18259.0
  11    -72        23    0.021637051599128973    0.009250935259013151          1.17           11684.0
  11    -67        23    0.014966181224149309    0.009520787531182656          1.10           11031.0
  11    -62        23    0.026877187055828314    0.002849939866903206         12.31          123119.0
                                                                              20.00          200011.0    Tot

Node    CST    Tx pow                    Mean                     Std    Played (s)    Played (count)
  12    -82        23    0.000000000000000000    0.707106781186547573          0.00               1.0
  12    -77        23    0.101978021978021985    1.000000000000000000          0.00               0.0
  12    -72        23    0.441529311809686187    1.000000000000000000          0.00               0.0
  12    -67        23    0.613629777291356704    0.002236006488166832         20.00          200010.0
  12    -62        23    0.000000000000000000    1.000000000000000000          0.00               0.0
                                                                              20.00          200011.0    Tot

Node    CST    Tx pow                    Mean                     Std    Played (s)    Played (count)
  13    -82        23    0.013348703082203628    0.003598146712097974          7.72           77239.0
  13    -77        23    0.011872533251077726    0.006434494875222055          2.42           24152.0
  13    -72        23    0.010583078967502864    0.008686133839656661          1.33           13253.0
  13    -67        23    0.011844869906725503    0.004682159029282379          4.56           45614.0
  13    -62        23    0.011194246485779595    0.005015446282604791          3.98           39753.0
                                                                              20.00          200011.0    Tot

Node    CST    Tx pow                    Mean                     Std    Played (s)    Played (count)
  14    -82        23    0.033894794315846737    1.000000000000000000          0.00               0.0
  14    -77        23    0.030692560928927113    1.000000000000000000          0.00               0.0
  14    -72        23    0.036871462816520796    1.000000000000000000          0.00               0.0
  14    -67        23    0.040734375873702128    1.000000000000000000          0.00               0.0
  14    -62        23    0.072451586875329543    0.002236000898479006         20.00          200011.0
                                                                              20.00          200011.0    Tot

Node    CST    Tx pow                    Mean                     Std    Played (s)    Played (count)
  15    -82        23    0.238698162729657992    1.000000000000000000          0.00               0.0
  15    -77        23    0.000000000000000000    0.408248290463863017          0.00               5.0
  15    -72        23    0.000000000000000000    0.408248290463863017          0.00               5.0
  15    -67        23    0.272656356422031398    1.000000000000000000          0.00               0.0
  15    -62        23    0.357663607872040656    0.002236056797243754         20.00          200001.0
                                                                              20.00          200011.0    Tot

Node    CST    Tx pow                    Mean                     Std    Played (s)    Played (count)
  16    -82        23    0.008287080888763242    0.006818991973826144          2.15           21505.0
  16    -77        23    0.006810637988664326    0.007508616388216940          1.77           17736.0
  16    -72        23    0.007564084461844509    0.006846264541828993          2.13           21334.0
  16    -67        23    0.012186521194516112    0.003039120620305987         10.83          108268.0
  16    -62        23    0.009621958223753889    0.005664199815468416          3.12           31168.0
                                                                              20.00          200011.0    Tot

Node    CST    Tx pow                    Mean                     Std    Played (s)    Played (count)
  17    -82        23    0.032568205556716044    1.000000000000000000          0.00               0.0
  17    -77        23    0.014688524590163926    1.000000000000000000          0.00               0.0
  17    -72        23    0.022454480757650427    1.000000000000000000          0.00               0.0
  17    -67        23    0.000000000000000000    1.000000000000000000          0.00               0.0
  17    -62        23    0.250834261849273377    0.002236000898479006         20.00          200011.0
                                                                              20.00          200011.0    Tot

Node    CST    Tx pow                    Mean                     Std    Played (s)    Played (count)
  18    -82        23    0.025491043918742413    0.707106781186547573          0.00               1.0
  18    -77        23    0.030487917907977079    1.000000000000000000          0.00               0.0
  18    -72        23    0.000000000000000000    0.116247638743819284          0.01              73.0
  18    -67        23    0.045114121974231022    0.002236453799060108         19.99          199930.0
  18    -62        23    0.023541450361252176    0.353553390593273786          0.00               7.0
                                                                              20.00          200011.0    Tot

Node    CST    Tx pow                    Mean                     Std    Played (s)    Played (count)
  19    -82        23    0.049714285714285711    0.250000000000000000          0.00              15.0
  19    -77        23    0.196105660377358715    0.162221421130762544          0.00              37.0
  19    -72        23    0.000000000000000000    0.235702260395515839          0.00              17.0
  19    -67        23    0.036038834951456315    0.235702260395515839          0.00              17.0
  19    -62        23    0.407871370280728396    0.002236481764905173         19.99          199925.0
                                                                              20.00          200011.0    Tot

Mean throughputs: [36.7497  4.9737  9.5747 43.5474  2.0755 37.4965  3.2360 22.6362  8.3038
 25.5978  7.4576  1.6852 33.8449  0.7160  9.0065 12.3848  0.0856 18.5003
  2.4983 16.5449]
Aggregate throughput: 296.9155
Min-Max: 43.4618
JFI: 0.5228 [0.0500, 1]
Node 0:
  CST counts:       {-67: 200011}
  Tx pow counts:    {23: 200011}
Node 1:
  CST counts:       {-82: 138, -77: 1, -72: 522, -67: 78, -62: 199272}
  Tx pow counts:    {23: 200011}
Node 2:
  CST counts:       {-82: 1538, -77: 14, -72: 152, -67: 198305, -62: 2}
  Tx pow counts:    {23: 200011}
Node 3:
  CST counts:       {-62: 200011}
  Tx pow counts:    {23: 200011}
Node 4:
  CST counts:       {-82: 481, -77: 2814, -72: 2115, -67: 18293, -62: 176308}
  Tx pow counts:    {23: 200011}
Node 5:
  CST counts:       {-62: 200011}
  Tx pow counts:    {23: 200011}
Node 6:
  CST counts:       {-82: 2817, -77: 2245, -72: 12791, -67: 82023, -62: 100135}
  Tx pow counts:    {23: 200011}
Node 7:
  CST counts:       {-77: 2, -62: 200009}
  Tx pow counts:    {23: 200011}
Node 8:
  CST counts:       {-82: 39, -77: 48, -72: 133, -67: 30, -62: 199761}
  Tx pow counts:    {23: 200011}
Node 9:
  CST counts:       {-67: 200011}
  Tx pow counts:    {23: 200011}
Node 10:
  CST counts:       {-82: 47, -77: 38, -72: 744, -67: 199139, -62: 43}
  Tx pow counts:    {23: 200011}
Node 11:
  CST counts:       {-82: 35918, -77: 18259, -72: 11684, -67: 11031, -62: 123119}
  Tx pow counts:    {23: 200011}
Node 12:
  CST counts:       {-82: 1, -67: 200010}
  Tx pow counts:    {23: 200011}
Node 13:
  CST counts:       {-82: 77239, -77: 24152, -72: 13253, -67: 45614, -62: 39753}
  Tx pow counts:    {23: 200011}
Node 14:
  CST counts:       {-62: 200011}
  Tx pow counts:    {23: 200011}
Node 15:
  CST counts:       {-77: 5, -72: 5, -62: 200001}
  Tx pow counts:    {23: 200011}
Node 16:
  CST counts:       {-82: 21505, -77: 17736, -72: 21334, -67: 108268, -62: 31168}
  Tx pow counts:    {23: 200011}
Node 17:
  CST counts:       {-62: 200011}
  Tx pow counts:    {23: 200011}
Node 18:
  CST counts:       {-82: 1, -72: 73, -67: 199930, -62: 7}
  Tx pow counts:    {23: 200011}
Node 19:
  CST counts:       {-82: 15, -77: 37, -72: 17, -67: 17, -62: 199925}
  Tx pow counts:    {23: 200011}
Simulation time: 100.0 s
Waiting for simulation script to connect on port: tcp://localhost:50001
Please start proper ns-3 simulation script using ./waf --run "..."
Start
Progress: 0% 10% 20% 30% 40% 50% 60% 70% 80% 90% 100% 100%
Done
Final step: 1000010
Node    CST    Tx pow                    Mean                     Std    Played (s)    Played (count)
   0    -82        23    0.007756070517795853    0.001955337852150837         26.16            261550
   0    -77        23    0.007636747852943489    0.001840251162840815         29.53            295287
   0    -72        23    0.005790020198997603    0.002735161822772685         13.37            133669
   0    -67        23    0.007382725813580190    0.002411522581143778         17.20            171955
   0    -62        23    0.005842545673968166    0.002696299455221931         13.76            137550
                                                                             100.00           1000011    Tot

Node    CST    Tx pow                    Mean                     Std    Played (s)    Played (count)
   1    -82        23    0.010008486562941997    0.003838439294656714          6.79             67871
   1    -77        23    0.016039448991814097    0.001579717723343698         40.07            400719
   1    -72        23    0.016880825896307620    0.002852245854816196         12.29            122920
   1    -67        23    0.022894408710859484    0.002410464460859988         17.21            172106
   1    -62        23    0.014603292779912003    0.002056742575077325         23.64            236395
                                                                             100.00           1000011    Tot

Node    CST    Tx pow                    Mean                     Std    Played (s)    Played (count)
   2    -82        23    0.000000000000000000    0.038924947208076148          0.07               659
   2    -77        23    0.000000000000000000    0.038490017945975050          0.07               674
   2    -72        23    0.029294250281848958    0.023742322084163121          0.18              1773
   2    -67        23    0.047080992933502493    0.013460766879042041          0.55              5518
   2    -62        23    0.211291514523054003    0.001004334013570553         99.14            991387
                                                                             100.00           1000011    Tot

Node    CST    Tx pow                    Mean                     Std    Played (s)    Played (count)
   3    -82        23    0.000000000000000000    0.052486388108147798          0.04               362
   3    -77        23    0.000000000000000000    0.053452248382484878          0.03               349
   3    -72        23    0.000000000000000000    0.052342392259021368          0.04               364
   3    -67        23    0.000000000000000000    0.051502620262460476          0.04               376
   3    -62        23    0.522757816497858019    0.001000720277452726         99.86            998560
                                                                             100.00           1000011    Tot

Node    CST    Tx pow                    Mean                     Std    Played (s)    Played (count)
   4    -82        23    0.011891842707875213    0.002753640481854431         13.19            131881
   4    -77        23    0.010116055244951518    0.003572750369009085          7.83             78341
   4    -72        23    0.011676130786968693    0.003438782226470284          8.46             84564
   4    -67        23    0.014250379469742409    0.001280995800721387         60.94            609402
   4    -62        23    0.011098346969444001    0.003230448724986785          9.58             95823
                                                                             100.00           1000011    Tot

Node    CST    Tx pow                    Mean                     Std    Played (s)    Played (count)
   5    -82        23    0.017717635236978769    0.012941257073824484          0.60              5970
   5    -77        23    0.024264269872767384    0.007639599976571486          1.71             17133
   5    -72        23    0.038953211736717071    0.003697672640762473          7.31             73137
   5    -67        23    0.000000000000000000    0.014471492105848433          0.48              4774
   5    -62        23    0.303100545273709054    0.001054679821992317         89.90            898997
                                                                             100.00           1000011    Tot

Node    CST    Tx pow                    Mean                     Std    Played (s)    Played (count)
   6    -82        23    0.000000000000000000    0.073521462209380772          0.02               184
   6    -77        23    0.000000000000000000    0.072547625011001163          0.02               189
   6    -72        23    0.000000000000000000    0.072932495748947279          0.02               187
   6    -67        23    0.159411042944785114    0.039163022499397869          0.07               651
   6    -62        23    0.291600573087105741    0.001000600039639592         99.88            998800
                                                                             100.00           1000011    Tot

Node    CST    Tx pow                    Mean                     Std    Played (s)    Played (count)
   7    -82        23    0.000000000000000000    0.047457899787624949          0.04               443
   7    -77        23    0.000000000000000000    0.047140452079103168          0.04               449
   7    -72        23    0.000000000000000000    0.047088160934801108          0.05               450
   7    -67        23    0.214755049763810879    0.001000893696614471         99.82            998214
   7    -62        23    0.000000000000000000    0.046829290579084699          0.05               455
                                                                             100.00           1000011    Tot

Node    CST    Tx pow                    Mean                     Std    Played (s)    Played (count)
   8    -82        23    0.140834688346883397    0.052057920629535355          0.04               368
   8    -77        23    0.000000000000000000    0.085125653075874858          0.01               137
   8    -72        23    0.138581333333333473    0.051639777949432225          0.04               374
   8    -67        23    0.312706027566343414    0.014342907231889208          0.49              4860
   8    -62        23    0.347017770773188072    0.001002875858443165         99.43            994272
                                                                             100.00           1000011    Tot

Node    CST    Tx pow                    Mean                     Std    Played (s)    Played (count)
   9    -82        23    0.000000000000000000    0.051231551957855996          0.04               380
   9    -77        23    0.153910614525139877    0.013212910564542249          0.57              5727
   9    -72        23    0.176297600454351694    0.006879557873277974          2.11             21128
   9    -67        23    0.185115291847564617    0.004078508295728468          6.01             60116
   9    -62        23    0.189581612449732068    0.001046755505342986         91.27            912660
                                                                             100.00           1000011    Tot

Node    CST    Tx pow                    Mean                     Std    Played (s)    Played (count)
  10    -82        23    0.245132075471698380    0.039652579285907208          0.06               635
  10    -77        23    0.174976430976431202    0.058025885318565944          0.03               296
  10    -72        23    0.322983219390926279    0.024929982747211407          0.16              1608
  10    -67        23    0.533539261151497302    0.001174467978601442         72.50            724965
  10    -62        23    0.395026934989047285    0.001915624451390678         27.25            272507
                                                                             100.00           1000011    Tot

Node    CST    Tx pow                    Mean                     Std    Played (s)    Played (count)
  11    -82        23    0.000000000000000000    0.059443829827776400          0.03               282
  11    -77        23    0.000000000000000000    0.063628476297577771          0.02               246