Simulation time: 60 s
Waiting for simulation script to connect on port: tcp://localhost:5555
Please start proper ns-3 simulation script using ./waf --run "..."
Start
Progress: 0% 10% 20% 30% 40% 50% 60% 70% 80% 90% 100%
Done
Final step: 12840
Node 0, (CST, Tx power, MCS) = (-82, 15, 7) - (mean, std): (0.370576564736166347, 0.035311227577322434)    played    15.53 s,        801 time(s)
Node 0, (CST, Tx power, MCS) = (-82, 23, 7) - (mean, std): (0.389366861832764921, 0.032342311367657542)    played    18.81 s,        955 time(s)
Node 0, (CST, Tx power, MCS) = (-68, 15, 7) - (mean, std): (0.357251554164024765, 0.046028730894916166)    played     8.87 s,        471 time(s)
Node 0, (CST, Tx power, MCS) = (-68, 23, 7) - (mean, std): (0.381194557143588464, 0.034462275839778879)    played    16.77 s,        841 time(s)
                                                                                                           played    59.98 s,       3068 time(s)

Node 1, (CST, Tx power, MCS) = (-82, 15, 7) - (mean, std): (0.364919178390692989, 0.044721359549995794)    played     9.57 s,        499 time(s)
Node 1, (CST, Tx power, MCS) = (-82, 23, 7) - (mean, std): (0.400697906067491116, 0.035007002100700242)    played    15.64 s,        815 time(s)
Node 1, (CST, Tx power, MCS) = (-68, 15, 7) - (mean, std): (0.373037070876103827, 0.040756957296961119)    played    11.33 s,        601 time(s)
Node 1, (CST, Tx power, MCS) = (-68, 23, 7) - (mean, std): (0.418571091013820673, 0.028027592733560525)    played    23.45 s,       1272 time(s)
                                                                                                           played    59.99 s,       3187 time(s)

Node 2, (CST, Tx power, MCS) = (-82, 15, 7) - (mean, std): (0.414359964858102947, 0.034259435491376583)    played    14.84 s,        851 time(s)
Node 2, (CST, Tx power, MCS) = (-82, 23, 7) - (mean, std): (0.435224394915946167, 0.036297700432031385)    played    13.14 s,        758 time(s)
Node 2, (CST, Tx power, MCS) = (-68, 15, 7) - (mean, std): (0.436092716147649884, 0.032157832069216574)    played    16.61 s,        966 time(s)
Node 2, (CST, Tx power, MCS) = (-68, 23, 7) - (mean, std): (0.435754433560539112, 0.033407655239053050)    played    15.42 s,        895 time(s)
                                                                                                           played    60.00 s,       3470 time(s)

Node 3, (CST, Tx power, MCS) = (-82, 15, 7) - (mean, std): (0.358060075956003310, 0.049386479832479478)    played     7.81 s,        409 time(s)
Node 3, (CST, Tx power, MCS) = (-82, 23, 7) - (mean, std): (0.409812748030514873, 0.027874733666903025)    played    24.67 s,       1286 time(s)
Node 3, (CST, Tx power, MCS) = (-68, 15, 7) - (mean, std): (0.369711313403939035, 0.040961596025952021)    played    11.37 s,        595 time(s)
Node 3, (CST, Tx power, MCS) = (-68, 23, 7) - (mean, std): (0.401700761919083882, 0.034794450031961049)    played    16.15 s,        825 time(s)
                                                                                                           played    60.00 s,       3115 time(s)

Mean throughputs: [16.6344 17.4249 19.4265 16.7584]
Aggregate throughput: 70.2441
Min-Max: 2.7921
JFI: 0.9401 [0.2500, 1]
Mean TX power: [19.6832 20.2388 18.8110 20.4215]
TX power counts:
[[ -82  -68]
 [1756 1312]]
[[ -82  -68]
 [1314 1873]]
[[ -82  -68]
 [1609 1861]]
[[ -82  -68]
 [1695 1420]]
Mean PCS: [-76.0130 -73.7722 -74.4916 -75.6180]
Mean MCS: [7.0000 7.0000 7.0000 7.0000]

Last 10 seconds of simulation:
Mean throughputs: [15.8492 17.6738 19.3333 17.1639]
Aggregate throughput: 70.0202
Min-Max: 3.4841
JFI: 0.9335 [0.2500, 1]
Mean TX power: [20.2295 21.4270 19.4167 21.1749]
TX power counts:
[[-82 -68]
 [279 209]]
[[-82 -68]
 [200 334]]
[[-82 -68]
 [237 339]]
[[-82 -68]
 [320 206]]
Mean PCS: [-76.0041 -73.2434 -73.7604 -76.5171]
Mean MCS: [7.0000 7.0000 7.0000 7.0000]
Simulation time: 60 s
Waiting for simulation script to connect on port: tcp://localhost:5555
Please start proper ns-3 simulation script using ./waf --run "..."
Start
Progress: 0% 10% 20% 30% 40% 50% 60% 70% 80% 90% 100%
Done
Final step: 14697
Node 0, (CST, Tx power, MCS) = (-82, 15, 7) - (mean, std): (0.403605542208416879, 0.031311214554257477)    played    20.14 s,       1019 time(s)
Node 0, (CST, Tx power, MCS) = (-82, 23, 7) - (mean, std): (0.416425057967037382, 0.025408222923375631)    played    29.33 s,       1548 time(s)
Node 0, (CST, Tx power, MCS) = (-68, 15, 7) - (mean, std): (0.390057748031025164, 0.036885555678165871)    played     6.58 s,        734 time(s)
Node 0, (CST, Tx power, MCS) = (-68, 23, 7) - (mean, std): (0.365382911855257397, 0.047891314261057569)    played     3.94 s,        435 time(s)
                                                                                                           played    60.00 s,       3736 time(s)

Node 1, (CST, Tx power, MCS) = (-82, 15, 7) - (mean, std): (0.386581800566110190, 0.036711154910717615)    played    14.77 s,        741 time(s)
Node 1, (CST, Tx power, MCS) = (-82, 23, 7) - (mean, std): (0.404973251569272330, 0.028127197523150599)    played    25.17 s,       1263 time(s)
Node 1, (CST, Tx power, MCS) = (-68, 15, 7) - (mean, std): (0.397916150447573169, 0.034544426792673340)    played     9.38 s,        837 time(s)
Node 1, (CST, Tx power, MCS) = (-68, 23, 7) - (mean, std): (0.394967107636516546, 0.031862649393858307)    played    10.67 s,        984 time(s)
                                                                                                           played    59.98 s,       3825 time(s)

Node 2, (CST, Tx power, MCS) = (-82, 15, 7) - (mean, std): (0.365470843586650274, 0.036014120303280987)    played    15.93 s,        770 time(s)
Node 2, (CST, Tx power, MCS) = (-82, 23, 7) - (mean, std): (0.386636024056581207, 0.027461751819054487)    played    27.59 s,       1325 time(s)
Node 2, (CST, Tx power, MCS) = (-68, 15, 7) - (mean, std): (0.374003337590110729, 0.037662178857735470)    played     8.20 s,        704 time(s)
Node 2, (CST, Tx power, MCS) = (-68, 23, 7) - (mean, std): (0.362418230243870043, 0.036226177800110920)    played     8.28 s,        761 time(s)
                                                                                                           played    60.00 s,       3560 time(s)

Node 3, (CST, Tx power, MCS) = (-82, 15, 7) - (mean, std): (0.387232424826347343, 0.033864273073929821)    played    16.57 s,        871 time(s)
Node 3, (CST, Tx power, MCS) = (-82, 23, 7) - (mean, std): (0.412609132256347266, 0.027983662310423863)    played    24.26 s,       1276 time(s)
Node 3, (CST, Tx power, MCS) = (-68, 15, 7) - (mean, std): (0.374894861478428154, 0.035028472205202943)    played    10.84 s,        814 time(s)
Node 3, (CST, Tx power, MCS) = (-68, 23, 7) - (mean, std): (0.376997291355493480, 0.040291148201269014)    played     8.31 s,        615 time(s)
                                                                                                           played    59.98 s,       3576 time(s)

Mean throughputs: [17.9103 17.7954 16.3396 17.5351]
Aggregate throughput: 69.5805
Min-Max: 1.5707
JFI: 0.9654 [0.2500, 1]
Mean TX power: [19.2463 19.6996 19.6876 19.2304]
TX power counts:
[[ -82  -68]
 [2567 1169]]
[[ -82  -68]
 [2004 1821]]
[[ -82  -68]
 [2095 1465]]
[[ -82  -68]
 [2147 1429]]
Mean PCS: [-77.6194 -75.3349 -76.2388 -76.4055]
Mean MCS: [7.0000 7.0000 7.0000 7.0000]

Last 10 seconds of simulation:
Mean throughputs: [17.3675 18.0440 16.5800 18.3682]
Aggregate throughput: 70.3596
Min-Max: 1.7882
JFI: 0.9625 [0.2500, 1]
Mean TX power: [19.3859 19.5388 19.3980 19.7067]
TX power counts:
[[-82 -68]
 [404 218]]
[[-82 -68]
 [345 286]]
[[-82 -68]
 [352 261]]
[[-82 -68]
 [421 179]]
Mean PCS: [-77.0932 -75.6545 -76.0392 -77.8233]
Mean MCS: [7.0000 7.0000 7.0000 7.0000]
Simulation time: 60 s
Waiting for simulation script to connect on port: tcp://localhost:5555
Please start proper ns-3 simulation script using ./waf --run "..."
Start
Progress: 0% 10% 20% 30% 40% 50% 60% 70% 80% 90% 100%
Done
Final step: 13865
Node 0, (CST, Tx power, MCS) = (-82, 15, 7) - (mean, std): (0.317619326931557533, 0.036735917918532250)    played    15.03 s,        740 time(s)
Node 0, (CST, Tx power, MCS) = (-82, 23, 7) - (mean, std): (0.341821448092700597, 0.029074190231479016)    played    23.82 s,       1182 time(s)
Node 0, (CST, Tx power, MCS) = (-68, 15, 7) - (mean, std): (0.302019429776850701, 0.045221563164613461)    played     8.13 s,        488 time(s)
Node 0, (CST, Tx power, MCS) = (-68, 23, 7) - (mean, std): (0.321856526438030255, 0.034942827890730610)    played    13.02 s,        818 time(s)
                                                                                                           played    59.99 s,       3228 time(s)

Node 1, (CST, Tx power, MCS) = (-82, 15, 7) - (mean, std): (0.433182967906701466, 0.026306682088232818)    played    26.25 s,       1444 time(s)
Node 1, (CST, Tx power, MCS) = (-82, 23, 7) - (mean, std): (0.432258373552356134, 0.029386354969211666)    played    20.48 s,       1157 time(s)
Node 1, (CST, Tx power, MCS) = (-68, 15, 7) - (mean, std): (0.414486265878562077, 0.036760731104690386)    played     7.82 s,        739 time(s)
Node 1, (CST, Tx power, MCS) = (-68, 23, 7) - (mean, std): (0.390161608966408668, 0.043033148291193521)    played     5.44 s,        539 time(s)
                                                                                                           played    59.99 s,       3879 time(s)

Node 2, (CST, Tx power, MCS) = (-82, 15, 7) - (mean, std): (0.334404926581435169, 0.033351867298253506)    played    17.89 s,        898 time(s)
Node 2, (CST, Tx power, MCS) = (-82, 23, 7) - (mean, std): (0.341374065194117338, 0.034401045807689073)    played    16.75 s,        844 time(s)
Node 2, (CST, Tx power, MCS) = (-68, 15, 7) - (mean, std): (0.322143682993935920, 0.036226177800110920)    played    12.18 s,        761 time(s)
Node 2, (CST, Tx power, MCS) = (-68, 23, 7) - (mean, std): (0.337492443061796765, 0.034668762264076822)    played    13.19 s,        831 time(s)
                                                                                                           played    60.00 s,       3334 time(s)

Node 3, (CST, Tx power, MCS) = (-82, 15, 7) - (mean, std): (0.364192251527960420, 0.040996003084539392)    played    11.71 s,        594 time(s)
Node 3, (CST, Tx power, MCS) = (-82, 23, 7) - (mean, std): (0.391182084738116109, 0.031143732993214979)    played    20.61 s,       1030 time(s)
Node 3, (CST, Tx power, MCS) = (-68, 15, 7) - (mean, std): (0.362507922396856530, 0.036249971679720688)    played    11.56 s,        760 time(s)
Node 3, (CST, Tx power, MCS) = (-68, 23, 7) - (mean, std): (0.389466631392029528, 0.030993786368687180)    played    16.13 s,       1040 time(s)
                                                                                                           played    60.00 s,       3424 time(s)

Mean throughputs: [14.6356 18.9989 15.0702 16.5993]
Aggregate throughput: 65.3041
Min-Max: 4.3633
JFI: 0.9053 [0.2500, 1]
Mean TX power: [19.9566 18.4978 19.0192 19.8364]
TX power counts:
[[ -82  -68]
 [1922 1306]]
[[ -82  -68]
 [2601 1278]]
[[ -82  -68]
 [1742 1592]]
[[ -82  -68]
 [1624 1800]]
Mean PCS: [-76.3358 -77.3875 -75.3149 -74.6402]
Mean MCS: [7.0000 7.0000 7.0000 7.0000]

Last 10 seconds of simulation:
Mean throughputs: [14.5712 19.6199 13.8866 17.2294]
Aggregate throughput: 65.3071
Min-Max: 5.7333
JFI: 0.8777 [0.2500, 1]
Mean TX power: [20.0803 18.7267 19.6184 20.4810]
TX power counts:
[[-82 -68]
 [294 254]]
[[-82 -68]
 [455 189]]
[[-82 -68]
 [286 225]]
[[-82 -68]
 [306 272]]
Mean PCS: [-75.5109 -77.8913 -75.8356 -75.4118]
Mean MCS: [7.0000 7.0000 7.0000 7.0000]
Simulation time: 60 s
Waiting for simulation script to connect on port: tcp://localhost:5555
Please start proper ns-3 simulation script using ./waf --run "..."
Start
Progress: 0% 10% 20% 30% 40% 50% 60% 70% 80% 90% 100%
Done
Final step: 18334
Node 0, (CST, Tx power, MCS) = (-82, 15, 7) - (mean, std): (0.365463940050977265, 0.056704797712374272)    played     9.51 s,        310 time(s)
Node 0, (CST, Tx power, MCS) = (-82, 23, 7) - (mean, std): (0.406222226945577358, 0.041666666666666664)    played    25.22 s,        575 time(s)
Node 0, (CST, Tx power, MCS) = (-68, 15, 7) - (mean, std): (0.366678319126645003, 0.057639041770423498)    played    10.23 s,        300 time(s)
Node 0, (CST, Tx power, MCS) = (-68, 23, 7) - (mean, std): (0.392805849927569173, 0.046778026972498797)    played    14.98 s,        456 time(s)
                                                                                                           played    59.93 s,       1641 time(s)

Node 1, (CST, Tx power, MCS) = (-82, 15, 7) - (mean, std): (0.294265817518765627, 0.051502620262460476)    played    22.95 s,        376 time(s)
Node 1, (CST, Tx power, MCS) = (-82, 23, 7) - (mean, std): (0.292864626061327404, 0.056343616981901108)    played    17.38 s,        314 time(s)
Node 1, (CST, Tx power, MCS) = (-68, 15, 7) - (mean, std): (0.384238821328730273, 0.039405520311955031)    played     9.01 s,        643 time(s)
Node 1, (CST, Tx power, MCS) = (-68, 23, 7) - (mean, std): (0.365834141722814199, 0.036686441912352652)    played    10.65 s,        742 time(s)
                                                                                                           played    59.99 s,       2075 time(s)

Node 2, (CST, Tx power, MCS) = (-82, 15, 7) - (mean, std): (0.389252757634266866, 0.063245553203367583)    played     5.59 s,        249 time(s)
Node 2, (CST, Tx power, MCS) = (-82, 23, 7) - (mean, std): (0.386213414430266466, 0.069337524528153643)    played     4.18 s,        207 time(s)
Node 2, (CST, Tx power, MCS) = (-68, 15, 7) - (mean, std): (0.807049868294336004, 0.012408246779651294)    played    44.31 s,       6494 time(s)
Node 2, (CST, Tx power, MCS) = (-68, 23, 7) - (mean, std): (0.516137914779742579, 0.040356715613563084)    played     5.92 s,        613 time(s)
                                                                                                           played    60.00 s,       7563 time(s)

Node 3, (CST, Tx power, MCS) = (-82, 15, 7) - (mean, std): (0.311026519298572113, 0.078567420131838608)    played     3.59 s,        161 time(s)
Node 3, (CST, Tx power, MCS) = (-82, 23, 7) - (mean, std): (0.336910673121904758, 0.071066905451870152)    played     4.36 s,        197 time(s)
Node 3, (CST, Tx power, MCS) = (-68, 15, 7) - (mean, std): (0.618863566047775482, 0.043437224276306939)    played     5.06 s,        529 time(s)
Node 3, (CST, Tx power, MCS) = (-68, 23, 7) - (mean, std): (0.778598789924654255, 0.012731882292662630)    played    47.00 s,       6168 time(s)
                                                                                                           played    60.00 s,       7055 time(s)

Mean throughputs: [ 8.9619  9.1802 38.2652 36.0379]
Aggregate throughput: 92.4452
Min-Max: 29.3034
JFI: 0.6217 [0.2500, 1]
Mean TX power: [20.0262 19.0713 15.8674 22.2176]
TX power counts:
[[-82 -68]
 [885 756]]
[[ -82  -68]
 [ 690 1385]]
[[ -82  -68]
 [ 456 7107]]
[[ -82  -68]
 [ 358 6697]]
Mean PCS: [-75.5503 -72.6554 -68.8441 -68.7104]
Mean MCS: [7.0000 7.0000 7.0000 7.0000]

Last 10 seconds of simulation:
Mean throughputs: [ 4.7033  7.0127 47.3486 44.5392]
Aggregate throughput: 103.6039
Min-Max: 42.6452
JFI: 0.5632 [0.2500, 1]
Mean TX power: [20.3333 19.1544 15.0000 22.9943]
TX power counts:
[[-82 -68]
 [ 92  58]]
[[-82 -68]
 [ 34 251]]
[[ -68]
 [1508]]
[[ -68]
 [1395]]
Mean PCS: [-76.5867 -69.6702 -68.0000 -68.0000]
Mean MCS: [7.0000 7.0000 7.0000 7.0000]
Simulation time: 60 s
Waiting for simulation script to connect on port: tcp://localhost:5555
Please start proper ns-3 simulation script using ./waf --run "..."
Start
Progress: 0% 10% 20% 30% 40% 50% 60% 70% 80% 90% 100%
Done
Final step: 28305
Node 0, (CST, Tx power, MCS) = (-82, 15, 7) - (mean, std): (0.329157904901543508, 0.087370405666103795)    played    11.17 s,        130 time(s)
Node 0, (CST, Tx power, MCS) = (-82, 23, 7) - (mean, std): (0.345051979261730257, 0.086066296582387042)    played     9.93 s,        134 time(s)
Node 0, (CST, Tx power, MCS) = (-68, 15, 7) - (mean, std): (0.556814552035857502, 0.022107884414269093)    played    22.44 s,       2045 time(s)
Node 0, (CST, Tx power, MCS) = (-68, 23, 7) - (mean, std): (0.561791598173404072, 0.025768403601503658)    played    16.44 s,       1505 time(s)
                                                                                                           played    59.98 s,       3814 time(s)

Node 1, (CST, Tx power, MCS) = (-82, 15, 7) - (mean, std): (0.380826111490223218, 0.092057461789832332)    played     3.05 s,        117 time(s)
Node 1, (CST, Tx power, MCS) = (-82, 23, 7) - (mean, std): (0.372345518613610704, 0.106600358177805221)    played     2.77 s,         87 time(s)
Node 1, (CST, Tx power, MCS) = (-68, 15, 7) - (mean, std): (0.742699978422581841, 0.014365088141937361)    played    38.26 s,       4845 time(s)
Node 1, (CST, Tx power, MCS) = (-68, 23, 7) - (mean, std): (0.738849315586320277, 0.022383074051792261)    played    15.92 s,       1995 time(s)
                                                                                                           played    60.00 s,       7044 time(s)

Node 2, (CST, Tx power, MCS) = (-82, 15, 7) - (mean, std): (0.346933053183110462, 0.107832773203438412)    played     2.52 s,         85 time(s)
Node 2, (CST, Tx power, MCS) = (-82, 23, 7) - (mean, std): (0.245445445230530385, 0.130188910980823858)    played     2.35 s,         58 time(s)
Node 2, (CST, Tx power, MCS) = (-68, 15, 7) - (mean, std): (0.827434967809818511, 0.010918696368006972)    played    50.46 s,       8387 time(s)
Node 2, (CST, Tx power, MCS) = (-68, 23, 7) - (mean, std): (0.763177354994673873, 0.036961063547728643)    played     4.66 s,        731 time(s)
                                                                                                           played    60.00 s,       9261 time(s)

Node 3, (CST, Tx power, MCS) = (-82, 15, 7) - (mean, std): (0.357187145345257195, 0.094915799575249898)    played     5.48 s,        110 time(s)
Node 3, (CST, Tx power, MCS) = (-82, 23, 7) - (mean, std): (0.266366168351221011, 0.129099444873580549)    played     4.35 s,         59 time(s)
Node 3, (CST, Tx power, MCS) = (-68, 15, 7) - (mean, std): (0.815403146670453105, 0.011454971663155710)    played    47.29 s,       7620 time(s)
Node 3, (CST, Tx power, MCS) = (-68, 23, 7) - (mean, std): (0.608637915662278317, 0.050125470711708552)    played     2.87 s,        397 time(s)
                                                                                                           played    60.00 s,       8186 time(s)

Mean throughputs: [19.0819 37.2953 47.3002 41.9943]
Aggregate throughput: 145.6718
Min-Max: 28.2183
JFI: 0.7743 [0.2500, 1]
Mean TX power: [18.4379 17.3646 15.6816 15.4456]
TX power counts:
[[ -82  -68]
 [ 264 3550]]
[[ -82  -68]
 [ 204 6840]]
[[ -82  -68]
 [ 143 9118]]
[[ -82  -68]
 [ 169 8017]]
Mean PCS: [-68.9691 -68.4055 -68.2162 -68.2890]
Mean MCS: [7.0000 7.0000 7.0000 7.0000]

Last 10 seconds of simulation:
Mean throughputs: [16.8998 42.1579 54.5935 51.4239]
Aggregate throughput: 165.0750
Min-Max: 37.6937
JFI: 0.7361 [0.2500, 1]
Mean TX power: [19.3986 18.7824 15.3884 15.0000]
TX power counts:
[[-82 -68]
 [  8 554]]
[[ -68]
 [1305]]
[[ -68]
 [1730]]
[[ -68]
 [1634]]
Mean PCS: [-68.1993 -68.0000 -68.0000 -68.0000]
Mean MCS: [7.0000 7.0000 7.0000 7.0000]
Simulation time: 60 s
Waiting for simulation script to connect on port: tcp://localhost:5555
Please start proper ns-3 simulation script using ./waf --run "..."
Start
Progress: 0% 10% 20% 30% 40% 50% 60% 70% 80% 90% 100%
Done
Final step: 24716
Node 0, (CST, Tx power, MCS) = (-82, 15, 7) - (mean, std): (0.476251961526039325, 0.078811040623910061)    played     3.12 s,        160 time(s)
Node 0, (CST, Tx power, MCS) = (-82, 23, 7) - (mean, std): (0.511032821960702321, 0.069504804685691590)    played     3.36 s,        206 time(s)
Node 0, (CST, Tx power, MCS) = (-68, 15, 7) - (mean, std): (0.719991797206163353, 0.014432253448298278)    played    32.63 s,       4800 time(s)
Node 0, (CST, Tx power, MCS) = (-68, 23, 7) - (mean, std): (0.709340032194186398, 0.017780763440580293)    played    20.89 s,       3162 time(s)
                                                                                                           played    60.00 s,       8328 time(s)

Node 1, (CST, Tx power, MCS) = (-82, 15, 7) - (mean, std): (0.204247141341718785, 0.128036879932895975)    played     5.00 s,         60 time(s)
Node 1, (CST, Tx power, MCS) = (-82, 23, 7) - (mean, std): (0.189432037024970384, 0.137360563948689035)    played     4.01 s,         52 time(s)
Node 1, (CST, Tx power, MCS) = (-68, 15, 7) - (mean, std): (0.649697204318513077, 0.014527887622923615)    played    38.98 s,       4737 time(s)
Node 1, (CST, Tx power, MCS) = (-68, 23, 7) - (mean, std): (0.557146438858472703, 0.027277236279499045)    played    11.99 s,       1343 time(s)
                                                                                                           played    59.99 s,       6192 time(s)

Node 2, (CST, Tx power, MCS) = (-82, 15, 7) - (mean, std): (0.252557951131602287, 0.097590007294853329)    played     7.71 s,        104 time(s)
Node 2, (CST, Tx power, MCS) = (-82, 23, 7) - (mean, std): (0.246160409674546332, 0.100000000000000006)    played     7.07 s,         99 time(s)
Node 2, (CST, Tx power, MCS) = (-68, 15, 7) - (mean, std): (0.539013927247026348, 0.020824296970586242)    played    27.37 s,       2305 time(s)
Node 2, (CST, Tx power, MCS) = (-68, 23, 7) - (mean, std): (0.514165960742800188, 0.026135418674465834)    played    17.85 s,       1463 time(s)
                                                                                                           played    60.00 s,       3971 time(s)

Node 3, (CST, Tx power, MCS) = (-82, 15, 7) - (mean, std): (0.484080481652595873, 0.066964953018242498)    played     4.31 s,        222 time(s)
Node 3, (CST, Tx power, MCS) = (-82, 23, 7) - (mean, std): (0.524650072124090761, 0.054392829322042119)    played     6.09 s,        337 time(s)
Node 3, (CST, Tx power, MCS) = (-68, 15, 7) - (mean, std): (0.638138869359450855, 0.020956487115397715)    played    19.72 s,       2276 time(s)
Node 3, (CST, Tx power, MCS) = (-68, 23, 7) - (mean, std): (0.644949875917784188, 0.017172602018921460)    played    29.87 s,       3390 time(s)
                                                                                                           played    59.99 s,       6225 time(s)

Mean throughputs: [39.4050 29.5280 18.3561 29.6901]
Aggregate throughput: 116.9791
Min-Max: 21.0489
JFI: 0.7970 [0.2500, 1]
Mean TX power: [18.2354 16.8023 18.1468 19.7897]
TX power counts:
[[ -82  -68]
 [ 366 7962]]
[[ -82  -68]
 [ 112 6080]]
[[ -82  -68]
 [ 203 3768]]
[[ -82  -68]
 [ 559 5666]]
Mean PCS: [-68.6153 -68.2532 -68.7157 -69.2572]
Mean MCS: [7.0000 7.0000 7.0000 7.0000]

Last 10 seconds of simulation:
Mean throughputs: [43.9214 40.5006 23.7206 26.1544]
Aggregate throughput: 134.2970
Min-Max: 20.2008
JFI: 0.7930 [0.2500, 1]
Mean TX power: [18.0236 15.0243 17.1269 19.8571]
TX power counts:
[[ -82  -68]
 [   3 1566]]
[[ -68]
 [1319]]
[[-82 -68]
 [  4 831]]
[[-82 -68]
 [ 21 903]]
Mean PCS: [-68.0268 -68.0000 -68.0671 -68.3182]
Mean MCS: [7.0000 7.0000 7.0000 7.0000]
Simulation time: 60 s
Waiting for simulation script to connect on port: tcp://localhost:5555
Please start proper ns-3 simulation script using ./waf --run "..."
Start
Progress: 0% 10% 20% 30% 40% 50% 60% 70% 80% 90% 100%
Done
Final step: 21986
Node 0, (CST, Tx power, MCS) = (-82, 15, 7) - (mean, std): (0.439297126162729090, 0.077382323253413682)    played     3.17 s,        166 time(s)
Node 0, (CST, Tx power, MCS) = (-82, 23, 7) - (mean, std): (0.364287341650973207, 0.111803398874989482)    played     1.89 s,         79 time(s)
Node 0, (CST, Tx power, MCS) = (-68, 15, 7) - (mean, std): (0.835193371298005749, 0.010839511357170366)    played    51.15 s,       8510 time(s)
Node 0, (CST, Tx power, MCS) = (-68, 23, 7) - (mean, std): (0.719295629862467756, 0.040723148118768406)    played     3.78 s,        602 time(s)
                                                                                                           played    60.00 s,       9357 time(s)

Node 1, (CST, Tx power, MCS) = (-82, 15, 7) - (mean, std): (0.224524042674443786, 0.076696498884737049)    played    17.59 s,        169 time(s)
Node 1, (CST, Tx power, MCS) = (-82, 23, 7) - (mean, std): (0.176322457784463482, 0.100503781525921210)    played    10.23 s,         98 time(s)
Node 1, (CST, Tx power, MCS) = (-68, 15, 7) - (mean, std): (0.425236191485129922, 0.036563621206356534)    played    10.33 s,        747 time(s)
Node 1, (CST, Tx power, MCS) = (-68, 23, 7) - (mean, std): (0.461755371250787250, 0.024168412226141588)    played    21.86 s,       1711 time(s)
                                                                                                           played    60.00 s,       2725 time(s)

Node 2, (CST, Tx power, MCS) = (-82, 15, 7) - (mean, std): (0.369144968632622750, 0.098058067569092022)    played     3.74 s,        103 time(s)
Node 2, (CST, Tx power, MCS) = (-82, 23, 7) - (mean, std): (0.386909252737184184, 0.092057461789832332)    played     4.21 s,        117 time(s)
Node 2, (CST, Tx power, MCS) = (-68, 15, 7) - (mean, std): (0.605587494651812941, 0.038691161626706841)    played     5.91 s,        667 time(s)
Node 2, (CST, Tx power, MCS) = (-68, 23, 7) - (mean, std): (0.655230679579216435, 0.013847546864721619)    played    46.10 s,       5214 time(s)
                                                                                                           played    59.96 s,       6101 time(s)

Node 3, (CST, Tx power, MCS) = (-82, 15, 7) - (mean, std): (0.254180665222800195, 0.098058067569092022)    played     8.26 s,        103 time(s)
Node 3, (CST, Tx power, MCS) = (-82, 23, 7) - (mean, std): (0.265718026299451349, 0.096225044864937631)    played     8.79 s,        107 time(s)
Node 3, (CST, Tx power, MCS) = (-68, 15, 7) - (mean, std): (0.496245269254332211, 0.029012942659282972)    played    14.62 s,       1187 time(s)
Node 3, (CST, Tx power, MCS) = (-68, 23, 7) - (mean, std): (0.516911267246589423, 0.020382711378539392)    played    28.26 s,       2406 time(s)
                                                                                                           played    59.92 s,       3803 time(s)

Mean throughputs: [47.9014 12.4147 29.3803 18.2332]
Aggregate throughput: 107.9295
Min-Max: 35.4867
JFI: 0.6660 [0.2500, 1]
Mean TX power: [15.5822 20.3108 21.9903 20.2864]
TX power counts:
[[ -82  -68]
 [ 245 9112]]
[[ -82  -68]
 [ 267 2458]]
[[ -82  -68]
 [ 220 5881]]
[[ -82  -68]
 [ 210 3593]]
Mean PCS: [-68.3666 -69.3717 -68.5048 -68.7731]
Mean MCS: [7.0000 7.0000 7.0000 7.0000]

Last 10 seconds of simulation:
Mean throughputs: [48.5037 19.5984 20.7490 20.4911]
Aggregate throughput: 109.3422
Min-Max: 28.9053
JFI: 0.6909 [0.2500, 1]
Mean TX power: [15.0199 21.5739 22.1286 20.6438]
TX power counts:
[[ -68]
 [1611]]
[[-82 -68]
 [  7 683]]
[[-82 -68]
 [  4 758]]
[[-82 -68]
 [  5 708]]
Mean PCS: [-68.0000 -68.1420 -68.0735 -68.0982]
Mean MCS: [7.0000 7.0000 7.0000 7.0000]
Simulation time: 60 s
Waiting for simulation script to connect on port: tcp://localhost:5555
Please start proper ns-3 simulation script using ./waf --run "..."
Start
Progress: 0% 10% 20% 30% 40% 50% 60% 70% 80% 90% 100%
Done
Final step: 18929
Node 0, (CST, Tx power, MCS) = (-82, 15, 7) - (mean, std): (0.387919033065484697, 0.043852900965351459)    played    22.34 s,        519 time(s)
Node 0, (CST, Tx power, MCS) = (-82, 23, 7) - (mean, std): (0.386561976985136113, 0.048911598804451846)    played    17.86 s,        417 time(s)
Node 0, (CST, Tx power, MCS) = (-68, 15, 7) - (mean, std): (0.394261849976744683, 0.046077567758409141)    played    10.46 s,        470 time(s)
Node 0, (CST, Tx power, MCS) = (-68, 23, 7) - (mean, std): (0.395784145580156177, 0.053528772757218922)    played     9.28 s,        348 time(s)
                                                                                                           played    59.94 s,       1754 time(s)

Node 1, (CST, Tx power, MCS) = (-82, 15, 7) - (mean, std): (0.368528404886121541, 0.053300179088902611)    played     8.21 s,        351 time(s)
Node 1, (CST, Tx power, MCS) = (-82, 23, 7) - (mean, std): (0.330762815934899701, 0.074953168899586142)    played     4.55 s,        177 time(s)
Node 1, (CST, Tx power, MCS) = (-68, 15, 7) - (mean, std): (0.438383656802028343, 0.038376477822666809)    played     7.30 s,        678 time(s)
Node 1, (CST, Tx power, MCS) = (-68, 23, 7) - (mean, std): (0.784017701475598905, 0.013613319252933253)    played    39.94 s,       5395 time(s)
                                                                                                           played    60.00 s,       6601 time(s)

Node 2, (CST, Tx power, MCS) = (-82, 15, 7) - (mean, std): (0.420120953076786763, 0.046028730894916166)    played     9.40 s,        471 time(s)
Node 2, (CST, Tx power, MCS) = (-82, 23, 7) - (mean, std): (0.410812911910017287, 0.056165595630173044)    played     6.53 s,        316 time(s)
Node 2, (CST, Tx power, MCS) = (-68, 15, 7) - (mean, std): (0.866850925581526766, 0.012822620590822256)    played    37.14 s,       6081 time(s)
Node 2, (CST, Tx power, MCS) = (-68, 23, 7) - (mean, std): (0.541444136658405850, 0.035355339059327376)    played     6.93 s,        799 time(s)
                                                                                                           played    60.00 s,       7667 time(s)

Node 3, (CST, Tx power, MCS) = (-82, 15, 7) - (mean, std): (0.396742946596363333, 0.042756912480901278)    played    20.67 s,        546 time(s)
Node 3, (CST, Tx power, MCS) = (-82, 23, 7) - (mean, std): (0.380704576091182745, 0.046574643283262232)    played    19.04 s,        460 time(s)
Node 3, (CST, Tx power, MCS) = (-68, 15, 7) - (mean, std): (0.538244509751268030, 0.031846487764924103)    played    10.35 s,        985 time(s)
Node 3, (CST, Tx power, MCS) = (-68, 23, 7) - (mean, std): (0.507021349114133435, 0.033022909334191324)    played     9.60 s,        916 time(s)
                                                                                                           played    59.66 s,       2907 time(s)

Mean throughputs: [ 8.3768 33.7461 39.9545 14.4300]
Aggregate throughput: 96.5074
Min-Max: 31.5777
JFI: 0.6483 [0.2500, 1]
Mean TX power: [18.4892 21.7529 16.1634 18.7867]
TX power counts:
[[-82 -68]
 [936 818]]
[[ -82  -68]
 [ 528 6073]]
[[ -82  -68]
 [ 787 6880]]
[[ -82  -68]
 [1006 1901]]
Mean PCS: [-75.4709 -69.1198 -69.4371 -72.8449]
Mean MCS: [7.0000 7.0000 7.0000 7.0000]

Last 10 seconds of simulation:
Mean throughputs: [ 2.0342 37.5681 55.3581 22.1455]
Aggregate throughput: 117.1058
Min-Max: 53.3239
JFI: 0.5986 [0.2500, 1]
Mean TX power: [19.2532 23.0000 15.0000 17.8006]
TX power counts:
[[-82 -68]
 [ 33  46]]
[[ -68]
 [1164]]
[[ -68]
 [1687]]
[[-82 -68]
 [  8 669]]
Mean PCS: [-73.8481 -68.0000 -68.0000 -68.1654]
Mean MCS: [7.0000 7.0000 7.0000 7.0000]
Simulation time: 60 s
Waiting for simulation script to connect on port: tcp://localhost:5555
Please start proper ns-3 simulation script using ./waf --run "..."
Start
Progress: 0% 10% 20% 30% 40% 50% 60% 70% 80% 90% 100%
Done
Final step: 13090
Node 0, (CST, Tx power, MCS) = (-82, 15, 7) - (mean, std): (0.383657239706194364, 0.036735917918532250)    played    14.09 s,        740 time(s)
Node 0, (CST, Tx power, MCS) = (-82, 23, 7) - (mean, std): (0.420472833436861648, 0.022739021124401265)    played    35.78 s,       1933 time(s)
Node 0, (CST, Tx power, MCS) = (-68, 15, 7) - (mean, std): (0.295488076841034952, 0.067884423330213065)    played     2.94 s,        216 time(s)
Node 0, (CST, Tx power, MCS) = (-68, 23, 7) - (mean, std): (0.359179344977206938, 0.041848697531868727)    played     7.18 s,        570 time(s)
                                                                                                           played    59.99 s,       3459 time(s)

Node 1, (CST, Tx power, MCS) = (-82, 15, 7) - (mean, std): (0.386367337211233119, 0.042182454060959780)    played     9.77 s,        561 time(s)
Node 1, (CST, Tx power, MCS) = (-82, 23, 7) - (mean, std): (0.428721759747184294, 0.028116077855776665)    played    22.34 s,       1264 time(s)
Node 1, (CST, Tx power, MCS) = (-68, 15, 7) - (mean, std): (0.365022104239917322, 0.053682812709501891)    played     6.30 s,        346 time(s)
Node 1, (CST, Tx power, MCS) = (-68, 23, 7) - (mean, std): (0.439034329560388348, 0.028363801389869981)    played    21.58 s,       1242 time(s)
                                                                                                           played    59.99 s,       3413 time(s)

Node 2, (CST, Tx power, MCS) = (-82, 15, 7) - (mean, std): (0.303587345926180752, 0.042524325556256230)    played    11.84 s,        552 time(s)
Node 2, (CST, Tx power, MCS) = (-82, 23, 7) - (mean, std): (0.330070584761483043, 0.034060135164508579)    played    17.88 s,        861 time(s)
Node 2, (CST, Tx power, MCS) = (-68, 15, 7) - (mean, std): (0.311385970264063117, 0.037424059428255989)    played    13.05 s,        713 time(s)
Node 2, (CST, Tx power, MCS) = (-68, 23, 7) - (mean, std): (0.325760678495826128, 0.032512804438117757)    played    17.23 s,        945 time(s)
                                                                                                           played    60.00 s,       3071 time(s)

Node 3, (CST, Tx power, MCS) = (-82, 15, 7) - (mean, std): (0.336301805645777885, 0.036037498507822362)    played    15.34 s,        769 time(s)
Node 3, (CST, Tx power, MCS) = (-82, 23, 7) - (mean, std): (0.354112897472156074, 0.028284271247461901)    played    24.76 s,       1249 time(s)
Node 3, (CST, Tx power, MCS) = (-68, 15, 7) - (mean, std): (0.329437157829926719, 0.041848697531868727)    played    10.09 s,        570 time(s)
Node 3, (CST, Tx power, MCS) = (-68, 23, 7) - (mean, std): (0.334387445036090192, 0.042257712736425826)    played     9.79 s,        559 time(s)
                                                                                                           played    59.98 s,       3147 time(s)

Mean throughputs: [17.4055 18.6411 14.2969 15.2096]
Aggregate throughput: 65.5532
Min-Max: 4.3442
JFI: 0.9049 [0.2500, 1]
Mean TX power: [20.7890 20.8740 19.7047 19.5961]
TX power counts:
[[ -82  -68]
 [2673  786]]
[[ -82  -68]
 [1825 1588]]
[[ -82  -68]
 [1413 1658]]
[[ -82  -68]
 [2018 1129]]
Mean PCS: [-78.8187 -75.4861 -74.4415 -76.9774]
Mean MCS: [7.0000 7.0000 7.0000 7.0000]

Last 10 seconds of simulation:
Mean throughputs: [17.9970 18.7794 13.8765 15.1811]
Aggregate throughput: 65.8341
Min-Max: 4.9029
JFI: 0.8915 [0.2500, 1]
Mean TX power: [21.3077 21.8774 20.0400 19.8499]
TX power counts:
[[-82 -68]
 [491  81]]
[[-82 -68]
 [258 305]]
[[-82 -68]
 [203 297]]
[[-82 -68]
 [329 184]]
Mean PCS: [-80.0175 -74.4156 -73.6840 -76.9786]
Mean MCS: [7.0000 7.0000 7.0000 7.0000]
Simulation time: 60 s
Waiting for simulation script to connect on port: tcp://localhost:5555
Please start proper ns-3 simulation script using ./waf --run "..."
Start
Progress: 0% 10% 20% 30% 40% 50% 60% 70% 80% 90% 100%
Done
Final step: 13648
Node 0, (CST, Tx power, MCS) = (-82, 15, 7) - (mean, std): (0.410381743843834690, 0.027831516999568835)    played    24.80 s,       1290 time(s)
Node 0, (CST, Tx power, MCS) = (-82, 23, 7) - (mean, std): (0.419927882359575178, 0.025751310131230238)    played    27.51 s,       1507 time(s)
Node 0, (CST, Tx power, MCS) = (-68, 15, 7) - (mean, std): (0.354891864259113787, 0.050767308256680951)    played     4.35 s,        387 time(s)
Node 0, (CST, Tx power, MCS) = (-68, 23, 7) - (mean, std): (0.325221365758131375, 0.058925565098878960)    played     3.34 s,        287 time(s)
                                                                                                           played    59.99 s,       3471 time(s)

Node 1, (CST, Tx power, MCS) = (-82, 15, 7) - (mean, std): (0.355627442060278909, 0.034060135164508579)    played    16.60 s,        861 time(s)
Node 1, (CST, Tx power, MCS) = (-82, 23, 7) - (mean, std): (0.365659296480538354, 0.027441064997422587)    played    26.50 s,       1327 time(s)
Node 1, (CST, Tx power, MCS) = (-68, 15, 7) - (mean, std): (0.328314421517965360, 0.045129368240652418)    played     7.21 s,        490 time(s)
Node 1, (CST, Tx power, MCS) = (-68, 23, 7) - (mean, std): (0.338559961183745872, 0.039283710065919304)    played     9.68 s,        647 time(s)
                                                                                                           played    59.99 s,       3325 time(s)

Node 2, (CST, Tx power, MCS) = (-82, 15, 7) - (mean, std): (0.349377493572640585, 0.032879797461071461)    played    18.69 s,        924 time(s)
Node 2, (CST, Tx power, MCS) = (-82, 23, 7) - (mean, std): (0.380258501667836035, 0.025949964805384099)    played    29.56 s,       1484 time(s)
Node 2, (CST, Tx power, MCS) = (-68, 15, 7) - (mean, std): (0.285266908248928974, 0.058823529411764705)    played     3.82 s,        288 time(s)
Node 2, (CST, Tx power, MCS) = (-68, 23, 7) - (mean, std): (0.318173656435320695, 0.040522044923655388)    played     7.92 s,        608 time(s)
                                                                                                           played    59.99 s,       3304 time(s)

Node 3, (CST, Tx power, MCS) = (-82, 15, 7) - (mean, std): (0.440471719542494200, 0.023014365447458083)    played    33.83 s,       1887 time(s)
Node 3, (CST, Tx power, MCS) = (-82, 23, 7) - (mean, std): (0.424459290454059612, 0.029197858123689188)    played    21.63 s,       1172 time(s)
Node 3, (CST, Tx power, MCS) = (-68, 15, 7) - (mean, std): (0.326186526221831308, 0.061545745489666369)    played     2.32 s,        263 time(s)
Node 3, (CST, Tx power, MCS) = (-68, 23, 7) - (mean, std): (0.308527730332128547, 0.066372331159997203)    played     2.16 s,        226 time(s)
                                                                                                           played    59.94 s,       3548 time(s)

Mean throughputs: [17.7030 15.8561 15.4376 18.4684]
Aggregate throughput: 67.4652
Min-Max: 3.0308
JFI: 0.9306 [0.2500, 1]
Mean TX power: [19.1348 19.7495 20.0654 18.1522]
TX power counts:
[[ -82  -68]
 [2797  674]]
[[ -82  -68]
 [2188 1137]]
[[ -82  -68]
 [2408  896]]
[[ -82  -68]
 [3059  489]]
Mean PCS: [-79.2815 -77.2126 -78.2034 -80.0705]
Mean MCS: [7.0000 7.0000 7.0000 7.0000]

Last 10 seconds of simulation:
Mean throughputs: [19.0328 15.5875 16.2695 18.7093]
Aggregate throughput: 69.5992
Min-Max: 3.4453
JFI: 0.9209 [0.2500, 1]
Mean TX power: [19.6164 19.7644 20.6892 17.6481]
TX power counts:
[[-82 -68]
 [530  54]]
[[-82 -68]
 [387 152]]
[[-82 -68]
 [470  77]]
[[-82 -68]
 [539  35]]
Mean PCS: [-80.7055 -78.0519 -80.0293 -81.1463]
Mean MCS: [7.0000 7.0000 7.0000 7.0000]
Simulation time: 60 s
Waiting for simulation script to connect on port: tcp://localhost:5555
Please start proper ns-3 simulation script using ./waf --run "..."
Start
Progress: 0% 10% 20% 30% 40% 50% 60% 70% 80% 90% 100%
Done
Final step: 20680
Node 0, (CST, Tx power, MCS) = (-82, 15, 7) - (mean, std): (0.297221001877466973, 0.092450032704204863)    played    10.02 s,        116 time(s)
Node 0, (CST, Tx power, MCS) = (-82, 23, 7) - (mean, std): (0.327209439722810691, 0.078326044998795738)    played    12.38 s,        162 time(s)
Node 0, (CST, Tx power, MCS) = (-68, 15, 7) - (mean, std): (0.514099012999790994, 0.035444060250416798)    played    11.86 s,        795 time(s)
Node 0, (CST, Tx power, MCS) = (-68, 23, 7) - (mean, std): (0.535981432095766874, 0.024922239313961342)    played    25.70 s,       1609 time(s)
                                                                                                           played    59.96 s,       2682 time(s)

Node 1, (CST, Tx power, MCS) = (-82, 15, 7) - (mean, std): (0.310910251477232447, 0.066964953018242498)    played    18.07 s,        222 time(s)
Node 1, (CST, Tx power, MCS) = (-82, 23, 7) - (mean, std): (0.296512462201837246, 0.070888120500833596)    played    14.65 s,        198 time(s)
Node 1, (CST, Tx power, MCS) = (-68, 15, 7) - (mean, std): (0.485734821250179027, 0.030344856451720224)    played    13.53 s,       1085 time(s)
Node 1, (CST, Tx power, MCS) = (-68, 23, 7) - (mean, std): (0.505495910729779840, 0.030247530200945179)    played    13.74 s,       1092 time(s)
                                                                                                           played    60.00 s,       2597 time(s)

Node 2, (CST, Tx power, MCS) = (-82, 15, 7) - (mean, std): (0.447324649538761054, 0.073521462209380772)    played     3.33 s,        184 time(s)
Node 2, (CST, Tx power, MCS) = (-82, 23, 7) - (mean, std): (0.411131777930818398, 0.079305158571814416)    played     2.91 s,        158 time(s)
Node 2, (CST, Tx power, MCS) = (-68, 15, 7) - (mean, std): (0.659819546714164207, 0.040689422938557970)    played     4.56 s,        603 time(s)
Node 2, (CST, Tx power, MCS) = (-68, 23, 7) - (mean, std): (0.888992005977049415, 0.010850353103361392)    played    49.18 s,       8493 time(s)
                                                                                                           played    59.99 s,       9438 time(s)

Node 3, (CST, Tx power, MCS) = (-82, 15, 7) - (mean, std): (0.338921386587764606, 0.091669849702821132)    played     2.69 s,        118 time(s)
Node 3, (CST, Tx power, MCS) = (-82, 23, 7) - (mean, std): (0.347198314186258294, 0.094915799575249898)    played     2.68 s,        110 time(s)
Node 3, (CST, Tx power, MCS) = (-68, 15, 7) - (mean, std): (0.712365106741346565, 0.013737352432650233)    played    49.72 s,       5298 time(s)
Node 3, (CST, Tx power, MCS) = (-68, 23, 7) - (mean, std): (0.532518432746165060, 0.047781848256749658)    played     4.90 s,        437 time(s)
                                                                                                           played    59.98 s,       5963 time(s)

Mean throughputs: [13.3630 12.7407 50.3707 31.0048]
Aggregate throughput: 107.4792
Min-Max: 37.6300
JFI: 0.6353 [0.2500, 1]
Mean TX power: [20.2826 18.9738 22.3329 15.7339]
TX power counts:
[[ -82  -68]
 [ 278 2404]]
[[ -82  -68]
 [ 420 2177]]
[[ -82  -68]
 [ 342 9096]]
[[ -82  -68]
 [ 228 5735]]
Mean PCS: [-69.4512 -70.2642 -68.5073 -68.5353]
Mean MCS: [7.0000 7.0000 7.0000 7.0000]

Last 10 seconds of simulation:
Mean throughputs: [13.2587 20.0809 57.3633 24.7184]
Aggregate throughput: 115.4212
Min-Max: 44.1046
JFI: 0.6299 [0.2500, 1]
Mean TX power: [20.5046 20.3374 23.0000 15.0097]
TX power counts:
[[-82 -68]
 [  2 434]]
[[-82 -68]
 [  4 654]]
[[ -68]
 [1746]]
[[-68]
 [828]]
Mean PCS: [-68.0642 -68.0851 -68.0000 -68.0000]
Mean MCS: [7.0000 7.0000 7.0000 7.0000]
Simulation time: 60 s
Waiting for simulation script to connect on port: tcp://localhost:5555
Please start proper ns-3 simulation script using ./waf --run "..."
Start
Progress: 0% 10% 20% 30% 40% 50% 60% 70% 80% 90% 100%
Done
Final step: 13729
Node 0, (CST, Tx power, MCS) = (-82, 15, 7) - (mean, std): (0.380291652739733310, 0.037267799624996496)    played    13.87 s,        719 time(s)
Node 0, (CST, Tx power, MCS) = (-82, 23, 7) - (mean, std): (0.404075920533109423, 0.024738534799764671)    played    31.95 s,       1633 time(s)
Node 0, (CST, Tx power, MCS) = (-68, 15, 7) - (mean, std): (0.351521153639596406, 0.043979949713354248)    played     7.52 s,        516 time(s)
Node 0, (CST, Tx power, MCS) = (-68, 23, 7) - (mean, std): (0.351092950036680729, 0.045314325442944378)    played     6.65 s,        486 time(s)
                                                                                                           played    59.98 s,       3354 time(s)

Node 1, (CST, Tx power, MCS) = (-82, 15, 7) - (mean, std): (0.407368730477435770, 0.031992834407549200)    played    19.09 s,        976 time(s)
Node 1, (CST, Tx power, MCS) = (-82, 23, 7) - (mean, std): (0.415073846242893174, 0.026678526425610409)    played    26.79 s,       1404 time(s)
Node 1, (CST, Tx power, MCS) = (-68, 15, 7) - (mean, std): (0.372133684048767788, 0.039314056698537568)    played     8.80 s,        646 time(s)
Node 1, (CST, Tx power, MCS) = (-68, 23, 7) - (mean, std): (0.350313428289483253, 0.048970210687439175)    played     5.31 s,        416 time(s)
                                                                                                           played    59.99 s,       3442 time(s)

Node 2, (CST, Tx power, MCS) = (-82, 15, 7) - (mean, std): (0.399714016754853629, 0.031311214554257477)    played    19.10 s,       1019 time(s)
Node 2, (CST, Tx power, MCS) = (-82, 23, 7) - (mean, std): (0.414955715150128690, 0.026288495648390097)    played    27.73 s,       1446 time(s)
Node 2, (CST, Tx power, MCS) = (-68, 15, 7) - (mean, std): (0.369556592729329336, 0.038433122101204392)    played     8.53 s,        676 time(s)
Node 2, (CST, Tx power, MCS) = (-68, 23, 7) - (mean, std): (0.328651331206386177, 0.053452248382484878)    played     4.63 s,        349 time(s)
                                                                                                           played    60.00 s,       3490 time(s)

Node 3, (CST, Tx power, MCS) = (-82, 15, 7) - (mean, std): (0.421114170979626334, 0.033729162867744238)    played    16.82 s,        878 time(s)
Node 3, (CST, Tx power, MCS) = (-82, 23, 7) - (mean, std): (0.427464025308086804, 0.024253562503633298)    played    31.79 s,       1699 time(s)
Node 3, (CST, Tx power, MCS) = (-68, 15, 7) - (mean, std): (0.364195681175299379, 0.044108109139123088)    played     6.67 s,        513 time(s)
Node 3, (CST, Tx power, MCS) = (-68, 23, 7) - (mean, std): (0.348562829534408480, 0.053149400345273386)    played     4.71 s,        353 time(s)
                                                                                                           played    59.99 s,       3443 time(s)

Mean throughputs: [16.7096 17.2868 17.1680 17.7331]
Aggregate throughput: 68.8976
Min-Max: 1.0236
JFI: 0.9793 [0.2500, 1]
Mean TX power: [20.0543 19.2301 19.1146 19.7679]
TX power counts:
[[ -82  -68]
 [2352 1002]]
[[ -82  -68]
 [2380 1062]]
[[ -82  -68]
 [2465 1025]]
[[ -82  -68]
 [2577  866]]
Mean PCS: [-77.8175 -77.6804 -77.8883 -78.4787]
Mean MCS: [7.0000 7.0000 7.0000 7.0000]

Last 10 seconds of simulation:
Mean throughputs: [15.6049 18.3221 16.9738 18.1332]
Aggregate throughput: 69.0340
Min-Max: 2.7171
JFI: 0.9408 [0.2500, 1]
Mean TX power: [20.3682 19.7917 19.2867 18.9143]
TX power counts:
[[-82 -68]
 [390 145]]
[[-82 -68]
 [467 114]]
[[-82 -68]
 [470  88]]
[[-82 -68]
 [498  62]]
Mean PCS: [-78.2056 -79.2530 -79.7921 -80.4500]
Mean MCS: [7.0000 7.0000 7.0000 7.0000]
Simulation time: 60 s
Waiting for simulation script to connect on port: tcp://localhost:5555
Please start proper ns-3 simulation script using ./waf --run "..."
Start
Progress: 0% 10% 20% 30% 40% 50% 60% 70% 80% 90% 100%
Done
Final step: 13289
Node 0, (CST, Tx power, MCS) = (-82, 15, 7) - (mean, std): (0.374834513614626830, 0.040258484111423729)    played    12.12 s,        616 time(s)
Node 0, (CST, Tx power, MCS) = (-82, 23, 7) - (mean, std): (0.407555097410492506, 0.027597366233044082)    played    25.48 s,       1312 time(s)
Node 0, (CST, Tx power, MCS) = (-68, 15, 7) - (mean, std): (0.370453480544895131, 0.035028472205202943)    played    13.89 s,        814 time(s)
Node 0, (CST, Tx power, MCS) = (-68, 23, 7) - (mean, std): (0.381316736487423480, 0.044455422447438706)    played     8.51 s,        505 time(s)
                                                                                                           played    59.99 s,       3247 time(s)

Node 1, (CST, Tx power, MCS) = (-82, 15, 7) - (mean, std): (0.422109968511503508, 0.034360406637202474)    played    15.33 s,        846 time(s)
Node 1, (CST, Tx power, MCS) = (-82, 23, 7) - (mean, std): (0.437622470597747726, 0.027156272329678419)    played    24.30 s,       1355 time(s)
Node 1, (CST, Tx power, MCS) = (-68, 15, 7) - (mean, std): (0.398378981582254765, 0.038263936589669048)    played    10.81 s,        682 time(s)
Node 1, (CST, Tx power, MCS) = (-68, 23, 7) - (mean, std): (0.412347566807081956, 0.040193393552907040)    played     9.56 s,        618 time(s)
                                                                                                           played    59.99 s,       3501 time(s)

Node 2, (CST, Tx power, MCS) = (-82, 15, 7) - (mean, std): (0.370246789250971764, 0.039497625276668218)    played    12.93 s,        640 time(s)
Node 2, (CST, Tx power, MCS) = (-82, 23, 7) - (mean, std): (0.413436298335096208, 0.023075557699702293)    played    36.72 s,       1877 time(s)
Node 2, (CST, Tx power, MCS) = (-68, 15, 7) - (mean, std): (0.341489663192008852, 0.045454545454545456)    played     6.07 s,        483 time(s)
Node 2, (CST, Tx power, MCS) = (-68, 23, 7) - (mean, std): (0.327074661445396597, 0.058722021951470346)    played     4.25 s,        289 time(s)
                                                                                                           played    59.97 s,       3289 time(s)

Node 3, (CST, Tx power, MCS) = (-82, 15, 7) - (mean, std): (0.369705218662196022, 0.042485928866208736)    played    10.17 s,        553 time(s)
Node 3, (CST, Tx power, MCS) = (-82, 23, 7) - (mean, std): (0.417501764786256890, 0.028341010063256789)    played    22.70 s,       1244 time(s)
Node 3, (CST, Tx power, MCS) = (-68, 15, 7) - (mean, std): (0.354507197649780781, 0.052999894000318001)    played     6.50 s,        355 time(s)
Node 3, (CST, Tx power, MCS) = (-68, 23, 7) - (mean, std): (0.422177903840831981, 0.030137438733945608)    played    20.62 s,       1100 time(s)
                                                                                                           played    60.00 s,       3252 time(s)

Mean throughputs: [16.7568 18.5309 16.4486 17.6253]
Aggregate throughput: 69.3615
Min-Max: 2.0823
JFI: 0.9553 [0.2500, 1]
Mean TX power: [19.4767 19.5084 20.2685 20.7663]
TX power counts:
[[ -82  -68]
 [1928 1319]]
[[ -82  -68]
 [2201 1300]]
[[ -82  -68]
 [2517  772]]
[[ -82  -68]
 [1797 1455]]
Mean PCS: [-76.3129 -76.8015 -78.7139 -75.7362]
Mean MCS: [7.0000 7.0000 7.0000 7.0000]

Last 10 seconds of simulation:
Mean throughputs: [17.5570 18.6715 17.4258 17.6457]
Aggregate throughput: 71.3000
Min-Max: 1.2457
JFI: 0.9730 [0.2500, 1]
Mean TX power: [20.3528 19.6353 21.0735 21.3676]
TX power counts:
[[-82 -68]
 [357 190]]
[[-82 -68]
 [404 169]]
[[-82 -68]
 [464  80]]
[[-82 -68]
 [251 293]]
Mean PCS: [-77.1371 -77.8709 -79.9412 -74.4596]
Mean MCS: [7.0000 7.0000 7.0000 7.0000]
Simulation time: 60 s
Waiting for simulation script to connect on port: tcp://localhost:5555
Please start proper ns-3 simulation script using ./waf --run "..."
Start
Progress: 0% 10% 20% 30% 40% 50% 60% 70% 80% 90% 100%
Done
Final step: 14144
Node 0, (CST, Tx power, MCS) = (-82, 15, 7) - (mean, std): (0.375752371449689593, 0.033748365353141352)    played    17.87 s,        877 time(s)
Node 0, (CST, Tx power, MCS) = (-82, 23, 7) - (mean, std): (0.382269341665505302, 0.026252235637134264)    played    30.63 s,       1450 time(s)
Node 0, (CST, Tx power, MCS) = (-68, 15, 7) - (mean, std): (0.312736773922237976, 0.043113061355922681)    played     6.01 s,        537 time(s)
Node 0, (CST, Tx power, MCS) = (-68, 23, 7) - (mean, std): (0.330213205571979196, 0.043810795433832352)    played     5.48 s,        520 time(s)
                                                                                                           played    59.99 s,       3384 time(s)

Node 1, (CST, Tx power, MCS) = (-82, 15, 7) - (mean, std): (0.428545870823304254, 0.024260699053001704)    played    31.09 s,       1698 time(s)
Node 1, (CST, Tx power, MCS) = (-82, 23, 7) - (mean, std): (0.431440489539986816, 0.028352398856187136)    played    23.46 s,       1243 time(s)
Node 1, (CST, Tx power, MCS) = (-68, 15, 7) - (mean, std): (0.328866417177361148, 0.053528772757218922)    played     2.79 s,        348 time(s)
Node 1, (CST, Tx power, MCS) = (-68, 23, 7) - (mean, std): (0.325203182067434982, 0.055048188256318027)    played     2.66 s,        329 time(s)
                                                                                                           played    60.00 s,       3618 time(s)

Node 2, (CST, Tx power, MCS) = (-82, 15, 7) - (mean, std): (0.452043862174582645, 0.024738534799764671)    played    28.41 s,       1633 time(s)
Node 2, (CST, Tx power, MCS) = (-82, 23, 7) - (mean, std): (0.445782685423652625, 0.028318273589429951)    played    22.31 s,       1246 time(s)
Node 2, (CST, Tx power, MCS) = (-68, 15, 7) - (mean, std): (0.399066307531927122, 0.048507125007266595)    played     4.31 s,        424 time(s)
Node 2, (CST, Tx power, MCS) = (-68, 23, 7) - (mean, std): (0.388986840816449686, 0.045596075258755323)    played     4.96 s,        480 time(s)
                                                                                                           played    60.00 s,       3783 time(s)

Node 3, (CST, Tx power, MCS) = (-82, 15, 7) - (mean, std): (0.385451394605206721, 0.029074190231479016)    played    23.37 s,       1182 time(s)
Node 3, (CST, Tx power, MCS) = (-82, 23, 7) - (mean, std): (0.394113092970184653, 0.027236735535142165)    played    27.53 s,       1347 time(s)
Node 3, (CST, Tx power, MCS) = (-68, 15, 7) - (mean, std): (0.326837282548302965, 0.049568159709660969)    played     4.33 s,        406 time(s)
Node 3, (CST, Tx power, MCS) = (-68, 23, 7) - (mean, std): (0.321450008510729190, 0.048507125007266595)    played     4.76 s,        424 time(s)
                                                                                                           played    59.99 s,       3359 time(s)

Mean throughputs: [15.8101 18.1829 19.1766 16.1908]
Aggregate throughput: 69.3605
Min-Max: 3.3665
JFI: 0.9257 [0.2500, 1]
Mean TX power: [19.6572 18.4760 18.6500 19.2179]
TX power counts:
[[ -82  -68]
 [2327 1057]]
[[ -82  -68]
 [2941  677]]
[[ -82  -68]
 [2879  904]]
[[ -82  -68]
 [2529  830]]
Mean PCS: [-77.6271 -79.3803 -78.6545 -78.5406]
Mean MCS: [7.0000 7.0000 7.0000 7.0000]

Last 10 seconds of simulation:
Mean throughputs: [15.5864 18.8358 19.3912 17.0345]
Aggregate throughput: 70.8479
Min-Max: 3.8048
JFI: 0.9217 [0.2500, 1]
Mean TX power: [19.6603 18.9306 18.3786 19.5797]
TX power counts:
[[-82 -68]
 [437  90]]
[[-82 -68]
 [552  24]]
[[-82 -68]
 [520  98]]
[[-82 -68]
 [471  81]]
Mean PCS: [-79.6091 -81.4167 -79.7799 -79.9457]
Mean MCS: [7.0000 7.0000 7.0000 7.0000]
Simulation time: 60 s
Waiting for simulation script to connect on port: tcp://localhost:5555
Please start proper ns-3 simulation script using ./waf --run "..."
Start
Progress: 0% 10% 20% 30% 40% 50% 60% 70% 80% 90% 100%
Done
Final step: 20493
Node 0, (CST, Tx power, MCS) = (-82, 15, 7) - (mean, std): (0.348102956786786988, 0.088735650941611371)    played     3.02 s,        126 time(s)
Node 0, (CST, Tx power, MCS) = (-82, 23, 7) - (mean, std): (0.303455218247613179, 0.102597835208515412)    played     2.80 s,         94 time(s)
Node 0, (CST, Tx power, MCS) = (-68, 15, 7) - (mean, std): (0.539051862011046934, 0.050315460542662761)    played     4.03 s,        394 time(s)
Node 0, (CST, Tx power, MCS) = (-68, 23, 7) - (mean, std): (0.749627111634886489, 0.012539246564387978)    played    50.16 s,       6359 time(s)
                                                                                                           played    60.00 s,       6973 time(s)

Node 1, (CST, Tx power, MCS) = (-82, 15, 7) - (mean, std): (0.315755036123666233, 0.066226617853252193)    played    15.48 s,        227 time(s)
Node 1, (CST, Tx power, MCS) = (-82, 23, 7) - (mean, std): (0.305219590962246046, 0.066226617853252193)    played    16.68 s,        227 time(s)
Node 1, (CST, Tx power, MCS) = (-68, 15, 7) - (mean, std): (0.352979796068824347, 0.044367825470805686)    played    19.90 s,        507 time(s)
Node 1, (CST, Tx power, MCS) = (-68, 23, 7) - (mean, std): (0.320978007208136129, 0.067884423330213065)    played     7.91 s,        216 time(s)
                                                                                                           played    59.97 s,       1177 time(s)

Node 2, (CST, Tx power, MCS) = (-82, 15, 7) - (mean, std): (0.297790965423991250, 0.079305158571814416)    played    14.06 s,        158 time(s)
Node 2, (CST, Tx power, MCS) = (-82, 23, 7) - (mean, std): (0.233426072682543922, 0.103695169473042526)    played    10.95 s,         92 time(s)
Node 2, (CST, Tx power, MCS) = (-68, 15, 7) - (mean, std): (0.476308658957772302, 0.029643458336437611)    played    13.03 s,       1137 time(s)
Node 2, (CST, Tx power, MCS) = (-68, 23, 7) - (mean, std): (0.490004314098893112, 0.022803964585835362)    played    21.95 s,       1922 time(s)
                                                                                                           played    59.99 s,       3309 time(s)

Node 3, (CST, Tx power, MCS) = (-82, 15, 7) - (mean, std): (0.401538528871749123, 0.103142124625879336)    played     1.77 s,         93 time(s)
Node 3, (CST, Tx power, MCS) = (-82, 23, 7) - (mean, std): (0.382370426225137561, 0.093250480824031381)    played     2.34 s,        114 time(s)
Node 3, (CST, Tx power, MCS) = (-68, 15, 7) - (mean, std): (0.850869138414431903, 0.010750202576038457)    played    54.45 s,       8652 time(s)
Node 3, (CST, Tx power, MCS) = (-68, 23, 7) - (mean, std): (0.496653933023553817, 0.075377836144440907)    played     1.44 s,        175 time(s)
                                                                                                           played    60.00 s,       9034 time(s)

Mean throughputs: [36.2185  5.5058 15.1969 47.7178]
Aggregate throughput: 104.6390
Min-Max: 42.2120
JFI: 0.6107 [0.2500, 1]
Mean TX power: [22.4034 18.0110 19.8691 15.2559]
TX power counts:
[[ -82  -68]
 [ 220 6753]]
[[-82 -68]
 [454 723]]
[[ -82  -68]
 [ 250 3059]]
[[ -82  -68]
 [ 207 8827]]
Mean PCS: [-68.4417 -73.4002 -69.0577 -68.3208]
Mean MCS: [7.0000 7.0000 7.0000 7.0000]

Last 10 seconds of simulation:
Mean throughputs: [36.8834  3.6102 16.3646 52.8710]
Aggregate throughput: 109.7292
Min-Max: 49.2608
JFI: 0.5923 [0.2500, 1]
Mean TX power: [23.0000 17.7692 19.8754 15.0000]
TX power counts:
[[ -82  -68]
 [   1 1183]]
[[-82 -68]
 [ 39  91]]
[[-82 -68]
 [ 10 584]]
[[ -68]
 [1633]]
Mean PCS: [-68.0118 -72.2000 -68.2357 -68.0000]
Mean MCS: [7.0000 7.0000 7.0000 7.0000]
Simulation time: 60 s
Waiting for simulation script to connect on port: tcp://localhost:5555
Please start proper ns-3 simulation script using ./waf --run "..."
Start
Progress: 0% 10% 20% 30% 40% 50% 60% 70% 80% 90% 100%
Done
Final step: 13519
Node 0, (CST, Tx power, MCS) = (-82, 15, 7) - (mean, std): (0.444058957467804827, 0.028583097523751475)    played    21.29 s,       1223 time(s)
Node 0, (CST, Tx power, MCS) = (-82, 23, 7) - (mean, std): (0.455168911744839810, 0.024845199749997663)    played    27.44 s,       1619 time(s)
Node 0, (CST, Tx power, MCS) = (-68, 15, 7) - (mean, std): (0.404648590411284315, 0.039283710065919304)    played     7.13 s,        647 time(s)
Node 0, (CST, Tx power, MCS) = (-68, 23, 7) - (mean, std): (0.381020680644304721, 0.052851642258168997)    played     4.13 s,        357 time(s)
                                                                                                           played    59.99 s,       3846 time(s)

Node 1, (CST, Tx power, MCS) = (-82, 15, 7) - (mean, std): (0.339221207474697639, 0.038235955645093626)    played    13.37 s,        683 time(s)
Node 1, (CST, Tx power, MCS) = (-82, 23, 7) - (mean, std): (0.392510401929896391, 0.025734250632748937)    played    28.69 s,       1509 time(s)
Node 1, (CST, Tx power, MCS) = (-68, 15, 7) - (mean, std): (0.299087136618489957, 0.056888012398857428)    played     4.82 s,        308 time(s)
Node 1, (CST, Tx power, MCS) = (-68, 23, 7) - (mean, std): (0.360971299653183031, 0.034462275839778879)    played    13.12 s,        841 time(s)
                                                                                                           played    60.00 s,       3341 time(s)

Node 2, (CST, Tx power, MCS) = (-82, 15, 7) - (mean, std): (0.294251711712636199, 0.040927275453502901)    played    12.62 s,        596 time(s)
Node 2, (CST, Tx power, MCS) = (-82, 23, 7) - (mean, std): (0.322575632581588334, 0.029630442547297988)    played    23.63 s,       1138 time(s)
Node 2, (CST, Tx power, MCS) = (-68, 15, 7) - (mean, std): (0.287182951795613317, 0.039968038348871575)    played    10.87 s,        625 time(s)
Node 2, (CST, Tx power, MCS) = (-68, 23, 7) - (mean, std): (0.294832578051425265, 0.036345618209240697)    played    12.87 s,        756 time(s)
                                                                                                           played    59.99 s,       3115 time(s)

Node 3, (CST, Tx power, MCS) = (-82, 15, 7) - (mean, std): (0.303508872339765090, 0.044499415948998478)    played    10.80 s,        504 time(s)
Node 3, (CST, Tx power, MCS) = (-82, 23, 7) - (mean, std): (0.350796555516757202, 0.028182994438777080)    played    25.07 s,       1258 time(s)
Node 3, (CST, Tx power, MCS) = (-68, 15, 7) - (mean, std): (0.326677890612398880, 0.035805743701971642)    played    12.71 s,        779 time(s)
Node 3, (CST, Tx power, MCS) = (-68, 23, 7) - (mean, std): (0.329411903941915274, 0.038433122101204392)    played    11.41 s,        676 time(s)
                                                                                                           played    59.99 s,       3217 time(s)

Mean throughputs: [19.5528 16.1429 13.7602 14.6902]
Aggregate throughput: 64.1461
Min-Max: 5.7926
JFI: 0.8793 [0.2500, 1]
Mean TX power: [19.1102 20.6271 19.8642 19.8094]
TX power counts:
[[ -82  -68]
 [2842 1004]]
[[ -82  -68]
 [2192 1149]]
[[ -82  -68]
 [1734 1381]]
[[ -82  -68]
 [1762 1455]]
Mean PCS: [-78.3453 -77.1853 -75.7933 -75.6680]
Mean MCS: [7.0000 7.0000 7.0000 7.0000]

Last 10 seconds of simulation:
Mean throughputs: [20.0172 16.9167 13.2257 14.3010]
Aggregate throughput: 64.4605
Min-Max: 6.7914
JFI: 0.8600 [0.2500, 1]
Mean TX power: [19.4887 21.8014 19.9539 20.7099]
TX power counts:
[[-82 -68]
 [533  89]]
[[-82 -68]
 [434 140]]
[[-82 -68]
 [332 167]]
[[-82 -68]
 [312 205]]
Mean PCS: [-79.9968 -78.5854 -77.3146 -76.4487]
Mean MCS: [7.0000 7.0000 7.0000 7.0000]
Simulation time: 60 s
Waiting for simulation script to connect on port: tcp://localhost:5555
Please start proper ns-3 simulation script using ./waf --run "..."
Start
Progress: 0% 10% 20% 30% 40% 50% 60% 70% 80% 90% 100%
Done
Final step: 13770
Node 0, (CST, Tx power, MCS) = (-82, 15, 7) - (mean, std): (0.313008982645377132, 0.041415768328129113)    played    12.14 s,        582 time(s)
Node 0, (CST, Tx power, MCS) = (-82, 23, 7) - (mean, std): (0.356631749816263666, 0.027767067240353285)    played    26.61 s,       1296 time(s)
Node 0, (CST, Tx power, MCS) = (-68, 15, 7) - (mean, std): (0.304473472707781856, 0.042953677958755779)    played     9.05 s,        541 time(s)
Node 0, (CST, Tx power, MCS) = (-68, 23, 7) - (mean, std): (0.331074964296829866, 0.036835473434187860)    played    12.17 s,        736 time(s)
                                                                                                           played    59.97 s,       3155 time(s)

Node 1, (CST, Tx power, MCS) = (-82, 15, 7) - (mean, std): (0.356728926739850849, 0.056254395046301198)    played     6.33 s,        315 time(s)
Node 1, (CST, Tx power, MCS) = (-82, 23, 7) - (mean, std): (0.432644121209610655, 0.022727272727272728)    played    34.62 s,       1935 time(s)
Node 1, (CST, Tx power, MCS) = (-68, 15, 7) - (mean, std): (0.398428720721544949, 0.036860489038724284)    played    10.66 s,        735 time(s)
Node 1, (CST, Tx power, MCS) = (-68, 23, 7) - (mean, std): (0.373735396505575301, 0.043073049225394802)    played     8.38 s,        538 time(s)
                                                                                                           played    59.99 s,       3523 time(s)

Node 2, (CST, Tx power, MCS) = (-82, 15, 7) - (mean, std): (0.446798231790090483, 0.027076518053694116)    played    23.87 s,       1363 time(s)
Node 2, (CST, Tx power, MCS) = (-82, 23, 7) - (mean, std): (0.451067877993940991, 0.028455519661223609)    played    22.06 s,       1234 time(s)
Node 2, (CST, Tx power, MCS) = (-68, 15, 7) - (mean, std): (0.421137207190233065, 0.037688918072220454)    played     7.73 s,        703 time(s)
Node 2, (CST, Tx power, MCS) = (-68, 23, 7) - (mean, std): (0.400487240067667949, 0.043073049225394802)    played     6.34 s,        538 time(s)
                                                                                                           played    60.00 s,       3838 time(s)

Node 3, (CST, Tx power, MCS) = (-82, 15, 7) - (mean, std): (0.326038972996137821, 0.046726931351599776)    played     9.62 s,        457 time(s)
Node 3, (CST, Tx power, MCS) = (-82, 23, 7) - (mean, std): (0.359474263826649099, 0.027503266206804603)    played    26.60 s,       1321 time(s)
Node 3, (CST, Tx power, MCS) = (-68, 15, 7) - (mean, std): (0.347564288454771164, 0.035114749361031178)    played    12.92 s,        810 time(s)
Node 3, (CST, Tx power, MCS) = (-68, 23, 7) - (mean, std): (0.328635059710651545, 0.038720154633118314)    played    10.83 s,        666 time(s)
                                                                                                           played    59.97 s,       3254 time(s)

Mean throughputs: [14.6895 18.0422 19.2496 15.2154]
Aggregate throughput: 67.1968
Min-Max: 4.5601
JFI: 0.8982 [0.2500, 1]
Mean TX power: [20.1525 20.6157 18.6936 19.8851]
TX power counts:
[[ -82  -68]
 [1878 1277]]
[[ -82  -68]
 [2250 1273]]
[[ -82  -68]
 [2597 1241]]
[[ -82  -68]
 [1778 1476]]
Mean PCS: [-76.3334 -76.9412 -77.4732 -75.6497]
Mean MCS: [7.0000 7.0000 7.0000 7.0000]

Last 10 seconds of simulation:
Mean throughputs: [13.9359 18.2500 19.6910 15.3309]
Aggregate throughput: 67.2077
Min-Max: 5.7551
JFI: 0.8804 [0.2500, 1]
Mean TX power: [20.6620 20.9583 19.0513 19.6262]
TX power counts:
[[-82 -68]
 [306 197]]
[[-82 -68]
 [431 145]]
[[-82 -68]
 [487 137]]
[[-82 -68]
 [309 234]]
Mean PCS: [-76.5169 -78.4757 -78.9263 -75.9669]
Mean MCS: [7.0000 7.0000 7.0000 7.0000]
Simulation time: 60 s
Waiting for simulation script to connect on port: tcp://localhost:5555
Please start proper ns-3 simulation script using ./waf --run "..."
Start
Progress: 0% 10% 20% 30% 40% 50% 60% 70% 80% 90% 100%
Done
Final step: 14463
Node 0, (CST, Tx power, MCS) = (-82, 15, 7) - (mean, std): (0.316864682310741608, 0.039405520311955031)    played    14.09 s,        643 time(s)
Node 0, (CST, Tx power, MCS) = (-82, 23, 7) - (mean, std): (0.351247607362474179, 0.028016590734026292)    played    25.26 s,       1273 time(s)
Node 0, (CST, Tx power, MCS) = (-68, 15, 7) - (mean, std): (0.306999767748714736, 0.039497625276668218)    played     8.62 s,        640 time(s)
Node 0, (CST, Tx power, MCS) = (-68, 23, 7) - (mean, std): (0.331894625139357247, 0.033351867298253506)    played    12.02 s,        898 time(s)
                                                                                                           played    60.00 s,       3454 time(s)

Node 1, (CST, Tx power, MCS) = (-82, 15, 7) - (mean, std): (0.328223437821165365, 0.033633639699815622)    played    18.92 s,        883 time(s)
Node 1, (CST, Tx power, MCS) = (-82, 23, 7) - (mean, std): (0.325159000306731005, 0.032879797461071461)    played    19.59 s,        924 time(s)
Node 1, (CST, Tx power, MCS) = (-68, 15, 7) - (mean, std): (0.331985675913215705, 0.032224549634855451)    played    13.06 s,        962 time(s)
Node 1, (CST, Tx power, MCS) = (-68, 23, 7) - (mean, std): (0.323416614271326730, 0.040096346988231273)    played     8.42 s,        621 time(s)
                                                                                                           played    59.99 s,       3390 time(s)

Node 2, (CST, Tx power, MCS) = (-82, 15, 7) - (mean, std): (0.431901340257517308, 0.024070194759954793)    played    31.06 s,       1725 time(s)
Node 2, (CST, Tx power, MCS) = (-82, 23, 7) - (mean, std): (0.429324264329360661, 0.030729254193150105)    played    19.10 s,       1058 time(s)
Node 2, (CST, Tx power, MCS) = (-68, 15, 7) - (mean, std): (0.390998338497827835, 0.043810795433832352)    played     5.32 s,        520 time(s)
Node 2, (CST, Tx power, MCS) = (-68, 23, 7) - (mean, std): (0.372653251958679266, 0.048001536073731935)    played     4.46 s,        433 time(s)
                                                                                                           played    59.94 s,       3736 time(s)

Node 3, (CST, Tx power, MCS) = (-82, 15, 7) - (mean, std): (0.386584867793867581, 0.036935842757655893)    played    14.99 s,        732 time(s)
Node 3, (CST, Tx power, MCS) = (-82, 23, 7) - (mean, std): (0.420212068194676547, 0.025391835805951279)    played    28.48 s,       1550 time(s)
Node 3, (CST, Tx power, MCS) = (-68, 15, 7) - (mean, std): (0.395827902053331515, 0.031622776601683791)    played    10.46 s,        999 time(s)
Node 3, (CST, Tx power, MCS) = (-68, 23, 7) - (mean, std): (0.376597851896299518, 0.040723148118768406)    played     6.07 s,        602 time(s)
                                                                                                           played    60.00 s,       3883 time(s)

Mean throughputs: [15.1106 14.7027 18.7771 18.0867]
Aggregate throughput: 66.6771
Min-Max: 4.0744
JFI: 0.9033 [0.2500, 1]
Mean TX power: [20.0284 18.6460 18.1927 19.4337]
TX power counts:
[[ -82  -68]
 [1916 1538]]
[[ -82  -68]
 [1807 1583]]
[[ -82  -68]
 [2783  953]]
[[ -82  -68]
 [2282 1601]]
Mean PCS: [-75.7661 -75.4625 -78.4288 -76.2277]
Mean MCS: [7.0000 7.0000 7.0000 7.0000]

Last 10 seconds of simulation:
Mean throughputs: [15.4761 14.2932 19.1423 18.1848]
Aggregate throughput: 67.0963
Min-Max: 4.8491
JFI: 0.8952 [0.2500, 1]
Mean TX power: [20.8610 18.8442 18.5122 19.8571]
TX power counts:
[[-82 -68]
 [351 210]]
[[-82 -68]
 [270 269]]
[[-82 -68]
 [483 132]]
[[-82 -68]
 [430 186]]
Mean PCS: [-76.7594 -75.0130 -78.9951 -77.7727]
Mean MCS: [7.0000 7.0000 7.0000 7.0000]
Simulation time: 60 s
Waiting for simulation script to connect on port: tcp://localhost:5555
Please start proper ns-3 simulation script using ./waf --run "..."
Start
Progress: 0% 10% 20% 30% 40% 50% 60% 70% 80% 90% 100%
Done
Final step: 26351
Node 0, (CST, Tx power, MCS) = (-82, 15, 7) - (mean, std): (0.276021822224393309, 0.114707866935280886)    played     2.60 s,         75 time(s)
Node 0, (CST, Tx power, MCS) = (-82, 23, 7) - (mean, std): (0.379620200233635630, 0.079056941504209485)    played     4.01 s,        159 time(s)
Node 0, (CST, Tx power, MCS) = (-68, 15, 7) - (mean, std): (0.763970698751943678, 0.011577921116187231)    played    50.46 s,       7459 time(s)
Node 0, (CST, Tx power, MCS) = (-68, 23, 7) - (mean, std): (0.542550895556992319, 0.055641488407465724)    played     2.92 s,        322 time(s)
                                                                                                           played    59.99 s,       8015 time(s)

Node 1, (CST, Tx power, MCS) = (-82, 15, 7) - (mean, std): (0.289644245130723565, 0.099503719020998915)    played     3.95 s,        100 time(s)
Node 1, (CST, Tx power, MCS) = (-82, 23, 7) - (mean, std): (0.338463383574416632, 0.084515425472851652)    played     4.58 s,        139 time(s)
Node 1, (CST, Tx power, MCS) = (-68, 15, 7) - (mean, std): (0.580802003026533731, 0.015094447095057539)    played    41.67 s,       4388 time(s)
Node 1, (CST, Tx power, MCS) = (-68, 23, 7) - (mean, std): (0.553621865198544172, 0.031326574483831929)    played     9.80 s,       1018 time(s)
                                                                                                           played    59.99 s,       5645 time(s)

Node 2, (CST, Tx power, MCS) = (-82, 15, 7) - (mean, std): (0.272423771341732068, 0.081923192051904042)    played     9.40 s,        148 time(s)
Node 2, (CST, Tx power, MCS) = (-82, 23, 7) - (mean, std): (0.211889841131889911, 0.105409255338945976)    played     5.93 s,         89 time(s)
Node 2, (CST, Tx power, MCS) = (-68, 15, 7) - (mean, std): (0.508369677269186471, 0.020378478648480559)    played    28.29 s,       2407 time(s)
Node 2, (CST, Tx power, MCS) = (-68, 23, 7) - (mean, std): (0.502257102516598941, 0.026252235637134264)    played    16.37 s,       1450 time(s)
                                                                                                           played    59.99 s,       4094 time(s)

Node 3, (CST, Tx power, MCS) = (-82, 15, 7) - (mean, std): (0.356772839314031531, 0.099014754297667429)    played     2.39 s,        101 time(s)
Node 3, (CST, Tx power, MCS) = (-82, 23, 7) - (mean, std): (0.329616448882273538, 0.111803398874989482)    played     1.97 s,         79 time(s)
Node 3, (CST, Tx power, MCS) = (-68, 15, 7) - (mean, std): (0.776954847534254700, 0.011248031766646190)    played    51.41 s,       7903 time(s)
Node 3, (CST, Tx power, MCS) = (-68, 23, 7) - (mean, std): (0.585999261793949677, 0.044065264923923174)    played     4.22 s,        514 time(s)
                                                                                                           played    59.99 s,       8597 time(s)

Mean throughputs: [39.6702 25.3359 18.8349 42.2829]
Aggregate throughput: 126.1239
Min-Max: 23.4480
JFI: 0.7635 [0.2500, 1]
Mean TX power: [15.4801 16.6397 18.0073 15.5518]
TX power counts:
[[ -82  -68]
 [ 234 7781]]
[[ -82  -68]
 [ 239 5406]]
[[ -82  -68]
 [ 237 3857]]
[[ -82  -68]
 [ 180 8417]]
Mean PCS: [-68.4087 -68.5927 -68.8105 -68.2931]
Mean MCS: [7.0000 7.0000 7.0000 7.0000]

Last 10 seconds of simulation:
Mean throughputs: [45.1135 27.2321 20.8795 47.7754]
Aggregate throughput: 141.0005
Min-Max: 26.8959
JFI: 0.7547 [0.2500, 1]
Mean TX power: [15.0000 16.2446 18.4896 15.0000]
TX power counts:
[[ -68]
 [1505]]
[[ -82  -68]
 [   3 1019]]
[[-82 -68]
 [  3 765]]
[[ -68]
 [1580]]
Mean PCS: [-68.0000 -68.0411 -68.0547 -68.0000]
Mean MCS: [7.0000 7.0000 7.0000 7.0000]
Simulation time: 60 s
Waiting for simulation script to connect on port: tcp://localhost:5555
Please start proper ns-3 simulation script using ./waf --run "..."
Start
Progress: 0% 10% 20% 30% 40% 50% 60% 70% 80% 90% 100%
Done
Final step: 13227
Node 0, (CST, Tx power, MCS) = (-82, 15, 7) - (mean, std): (0.325803455200264713, 0.049751859510499458)    played     7.84 s,        403 time(s)
Node 0, (CST, Tx power, MCS) = (-82, 23, 7) - (mean, std): (0.407417616608803490, 0.025094280661424780)    played    30.38 s,       1587 time(s)
Node 0, (CST, Tx power, MCS) = (-68, 15, 7) - (mean, std): (0.329205865768149752, 0.048795003647426664)    played     7.08 s,        419 time(s)
Node 0, (CST, Tx power, MCS) = (-68, 23, 7) - (mean, std): (0.373300115654108255, 0.034020690871988585)    played    14.69 s,        863 time(s)
                                                                                                           played    59.99 s,       3272 time(s)

Node 1, (CST, Tx power, MCS) = (-82, 15, 7) - (mean, std): (0.368543238103296533, 0.045931521217462530)    played     8.27 s,        473 time(s)
Node 1, (CST, Tx power, MCS) = (-82, 23, 7) - (mean, std): (0.416671262302885703, 0.029260286799032639)    played    21.42 s,       1167 time(s)
Node 1, (CST, Tx power, MCS) = (-68, 15, 7) - (mean, std): (0.367909270375185449, 0.043519413988924463)    played     9.24 s,        527 time(s)
Node 1, (CST, Tx power, MCS) = (-68, 23, 7) - (mean, std): (0.413182741685248711, 0.029578550313870459)    played    21.06 s,       1142 time(s)
                                                                                                           played    60.00 s,       3309 time(s)

Node 2, (CST, Tx power, MCS) = (-82, 15, 7) - (mean, std): (0.383999080676026006, 0.039590379123244791)    played    12.53 s,        637 time(s)
Node 2, (CST, Tx power, MCS) = (-82, 23, 7) - (mean, std): (0.424892261772129187, 0.023224433809720588)    played    34.02 s,       1853 time(s)
Node 2, (CST, Tx power, MCS) = (-68, 15, 7) - (mean, std): (0.361036007316439589, 0.049206783130512292)    played     6.39 s,        412 time(s)
Node 2, (CST, Tx power, MCS) = (-68, 23, 7) - (mean, std): (0.371237461339633701, 0.045037734911104500)    played     7.02 s,        492 time(s)
                                                                                                           played    59.97 s,       3394 time(s)

Node 3, (CST, Tx power, MCS) = (-82, 15, 7) - (mean, std): (0.323112420388996513, 0.050443327230531833)    played     7.94 s,        392 time(s)
Node 3, (CST, Tx power, MCS) = (-82, 23, 7) - (mean, std): (0.389898668582774499, 0.027027027027027029)    played    27.40 s,       1368 time(s)
Node 3, (CST, Tx power, MCS) = (-68, 15, 7) - (mean, std): (0.322360795034587311, 0.064282434653322507)    played     3.94 s,        241 time(s)
Node 3, (CST, Tx power, MCS) = (-68, 23, 7) - (mean, std): (0.394142011667725722, 0.028261670947211073)    played    20.72 s,       1251 time(s)
                                                                                                           played    60.00 s,       3252 time(s)

Mean throughputs: [16.5561 17.8070 17.6238 16.5412]
Aggregate throughput: 68.5282
Min-Max: 1.2658
JFI: 0.9669 [0.2500, 1]
Mean TX power: [20.9902 20.5824 20.5274 21.4428]
TX power counts:
[[ -82  -68]
 [1990 1282]]
[[ -82  -68]
 [1640 1669]]
[[ -82  -68]
 [2490  904]]
[[ -82  -68]
 [1760 1492]]
Mean PCS: [-76.5147 -74.9387 -78.2711 -75.5769]
Mean MCS: [7.0000 7.0000 7.0000 7.0000]

Last 10 seconds of simulation:
Mean throughputs: [17.6610 17.2166 18.1211 16.3550]
Aggregate throughput: 69.3536
Min-Max: 1.7661
JFI: 0.9638 [0.2500, 1]
Mean TX power: [21.7659 21.1493 21.1670 21.7218]
TX power counts:
[[-82 -68]
 [388 163]]
[[-82 -68]
 [282 254]]
[[-82 -68]
 [450 113]]
[[-82 -68]
 [240 292]]
Mean PCS: [-77.8584 -75.3657 -79.1901 -74.3158]
Mean MCS: [7.0000 7.0000 7.0000 7.0000]
