Simulation time: 100.0 s
Seed: 1
Waiting for simulation script to connect on port: tcp://localhost:50000
Please start proper ns-3 simulation script using ./waf --run "..."
Start
Progress: 0% 10% 20% 30% 40% 50% 60% 70% 80% 90% 100%
Done
Final step: 5186
Node 0 - Refine time: -1000000000.0, UB(s): [65] Mbps
Node    CST    Tx pow                    Mean                     Std    Played (s)    Played (count)
   0    -82        23    0.102172800000000008    0.288675134594812866          5.50                11
   0    -77        23    0.282866299335114479    0.242535625036332969          7.59                16
   0    -72        23    0.600970711599362439    0.150755672288881815         14.25                43
   0    -67        23    0.754252325423914960    0.075592894601845442         44.87               174
   0    -62        23    0.721564875584631893    0.096673648904566353         27.76               106
                                                                              99.97               350    Tot

Node 1 - Refine time: -1000000000.0, UB(s): [65] Mbps
Node    CST    Tx pow                    Mean                     Std    Played (s)    Played (count)
   1    -82        23    0.014740232258064518    0.179605302026774910         15.00                30
   1    -77        23    0.013170695626292578    0.160128153805087131         18.90                38
   1    -72        23    0.010983152941176470    0.171498585142508847         16.50                33
   1    -67        23    0.076976016305283640    0.133630620956212198         25.00                55
   1    -62        23    0.103985488664563724    0.131306432859722544         24.35                57
                                                                              99.76               213    Tot

Node 2 - Refine time: -1000000000.0, UB(s): [65] Mbps
Node    CST    Tx pow                    Mean                     Std    Played (s)    Played (count)
   2    -82        23    0.004176000000000001    0.223606797749978964          9.50                19
   2    -77        23    0.009354240000000003    0.223606797749978964          9.50                19
   2    -72        23    0.053525423248414576    0.200000000000000011         10.95                24
   2    -67        23    0.196183207653849723    0.122169444356305223         27.28                66
   2    -62        23    0.265484487097132127    0.095782628522115137         42.30               108
                                                                              99.52               236    Tot

Node 3 - Refine time: -1000000000.0, UB(s): [65] Mbps
Node    CST    Tx pow                    Mean                     Std    Played (s)    Played (count)
   3    -82        23    0.030303418181818184    0.301511344577763629          5.00                10
   3    -77        23    0.057268252323758172    0.277350098112614574          5.63                12
   3    -72        23    0.052803200000000002    0.288675134594812866          5.50                11
   3    -67        23    0.407351822680308284    0.154303349962091912         15.94                41
   3    -62        23    0.756984287611267015    0.061780206321521550         67.84               261
                                                                              99.92               335    Tot

Node 4 - Refine time: -1000000000.0, UB(s): [65] Mbps
Node    CST    Tx pow                    Mean                     Std    Played (s)    Played (count)
   4    -82        23    0.006929066666666667    0.204124145231931509         11.50                23
   4    -77        23    0.027904678032431768    0.169030850945703304         16.56                34
   4    -72        23    0.026320400000000001    0.176776695296636893         15.50                31
   4    -67        23    0.113539083947739317    0.128036879932895975         25.45                60
   4    -62        23    0.166057714081326191    0.114707866935280886         30.95                75
                                                                              99.96               223    Tot

Node 5 - Refine time: -1000000000.0, UB(s): [65] Mbps
Node    CST    Tx pow                    Mean                     Std    Played (s)    Played (count)
   5    -82        23    0.014773759999999999    0.258198889747161098          7.00                14
   5    -77        23    0.053270576718120903    0.242535625036332969          7.69                16
   5    -72        23    0.065037600302668114    0.229415733870561772          8.92                18
   5    -67        23    0.277461017468263349    0.152498570332604666         17.54                42
   5    -62        23    0.531598010614356076    0.072547625011001163         58.78               189
                                                                              99.93               279    Tot

Node 6 - Refine time: -1000000000.0, UB(s): [65] Mbps
Node    CST    Tx pow                    Mean                     Std    Played (s)    Played (count)
   6    -82        23    0.004549329478389157    0.208514414057074771         10.63                22
   6    -77        23    0.022306351287747325    0.185695338177051861         13.78                28
   6    -72        23    0.062882490881498984    0.176776695296636893         15.18                31
   6    -67        23    0.163897639919203503    0.117041147196130554         30.82                72
   6    -62        23    0.233039444109725075    0.101534616513361903         29.19                96
                                                                              99.59               249    Tot

Node 7 - Refine time: -1000000000.0, UB(s): [65] Mbps
Node    CST    Tx pow                    Mean                     Std    Played (s)    Played (count)
   7    -82        23    0.016286400000000003    0.250000000000000000          7.50                15
   7    -77        23    0.056701956608644417    0.242535625036332969          7.66                16
   7    -72        23    0.088027997947825967    0.208514414057074771         10.91                22
   7    -67        23    0.348918904780681882    0.114707866935280886         29.05                75
   7    -62        23    0.459290476932679936    0.084215192106651890         44.53               140
                                                                              99.65               268    Tot

Node 8 - Refine time: -1000000000.0, UB(s): [65] Mbps
Node    CST    Tx pow                    Mean                     Std    Played (s)    Played (count)
   8    -82        23    0.023534080000000006    0.182574185835055358         14.50                29
   8    -77        23    0.035672196293149501    0.162221421130762544         18.03                37
   8    -72        23    0.054124492706102201    0.162221421130762544         17.99                37
   8    -67        23    0.103186879290761091    0.128036879932895975         25.95                60
   8    -62        23    0.143735982095609921    0.128036879932895975         23.22                60
                                                                              99.69               223    Tot

Node 9 - Refine time: -1000000000.0, UB(s): [65] Mbps
Node    CST    Tx pow                    Mean                     Std    Played (s)    Played (count)
   9    -82        23    0.158696233394278075    0.192450089729875262         11.83                26
   9    -77        23    0.191967490432200238    0.179605302026774910         11.75                30
   9    -72        23    0.297023444419410754    0.152498570332604666         17.00                42
   9    -67        23    0.453676189629102555    0.094915799575249898         33.29               110
   9    -62        23    0.430677030398485206    0.103695169473042526         25.90                92
                                                                              99.77               300    Tot

Node 10 - Refine time: -1000000000.0, UB(s): [65] Mbps
Node    CST    Tx pow                    Mean                     Std    Played (s)    Played (count)
  10    -82        23    0.037459560562976627    0.192450089729875262         12.47                26
  10    -77        23    0.049663875863434973    0.174077655955697852         15.75                32
  10    -72        23    0.137325414734282225    0.134839972492648424         23.71                54
  10    -67        23    0.144365403258182562    0.118678165819385339         27.28                70
  10    -62        23    0.137550440610016145    0.134839972492648424         20.46                54
                                                                              99.67               236    Tot

Node 11 - Refine time: -1000000000.0, UB(s): [65] Mbps
Node    CST    Tx pow                    Mean                     Std    Played (s)    Played (count)
  11    -82        23    0.008079058823529411    0.171498585142508847         16.50                33
  11    -77        23    0.034450430117558828    0.141421356237309503         23.17                49
  11    -72        23    0.028935158733554421    0.158113883008418971         18.58                39
  11    -67        23    0.041662720842148282    0.140028008402800969         21.73                50
  11    -62        23    0.031877891018593722    0.149071198499985985         19.82                44
                                                                              99.80               215    Tot

Node 12 - Refine time: -1000000000.0, UB(s): [65] Mbps
Node    CST    Tx pow                    Mean                     Std    Played (s)    Played (count)
  12    -82        23    0.017669120000000000    0.316227766016837941          4.50                 9
  12    -77        23    0.056038374458399903    0.301511344577763629          4.72                10
  12    -72        23    0.102451200000000006    0.267261241912424397          6.50                13
  12    -67        23    0.590553755448913642    0.114707866935280886         24.03                75
  12    -62        23    0.762885013552495272    0.065372045046061353         60.04               233
                                                                              99.79               340    Tot

Node 13 - Refine time: -1000000000.0, UB(s): [65] Mbps
Node    CST    Tx pow                    Mean                     Std    Played (s)    Played (count)
  13    -82        23    0.002798276923076924    0.196116135138184045         12.50                25
  13    -77        23    0.009448727272727275    0.174077655955697852         16.00                32
  13    -72        23    0.016112399999999999    0.176776695296636893         15.50                31
  13    -67        23    0.071046976703455098    0.142857142857142849         22.84                48
  13    -62        23    0.144419515252708602    0.113227703414459577         33.09                77
                                                                              99.93               213    Tot

Node 14 - Refine time: -1000000000.0, UB(s): [65] Mbps
Node    CST    Tx pow                    Mean                     Std    Played (s)    Played (count)
  14    -82        23    0.008031418181818184    0.213200716355610442         10.50                21
  14    -77        23    0.037020177967172871    0.188982236504613599         13.00                27
  14    -72        23    0.060189189270249119    0.171498585142508847         15.99                33
  14    -67        23    0.165024069248782101    0.120385853085769198         29.51                68
  14    -62        23    0.252729652681482841    0.097590007294853329         30.69               104
                                                                              99.69               253    Tot

Node 15 - Refine time: -1000000000.0, UB(s): [65] Mbps
Node    CST    Tx pow                    Mean                     Std    Played (s)    Played (count)
  15    -82        23    0.010371764705882353    0.242535625036332969          8.00                16
  15    -77        23    0.029232000000000001    0.250000000000000000          7.50                15
  15    -72        23    0.151577663877930341    0.188982236504613599         12.29                27
  15    -67        23    0.352428996824338814    0.106600358177805221         32.17                87
  15    -62        23    0.430771284134189747    0.089802651013387455         40.01               123
                                                                              99.97               268    Tot

Node 16 - Refine time: -1000000000.0, UB(s): [65] Mbps
Node    CST    Tx pow                    Mean                     Std    Played (s)    Played (count)
  16    -82        23    0.010917647058823528    0.171498585142508847         16.50                33
  16    -77        23    0.009670235897435894    0.160128153805087131         19.00                38
  16    -72        23    0.039475176446388482    0.150755672288881815         21.30                43
  16    -67        23    0.056770852440167725    0.129099444873580549         26.50                59
  16    -62        23    0.064549269234198514    0.141421356237309503         16.69                49
                                                                              99.99               222    Tot

Node 17 - Refine time: -1000000000.0, UB(s): [65] Mbps
Node    CST    Tx pow                    Mean                     Std    Played (s)    Played (count)
  17    -82        23    0.026707944843578437    0.235702260395515839          7.63                17
  17    -77        23    0.040219519999999995    0.223606797749978964          9.50                19
  17    -72        23    0.138283739435577591    0.174077655955697852         13.50                32
  17    -67        23    0.227706999569734614    0.142857142857142849         20.81                48
  17    -62        23    0.396507344253319349    0.081110710565381272         48.52               151
                                                                              99.96               267    Tot

Node 18 - Refine time: -1000000000.0, UB(s): [65] Mbps
Node    CST    Tx pow                    Mean                     Std    Played (s)    Played (count)
  18    -82        23    0.018360123076923078    0.196116135138184045         12.50                25
  18    -77        23    0.019240833563476799    0.176776695296636893         15.33                31
  18    -72        23    0.078699556407269208    0.160128153805087131         17.35                38
  18    -67        23    0.103758310064707412    0.138675049056307287         22.00                51
  18    -62        23    0.213516763380092928    0.109764259989690346         32.72                82
                                                                              99.91               227    Tot

Node 19 - Refine time: -1000000000.0, UB(s): [65] Mbps
Node    CST    Tx pow                    Mean                     Std    Played (s)    Played (count)
  19    -82        23    0.139002030616435873    0.204124145231931509         10.39                23
  19    -77        23    0.158429931457816031    0.176776695296636893         14.09                31
  19    -72        23    0.287217189728573685    0.142857142857142849         20.55                48
  19    -67        23    0.355187671651248205    0.106600358177805221         31.78                87
  19    -62        23    0.394191967175642533    0.111111111111111105         23.13                80
                                                                              99.93               269    Tot

Mean throughputs: [40.0813  2.9951  9.4155 36.7431  5.0880 22.6996  7.9151 18.9641  4.7695
 20.3334  5.9658  1.5829 37.6014  3.9124  7.6727 18.5623  2.3479 15.2304
  6.5699 16.9734]
Aggregate throughput: 285.4236
Min-Max: 38.4984
JFI: 0.5458 [0.0500, 1]
Node 0:
  CST counts:       {-62: 106, -67: 174, -72: 44, -77: 16, -82: 11}
  Tx pow counts:    {23: 351}
Node 1:
  CST counts:       {-62: 57, -67: 55, -72: 33, -77: 38, -82: 31}
  Tx pow counts:    {23: 214}
Node 2:
  CST counts:       {-62: 108, -67: 67, -72: 24, -77: 19, -82: 19}
  Tx pow counts:    {23: 237}
Node 3:
  CST counts:       {-62: 262, -67: 41, -72: 11, -77: 12, -82: 10}
  Tx pow counts:    {23: 336}
Node 4:
  CST counts:       {-62: 76, -67: 60, -72: 31, -77: 34, -82: 23}
  Tx pow counts:    {23: 224}
Node 5:
  CST counts:       {-62: 190, -67: 42, -72: 18, -77: 16, -82: 14}
  Tx pow counts:    {23: 280}
Node 6:
  CST counts:       {-62: 96, -67: 72, -72: 32, -77: 28, -82: 22}
  Tx pow counts:    {23: 250}
Node 7:
  CST counts:       {-62: 140, -67: 76, -72: 22, -77: 16, -82: 15}
  Tx pow counts:    {23: 269}
Node 8:
  CST counts:       {-62: 61, -67: 60, -72: 37, -77: 37, -82: 29}
  Tx pow counts:    {23: 224}
Node 9:
  CST counts:       {-62: 92, -67: 111, -72: 42, -77: 30, -82: 26}
  Tx pow counts:    {23: 301}
Node 10:
  CST counts:       {-62: 54, -67: 71, -72: 54, -77: 32, -82: 26}
  Tx pow counts:    {23: 237}
Node 11:
  CST counts:       {-62: 44, -67: 50, -72: 40, -77: 49, -82: 33}
  Tx pow counts:    {23: 216}
Node 12:
  CST counts:       {-62: 234, -67: 75, -72: 13, -77: 10, -82: 9}
  Tx pow counts:    {23: 341}
Node 13:
  CST counts:       {-62: 77, -67: 48, -72: 31, -77: 32, -82: 26}
  Tx pow counts:    {23: 214}
Node 14:
  CST counts:       {-62: 105, -67: 68, -72: 33, -77: 27, -82: 21}
  Tx pow counts:    {23: 254}
Node 15:
  CST counts:       {-62: 123, -67: 88, -72: 27, -77: 15, -82: 16}
  Tx pow counts:    {23: 269}
Node 16:
  CST counts:       {-62: 49, -67: 59, -72: 43, -77: 39, -82: 33}
  Tx pow counts:    {23: 223}
Node 17:
  CST counts:       {-62: 152, -67: 48, -72: 32, -77: 19, -82: 17}
  Tx pow counts:    {23: 268}
Node 18:
  CST counts:       {-62: 83, -67: 51, -72: 38, -77: 31, -82: 25}
  Tx pow counts:    {23: 228}
Node 19:
  CST counts:       {-62: 81, -67: 87, -72: 48, -77: 31, -82: 23}
  Tx pow counts:    {23: 270}


Last 20.0 seconds of simulation:
Node 0 - Refine time: -1000000000.0, UB(s): [65] Mbps
Node    CST    Tx pow                    Mean                     Std    Played (s)    Played (count)
   0    -82        23    0.102172800000000008    1.000000000000000000          0.00               0.0
   0    -77        23    0.277855843043559148    0.707106781186547573          0.50               1.0
   0    -72        23    0.569648971238092883    0.316227766016837941          2.66               9.0
   0    -67        23    0.750303792699330674    0.145864991497894558         11.88              46.0
   0    -62        23    0.722399152289544322    0.229415733870561772          5.20              18.0
                                                                              20.24              74.0    Tot

Node 1 - Refine time: -1000000000.0, UB(s): [65] Mbps
Node    CST    Tx pow                    Mean                     Std    Played (s)    Played (count)
   1    -82        23    0.017574892307692307    0.408248290463863017          2.50               5.0
   1    -77        23    0.014507092041923839    0.408248290463863017          2.50               5.0
   1    -72        23    0.012304592592592591    0.353553390593273786          3.50               7.0
   1    -67        23    0.087175072006545978    0.250000000000000000          7.13              15.0
   1    -62        23    0.114275286081055763    0.316227766016837941          4.30               9.0
                                                                              19.93              41.0    Tot

Node 2 - Refine time: -1000000000.0, UB(s): [65] Mbps
Node    CST    Tx pow                    Mean                     Std    Played (s)    Played (count)
   2    -82        23    0.004640000000000001    0.577350269189625731          1.00               2.0
   2    -77        23    0.011004988235294121    0.500000000000000000          1.50               3.0
   2    -72        23    0.059317960343700557    0.500000000000000000          1.42               3.0
   2    -67        23    0.214549058743074006    0.301511344577763629          4.72              10.0
   2    -62        23    0.308992521727521952    0.196116135138184045         10.90              25.0
                                                                              19.55              43.0    Tot

Node 3 - Refine time: -1000000000.0, UB(s): [65] Mbps
Node    CST    Tx pow                    Mean                     Std    Played (s)    Played (count)
   3    -82        23    0.030303418181818184    1.000000000000000000          0.00               0.0
   3    -77        23    0.057268252323758172    1.000000000000000000          0.00               0.0
   3    -72        23    0.052803200000000002    1.000000000000000000          0.00               0.0
   3    -67        23    0.397076878273155742    0.377964473009227198          2.44               6.0
   3    -62        23    0.747111394962695408    0.120385853085769198         17.69              68.0
                                                                              20.13              74.0    Tot

Node 4 - Refine time: -1000000000.0, UB(s): [65] Mbps
Node    CST    Tx pow                    Mean                     Std    Played (s)    Played (count)
   4    -82        23    0.008314880000000000    0.447213595499957928          2.00               4.0
   4    -77        23    0.032602859694314201    0.377964473009227198          3.00               6.0
   4    -72        23    0.030080457142857144    0.447213595499957928          2.00               4.0
   4    -67        23    0.136799282175309234    0.242535625036332969          7.48              16.0
   4    -62        23    0.190659401327098743    0.267261241912424397          5.86              13.0
                                                                              20.34              43.0    Tot

Node 5 - Refine time: -1000000000.0, UB(s): [65] Mbps
Node    CST    Tx pow                    Mean                     Std    Played (s)    Played (count)
   5    -82        23    0.015829028571428570    0.707106781186547573          0.50               1.0
   5    -77        23    0.056599987763003456    0.707106781186547573          0.50               1.0
   5    -72        23    0.068073378097260787    0.707106781186547573          0.50               1.0
   5    -67        23    0.279334589052081084    0.577350269189625731          1.00               2.0
   5    -62        23    0.542509409666113718    0.137360563948689035         17.81              52.0
                                                                              20.31              57.0    Tot

Node 6 - Refine time: -1000000000.0, UB(s): [65] Mbps
Node    CST    Tx pow                    Mean                     Std    Played (s)    Played (count)
   6    -82        23    0.005231728900147529    0.500000000000000000          1.50               3.0
   6    -77        23    0.025875367493786897    0.447213595499957928          2.00               4.0
   6    -72        23    0.071282389578855979    0.447213595499957928          2.00               4.0
   6    -67        23    0.185112111450521394    0.250000000000000000          6.73              15.0
   6    -62        23    0.252193137062480921    0.200000000000000011          7.54              24.0
                                                                              19.77              50.0    Tot

Node 7 - Refine time: -1000000000.0, UB(s): [65] Mbps
Node    CST    Tx pow                    Mean                     Std    Played (s)    Played (count)
   7    -82        23    0.016286400000000003    1.000000000000000000          0.00               0.0
   7    -77        23    0.058694217489797001    0.577350269189625731          1.00               2.0
   7    -72        23    0.096035397639999867    0.500000000000000000          1.50               3.0
   7    -67        23    0.355729734561254507    0.316227766016837941          3.68               9.0
   7    -62        23    0.456265624748966259    0.160128153805087131         13.85              38.0
                                                                              20.03              52.0    Tot

Node 8 - Refine time: -1000000000.0, UB(s): [65] Mbps
Node    CST    Tx pow                    Mean                     Std    Played (s)    Played (count)
   8    -82        23    0.024653866666666673    0.377964473009227198          3.00               6.0
   8    -77        23    0.036562681584442119    0.353553390593273786          3.45               7.0
   8    -72        23    0.055906668318584811    0.447213595499957928          2.00               4.0
   8    -67        23    0.113004677254806715    0.242535625036332969          7.46              16.0
   8    -62        23    0.136987447151986158    0.288675134594812866          3.79              11.0
                                                                              19.71              44.0    Tot

Node 9 - Refine time: -1000000000.0, UB(s): [65] Mbps
Node    CST    Tx pow                    Mean                     Std    Played (s)    Played (count)
   9    -82        23    0.170146250074795835    0.408248290463863017          2.50               5.0
   9    -77        23    0.204009692581622243    0.447213595499957928          1.34               4.0
   9    -72        23    0.308259882116640460    0.377964473009227198          2.54               6.0
   9    -67        23    0.444862109274024975    0.196116135138184045          7.74              25.0
   9    -62        23    0.440921940844819282    0.223606797749978964          6.00              19.0
                                                                              20.12              59.0    Tot

Node 10 - Refine time: -1000000000.0, UB(s): [65] Mbps
Node    CST    Tx pow                    Mean                     Std    Played (s)    Played (count)
  10    -82        23    0.042142005633348710    0.500000000000000000          1.50               3.0
  10    -77        23    0.049812184615384614    0.353553390593273786          3.25               7.0
  10    -72        23    0.150574274346373604    0.333333333333333315          3.88               8.0
  10    -67        23    0.168057053416521884    0.277350098112614574          5.18              12.0
  10    -62        23    0.158215518869720184    0.258198889747161098          5.93              14.0
                                                                              19.74              44.0    Tot

Node 11 - Refine time: -1000000000.0, UB(s): [65] Mbps
Node    CST    Tx pow                    Mean                     Std    Played (s)    Played (count)
  11    -82        23    0.009810285714285714    0.377964473009227198          3.00               6.0
  11    -77        23    0.037629670588135031    0.377964473009227198          3.00               6.0
  11    -72        23    0.026968379734318194    0.353553390593273786          3.18               7.0
  11    -67        23    0.048973540420697841    0.250000000000000000          7.28              15.0
  11    -62        23    0.034268735418398227    0.316227766016837941          3.67               9.0
                                                                              20.13              43.0    Tot

Node 12 - Refine time: -1000000000.0, UB(s): [65] Mbps
Node    CST    Tx pow                    Mean                     Std    Played (s)    Played (count)
  12    -82        23    0.017669120000000000    1.000000000000000000          0.00               0.0
  12    -77        23    0.056038374458399903    1.000000000000000000          0.00               0.0
  12    -72        23    0.102451200000000006    1.000000000000000000          0.00               0.0
  12    -67        23    0.586343880204517887    0.258198889747161098          4.90              14.0
  12    -62        23    0.754401629245336269    0.130188910980823858         15.13              58.0
                                                                              20.03              72.0    Tot

Node 13 - Refine time: -1000000000.0, UB(s): [65] Mbps
Node    CST    Tx pow                    Mean                     Std    Played (s)    Played (count)
  13    -82        23    0.003307054545454546    0.447213595499957928          2.00               4.0
  13    -77        23    0.011163496296296300    0.377964473009227198          3.00               6.0
  13    -72        23    0.019361792000000003    0.353553390593273786          3.50               7.0
  13    -67        23    0.081314205496940448    0.288675134594812866          5.50              11.0
  13    -62        23    0.158562171737952479    0.267261241912424397          6.03              13.0
                                                                              20.03              41.0    Tot

Node 14 - Refine time: -1000000000.0, UB(s): [65] Mbps
Node    CST    Tx pow                    Mean                     Std    Played (s)    Played (count)
  14    -82        23    0.009299536842105266    0.500000000000000000          1.50               3.0
  14    -77        23    0.045068042742645233    0.408248290463863017          2.50               5.0
  14    -72        23    0.071217615542445351    0.377964473009227198          3.00               6.0
  14    -67        23    0.180895215751379124    0.288675134594812866          5.12              11.0
  14    -62        23    0.294815244476491156    0.192450089729875262          7.96              26.0
                                                                              20.08              51.0    Tot

Node 15 - Refine time: -1000000000.0, UB(s): [65] Mbps
Node    CST    Tx pow                    Mean                     Std    Played (s)    Played (count)
  15    -82        23    0.010371764705882353    1.000000000000000000          0.00               0.0
  15    -77        23    0.031180800000000002    0.707106781186547573          0.50               1.0
  15    -72        23    0.155885055898545316    0.447213595499957928          1.89               4.0
  15    -67        23    0.371812366690192408    0.250000000000000000          6.93              15.0
  15    -62        23    0.429793644130085861    0.164398987305357291         10.92              36.0
                                                                              20.24              56.0    Tot

Node 16 - Refine time: -1000000000.0, UB(s): [65] Mbps
Node    CST    Tx pow                    Mean                     Std    Played (s)    Played (count)
  16    -82        23    0.013748148148148146    0.353553390593273786          3.50               7.0
  16    -77        23    0.011092329411764704    0.408248290463863017          2.50               5.0
  16    -72        23    0.046712707125434953    0.353553390593273786          3.50               7.0
  16    -67        23    0.073842663663286165    0.242535625036332969          7.23              16.0
  16    -62        23    0.077221692885058452    0.301511344577763629          3.75              10.0
                                                                              20.48              45.0    Tot

Node 17 - Refine time: -1000000000.0, UB(s): [65] Mbps
Node    CST    Tx pow                    Mean                     Std    Played (s)    Played (count)
  17    -82        23    0.026707944843578437    1.000000000000000000          0.00               0.0
  17    -77        23    0.044110933333333331    0.577350269189625731          1.00               2.0
  17    -72        23    0.140154158668071072    0.447213595499957928          2.00               4.0
  17    -67        23    0.232675976253883643    0.377964473009227198          3.00               6.0
  17    -62        23    0.423047723635446071    0.149071198499985985         14.39              44.0
                                                                              20.39              56.0    Tot

Node 18 - Refine time: -1000000000.0, UB(s): [65] Mbps
Node    CST    Tx pow                    Mean                     Std    Played (s)    Played (count)
  18    -82        23    0.020753454545454544    0.447213595499957928          2.00               4.0
  18    -77        23    0.021618324072544912    0.447213595499957928          2.00               4.0
  18    -72        23    0.087339330299499987    0.377964473009227198          3.00               6.0
  18    -67        23    0.118613140102851441    0.301511344577763629          4.96              10.0
  18    -62        23    0.213520414606380327    0.218217890235992362          8.12              20.0
                                                                              20.09              44.0    Tot

Node 19 - Refine time: -1000000000.0, UB(s): [65] Mbps
Node    CST    Tx pow                    Mean                     Std    Played (s)    Played (count)
  19    -82        23    0.146441778854293658    0.577350269189625731          1.00               2.0
  19    -77        23    0.163563350237504040    0.447213595499957928          2.00               4.0
  19    -72        23    0.303601388139983108    0.316227766016837941          4.34               9.0
  19    -67        23    0.350462373110845216    0.250000000000000000          5.68              15.0
  19    -62        23    0.401384617397264110    0.200000000000000011          7.33              24.0
                                                                              20.35              54.0    Tot

Mean throughputs: [46.1645  1.7410  5.5031 47.7105  1.9808 28.1847  5.8117 23.1431  4.3350
 19.1885  2.6241  1.2022 47.6412  2.0629  4.5901 21.4736  0.3748 16.2315
  6.0488 17.6125]
Aggregate throughput: 303.6246
Min-Max: 47.3358
JFI: 0.4908 [0.0500, 1]
Node 0:
  CST counts:       {-62: 18, -67: 46, -72: 10, -77: 1}
  Tx pow counts:    {23: 75}
Node 1:
  CST counts:       {-67: 15, -72: 7, -77: 5, -82: 6, -62: 9}
  Tx pow counts:    {23: 42}
Node 2:
  CST counts:       {-67: 11, -72: 3, -77: 3, -82: 2, -62: 25}
  Tx pow counts:    {23: 44}
Node 3:
  CST counts:       {-62: 69, -67: 6}
  Tx pow counts:    {23: 75}
Node 4:
  CST counts:       {-67: 16, -72: 4, -77: 6, -82: 4, -62: 14}
  Tx pow counts:    {23: 44}
Node 5:
  CST counts:       {-67: 2, -72: 1, -77: 1, -82: 1, -62: 53}
  Tx pow counts:    {23: 58}
Node 6:
  CST counts:       {-67: 15, -72: 5, -77: 4, -82: 3, -62: 24}
  Tx pow counts:    {23: 51}
Node 7:
  CST counts:       {-67: 10, -72: 3, -77: 2, -62: 38}
  Tx pow counts:    {23: 53}
Node 8:
  CST counts:       {-67: 16, -72: 4, -77: 7, -82: 6, -62: 12}
  Tx pow counts:    {23: 45}
Node 9:
  CST counts:       {-67: 26, -72: 6, -77: 4, -82: 5, -62: 19}
  Tx pow counts:    {23: 60}
Node 10:
  CST counts:       {-67: 13, -72: 8, -77: 7, -82: 3, -62: 14}
  Tx pow counts:    {23: 45}
Node 11:
  CST counts:       {-67: 15, -72: 8, -77: 6, -82: 6, -62: 9}
  Tx pow counts:    {23: 44}
Node 12:
  CST counts:       {-62: 59, -67: 14}
  Tx pow counts:    {23: 73}
Node 13:
  CST counts:       {-67: 11, -72: 7, -77: 6, -82: 5, -62: 13}
  Tx pow counts:    {23: 42}
Node 14:
  CST counts:       {-67: 11, -72: 6, -77: 5, -82: 3, -62: 27}
  Tx pow counts:    {23: 52}
Node 15:
  CST counts:       {-67: 16, -72: 4, -77: 1, -62: 36}
  Tx pow counts:    {23: 57}
Node 16:
  CST counts:       {-67: 16, -72: 7, -77: 6, -82: 7, -62: 10}
  Tx pow counts:    {23: 46}
Node 17:
  CST counts:       {-67: 6, -72: 4, -77: 2, -62: 45}
  Tx pow counts:    {23: 57}
Node 18:
  CST counts:       {-67: 10, -72: 6, -77: 4, -82: 4, -62: 21}
  Tx pow counts:    {23: 45}
Node 19:
  CST counts:       {-67: 15, -72: 9, -77: 4, -82: 2, -62: 25}
  Tx pow counts:    {23: 55}
